2019-10-25 02:25:46,760 - selenium - INFO - 在section：environment下读取browser的值
2019-10-25 02:25:46,761 - selenium - INFO - Read browser configuration, value：chrome
2019-10-25 02:25:46,761 - selenium - INFO - 在section：environment下读取url的值
2019-10-25 02:25:46,761 - selenium - INFO - Read url configuration, value：http://blr.9161252.com/#/home
2019-10-25 02:25:51,302 - selenium - INFO - Visit website：http://blr.9161252.com/#/home
2019-10-25 02:25:51,495 - selenium - INFO - Browser maximization
2019-10-25 02:25:51,531 - selenium - INFO - Set static wait time 10 seconds
2019-10-25 02:25:51,531 - selenium - INFO - Executing use test case:
2019-10-25 02:25:53,540 - selenium - INFO - Successful positioning of elements.Positioning method and values used：['css selector', '.close']
2019-10-25 02:25:54,343 - selenium - INFO - Successful positioning of elements.Positioning method and values used：['css selector', '.close']
2019-10-25 02:25:54,970 - selenium - INFO - Click on the element success,location method and value used：['css selector', '.close']
2019-10-25 02:25:55,113 - selenium - INFO - Successful positioning of elements.Positioning method and values used：['css selector', '.regBtn']
2019-10-25 02:25:55,452 - selenium - INFO - Click on the element success,location method and value used：['css selector', '.regBtn']
2019-10-25 02:25:55,809 - selenium - INFO - Successful positioning of elements.Positioning method and values used：['id', 'username']
2019-10-25 02:25:56,558 - selenium - INFO - Input content：enintech0
2019-10-25 02:25:56,610 - selenium - INFO - Successful positioning of elements.Positioning method and values used：['id', 'password']
2019-10-25 02:25:57,300 - selenium - INFO - Input content：12345678
2019-10-25 02:25:57,337 - selenium - INFO - Successful positioning of elements.Positioning method and values used：['id', 'passwd']
2019-10-25 02:25:57,664 - selenium - INFO - Input content：12345678
2019-10-25 02:25:57,725 - selenium - INFO - Successful positioning of elements.Positioning method and values used：['id', 'rmNum']
2019-10-25 02:25:58,175 - selenium - INFO - Input content：1234
2019-10-25 02:25:58,231 - selenium - INFO - Successful positioning of elements.Positioning method and values used：['css selector', 'span > input']
2019-10-25 02:25:59,167 - selenium - INFO - Input content：13898378887
2019-10-25 02:25:59,228 - selenium - INFO - Successful positioning of elements.Positioning method and values used：['id', 'CANCEL2']
2019-10-25 02:25:59,526 - selenium - INFO - Click on the element success,location method and value used：['id', 'CANCEL2']
2019-10-25 02:25:59,607 - selenium - INFO - Successful positioning of elements.Positioning method and values used：['id', 'OK2']
2019-10-25 02:25:59,955 - selenium - INFO - Click on the element success,location method and value used：['id', 'OK2']
2019-10-25 02:26:00,147 - selenium - INFO - Successful positioning of elements.Positioning method and values used：['css selector', '.err > span']
2019-10-25 02:26:00,273 - selenium - INFO - Obtained text：帐号6-10位数字或字母
2019-10-25 02:26:00,412 - selenium - INFO - Failure of test case execution! Reason: '帐号6-10位数字或字母' != None : Assert Verification fail：expected outcome{None} != actual results{帐号6-10位数字或字母}

2019-10-25 02:26:00,413 - selenium - INFO - Executing use test case:注册页面，检测账号字段规则（是否为必填项）
2019-10-25 02:26:00,413 - selenium - INFO - input data:username:,password:,passwd:,phone:,code:,suc:0,assert:帐号6-10位数字或字母
2019-10-25 02:26:00,453 - selenium - INFO - Successful positioning of elements.Positioning method and values used：['id', 'username']
2019-10-25 02:26:01,092 - selenium - INFO - Input content：
2019-10-25 02:26:01,133 - selenium - INFO - Successful positioning of elements.Positioning method and values used：['id', 'password']
2019-10-25 02:26:01,508 - selenium - INFO - Input content：
2019-10-25 02:26:01,618 - selenium - INFO - Successful positioning of elements.Positioning method and values used：['id', 'passwd']
2019-10-25 02:26:02,109 - selenium - INFO - Input content：
2019-10-25 02:26:02,206 - selenium - INFO - Successful positioning of elements.Positioning method and values used：['id', 'rmNum']
2019-10-25 02:26:02,525 - selenium - INFO - Input content：
2019-10-25 02:26:02,557 - selenium - INFO - Successful positioning of elements.Positioning method and values used：['css selector', 'span > input']
2019-10-25 02:26:03,085 - selenium - INFO - Input content：
2019-10-25 02:26:03,229 - selenium - INFO - Successful positioning of elements.Positioning method and values used：['id', 'OK2']
2019-10-25 02:26:03,521 - selenium - INFO - Click on the element success,location method and value used：['id', 'OK2']
2019-10-25 02:26:03,596 - selenium - INFO - Successful positioning of elements.Positioning method and values used：['css selector', '.err > span']
2019-10-25 02:26:03,675 - selenium - INFO - Obtained text：帐号6-10位数字或字母
2019-10-25 02:26:03,734 - selenium - INFO - Assert Verify success：expected outcome:{帐号6-10位数字或字母} == actual results:{帐号6-10位数字或字母}
2019-10-25 02:26:05,019 - selenium - INFO - Screenshot saved successfully!
2019-10-25 02:26:05,019 - selenium - INFO - Successful execution of test cases:注册页面，检测账号字段规则（是否为必填项）

2019-10-25 02:26:05,022 - selenium - INFO - Executing use test case:注册页面，检测账号字段规则（长度是否不能小于6位）
2019-10-25 02:26:05,023 - selenium - INFO - input data:username:12,password:,passwd:,phone:,code:,suc:0,assert:帐号6-10位数字或字母
2019-10-25 02:26:05,078 - selenium - INFO - Successful positioning of elements.Positioning method and values used：['id', 'username']
2019-10-25 02:26:05,352 - selenium - INFO - Input content：12
2019-10-25 02:26:05,440 - selenium - INFO - Successful positioning of elements.Positioning method and values used：['id', 'password']
2019-10-25 02:26:06,092 - selenium - INFO - Input content：
2019-10-25 02:26:06,140 - selenium - INFO - Successful positioning of elements.Positioning method and values used：['id', 'passwd']
2019-10-25 02:26:06,599 - selenium - INFO - Input content：
2019-10-25 02:26:06,625 - selenium - INFO - Successful positioning of elements.Positioning method and values used：['id', 'rmNum']
2019-10-25 02:26:06,817 - selenium - INFO - Input content：
2019-10-25 02:26:06,843 - selenium - INFO - Successful positioning of elements.Positioning method and values used：['css selector', 'span > input']
2019-10-25 02:26:07,198 - selenium - INFO - Input content：
2019-10-25 02:26:07,252 - selenium - INFO - Successful positioning of elements.Positioning method and values used：['id', 'OK2']
2019-10-25 02:26:07,466 - selenium - INFO - Click on the element success,location method and value used：['id', 'OK2']
2019-10-25 02:26:07,517 - selenium - INFO - Successful positioning of elements.Positioning method and values used：['css selector', '.err > span']
2019-10-25 02:26:07,581 - selenium - INFO - Obtained text：帐号6-10位数字或字母
2019-10-25 02:26:07,671 - selenium - INFO - Assert Verify success：expected outcome:{帐号6-10位数字或字母} == actual results:{帐号6-10位数字或字母}
2019-10-25 02:26:08,869 - selenium - INFO - Screenshot saved successfully!
2019-10-25 02:26:08,870 - selenium - INFO - Successful execution of test cases:注册页面，检测账号字段规则（长度是否不能小于6位）

2019-10-25 02:26:08,870 - selenium - INFO - Executing use test case:注册页面，检测账号字段规则（是否不能包含中文）
2019-10-25 02:26:08,870 - selenium - INFO - input data:username:阿斯顿但是我,password:,passwd:,phone:,code:,suc:0,assert:帐号6-10位数字或字母
2019-10-25 02:26:08,915 - selenium - INFO - Successful positioning of elements.Positioning method and values used：['id', 'username']
2019-10-25 02:26:09,533 - selenium - INFO - Input content：阿斯顿但是我
2019-10-25 02:26:09,599 - selenium - INFO - Successful positioning of elements.Positioning method and values used：['id', 'password']
2019-10-25 02:26:09,842 - selenium - INFO - Input content：
2019-10-25 02:26:09,876 - selenium - INFO - Successful positioning of elements.Positioning method and values used：['id', 'passwd']
2019-10-25 02:26:10,234 - selenium - INFO - Input content：
2019-10-25 02:26:10,333 - selenium - INFO - Successful positioning of elements.Positioning method and values used：['id', 'rmNum']
2019-10-25 02:26:10,604 - selenium - INFO - Input content：
2019-10-25 02:26:10,651 - selenium - INFO - Successful positioning of elements.Positioning method and values used：['css selector', 'span > input']
2019-10-25 02:26:10,895 - selenium - INFO - Input content：
2019-10-25 02:26:10,937 - selenium - INFO - Successful positioning of elements.Positioning method and values used：['id', 'OK2']
2019-10-25 02:26:11,170 - selenium - INFO - Click on the element success,location method and value used：['id', 'OK2']
2019-10-25 02:26:11,218 - selenium - INFO - Successful positioning of elements.Positioning method and values used：['css selector', '.err > span']
2019-10-25 02:26:11,283 - selenium - INFO - Obtained text：帐号6-10位数字或字母
2019-10-25 02:26:11,359 - selenium - INFO - Assert Verify success：expected outcome:{帐号6-10位数字或字母} == actual results:{帐号6-10位数字或字母}
2019-10-25 02:26:12,451 - selenium - INFO - Screenshot saved successfully!
2019-10-25 02:26:12,451 - selenium - INFO - Successful execution of test cases:注册页面，检测账号字段规则（是否不能包含中文）

2019-10-25 02:26:12,451 - selenium - INFO - Executing use test case:注册页面，检测账号字段规则（是否不能包含特殊字符）
2019-10-25 02:26:12,451 - selenium - INFO - input data:username:*&#123abc,password:,passwd:,phone:,code:,suc:0,assert:帐号6-10位数字或字母
2019-10-25 02:26:12,603 - selenium - INFO - Successful positioning of elements.Positioning method and values used：['id', 'username']
2019-10-25 02:26:13,957 - selenium - INFO - Input content：*&#123abc
2019-10-25 02:26:13,990 - selenium - INFO - Successful positioning of elements.Positioning method and values used：['id', 'password']
2019-10-25 02:26:14,708 - selenium - INFO - Input content：
2019-10-25 02:26:14,827 - selenium - INFO - Successful positioning of elements.Positioning method and values used：['id', 'passwd']
2019-10-25 02:26:15,292 - selenium - INFO - Input content：
2019-10-25 02:26:15,326 - selenium - INFO - Successful positioning of elements.Positioning method and values used：['id', 'rmNum']
2019-10-25 02:26:15,601 - selenium - INFO - Input content：
2019-10-25 02:26:15,647 - selenium - INFO - Successful positioning of elements.Positioning method and values used：['css selector', 'span > input']
2019-10-25 02:26:16,107 - selenium - INFO - Input content：
2019-10-25 02:26:16,158 - selenium - INFO - Successful positioning of elements.Positioning method and values used：['id', 'OK2']
2019-10-25 02:26:16,409 - selenium - INFO - Click on the element success,location method and value used：['id', 'OK2']
2019-10-25 02:26:16,459 - selenium - INFO - Successful positioning of elements.Positioning method and values used：['css selector', '.err > span']
2019-10-25 02:26:16,505 - selenium - INFO - Obtained text：帐号6-10位数字或字母
2019-10-25 02:26:16,564 - selenium - INFO - Assert Verify success：expected outcome:{帐号6-10位数字或字母} == actual results:{帐号6-10位数字或字母}
2019-10-25 02:26:17,906 - selenium - INFO - Screenshot saved successfully!
2019-10-25 02:26:17,907 - selenium - INFO - Successful execution of test cases:注册页面，检测账号字段规则（是否不能包含特殊字符）

2019-10-25 02:26:17,907 - selenium - INFO - Executing use test case:注册页面，检测账号字段规则（长度是否不能小于6位）
2019-10-25 02:26:17,907 - selenium - INFO - input data:username:123as,password:,passwd:,phone:,code:,suc:0,assert:帐号6-10位数字或字母
2019-10-25 02:26:17,991 - selenium - INFO - Successful positioning of elements.Positioning method and values used：['id', 'username']
2019-10-25 02:26:18,790 - selenium - INFO - Input content：123as
2019-10-25 02:26:18,886 - selenium - INFO - Successful positioning of elements.Positioning method and values used：['id', 'password']
2019-10-25 02:26:19,270 - selenium - INFO - Input content：
2019-10-25 02:26:19,314 - selenium - INFO - Successful positioning of elements.Positioning method and values used：['id', 'passwd']
2019-10-25 02:26:19,692 - selenium - INFO - Input content：
2019-10-25 02:26:19,722 - selenium - INFO - Successful positioning of elements.Positioning method and values used：['id', 'rmNum']
2019-10-25 02:26:19,933 - selenium - INFO - Input content：
2019-10-25 02:26:19,963 - selenium - INFO - Successful positioning of elements.Positioning method and values used：['css selector', 'span > input']
2019-10-25 02:26:20,457 - selenium - INFO - Input content：
2019-10-25 02:26:20,522 - selenium - INFO - Successful positioning of elements.Positioning method and values used：['id', 'OK2']
2019-10-25 02:26:20,733 - selenium - INFO - Click on the element success,location method and value used：['id', 'OK2']
2019-10-25 02:26:20,768 - selenium - INFO - Successful positioning of elements.Positioning method and values used：['css selector', '.err > span']
2019-10-25 02:26:20,832 - selenium - INFO - Obtained text：帐号6-10位数字或字母
2019-10-25 02:26:20,881 - selenium - INFO - Assert Verify success：expected outcome:{帐号6-10位数字或字母} == actual results:{帐号6-10位数字或字母}
2019-10-25 02:26:21,982 - selenium - INFO - Screenshot saved successfully!
2019-10-25 02:26:21,982 - selenium - INFO - Successful execution of test cases:注册页面，检测账号字段规则（长度是否不能小于6位）

2019-10-25 02:26:21,982 - selenium - INFO - Executing use test case:注册页面，检测密码字段规则（是否为必填项）
2019-10-25 02:26:21,982 - selenium - INFO - input data:username:Entech9998,password:,passwd:,phone:,code:,suc:0,assert:密码8-20位数字或字母
2019-10-25 02:26:22,078 - selenium - INFO - Successful positioning of elements.Positioning method and values used：['id', 'username']
2019-10-25 02:26:22,799 - selenium - INFO - Input content：Entech9998
2019-10-25 02:26:22,858 - selenium - INFO - Successful positioning of elements.Positioning method and values used：['id', 'password']
2019-10-25 02:26:23,148 - selenium - INFO - Input content：
2019-10-25 02:26:23,193 - selenium - INFO - Successful positioning of elements.Positioning method and values used：['id', 'passwd']
2019-10-25 02:26:23,750 - selenium - INFO - Input content：
2019-10-25 02:26:23,865 - selenium - INFO - Successful positioning of elements.Positioning method and values used：['id', 'rmNum']
2019-10-25 02:26:24,277 - selenium - INFO - Input content：
2019-10-25 02:26:24,362 - selenium - INFO - Successful positioning of elements.Positioning method and values used：['css selector', 'span > input']
2019-10-25 02:26:24,902 - selenium - INFO - Input content：
2019-10-25 02:26:24,926 - selenium - INFO - Successful positioning of elements.Positioning method and values used：['id', 'OK2']
2019-10-25 02:26:25,115 - selenium - INFO - Click on the element success,location method and value used：['id', 'OK2']
2019-10-25 02:26:25,154 - selenium - INFO - Successful positioning of elements.Positioning method and values used：['css selector', '.err > span']
2019-10-25 02:26:25,215 - selenium - INFO - Obtained text：密码8-20位数字或字母
2019-10-25 02:26:25,250 - selenium - INFO - Assert Verify success：expected outcome:{密码8-20位数字或字母} == actual results:{密码8-20位数字或字母}
2019-10-25 02:26:26,109 - selenium - INFO - Screenshot saved successfully!
2019-10-25 02:26:26,110 - selenium - INFO - Successful execution of test cases:注册页面，检测密码字段规则（是否为必填项）

2019-10-25 02:26:26,111 - selenium - INFO - Executing use test case:注册页面，检测验证码字段规则（是否为必填项）
2019-10-25 02:26:26,111 - selenium - INFO - input data:username:Entech9998,password:12345678,passwd:12345678,phone:,code:,suc:0,assert:请输入验证码
2019-10-25 02:26:26,196 - selenium - INFO - Successful positioning of elements.Positioning method and values used：['id', 'username']
2019-10-25 02:26:27,030 - selenium - INFO - Input content：Entech9998
2019-10-25 02:26:27,061 - selenium - INFO - Successful positioning of elements.Positioning method and values used：['id', 'password']
2019-10-25 02:26:27,536 - selenium - INFO - Input content：12345678
2019-10-25 02:26:27,586 - selenium - INFO - Successful positioning of elements.Positioning method and values used：['id', 'passwd']
2019-10-25 02:26:28,126 - selenium - INFO - Input content：12345678
2019-10-25 02:26:28,181 - selenium - INFO - Successful positioning of elements.Positioning method and values used：['id', 'rmNum']
2019-10-25 02:26:28,412 - selenium - INFO - Input content：
2019-10-25 02:26:28,450 - selenium - INFO - Successful positioning of elements.Positioning method and values used：['css selector', 'span > input']
2019-10-25 02:26:28,671 - selenium - INFO - Input content：
2019-10-25 02:26:28,727 - selenium - INFO - Successful positioning of elements.Positioning method and values used：['id', 'OK2']
2019-10-25 02:26:28,993 - selenium - INFO - Click on the element success,location method and value used：['id', 'OK2']
2019-10-25 02:26:29,023 - selenium - INFO - Successful positioning of elements.Positioning method and values used：['css selector', '.err > span']
2019-10-25 02:26:29,108 - selenium - INFO - Obtained text：请输入验证码
2019-10-25 02:26:29,178 - selenium - INFO - Assert Verify success：expected outcome:{请输入验证码} == actual results:{请输入验证码}
2019-10-25 02:26:30,215 - selenium - INFO - Screenshot saved successfully!
2019-10-25 02:26:30,215 - selenium - INFO - Successful execution of test cases:注册页面，检测验证码字段规则（是否为必填项）

2019-10-25 02:26:30,216 - selenium - INFO - Executing use test case:注册页面，检测手机号字段规则（是否为必填项）
2019-10-25 02:26:30,216 - selenium - INFO - input data:username:Entech9998,password:12345678,passwd:12345678,phone:1233,code:,suc:0,assert:请输入手机号
2019-10-25 02:26:30,331 - selenium - INFO - Successful positioning of elements.Positioning method and values used：['id', 'username']
2019-10-25 02:26:30,903 - selenium - INFO - Input content：Entech9998
2019-10-25 02:26:30,961 - selenium - INFO - Successful positioning of elements.Positioning method and values used：['id', 'password']
2019-10-25 02:26:31,612 - selenium - INFO - Input content：12345678
2019-10-25 02:26:31,692 - selenium - INFO - Successful positioning of elements.Positioning method and values used：['id', 'passwd']
2019-10-25 02:26:32,325 - selenium - INFO - Input content：12345678
2019-10-25 02:26:32,366 - selenium - INFO - Successful positioning of elements.Positioning method and values used：['id', 'rmNum']
2019-10-25 02:26:32,690 - selenium - INFO - Input content：1233
2019-10-25 02:26:32,734 - selenium - INFO - Successful positioning of elements.Positioning method and values used：['css selector', 'span > input']
2019-10-25 02:26:32,931 - selenium - INFO - Input content：
2019-10-25 02:26:32,961 - selenium - INFO - Successful positioning of elements.Positioning method and values used：['id', 'OK2']
2019-10-25 02:26:33,220 - selenium - INFO - Click on the element success,location method and value used：['id', 'OK2']
2019-10-25 02:26:33,313 - selenium - INFO - Successful positioning of elements.Positioning method and values used：['css selector', '.err > span']
2019-10-25 02:26:33,400 - selenium - INFO - Obtained text：请输入手机号
2019-10-25 02:26:33,489 - selenium - INFO - Assert Verify success：expected outcome:{请输入手机号} == actual results:{请输入手机号}
2019-10-25 02:26:34,628 - selenium - INFO - Screenshot saved successfully!
2019-10-25 02:26:34,628 - selenium - INFO - Successful execution of test cases:注册页面，检测手机号字段规则（是否为必填项）

2019-10-25 02:26:34,629 - selenium - INFO - Executing use test case:注册页面，检测密码字段规则（最小长度是否为8位）
2019-10-25 02:26:34,629 - selenium - INFO - input data:username:Entech9998,password:12345,passwd:12345,phone:1233,code:11144434443,suc:0,assert:密码 的最小长度为 8 字符
2019-10-25 02:26:34,727 - selenium - INFO - Successful positioning of elements.Positioning method and values used：['id', 'username']
2019-10-25 02:26:35,523 - selenium - INFO - Input content：Entech9998
2019-10-25 02:26:35,553 - selenium - INFO - Successful positioning of elements.Positioning method and values used：['id', 'password']
2019-10-25 02:26:35,879 - selenium - INFO - Input content：12345
2019-10-25 02:26:35,936 - selenium - INFO - Successful positioning of elements.Positioning method and values used：['id', 'passwd']
2019-10-25 02:26:36,230 - selenium - INFO - Input content：12345
2019-10-25 02:26:36,288 - selenium - INFO - Successful positioning of elements.Positioning method and values used：['id', 'rmNum']
2019-10-25 02:26:36,712 - selenium - INFO - Input content：1233
2019-10-25 02:26:36,747 - selenium - INFO - Successful positioning of elements.Positioning method and values used：['css selector', 'span > input']
2019-10-25 02:26:37,328 - selenium - INFO - Input content：11144434443
2019-10-25 02:26:37,356 - selenium - INFO - Successful positioning of elements.Positioning method and values used：['id', 'OK2']
2019-10-25 02:26:37,478 - selenium - INFO - Click on the element success,location method and value used：['id', 'OK2']
2019-10-25 02:26:37,774 - selenium - INFO - Successful positioning of elements.Positioning method and values used：['css selector', '.err > span']
2019-10-25 02:26:37,913 - selenium - INFO - Obtained text：密码 的最小长度为 8 字符
2019-10-25 02:26:37,945 - selenium - INFO - Assert Verify success：expected outcome:{密码的最小长度为8字符} == actual results:{密码的最小长度为8字符}
2019-10-25 02:26:38,865 - selenium - INFO - Screenshot saved successfully!
2019-10-25 02:26:38,866 - selenium - INFO - Successful execution of test cases:注册页面，检测密码字段规则（最小长度是否为8位）

2019-10-25 02:26:38,867 - selenium - INFO - Executing use test case:注册页面，检测密码字段规则（最小长度是否为8位）
2019-10-25 02:26:38,867 - selenium - INFO - input data:username:Entech9998,password:1234,passwd:1234,phone:1233,code:11144434443,suc:0,assert:密码8-20位数字或字母
2019-10-25 02:26:38,921 - selenium - INFO - Successful positioning of elements.Positioning method and values used：['id', 'username']
2019-10-25 02:26:39,787 - selenium - INFO - Input content：Entech9998
2019-10-25 02:26:39,816 - selenium - INFO - Successful positioning of elements.Positioning method and values used：['id', 'password']
2019-10-25 02:26:40,288 - selenium - INFO - Input content：1234
2019-10-25 02:26:40,341 - selenium - INFO - Successful positioning of elements.Positioning method and values used：['id', 'passwd']
2019-10-25 02:26:40,726 - selenium - INFO - Input content：1234
2019-10-25 02:26:40,755 - selenium - INFO - Successful positioning of elements.Positioning method and values used：['id', 'rmNum']
2019-10-25 02:26:40,976 - selenium - INFO - Input content：1233
2019-10-25 02:26:41,007 - selenium - INFO - Successful positioning of elements.Positioning method and values used：['css selector', 'span > input']
2019-10-25 02:26:41,463 - selenium - INFO - Input content：11144434443
2019-10-25 02:26:41,536 - selenium - INFO - Successful positioning of elements.Positioning method and values used：['id', 'OK2']
2019-10-25 02:26:41,754 - selenium - INFO - Click on the element success,location method and value used：['id', 'OK2']
2019-10-25 02:26:41,805 - selenium - INFO - Successful positioning of elements.Positioning method and values used：['css selector', '.err > span']
2019-10-25 02:26:41,855 - selenium - INFO - Obtained text：密码8-20位数字或字母
2019-10-25 02:26:41,900 - selenium - INFO - Assert Verify success：expected outcome:{密码8-20位数字或字母} == actual results:{密码8-20位数字或字母}
2019-10-25 02:26:43,182 - selenium - INFO - Screenshot saved successfully!
2019-10-25 02:26:43,182 - selenium - INFO - Successful execution of test cases:注册页面，检测密码字段规则（最小长度是否为8位）

2019-10-25 02:26:43,183 - selenium - INFO - Executing use test case:注册页面，检测手机号字段规则（手机格式）
2019-10-25 02:26:43,183 - selenium - INFO - input data:username:Entech9998,password:12345678,passwd:12345678,phone:1233,code:11144434443,suc:0,assert:请填写正确的手机号码.
2019-10-25 02:26:43,216 - selenium - INFO - Successful positioning of elements.Positioning method and values used：['id', 'username']
2019-10-25 02:26:43,798 - selenium - INFO - Input content：Entech9998
2019-10-25 02:26:43,880 - selenium - INFO - Successful positioning of elements.Positioning method and values used：['id', 'password']
2019-10-25 02:26:44,358 - selenium - INFO - Input content：12345678
2019-10-25 02:26:44,402 - selenium - INFO - Successful positioning of elements.Positioning method and values used：['id', 'passwd']
2019-10-25 02:26:44,806 - selenium - INFO - Input content：12345678
2019-10-25 02:26:44,857 - selenium - INFO - Successful positioning of elements.Positioning method and values used：['id', 'rmNum']
2019-10-25 02:26:45,270 - selenium - INFO - Input content：1233
2019-10-25 02:26:45,361 - selenium - INFO - Successful positioning of elements.Positioning method and values used：['css selector', 'span > input']
2019-10-25 02:26:45,840 - selenium - INFO - Input content：11144434443
2019-10-25 02:26:45,962 - selenium - INFO - Successful positioning of elements.Positioning method and values used：['id', 'OK2']
2019-10-25 02:26:46,164 - selenium - INFO - Click on the element success,location method and value used：['id', 'OK2']
2019-10-25 02:26:46,386 - selenium - INFO - Successful positioning of elements.Positioning method and values used：['css selector', '.err > span']
2019-10-25 02:26:46,433 - selenium - INFO - Obtained text：请填写正确的手机号码.
2019-10-25 02:26:46,515 - selenium - INFO - Assert Verify success：expected outcome:{请填写正确的手机号码.} == actual results:{请填写正确的手机号码.}
2019-10-25 02:26:47,658 - selenium - INFO - Screenshot saved successfully!
2019-10-25 02:26:47,658 - selenium - INFO - Successful execution of test cases:注册页面，检测手机号字段规则（手机格式）

2019-10-25 02:26:47,660 - selenium - INFO - Executing use test case:注册页面，检测密码字段规则（是否区分密码字母大小写）
2019-10-25 02:26:47,660 - selenium - INFO - input data:username:Entech9998,password:1234567a,passwd:1234567A,phone:1233,code:13944434443,suc:0,assert:两次密码不一致
2019-10-25 02:26:47,697 - selenium - INFO - Successful positioning of elements.Positioning method and values used：['id', 'username']
2019-10-25 02:26:48,432 - selenium - INFO - Input content：Entech9998
2019-10-25 02:26:48,474 - selenium - INFO - Successful positioning of elements.Positioning method and values used：['id', 'password']
2019-10-25 02:26:48,782 - selenium - INFO - Input content：1234567a
2019-10-25 02:26:48,809 - selenium - INFO - Successful positioning of elements.Positioning method and values used：['id', 'passwd']
2019-10-25 02:26:49,311 - selenium - INFO - Input content：1234567A
2019-10-25 02:26:49,341 - selenium - INFO - Successful positioning of elements.Positioning method and values used：['id', 'rmNum']
2019-10-25 02:26:49,693 - selenium - INFO - Input content：1233
2019-10-25 02:26:49,765 - selenium - INFO - Successful positioning of elements.Positioning method and values used：['css selector', 'span > input']
2019-10-25 02:26:50,264 - selenium - INFO - Input content：13944434443
2019-10-25 02:26:50,338 - selenium - INFO - Successful positioning of elements.Positioning method and values used：['id', 'OK2']
2019-10-25 02:26:50,564 - selenium - INFO - Click on the element success,location method and value used：['id', 'OK2']
2019-10-25 02:26:50,614 - selenium - INFO - Successful positioning of elements.Positioning method and values used：['css selector', '.err > span']
2019-10-25 02:26:50,687 - selenium - INFO - Obtained text：两次密码不一致
2019-10-25 02:26:50,730 - selenium - INFO - Assert Verify success：expected outcome:{两次密码不一致} == actual results:{两次密码不一致}
2019-10-25 02:26:51,881 - selenium - INFO - Screenshot saved successfully!
2019-10-25 02:26:51,881 - selenium - INFO - Successful execution of test cases:注册页面，检测密码字段规则（是否区分密码字母大小写）

2019-10-25 02:26:51,881 - selenium - INFO - Executing use test case:注册页面，检测是否能阻止重复注册
2019-10-25 02:26:51,881 - selenium - INFO - input data:username:enintech0,password:987456123,passwd:987456123,phone:1233,code:13944434443,suc:0,assert:帐号已存在
2019-10-25 02:26:51,913 - selenium - INFO - Successful positioning of elements.Positioning method and values used：['id', 'username']
2019-10-25 02:26:52,603 - selenium - INFO - Input content：enintech0
2019-10-25 02:26:52,696 - selenium - INFO - Successful positioning of elements.Positioning method and values used：['id', 'password']
2019-10-25 02:26:53,219 - selenium - INFO - Input content：987456123
2019-10-25 02:26:53,267 - selenium - INFO - Successful positioning of elements.Positioning method and values used：['id', 'passwd']
2019-10-25 02:26:53,716 - selenium - INFO - Input content：987456123
2019-10-25 02:26:53,776 - selenium - INFO - Successful positioning of elements.Positioning method and values used：['id', 'rmNum']
2019-10-25 02:26:54,162 - selenium - INFO - Input content：1233
2019-10-25 02:26:54,246 - selenium - INFO - Successful positioning of elements.Positioning method and values used：['css selector', 'span > input']
2019-10-25 02:26:55,109 - selenium - INFO - Input content：13944434443
2019-10-25 02:26:55,168 - selenium - INFO - Successful positioning of elements.Positioning method and values used：['id', 'OK2']
2019-10-25 02:26:55,432 - selenium - INFO - Click on the element success,location method and value used：['id', 'OK2']
2019-10-25 02:26:55,508 - selenium - INFO - Successful positioning of elements.Positioning method and values used：['css selector', '.err > span']
2019-10-25 02:26:55,568 - selenium - INFO - Obtained text：帐号已存在
2019-10-25 02:26:55,619 - selenium - INFO - Assert Verify success：expected outcome:{帐号已存在} == actual results:{帐号已存在}
2019-10-25 02:26:57,032 - selenium - INFO - Screenshot saved successfully!
2019-10-25 02:26:57,032 - selenium - INFO - Successful execution of test cases:注册页面，检测是否能阻止重复注册

2019-10-25 02:26:57,033 - selenium - INFO - Executing use test case:注册页面，检测验证码字段规则（错误验证码是否阻止注册）
2019-10-25 02:26:57,033 - selenium - INFO - input data:username:Entech9998,password:1234567a,passwd:1234567a,phone:1111,code:13944434443,suc:0,assert:验证码错误
2019-10-25 02:26:57,074 - selenium - INFO - Successful positioning of elements.Positioning method and values used：['id', 'username']
2019-10-25 02:26:58,319 - selenium - INFO - Input content：Entech9998
2019-10-25 02:26:58,355 - selenium - INFO - Successful positioning of elements.Positioning method and values used：['id', 'password']
2019-10-25 02:26:58,908 - selenium - INFO - Input content：1234567a
2019-10-25 02:26:58,970 - selenium - INFO - Successful positioning of elements.Positioning method and values used：['id', 'passwd']
2019-10-25 02:26:59,436 - selenium - INFO - Input content：1234567a
2019-10-25 02:26:59,569 - selenium - INFO - Successful positioning of elements.Positioning method and values used：['id', 'rmNum']
2019-10-25 02:27:00,637 - selenium - INFO - Input content：1111
2019-10-25 02:27:00,690 - selenium - INFO - Successful positioning of elements.Positioning method and values used：['css selector', 'span > input']
2019-10-25 02:27:00,957 - selenium - INFO - Input content：13944434443
2019-10-25 02:27:00,980 - selenium - INFO - Successful positioning of elements.Positioning method and values used：['id', 'OK2']
2019-10-25 02:27:01,113 - selenium - INFO - Click on the element success,location method and value used：['id', 'OK2']
2019-10-25 02:27:01,353 - selenium - INFO - Successful positioning of elements.Positioning method and values used：['css selector', '.err > span']
2019-10-25 02:27:01,448 - selenium - INFO - Obtained text：验证码错误
2019-10-25 02:27:01,508 - selenium - INFO - Assert Verify success：expected outcome:{验证码错误} == actual results:{验证码错误}
2019-10-25 02:27:02,675 - selenium - INFO - Screenshot saved successfully!
2019-10-25 02:27:02,675 - selenium - INFO - Successful execution of test cases:注册页面，检测验证码字段规则（错误验证码是否阻止注册）

2019-10-25 02:27:02,675 - selenium - INFO - Executing use test case:检测是否能够成功注册账号
2019-10-25 02:27:02,714 - selenium - INFO - Successful positioning of elements.Positioning method and values used：['id', 'username']
2019-10-25 02:27:03,161 - selenium - INFO - Input content：enintech29
2019-10-25 02:27:03,199 - selenium - INFO - Successful positioning of elements.Positioning method and values used：['id', 'password']
2019-10-25 02:27:03,760 - selenium - INFO - Input content：12345678
2019-10-25 02:27:03,817 - selenium - INFO - Successful positioning of elements.Positioning method and values used：['id', 'passwd']
2019-10-25 02:27:04,401 - selenium - INFO - Input content：12345678
2019-10-25 02:27:04,435 - selenium - INFO - Successful positioning of elements.Positioning method and values used：['css selector', 'span > input']
2019-10-25 02:27:04,900 - selenium - INFO - Input content：13988889999
2019-10-25 02:27:08,380 - selenium - INFO - Forced wait 2 second
2019-10-25 02:27:08,424 - selenium - INFO - Successful positioning of elements.Positioning method and values used：['id', 'rmNum']
2019-10-25 02:27:08,974 - selenium - INFO - Input content：9074
2019-10-25 02:27:09,016 - selenium - INFO - Successful positioning of elements.Positioning method and values used：['id', 'OK2']
2019-10-25 02:27:09,197 - selenium - INFO - Click on the element success,location method and value used：['id', 'OK2']
2019-10-25 02:27:11,199 - selenium - INFO - Forced wait 2 second
2019-10-25 02:27:11,225 - selenium - INFO - Successful positioning of elements.Positioning method and values used：['css selector', '.err > span']
2019-10-25 02:27:11,250 - selenium - INFO - Successful positioning of elements.Positioning method and values used：['css selector', '.err > span']
2019-10-25 02:27:11,286 - selenium - INFO - Obtained text：请勿重复注册
2019-10-25 02:27:11,350 - selenium - INFO - Successful positioning of elements.Positioning method and values used：['css selector', '.err > span']
2019-10-25 02:27:11,480 - selenium - INFO - Obtained text：请勿重复注册
2019-10-25 02:27:11,616 - selenium - INFO - Successful positioning of elements.Positioning method and values used：['css selector', '.err > span']
2019-10-25 02:27:11,657 - selenium - INFO - Obtained text：请勿重复注册
2019-10-25 02:27:13,184 - selenium - INFO - 在section：environment下读取browser的值
2019-10-25 02:27:13,185 - selenium - INFO - Read browser configuration, value：chrome
2019-10-25 02:27:13,185 - selenium - INFO - 在section：environment下读取url的值
2019-10-25 02:27:13,185 - selenium - INFO - Read url configuration, value：http://blr.9161252.com/#/home
2019-10-25 02:27:16,336 - selenium - INFO - Visit website：http://blr.9161252.com/#/home
2019-10-25 02:27:16,502 - selenium - INFO - Browser maximization
2019-10-25 02:27:16,510 - selenium - INFO - Set static wait time 10 seconds
2019-10-25 02:27:16,510 - selenium - INFO - Executing test cases：新注册会员，验证系统消息是否正确
2019-10-25 02:27:17,981 - selenium - INFO - Successful positioning of elements.Positioning method and values used：['css selector', '.close']
2019-10-25 02:27:18,851 - selenium - INFO - Successful positioning of elements.Positioning method and values used：['css selector', '.close']
2019-10-25 02:27:19,324 - selenium - INFO - Click on the element success,location method and value used：['css selector', '.close']
2019-10-25 02:27:19,632 - selenium - INFO - Successful positioning of elements.Positioning method and values used：['css selector', '.input-bg:nth-child(1)']
2019-10-25 02:27:20,831 - selenium - INFO - Input content：enintech28
2019-10-25 02:27:20,965 - selenium - INFO - Successful positioning of elements.Positioning method and values used：['id', 'txtFacade']
2019-10-25 02:27:22,968 - selenium - INFO - Input content：12345678
2019-10-25 02:27:34,242 - selenium - INFO - Successful positioning of elements.Positioning method and values used：['css selector', '.loginBtn']
2019-10-25 02:27:34,628 - selenium - INFO - Click on the element success,location method and value used：['css selector', '.loginBtn']
2019-10-25 02:27:34,628 - selenium - ERROR - 定位验证码元素失败，原因：界面不存在验证码-Message: 

2019-10-25 02:27:35,681 - selenium - INFO - Forced wait 1 second
2019-10-25 02:27:35,682 - selenium - INFO - JavaScript execution is successful，JavaScript content is：var q=document.documentElement.scrollTop=0
2019-10-25 02:27:36,683 - selenium - INFO - Forced wait 1 second
2019-10-25 02:27:36,746 - selenium - INFO - Successful positioning of elements.Positioning method and values used：['css selector', '.message']
2019-10-25 02:27:37,646 - selenium - INFO - Click on the element success,location method and value used：['css selector', '.message']
2019-10-25 02:27:37,766 - selenium - INFO - Successful positioning of elements.Positioning method and values used：['css selector', '.preferential > .header']
2019-10-25 02:27:37,830 - selenium - INFO - Obtained text：系统信息
2019-10-25 02:27:39,693 - selenium - INFO - Screenshot saved successfully!
2019-10-25 02:27:40,101 - selenium - INFO - Successful positioning of elements.Positioning method and values used：['xpath', '/html/body/div/div/div[2]/div/div/div/div/div[2]/div[2]/ul/li[2]/span']
2019-10-25 02:27:42,476 - selenium - INFO - Click on the element success,location method and value used：['xpath', '/html/body/div/div/div[2]/div/div/div/div/div[2]/div[2]/ul/li[2]/span']
2019-10-25 02:27:42,477 - selenium - INFO - Successful execution of test cases:新注册会员，验证系统消息是否正确
2019-10-25 02:27:42,477 - selenium - INFO - Executing test cases：新注册会员，验证是否能够成功发送投诉建议
2019-10-25 02:27:43,297 - selenium - INFO - Successful positioning of elements.Positioning method and values used：['css selector', '.row > input']
2019-10-25 02:27:45,502 - selenium - INFO - Input content：
2019-10-25 02:27:46,236 - selenium - INFO - Successful positioning of elements.Positioning method and values used：['css selector', 'textarea']
2019-10-25 02:27:46,973 - selenium - INFO - Input content：
2019-10-25 02:27:47,007 - selenium - INFO - Successful positioning of elements.Positioning method and values used：['css selector', '.submit']
2019-10-25 02:27:47,504 - selenium - INFO - Click on the element success,location method and value used：['css selector', '.submit']
2019-10-25 02:27:47,973 - selenium - INFO - Successful positioning of elements.Positioning method and values used：['css selector', '.toast']
2019-10-25 02:27:48,636 - selenium - INFO - Obtained text：请输入标题
2019-10-25 02:27:51,079 - selenium - INFO - Screenshot saved successfully!
2019-10-25 02:27:51,080 - selenium - INFO - Successful execution of test cases:新注册会员，验证是否能够成功发送投诉建议
2019-10-25 02:27:51,080 - selenium - INFO - Executing test cases：新注册会员，验证是否能够成功发送投诉建议
2019-10-25 02:27:51,660 - selenium - INFO - Successful positioning of elements.Positioning method and values used：['css selector', '.row > input']
2019-10-25 02:27:55,044 - selenium - INFO - Input content：测试-投诉消息
2019-10-25 02:27:55,161 - selenium - INFO - Successful positioning of elements.Positioning method and values used：['css selector', 'textarea']
2019-10-25 02:27:57,141 - selenium - INFO - Input content：
2019-10-25 02:27:57,598 - selenium - INFO - Successful positioning of elements.Positioning method and values used：['css selector', '.submit']
2019-10-25 02:27:59,108 - selenium - INFO - Click on the element success,location method and value used：['css selector', '.submit']
2019-10-25 02:27:59,779 - selenium - INFO - Successful positioning of elements.Positioning method and values used：['css selector', '.toast']
2019-10-25 02:28:00,180 - selenium - INFO - Obtained text：请输入内容
2019-10-25 02:28:03,002 - selenium - INFO - Screenshot saved successfully!
2019-10-25 02:28:03,002 - selenium - INFO - Successful execution of test cases:新注册会员，验证是否能够成功发送投诉建议
2019-10-25 02:28:03,002 - selenium - INFO - Executing test cases：新注册会员，验证是否能够成功发送投诉建议
2019-10-25 02:28:03,513 - selenium - INFO - Successful positioning of elements.Positioning method and values used：['css selector', '.row > input']
2019-10-25 02:28:06,275 - selenium - INFO - Input content：测试-投诉消息
2019-10-25 02:28:06,708 - selenium - INFO - Successful positioning of elements.Positioning method and values used：['css selector', 'textarea']
2019-10-25 02:28:10,636 - selenium - INFO - Input content：测试投诉消息哦~！！！293929
2019-10-25 02:28:11,197 - selenium - INFO - Successful positioning of elements.Positioning method and values used：['css selector', '.submit']
2019-10-25 02:28:12,952 - selenium - INFO - Click on the element success,location method and value used：['css selector', '.submit']
2019-10-25 02:28:13,575 - selenium - INFO - Successful positioning of elements.Positioning method and values used：['css selector', '.toast']
2019-10-25 02:28:14,072 - selenium - INFO - Obtained text：发送成功
确认
2019-10-25 02:28:16,830 - selenium - INFO - Screenshot saved successfully!
2019-10-25 02:28:16,830 - selenium - INFO - Successful execution of test cases:新注册会员，验证是否能够成功发送投诉建议
2019-10-25 02:28:16,830 - selenium - INFO - Executing test cases：新注册会员，验证已发投注信息的内容是否正确
2019-10-25 02:28:17,408 - selenium - INFO - Successful positioning of elements.Positioning method and values used：['xpath', '/html/body/div/div/div[2]/div/div/div/div/div[2]/div[2]/ul/li[3]/span']
2019-10-25 02:28:19,472 - selenium - INFO - Click on the element success,location method and value used：['xpath', '/html/body/div/div/div[2]/div/div/div/div/div[2]/div[2]/ul/li[3]/span']
2019-10-25 02:28:19,951 - selenium - INFO - Successful positioning of elements.Positioning method and values used：['css selector', '.contentActive > .title']
2019-10-25 02:28:20,692 - selenium - INFO - Obtained text：测试-投诉消息
2019-10-25 02:28:21,859 - selenium - INFO - Successful positioning of elements.Positioning method and values used：['css selector', '.contentActive > .main']
2019-10-25 02:28:22,547 - selenium - INFO - Obtained text：测试投诉消息哦~！！！293929
2019-10-25 02:28:23,598 - selenium - INFO - Successful positioning of elements.Positioning method and values used：['xpath', '/html/body/div/div/div[2]/div/div/div/div[3]/div[2]/div/div[2]/div/p']
2019-10-25 02:28:24,033 - selenium - INFO - Obtained text：10-25
2019-10-25 02:28:27,165 - selenium - INFO - Screenshot saved successfully!
2019-10-25 02:28:27,165 - selenium - INFO - Successful execution of test cases:新注册会员，验证已发投注信息的内容是否正确
2019-10-25 02:28:32,288 - selenium - INFO - 在section：copy下读取pro_copy的值
2019-10-25 02:28:32,308 - selenium - INFO - 在section：reports下读取pro的值
2019-10-25 02:28:34,784 - selenium - INFO - 在section：title下读取pro的值
2019-10-25 02:28:34,784 - selenium - INFO - 在section：environment下读取url的值
2019-10-25 02:28:35,131 - selenium - INFO - 在section：telegram下读取token的值
2019-10-25 02:28:35,131 - selenium - INFO - 在section：telegram下读取chat_id的值
