2019-10-25 03:43:52,063 - selenium - INFO - 在section：environment下读取browser的值
2019-10-25 03:43:52,063 - selenium - INFO - Read browser configuration, value：chrome
2019-10-25 03:43:52,063 - selenium - INFO - 在section：environment下读取url的值
2019-10-25 03:43:52,063 - selenium - INFO - Read url configuration, value：http://blr.9161252.com/#/home
2019-10-25 03:43:55,386 - selenium - INFO - Visit website：http://blr.9161252.com/#/home
2019-10-25 03:43:55,505 - selenium - INFO - Browser maximization
2019-10-25 03:43:55,514 - selenium - INFO - Set static wait time 10 seconds
2019-10-25 03:43:55,514 - selenium - INFO - Executing use test case:
2019-10-25 03:43:57,044 - selenium - INFO - Successful positioning of elements.Positioning method and values used：['css selector', '.close']
2019-10-25 03:43:57,448 - selenium - INFO - Successful positioning of elements.Positioning method and values used：['css selector', '.close']
2019-10-25 03:43:57,859 - selenium - INFO - Click on the element success,location method and value used：['css selector', '.close']
2019-10-25 03:43:58,001 - selenium - INFO - Successful positioning of elements.Positioning method and values used：['css selector', '.regBtn']
2019-10-25 03:43:58,450 - selenium - INFO - Click on the element success,location method and value used：['css selector', '.regBtn']
2019-10-25 03:43:58,893 - selenium - INFO - Successful positioning of elements.Positioning method and values used：['id', 'username']
2019-10-25 03:43:59,464 - selenium - INFO - Input content：enintech0
2019-10-25 03:43:59,495 - selenium - INFO - Successful positioning of elements.Positioning method and values used：['id', 'password']
2019-10-25 03:44:00,032 - selenium - INFO - Input content：12345678
2019-10-25 03:44:00,066 - selenium - INFO - Successful positioning of elements.Positioning method and values used：['id', 'passwd']
2019-10-25 03:44:00,651 - selenium - INFO - Input content：12345678
2019-10-25 03:44:00,678 - selenium - INFO - Successful positioning of elements.Positioning method and values used：['id', 'rmNum']
2019-10-25 03:44:01,134 - selenium - INFO - Input content：1234
2019-10-25 03:44:01,170 - selenium - INFO - Successful positioning of elements.Positioning method and values used：['css selector', 'span > input']
2019-10-25 03:44:01,562 - selenium - INFO - Input content：13898378887
2019-10-25 03:44:01,604 - selenium - INFO - Successful positioning of elements.Positioning method and values used：['id', 'CANCEL2']
2019-10-25 03:44:01,751 - selenium - INFO - Click on the element success,location method and value used：['id', 'CANCEL2']
2019-10-25 03:44:01,826 - selenium - INFO - Successful positioning of elements.Positioning method and values used：['id', 'OK2']
2019-10-25 03:44:02,085 - selenium - INFO - Click on the element success,location method and value used：['id', 'OK2']
2019-10-25 03:44:02,176 - selenium - INFO - Successful positioning of elements.Positioning method and values used：['css selector', '.err > span']
2019-10-25 03:44:02,263 - selenium - INFO - Obtained text：帐号6-10位数字或字母
2019-10-25 03:44:02,329 - selenium - INFO - Failure of test case execution! Reason: '帐号6-10位数字或字母' != None : Assert Verification fail：expected outcome{None} != actual results{帐号6-10位数字或字母}

2019-10-25 03:44:02,330 - selenium - INFO - Executing use test case:注册页面，检测账号字段规则（是否为必填项）
2019-10-25 03:44:02,330 - selenium - INFO - input data:username:,password:,passwd:,phone:,code:,suc:0,assert:帐号6-10位数字或字母
2019-10-25 03:44:02,363 - selenium - INFO - Successful positioning of elements.Positioning method and values used：['id', 'username']
2019-10-25 03:44:02,644 - selenium - INFO - Input content：
2019-10-25 03:44:02,712 - selenium - INFO - Successful positioning of elements.Positioning method and values used：['id', 'password']
2019-10-25 03:44:03,005 - selenium - INFO - Input content：
2019-10-25 03:44:03,023 - selenium - INFO - Successful positioning of elements.Positioning method and values used：['id', 'passwd']
2019-10-25 03:44:03,265 - selenium - INFO - Input content：
2019-10-25 03:44:03,286 - selenium - INFO - Successful positioning of elements.Positioning method and values used：['id', 'rmNum']
2019-10-25 03:44:03,531 - selenium - INFO - Input content：
2019-10-25 03:44:03,564 - selenium - INFO - Successful positioning of elements.Positioning method and values used：['css selector', 'span > input']
2019-10-25 03:44:03,777 - selenium - INFO - Input content：
2019-10-25 03:44:03,810 - selenium - INFO - Successful positioning of elements.Positioning method and values used：['id', 'OK2']
2019-10-25 03:44:03,962 - selenium - INFO - Click on the element success,location method and value used：['id', 'OK2']
2019-10-25 03:44:03,998 - selenium - INFO - Successful positioning of elements.Positioning method and values used：['css selector', '.err > span']
2019-10-25 03:44:04,022 - selenium - INFO - Obtained text：帐号6-10位数字或字母
2019-10-25 03:44:04,061 - selenium - INFO - Assert Verify success：expected outcome:{帐号6-10位数字或字母} == actual results:{帐号6-10位数字或字母}
2019-10-25 03:44:04,927 - selenium - INFO - Screenshot saved successfully!
2019-10-25 03:44:04,927 - selenium - INFO - Successful execution of test cases:注册页面，检测账号字段规则（是否为必填项）

2019-10-25 03:44:04,927 - selenium - INFO - Executing use test case:注册页面，检测账号字段规则（长度是否不能小于6位）
2019-10-25 03:44:04,927 - selenium - INFO - input data:username:12,password:,passwd:,phone:,code:,suc:0,assert:帐号6-10位数字或字母
2019-10-25 03:44:04,996 - selenium - INFO - Successful positioning of elements.Positioning method and values used：['id', 'username']
2019-10-25 03:44:05,381 - selenium - INFO - Input content：12
2019-10-25 03:44:05,425 - selenium - INFO - Successful positioning of elements.Positioning method and values used：['id', 'password']
2019-10-25 03:44:05,622 - selenium - INFO - Input content：
2019-10-25 03:44:05,646 - selenium - INFO - Successful positioning of elements.Positioning method and values used：['id', 'passwd']
2019-10-25 03:44:05,879 - selenium - INFO - Input content：
2019-10-25 03:44:05,944 - selenium - INFO - Successful positioning of elements.Positioning method and values used：['id', 'rmNum']
2019-10-25 03:44:06,121 - selenium - INFO - Input content：
2019-10-25 03:44:06,147 - selenium - INFO - Successful positioning of elements.Positioning method and values used：['css selector', 'span > input']
2019-10-25 03:44:06,379 - selenium - INFO - Input content：
2019-10-25 03:44:06,413 - selenium - INFO - Successful positioning of elements.Positioning method and values used：['id', 'OK2']
2019-10-25 03:44:06,502 - selenium - INFO - Click on the element success,location method and value used：['id', 'OK2']
2019-10-25 03:44:06,530 - selenium - INFO - Successful positioning of elements.Positioning method and values used：['css selector', '.err > span']
2019-10-25 03:44:06,561 - selenium - INFO - Obtained text：帐号6-10位数字或字母
2019-10-25 03:44:06,583 - selenium - INFO - Assert Verify success：expected outcome:{帐号6-10位数字或字母} == actual results:{帐号6-10位数字或字母}
2019-10-25 03:44:07,389 - selenium - INFO - Screenshot saved successfully!
2019-10-25 03:44:07,390 - selenium - INFO - Successful execution of test cases:注册页面，检测账号字段规则（长度是否不能小于6位）

2019-10-25 03:44:07,390 - selenium - INFO - Executing use test case:注册页面，检测账号字段规则（是否不能包含中文）
2019-10-25 03:44:07,390 - selenium - INFO - input data:username:阿斯顿但是我,password:,passwd:,phone:,code:,suc:0,assert:帐号6-10位数字或字母
2019-10-25 03:44:07,417 - selenium - INFO - Successful positioning of elements.Positioning method and values used：['id', 'username']
2019-10-25 03:44:08,149 - selenium - INFO - Input content：阿斯顿但是我
2019-10-25 03:44:08,176 - selenium - INFO - Successful positioning of elements.Positioning method and values used：['id', 'password']
2019-10-25 03:44:08,642 - selenium - INFO - Input content：
2019-10-25 03:44:08,706 - selenium - INFO - Successful positioning of elements.Positioning method and values used：['id', 'passwd']
2019-10-25 03:44:09,287 - selenium - INFO - Input content：
2019-10-25 03:44:09,337 - selenium - INFO - Successful positioning of elements.Positioning method and values used：['id', 'rmNum']
2019-10-25 03:44:09,676 - selenium - INFO - Input content：
2019-10-25 03:44:09,717 - selenium - INFO - Successful positioning of elements.Positioning method and values used：['css selector', 'span > input']
2019-10-25 03:44:09,877 - selenium - INFO - Input content：
2019-10-25 03:44:09,929 - selenium - INFO - Successful positioning of elements.Positioning method and values used：['id', 'OK2']
2019-10-25 03:44:10,031 - selenium - INFO - Click on the element success,location method and value used：['id', 'OK2']
2019-10-25 03:44:10,077 - selenium - INFO - Successful positioning of elements.Positioning method and values used：['css selector', '.err > span']
2019-10-25 03:44:10,113 - selenium - INFO - Obtained text：帐号6-10位数字或字母
2019-10-25 03:44:10,151 - selenium - INFO - Assert Verify success：expected outcome:{帐号6-10位数字或字母} == actual results:{帐号6-10位数字或字母}
2019-10-25 03:44:10,882 - selenium - INFO - Screenshot saved successfully!
2019-10-25 03:44:10,882 - selenium - INFO - Successful execution of test cases:注册页面，检测账号字段规则（是否不能包含中文）

2019-10-25 03:44:10,882 - selenium - INFO - Executing use test case:注册页面，检测账号字段规则（是否不能包含特殊字符）
2019-10-25 03:44:10,882 - selenium - INFO - input data:username:*&#123abc,password:,passwd:,phone:,code:,suc:0,assert:帐号6-10位数字或字母
2019-10-25 03:44:10,903 - selenium - INFO - Successful positioning of elements.Positioning method and values used：['id', 'username']
2019-10-25 03:44:11,355 - selenium - INFO - Input content：*&#123abc
2019-10-25 03:44:11,377 - selenium - INFO - Successful positioning of elements.Positioning method and values used：['id', 'password']
2019-10-25 03:44:11,604 - selenium - INFO - Input content：
2019-10-25 03:44:11,619 - selenium - INFO - Successful positioning of elements.Positioning method and values used：['id', 'passwd']
2019-10-25 03:44:12,195 - selenium - INFO - Input content：
2019-10-25 03:44:12,263 - selenium - INFO - Successful positioning of elements.Positioning method and values used：['id', 'rmNum']
2019-10-25 03:44:12,815 - selenium - INFO - Input content：
2019-10-25 03:44:12,845 - selenium - INFO - Successful positioning of elements.Positioning method and values used：['css selector', 'span > input']
2019-10-25 03:44:13,043 - selenium - INFO - Input content：
2019-10-25 03:44:13,062 - selenium - INFO - Successful positioning of elements.Positioning method and values used：['id', 'OK2']
2019-10-25 03:44:13,158 - selenium - INFO - Click on the element success,location method and value used：['id', 'OK2']
2019-10-25 03:44:13,188 - selenium - INFO - Successful positioning of elements.Positioning method and values used：['css selector', '.err > span']
2019-10-25 03:44:13,220 - selenium - INFO - Obtained text：帐号6-10位数字或字母
2019-10-25 03:44:13,246 - selenium - INFO - Assert Verify success：expected outcome:{帐号6-10位数字或字母} == actual results:{帐号6-10位数字或字母}
2019-10-25 03:44:13,998 - selenium - INFO - Screenshot saved successfully!
2019-10-25 03:44:13,998 - selenium - INFO - Successful execution of test cases:注册页面，检测账号字段规则（是否不能包含特殊字符）

2019-10-25 03:44:13,998 - selenium - INFO - Executing use test case:注册页面，检测账号字段规则（长度是否不能小于6位）
2019-10-25 03:44:13,999 - selenium - INFO - input data:username:123as,password:,passwd:,phone:,code:,suc:0,assert:帐号6-10位数字或字母
2019-10-25 03:44:14,045 - selenium - INFO - Successful positioning of elements.Positioning method and values used：['id', 'username']
2019-10-25 03:44:14,344 - selenium - INFO - Input content：123as
2019-10-25 03:44:14,367 - selenium - INFO - Successful positioning of elements.Positioning method and values used：['id', 'password']
2019-10-25 03:44:14,535 - selenium - INFO - Input content：
2019-10-25 03:44:14,617 - selenium - INFO - Successful positioning of elements.Positioning method and values used：['id', 'passwd']
2019-10-25 03:44:14,740 - selenium - INFO - Input content：
2019-10-25 03:44:14,761 - selenium - INFO - Successful positioning of elements.Positioning method and values used：['id', 'rmNum']
2019-10-25 03:44:14,971 - selenium - INFO - Input content：
2019-10-25 03:44:15,022 - selenium - INFO - Successful positioning of elements.Positioning method and values used：['css selector', 'span > input']
2019-10-25 03:44:15,135 - selenium - INFO - Input content：
2019-10-25 03:44:15,153 - selenium - INFO - Successful positioning of elements.Positioning method and values used：['id', 'OK2']
2019-10-25 03:44:15,277 - selenium - INFO - Click on the element success,location method and value used：['id', 'OK2']
2019-10-25 03:44:15,339 - selenium - INFO - Successful positioning of elements.Positioning method and values used：['css selector', '.err > span']
2019-10-25 03:44:15,406 - selenium - INFO - Obtained text：帐号6-10位数字或字母
2019-10-25 03:44:15,446 - selenium - INFO - Assert Verify success：expected outcome:{帐号6-10位数字或字母} == actual results:{帐号6-10位数字或字母}
2019-10-25 03:44:16,294 - selenium - INFO - Screenshot saved successfully!
2019-10-25 03:44:16,294 - selenium - INFO - Successful execution of test cases:注册页面，检测账号字段规则（长度是否不能小于6位）

2019-10-25 03:44:16,294 - selenium - INFO - Executing use test case:注册页面，检测密码字段规则（是否为必填项）
2019-10-25 03:44:16,294 - selenium - INFO - input data:username:Entech9998,password:,passwd:,phone:,code:,suc:0,assert:密码8-20位数字或字母
2019-10-25 03:44:16,362 - selenium - INFO - Successful positioning of elements.Positioning method and values used：['id', 'username']
2019-10-25 03:44:16,810 - selenium - INFO - Input content：Entech9998
2019-10-25 03:44:16,831 - selenium - INFO - Successful positioning of elements.Positioning method and values used：['id', 'password']
2019-10-25 03:44:16,977 - selenium - INFO - Input content：
2019-10-25 03:44:17,019 - selenium - INFO - Successful positioning of elements.Positioning method and values used：['id', 'passwd']
2019-10-25 03:44:17,356 - selenium - INFO - Input content：
2019-10-25 03:44:17,383 - selenium - INFO - Successful positioning of elements.Positioning method and values used：['id', 'rmNum']
2019-10-25 03:44:17,648 - selenium - INFO - Input content：
2019-10-25 03:44:17,705 - selenium - INFO - Successful positioning of elements.Positioning method and values used：['css selector', 'span > input']
2019-10-25 03:44:17,860 - selenium - INFO - Input content：
2019-10-25 03:44:17,882 - selenium - INFO - Successful positioning of elements.Positioning method and values used：['id', 'OK2']
2019-10-25 03:44:17,973 - selenium - INFO - Click on the element success,location method and value used：['id', 'OK2']
2019-10-25 03:44:17,997 - selenium - INFO - Successful positioning of elements.Positioning method and values used：['css selector', '.err > span']
2019-10-25 03:44:18,031 - selenium - INFO - Obtained text：密码8-20位数字或字母
2019-10-25 03:44:18,053 - selenium - INFO - Assert Verify success：expected outcome:{密码8-20位数字或字母} == actual results:{密码8-20位数字或字母}
2019-10-25 03:44:19,095 - selenium - INFO - Screenshot saved successfully!
2019-10-25 03:44:19,095 - selenium - INFO - Successful execution of test cases:注册页面，检测密码字段规则（是否为必填项）

2019-10-25 03:44:19,095 - selenium - INFO - Executing use test case:注册页面，检测验证码字段规则（是否为必填项）
2019-10-25 03:44:19,096 - selenium - INFO - input data:username:Entech9998,password:12345678,passwd:12345678,phone:,code:,suc:0,assert:请输入验证码
2019-10-25 03:44:19,150 - selenium - INFO - Successful positioning of elements.Positioning method and values used：['id', 'username']
2019-10-25 03:44:20,084 - selenium - INFO - Input content：Entech9998
2019-10-25 03:44:20,111 - selenium - INFO - Successful positioning of elements.Positioning method and values used：['id', 'password']
2019-10-25 03:44:20,429 - selenium - INFO - Input content：12345678
2019-10-25 03:44:20,455 - selenium - INFO - Successful positioning of elements.Positioning method and values used：['id', 'passwd']
2019-10-25 03:44:20,846 - selenium - INFO - Input content：12345678
2019-10-25 03:44:20,895 - selenium - INFO - Successful positioning of elements.Positioning method and values used：['id', 'rmNum']
2019-10-25 03:44:21,432 - selenium - INFO - Input content：
2019-10-25 03:44:21,458 - selenium - INFO - Successful positioning of elements.Positioning method and values used：['css selector', 'span > input']
2019-10-25 03:44:21,755 - selenium - INFO - Input content：
2019-10-25 03:44:21,791 - selenium - INFO - Successful positioning of elements.Positioning method and values used：['id', 'OK2']
2019-10-25 03:44:21,878 - selenium - INFO - Click on the element success,location method and value used：['id', 'OK2']
2019-10-25 03:44:21,894 - selenium - INFO - Successful positioning of elements.Positioning method and values used：['css selector', '.err > span']
2019-10-25 03:44:21,936 - selenium - INFO - Obtained text：请输入验证码
2019-10-25 03:44:21,961 - selenium - INFO - Assert Verify success：expected outcome:{请输入验证码} == actual results:{请输入验证码}
2019-10-25 03:44:22,544 - selenium - INFO - Screenshot saved successfully!
2019-10-25 03:44:22,544 - selenium - INFO - Successful execution of test cases:注册页面，检测验证码字段规则（是否为必填项）

2019-10-25 03:44:22,544 - selenium - INFO - Executing use test case:注册页面，检测手机号字段规则（是否为必填项）
2019-10-25 03:44:22,545 - selenium - INFO - input data:username:Entech9998,password:12345678,passwd:12345678,phone:1233,code:,suc:0,assert:请输入手机号
2019-10-25 03:44:22,564 - selenium - INFO - Successful positioning of elements.Positioning method and values used：['id', 'username']
2019-10-25 03:44:22,896 - selenium - INFO - Input content：Entech9998
2019-10-25 03:44:22,931 - selenium - INFO - Successful positioning of elements.Positioning method and values used：['id', 'password']
2019-10-25 03:44:23,223 - selenium - INFO - Input content：12345678
2019-10-25 03:44:23,267 - selenium - INFO - Successful positioning of elements.Positioning method and values used：['id', 'passwd']
2019-10-25 03:44:24,473 - selenium - INFO - Input content：12345678
2019-10-25 03:44:24,557 - selenium - INFO - Successful positioning of elements.Positioning method and values used：['id', 'rmNum']
2019-10-25 03:44:25,005 - selenium - INFO - Input content：1233
2019-10-25 03:44:25,040 - selenium - INFO - Successful positioning of elements.Positioning method and values used：['css selector', 'span > input']
2019-10-25 03:44:25,445 - selenium - INFO - Input content：
2019-10-25 03:44:25,513 - selenium - INFO - Successful positioning of elements.Positioning method and values used：['id', 'OK2']
2019-10-25 03:44:25,722 - selenium - INFO - Click on the element success,location method and value used：['id', 'OK2']
2019-10-25 03:44:25,760 - selenium - INFO - Successful positioning of elements.Positioning method and values used：['css selector', '.err > span']
2019-10-25 03:44:25,818 - selenium - INFO - Obtained text：请输入手机号
2019-10-25 03:44:25,852 - selenium - INFO - Assert Verify success：expected outcome:{请输入手机号} == actual results:{请输入手机号}
2019-10-25 03:44:26,574 - selenium - INFO - Screenshot saved successfully!
2019-10-25 03:44:26,574 - selenium - INFO - Successful execution of test cases:注册页面，检测手机号字段规则（是否为必填项）

2019-10-25 03:44:26,575 - selenium - INFO - Executing use test case:注册页面，检测密码字段规则（最小长度是否为8位）
2019-10-25 03:44:26,575 - selenium - INFO - input data:username:Entech9998,password:12345,passwd:12345,phone:1233,code:11144434443,suc:0,assert:密码 的最小长度为 8 字符
2019-10-25 03:44:26,593 - selenium - INFO - Successful positioning of elements.Positioning method and values used：['id', 'username']
2019-10-25 03:44:26,997 - selenium - INFO - Input content：Entech9998
2019-10-25 03:44:27,019 - selenium - INFO - Successful positioning of elements.Positioning method and values used：['id', 'password']
2019-10-25 03:44:27,287 - selenium - INFO - Input content：12345
2019-10-25 03:44:27,312 - selenium - INFO - Successful positioning of elements.Positioning method and values used：['id', 'passwd']
2019-10-25 03:44:27,653 - selenium - INFO - Input content：12345
2019-10-25 03:44:27,827 - selenium - INFO - Successful positioning of elements.Positioning method and values used：['id', 'rmNum']
2019-10-25 03:44:28,111 - selenium - INFO - Input content：1233
2019-10-25 03:44:28,148 - selenium - INFO - Successful positioning of elements.Positioning method and values used：['css selector', 'span > input']
2019-10-25 03:44:28,511 - selenium - INFO - Input content：11144434443
2019-10-25 03:44:28,540 - selenium - INFO - Successful positioning of elements.Positioning method and values used：['id', 'OK2']
2019-10-25 03:44:28,714 - selenium - INFO - Click on the element success,location method and value used：['id', 'OK2']
2019-10-25 03:44:28,878 - selenium - INFO - Successful positioning of elements.Positioning method and values used：['css selector', '.err > span']
2019-10-25 03:44:28,913 - selenium - INFO - Obtained text：密码 的最小长度为 8 字符
2019-10-25 03:44:28,995 - selenium - INFO - Assert Verify success：expected outcome:{密码的最小长度为8字符} == actual results:{密码的最小长度为8字符}
2019-10-25 03:44:29,767 - selenium - INFO - Screenshot saved successfully!
2019-10-25 03:44:29,767 - selenium - INFO - Successful execution of test cases:注册页面，检测密码字段规则（最小长度是否为8位）

2019-10-25 03:44:29,768 - selenium - INFO - Executing use test case:注册页面，检测密码字段规则（最小长度是否为8位）
2019-10-25 03:44:29,768 - selenium - INFO - input data:username:Entech9998,password:1234,passwd:1234,phone:1233,code:11144434443,suc:0,assert:密码8-20位数字或字母
2019-10-25 03:44:29,866 - selenium - INFO - Successful positioning of elements.Positioning method and values used：['id', 'username']
2019-10-25 03:44:30,481 - selenium - INFO - Input content：Entech9998
2019-10-25 03:44:30,519 - selenium - INFO - Successful positioning of elements.Positioning method and values used：['id', 'password']
2019-10-25 03:44:30,736 - selenium - INFO - Input content：1234
2019-10-25 03:44:30,758 - selenium - INFO - Successful positioning of elements.Positioning method and values used：['id', 'passwd']
2019-10-25 03:44:31,048 - selenium - INFO - Input content：1234
2019-10-25 03:44:31,063 - selenium - INFO - Successful positioning of elements.Positioning method and values used：['id', 'rmNum']
2019-10-25 03:44:31,394 - selenium - INFO - Input content：1233
2019-10-25 03:44:31,428 - selenium - INFO - Successful positioning of elements.Positioning method and values used：['css selector', 'span > input']
2019-10-25 03:44:31,886 - selenium - INFO - Input content：11144434443
2019-10-25 03:44:31,911 - selenium - INFO - Successful positioning of elements.Positioning method and values used：['id', 'OK2']
2019-10-25 03:44:32,103 - selenium - INFO - Click on the element success,location method and value used：['id', 'OK2']
2019-10-25 03:44:32,122 - selenium - INFO - Successful positioning of elements.Positioning method and values used：['css selector', '.err > span']
2019-10-25 03:44:32,164 - selenium - INFO - Obtained text：密码8-20位数字或字母
2019-10-25 03:44:32,215 - selenium - INFO - Assert Verify success：expected outcome:{密码8-20位数字或字母} == actual results:{密码8-20位数字或字母}
2019-10-25 03:44:33,068 - selenium - INFO - Screenshot saved successfully!
2019-10-25 03:44:33,069 - selenium - INFO - Successful execution of test cases:注册页面，检测密码字段规则（最小长度是否为8位）

2019-10-25 03:44:33,069 - selenium - INFO - Executing use test case:注册页面，检测手机号字段规则（手机格式）
2019-10-25 03:44:33,069 - selenium - INFO - input data:username:Entech9998,password:12345678,passwd:12345678,phone:1233,code:11144434443,suc:0,assert:请填写正确的手机号码.
2019-10-25 03:44:33,093 - selenium - INFO - Successful positioning of elements.Positioning method and values used：['id', 'username']
2019-10-25 03:44:33,478 - selenium - INFO - Input content：Entech9998
2019-10-25 03:44:33,525 - selenium - INFO - Successful positioning of elements.Positioning method and values used：['id', 'password']
2019-10-25 03:44:33,927 - selenium - INFO - Input content：12345678
2019-10-25 03:44:33,963 - selenium - INFO - Successful positioning of elements.Positioning method and values used：['id', 'passwd']
2019-10-25 03:44:34,282 - selenium - INFO - Input content：12345678
2019-10-25 03:44:34,302 - selenium - INFO - Successful positioning of elements.Positioning method and values used：['id', 'rmNum']
2019-10-25 03:44:34,666 - selenium - INFO - Input content：1233
2019-10-25 03:44:34,698 - selenium - INFO - Successful positioning of elements.Positioning method and values used：['css selector', 'span > input']
2019-10-25 03:44:35,066 - selenium - INFO - Input content：11144434443
2019-10-25 03:44:35,102 - selenium - INFO - Successful positioning of elements.Positioning method and values used：['id', 'OK2']
2019-10-25 03:44:35,211 - selenium - INFO - Click on the element success,location method and value used：['id', 'OK2']
2019-10-25 03:44:35,379 - selenium - INFO - Successful positioning of elements.Positioning method and values used：['css selector', '.err > span']
2019-10-25 03:44:35,448 - selenium - INFO - Obtained text：请填写正确的手机号码.
2019-10-25 03:44:35,468 - selenium - INFO - Assert Verify success：expected outcome:{请填写正确的手机号码.} == actual results:{请填写正确的手机号码.}
2019-10-25 03:44:36,477 - selenium - INFO - Screenshot saved successfully!
2019-10-25 03:44:36,478 - selenium - INFO - Successful execution of test cases:注册页面，检测手机号字段规则（手机格式）

2019-10-25 03:44:36,479 - selenium - INFO - Executing use test case:注册页面，检测密码字段规则（是否区分密码字母大小写）
2019-10-25 03:44:36,480 - selenium - INFO - input data:username:Entech9998,password:1234567a,passwd:1234567A,phone:1233,code:13944434443,suc:0,assert:两次密码不一致
2019-10-25 03:44:36,518 - selenium - INFO - Successful positioning of elements.Positioning method and values used：['id', 'username']
2019-10-25 03:44:36,913 - selenium - INFO - Input content：Entech9998
2019-10-25 03:44:36,982 - selenium - INFO - Successful positioning of elements.Positioning method and values used：['id', 'password']
2019-10-25 03:44:37,843 - selenium - INFO - Input content：1234567a
2019-10-25 03:44:37,887 - selenium - INFO - Successful positioning of elements.Positioning method and values used：['id', 'passwd']
2019-10-25 03:44:38,872 - selenium - INFO - Input content：1234567A
2019-10-25 03:44:38,897 - selenium - INFO - Successful positioning of elements.Positioning method and values used：['id', 'rmNum']
2019-10-25 03:44:39,124 - selenium - INFO - Input content：1233
2019-10-25 03:44:39,194 - selenium - INFO - Successful positioning of elements.Positioning method and values used：['css selector', 'span > input']
2019-10-25 03:44:39,565 - selenium - INFO - Input content：13944434443
2019-10-25 03:44:39,606 - selenium - INFO - Successful positioning of elements.Positioning method and values used：['id', 'OK2']
2019-10-25 03:44:39,695 - selenium - INFO - Click on the element success,location method and value used：['id', 'OK2']
2019-10-25 03:44:39,711 - selenium - INFO - Successful positioning of elements.Positioning method and values used：['css selector', '.err > span']
2019-10-25 03:44:39,794 - selenium - INFO - Obtained text：两次密码不一致
2019-10-25 03:44:39,843 - selenium - INFO - Assert Verify success：expected outcome:{两次密码不一致} == actual results:{两次密码不一致}
2019-10-25 03:44:40,945 - selenium - INFO - Screenshot saved successfully!
2019-10-25 03:44:40,945 - selenium - INFO - Successful execution of test cases:注册页面，检测密码字段规则（是否区分密码字母大小写）

2019-10-25 03:44:40,946 - selenium - INFO - Executing use test case:注册页面，检测是否能阻止重复注册
2019-10-25 03:44:40,946 - selenium - INFO - input data:username:enintech0,password:987456123,passwd:987456123,phone:1233,code:13944434443,suc:0,assert:帐号已存在
2019-10-25 03:44:41,012 - selenium - INFO - Successful positioning of elements.Positioning method and values used：['id', 'username']
2019-10-25 03:44:41,495 - selenium - INFO - Input content：enintech0
2019-10-25 03:44:41,562 - selenium - INFO - Successful positioning of elements.Positioning method and values used：['id', 'password']
2019-10-25 03:44:42,032 - selenium - INFO - Input content：987456123
2019-10-25 03:44:42,067 - selenium - INFO - Successful positioning of elements.Positioning method and values used：['id', 'passwd']
2019-10-25 03:44:42,515 - selenium - INFO - Input content：987456123
2019-10-25 03:44:42,555 - selenium - INFO - Successful positioning of elements.Positioning method and values used：['id', 'rmNum']
2019-10-25 03:44:43,056 - selenium - INFO - Input content：1233
2019-10-25 03:44:43,088 - selenium - INFO - Successful positioning of elements.Positioning method and values used：['css selector', 'span > input']
2019-10-25 03:44:43,648 - selenium - INFO - Input content：13944434443
2019-10-25 03:44:43,672 - selenium - INFO - Successful positioning of elements.Positioning method and values used：['id', 'OK2']
2019-10-25 03:44:43,815 - selenium - INFO - Click on the element success,location method and value used：['id', 'OK2']
2019-10-25 03:44:43,924 - selenium - INFO - Successful positioning of elements.Positioning method and values used：['css selector', '.err > span']
2019-10-25 03:44:43,974 - selenium - INFO - Obtained text：帐号已存在
2019-10-25 03:44:44,009 - selenium - INFO - Assert Verify success：expected outcome:{帐号已存在} == actual results:{帐号已存在}
2019-10-25 03:44:44,753 - selenium - INFO - Screenshot saved successfully!
2019-10-25 03:44:44,753 - selenium - INFO - Successful execution of test cases:注册页面，检测是否能阻止重复注册

2019-10-25 03:44:44,754 - selenium - INFO - Executing use test case:注册页面，检测验证码字段规则（错误验证码是否阻止注册）
2019-10-25 03:44:44,754 - selenium - INFO - input data:username:Entech9998,password:1234567a,passwd:1234567a,phone:1111,code:13944434443,suc:0,assert:验证码错误
2019-10-25 03:44:44,828 - selenium - INFO - Successful positioning of elements.Positioning method and values used：['id', 'username']
2019-10-25 03:44:45,220 - selenium - INFO - Input content：Entech9998
2019-10-25 03:44:45,276 - selenium - INFO - Successful positioning of elements.Positioning method and values used：['id', 'password']
2019-10-25 03:44:45,719 - selenium - INFO - Input content：1234567a
2019-10-25 03:44:45,756 - selenium - INFO - Successful positioning of elements.Positioning method and values used：['id', 'passwd']
2019-10-25 03:44:46,024 - selenium - INFO - Input content：1234567a
2019-10-25 03:44:46,059 - selenium - INFO - Successful positioning of elements.Positioning method and values used：['id', 'rmNum']
2019-10-25 03:44:46,444 - selenium - INFO - Input content：1111
2019-10-25 03:44:46,482 - selenium - INFO - Successful positioning of elements.Positioning method and values used：['css selector', 'span > input']
2019-10-25 03:44:47,017 - selenium - INFO - Input content：13944434443
2019-10-25 03:44:47,040 - selenium - INFO - Successful positioning of elements.Positioning method and values used：['id', 'OK2']
2019-10-25 03:44:47,199 - selenium - INFO - Click on the element success,location method and value used：['id', 'OK2']
2019-10-25 03:44:47,393 - selenium - INFO - Successful positioning of elements.Positioning method and values used：['css selector', '.err > span']
2019-10-25 03:44:47,468 - selenium - INFO - Obtained text：验证码错误
2019-10-25 03:44:47,514 - selenium - INFO - Assert Verify success：expected outcome:{验证码错误} == actual results:{验证码错误}
2019-10-25 03:44:48,333 - selenium - INFO - Screenshot saved successfully!
2019-10-25 03:44:48,334 - selenium - INFO - Successful execution of test cases:注册页面，检测验证码字段规则（错误验证码是否阻止注册）

2019-10-25 03:44:48,335 - selenium - INFO - Executing use test case:检测是否能够成功注册账号
2019-10-25 03:44:48,357 - selenium - INFO - Successful positioning of elements.Positioning method and values used：['id', 'username']
2019-10-25 03:44:48,833 - selenium - INFO - Input content：enintech29
2019-10-25 03:44:48,878 - selenium - INFO - Successful positioning of elements.Positioning method and values used：['id', 'password']
2019-10-25 03:44:49,253 - selenium - INFO - Input content：12345678
2019-10-25 03:44:49,278 - selenium - INFO - Successful positioning of elements.Positioning method and values used：['id', 'passwd']
2019-10-25 03:44:49,734 - selenium - INFO - Input content：12345678
2019-10-25 03:44:49,777 - selenium - INFO - Successful positioning of elements.Positioning method and values used：['css selector', 'span > input']
2019-10-25 03:44:50,124 - selenium - INFO - Input content：13988889999
2019-10-25 03:44:53,084 - selenium - INFO - Forced wait 2 second
2019-10-25 03:44:53,119 - selenium - INFO - Successful positioning of elements.Positioning method and values used：['id', 'rmNum']
2019-10-25 03:44:53,318 - selenium - INFO - Input content：3856
2019-10-25 03:44:53,346 - selenium - INFO - Successful positioning of elements.Positioning method and values used：['id', 'OK2']
2019-10-25 03:44:53,436 - selenium - INFO - Click on the element success,location method and value used：['id', 'OK2']
2019-10-25 03:44:55,438 - selenium - INFO - Forced wait 2 second
2019-10-25 03:44:55,459 - selenium - INFO - Successful positioning of elements.Positioning method and values used：['css selector', '.err > span']
2019-10-25 03:44:55,486 - selenium - INFO - Obtained text：请勿重复注册
2019-10-25 03:44:55,547 - selenium - INFO - Successful positioning of elements.Positioning method and values used：['css selector', '.err > span']
2019-10-25 03:44:55,581 - selenium - INFO - Obtained text：请勿重复注册
2019-10-25 03:44:55,620 - selenium - INFO - Successful positioning of elements.Positioning method and values used：['css selector', '.err > span']
2019-10-25 03:44:55,636 - selenium - INFO - Obtained text：请勿重复注册
2019-10-25 03:45:07,738 - selenium - ERROR - Failure of test case execution! Reason: Message: 


2019-10-25 03:45:12,227 - selenium - INFO - 在section：copy下读取pro_copy的值
2019-10-25 03:45:12,230 - selenium - INFO - 在section：reports下读取pro的值
2019-10-25 03:45:15,659 - selenium - INFO - 在section：title下读取pro的值
2019-10-25 03:45:15,659 - selenium - INFO - 在section：environment下读取url的值
2019-10-25 03:45:15,746 - selenium - INFO - 在section：telegram下读取token的值
2019-10-25 03:45:15,747 - selenium - INFO - 在section：telegram下读取chat_id的值
