2019-10-25 07:43:38,260 - selenium - INFO - 在section：environment下读取browser的值
2019-10-25 07:43:38,260 - selenium - INFO - Read browser configuration, value：chrome
2019-10-25 07:43:38,261 - selenium - INFO - 在section：environment下读取url的值
2019-10-25 07:43:38,261 - selenium - INFO - Read url configuration, value：http://blr.9161252.com/#/home
2019-10-25 07:43:39,622 - selenium - INFO - Visit website：http://blr.9161252.com/#/home
2019-10-25 07:43:39,743 - selenium - INFO - Browser maximization
2019-10-25 07:43:39,748 - selenium - INFO - Set static wait time 10 seconds
2019-10-25 07:43:39,749 - selenium - INFO - Executing test cases：新注册会员，在未绑定银行卡的情况下，验证是否阻止提款申请
2019-10-25 07:43:40,559 - selenium - INFO - Successful positioning of elements.Positioning method and values used：['css selector', '.close']
2019-10-25 07:43:40,655 - selenium - INFO - Successful positioning of elements.Positioning method and values used：['css selector', '.close']
2019-10-25 07:43:40,847 - selenium - INFO - Click on the element success,location method and value used：['css selector', '.close']
2019-10-25 07:43:40,954 - selenium - INFO - Successful positioning of elements.Positioning method and values used：['css selector', '.input-bg:nth-child(1)']
2019-10-25 07:43:41,225 - selenium - INFO - Input content：enintech27
2019-10-25 07:43:41,260 - selenium - INFO - Successful positioning of elements.Positioning method and values used：['id', 'txtFacade']
2019-10-25 07:43:41,662 - selenium - INFO - Input content：12345678
2019-10-25 07:43:52,719 - selenium - INFO - Successful positioning of elements.Positioning method and values used：['css selector', '.loginBtn']
2019-10-25 07:43:52,820 - selenium - INFO - Click on the element success,location method and value used：['css selector', '.loginBtn']
2019-10-25 07:43:52,820 - selenium - ERROR - 定位验证码元素失败，原因：界面不存在验证码-Message: 

2019-10-25 07:43:53,837 - selenium - INFO - Forced wait 1 second
2019-10-25 07:43:53,838 - selenium - INFO - JavaScript execution is successful，JavaScript content is：var q=document.documentElement.scrollTop=0
2019-10-25 07:43:54,839 - selenium - INFO - Forced wait 1 second
2019-10-25 07:43:54,899 - selenium - INFO - Successful positioning of elements.Positioning method and values used：['link text', '线上取款']
2019-10-25 07:43:55,363 - selenium - INFO - Click on the element success,location method and value used：['link text', '线上取款']
2019-10-25 07:44:06,843 - selenium - INFO - Successful positioning of elements.Positioning method and values used：['css selector', '.message1 li:nth-child(2) > span']
2019-10-25 07:44:07,843 - selenium - INFO - Click on the element success,location method and value used：['css selector', '.message1 li:nth-child(2) > span']
2019-10-25 07:44:07,843 - selenium - ERROR - Failure of test case execution:Message: 

2019-10-25 07:44:07,844 - selenium - INFO - Executing test cases：绑定银行卡，已设置密保和资金密码，验证[提款人姓名]字段是否不能为空
2019-10-25 07:44:08,085 - selenium - INFO - Successful positioning of elements.Positioning method and values used：['css selector', '.row:nth-child(1) > input']
2019-10-25 07:44:08,355 - selenium - INFO - Executing test cases：绑定银行卡，已设置密保和资金密码，验证[提款人姓名]字段是否不能为数字
2019-10-25 07:44:08,562 - selenium - INFO - Successful positioning of elements.Positioning method and values used：['css selector', '.row:nth-child(1) > input']
2019-10-25 07:44:08,882 - selenium - INFO - Executing test cases：绑定银行卡，已设置密保和资金密码，验证[提款人姓名]字段是否不能为字母
2019-10-25 07:44:09,123 - selenium - INFO - Successful positioning of elements.Positioning method and values used：['css selector', '.row:nth-child(1) > input']
2019-10-25 07:44:09,432 - selenium - INFO - Executing test cases：绑定银行卡，已设置密保和资金密码，验证[提款人姓名]字段是否不能为特殊字符
2019-10-25 07:44:09,697 - selenium - INFO - Successful positioning of elements.Positioning method and values used：['css selector', '.row:nth-child(1) > input']
2019-10-25 07:44:10,000 - selenium - INFO - Executing test cases：绑定银行卡，已设置密保和资金密码，验证[提款人姓名]字段是否可以为中文+{.}
2019-10-25 07:44:10,211 - selenium - INFO - Successful positioning of elements.Positioning method and values used：['css selector', '.row:nth-child(1) > input']
2019-10-25 07:44:10,617 - selenium - INFO - Executing test cases：绑定银行卡，已设置密保和资金密码，验证[开户银行]字段是否不能为空
2019-10-25 07:44:10,845 - selenium - INFO - Successful positioning of elements.Positioning method and values used：['css selector', '.row:nth-child(1) > input']
2019-10-25 07:44:10,873 - selenium - INFO - Executing test cases：绑定银行卡，已设置密保和资金密码，验证[银行卡号]字段是否不能为空
2019-10-25 07:44:10,898 - selenium - INFO - Successful positioning of elements.Positioning method and values used：['css selector', '.row:nth-child(1) > input']
2019-10-25 07:44:11,196 - selenium - INFO - Executing test cases：绑定银行卡，已设置密保和资金密码，验证[银行卡号]字段是否不能为字母
2019-10-25 07:44:11,393 - selenium - INFO - Successful positioning of elements.Positioning method and values used：['css selector', '.row:nth-child(1) > input']
2019-10-25 07:44:11,696 - selenium - INFO - Executing test cases：绑定银行卡，已设置密保和资金密码，验证[银行卡号]字段是否不能为中文
2019-10-25 07:44:11,912 - selenium - INFO - Successful positioning of elements.Positioning method and values used：['css selector', '.row:nth-child(1) > input']
2019-10-25 07:44:12,210 - selenium - INFO - Executing test cases：绑定银行卡，已设置密保和资金密码，验证[银行卡号]字段是否不能为特殊字符
2019-10-25 07:44:12,406 - selenium - INFO - Successful positioning of elements.Positioning method and values used：['css selector', '.row:nth-child(1) > input']
2019-10-25 07:44:12,773 - selenium - INFO - Executing test cases：绑定银行卡，已设置密保和资金密码，验证[银行卡号]字段是否不能小于16位
2019-10-25 07:44:12,916 - selenium - INFO - Successful positioning of elements.Positioning method and values used：['css selector', '.row:nth-child(1) > input']
2019-10-25 07:44:13,196 - selenium - INFO - Executing test cases：绑定银行卡，已设置密保和资金密码，验证[银行卡号]字段是否不能大于20位
2019-10-25 07:44:13,390 - selenium - INFO - Successful positioning of elements.Positioning method and values used：['css selector', '.row:nth-child(1) > input']
2019-10-25 07:44:13,652 - selenium - INFO - Executing test cases：绑定银行卡，已设置密保和资金密码，验证[所在地]字段是否不能为空
2019-10-25 07:44:13,903 - selenium - INFO - Successful positioning of elements.Positioning method and values used：['css selector', '.row:nth-child(1) > input']
2019-10-25 07:44:14,173 - selenium - INFO - Executing test cases：绑定银行卡，已设置密保和资金密码，验证[资金密码]字段是否不能为空
2019-10-25 07:44:14,413 - selenium - INFO - Successful positioning of elements.Positioning method and values used：['css selector', '.row:nth-child(1) > input']
2019-10-25 07:44:14,691 - selenium - INFO - Executing test cases：绑定银行卡，已设置密保和资金密码，验证[资金密码]字段是否不能为字母
2019-10-25 07:44:14,912 - selenium - INFO - Successful positioning of elements.Positioning method and values used：['css selector', '.row:nth-child(1) > input']
2019-10-25 07:44:14,931 - selenium - INFO - Executing test cases：绑定银行卡，已设置密保和资金密码，验证[资金密码]字段是否不能为特殊字符
2019-10-25 07:44:14,955 - selenium - INFO - Successful positioning of elements.Positioning method and values used：['css selector', '.row:nth-child(1) > input']
2019-10-25 07:44:14,968 - selenium - INFO - Executing test cases：绑定银行卡，已设置密保和资金密码，验证[资金密码]字段是否不能为错误密码
2019-10-25 07:44:14,989 - selenium - INFO - Successful positioning of elements.Positioning method and values used：['css selector', '.row:nth-child(1) > input']
2019-10-25 07:44:15,022 - selenium - INFO - Executing test cases：绑定银行卡，已设置密保和资金密码，验证[提款人姓名]字段是否不能为一个中文
2019-10-25 07:44:15,047 - selenium - INFO - Successful positioning of elements.Positioning method and values used：['css selector', '.row:nth-child(1) > input']
2019-10-25 07:44:15,089 - selenium - INFO - Executing test cases：绑定银行卡，已设置密保和资金密码，验证是否不能重复绑定银行卡
2019-10-25 07:44:15,111 - selenium - INFO - Successful positioning of elements.Positioning method and values used：['css selector', '.row:nth-child(1) > input']
2019-10-25 07:44:17,832 - selenium - INFO - 在section：copy下读取pro_copy的值
2019-10-25 07:44:17,833 - selenium - INFO - 在section：reports下读取pro的值
2019-10-25 07:44:19,145 - selenium - INFO - 在section：title下读取pro的值
2019-10-25 07:44:19,146 - selenium - INFO - 在section：environment下读取url的值
2019-10-25 07:44:19,215 - selenium - INFO - 在section：telegram下读取token的值
2019-10-25 07:44:19,215 - selenium - INFO - 在section：telegram下读取chat_id的值
