2019-10-25 04:04:32,524 - selenium - INFO - 在section：environment下读取browser的值
2019-10-25 04:04:32,524 - selenium - INFO - Read browser configuration, value：chrome
2019-10-25 04:04:32,525 - selenium - INFO - 在section：environment下读取url的值
2019-10-25 04:04:32,525 - selenium - INFO - Read url configuration, value：http://blr.9161252.com/#/home
2019-10-25 04:04:34,181 - selenium - INFO - Visit website：http://blr.9161252.com/#/home
2019-10-25 04:04:34,298 - selenium - INFO - Browser maximization
2019-10-25 04:04:34,308 - selenium - INFO - Set static wait time 10 seconds
2019-10-25 04:04:34,309 - selenium - INFO - Executing test cases：验证是否能够成功访问账号安全页面
2019-10-25 04:04:35,432 - selenium - INFO - Successful positioning of elements.Positioning method and values used：['css selector', '.close']
2019-10-25 04:04:35,514 - selenium - INFO - Successful positioning of elements.Positioning method and values used：['css selector', '.close']
2019-10-25 04:04:35,694 - selenium - INFO - Click on the element success,location method and value used：['css selector', '.close']
2019-10-25 04:04:35,846 - selenium - INFO - Successful positioning of elements.Positioning method and values used：['css selector', '.input-bg:nth-child(1)']
2019-10-25 04:04:36,050 - selenium - INFO - Input content：enintech28
2019-10-25 04:04:36,079 - selenium - INFO - Successful positioning of elements.Positioning method and values used：['id', 'txtFacade']
2019-10-25 04:04:36,332 - selenium - INFO - Input content：12345678
2019-10-25 04:04:47,396 - selenium - INFO - Successful positioning of elements.Positioning method and values used：['css selector', '.loginBtn']
2019-10-25 04:04:47,460 - selenium - INFO - Click on the element success,location method and value used：['css selector', '.loginBtn']
2019-10-25 04:04:47,460 - selenium - ERROR - 定位验证码元素失败，原因：界面不存在验证码-Message: 

2019-10-25 04:04:48,478 - selenium - INFO - Forced wait 1 second
2019-10-25 04:04:48,478 - selenium - INFO - JavaScript execution is successful，JavaScript content is：var q=document.documentElement.scrollTop=0
2019-10-25 04:04:48,525 - selenium - INFO - Successful positioning of elements.Positioning method and values used：['css selector', 'form > p:nth-child(1)']
2019-10-25 04:04:48,567 - selenium - INFO - Obtained text：帐号：enintech28
2019-10-25 04:04:48,600 - selenium - INFO - Assert Verify success：expected outcome:{enintech28} == actual results:{帐号：enintech28}
2019-10-25 04:04:49,601 - selenium - INFO - Forced wait 1 second
2019-10-25 04:04:50,176 - selenium - INFO - Screenshot saved successfully!
2019-10-25 04:04:50,217 - selenium - INFO - Successful positioning of elements.Positioning method and values used：['link text', '修改密码']
2019-10-25 04:04:51,039 - selenium - INFO - Click on the element success,location method and value used：['link text', '修改密码']
2019-10-25 04:04:51,040 - selenium - INFO - Successful execution of test cases:验证是否能够成功访问账号安全页面

2019-10-25 04:04:51,040 - selenium - INFO - Executing test cases：修改登录密码页面，验证旧密码错误的情况下是否能阻止修改密码
2019-10-25 04:04:51,040 - selenium - INFO - input suc:0,old_pwd:123,new_pwd:liwanlei,confirm_pwd:liwanlei,assert_value:原登录密码错误
2019-10-25 04:04:51,067 - selenium - INFO - Successful positioning of elements.Positioning method and values used：['css selector', '.row:nth-child(1) > input']
2019-10-25 04:04:51,259 - selenium - INFO - Input content：123
2019-10-25 04:04:51,296 - selenium - INFO - Successful positioning of elements.Positioning method and values used：['css selector', '.row:nth-child(2) > input']
2019-10-25 04:04:51,523 - selenium - INFO - Input content：liwanlei
2019-10-25 04:04:51,564 - selenium - INFO - Successful positioning of elements.Positioning method and values used：['css selector', '.row:nth-child(3) > input']
2019-10-25 04:04:51,792 - selenium - INFO - Input content：liwanlei
2019-10-25 04:04:51,823 - selenium - INFO - Successful positioning of elements.Positioning method and values used：['css selector', '.submitPay']
2019-10-25 04:04:51,967 - selenium - INFO - Click on the element success,location method and value used：['css selector', '.submitPay']
2019-10-25 04:04:51,987 - selenium - INFO - Successful positioning of elements.Positioning method and values used：['css selector', '.toast']
2019-10-25 04:04:52,025 - selenium - INFO - Obtained text：原登录密码错误
2019-10-25 04:04:52,061 - selenium - INFO - Assert Verify success：expected outcome:{原登录密码错误} == actual results:{原登录密码错误}
2019-10-25 04:04:52,686 - selenium - INFO - Screenshot saved successfully!
2019-10-25 04:04:54,688 - selenium - INFO - Forced wait 2 second
2019-10-25 04:04:54,688 - selenium - INFO - Successful execution of test cases：修改登录密码页面，验证旧密码错误的情况下是否能阻止修改密码

2019-10-25 04:04:54,688 - selenium - INFO - Executing test cases：修改登录密码页面，验证新密码字段长度是否不能小于6位
2019-10-25 04:04:54,688 - selenium - INFO - input suc:0,old_pwd:12345678,new_pwd:123,confirm_pwd:123,assert_value:请输入8-20位新密码
2019-10-25 04:04:54,900 - selenium - INFO - Successful positioning of elements.Positioning method and values used：['css selector', '.row:nth-child(1) > input']
2019-10-25 04:04:55,467 - selenium - INFO - Input content：12345678
2019-10-25 04:04:55,485 - selenium - INFO - Successful positioning of elements.Positioning method and values used：['css selector', '.row:nth-child(2) > input']
2019-10-25 04:04:56,803 - selenium - INFO - Input content：123
2019-10-25 04:04:56,988 - selenium - INFO - Successful positioning of elements.Positioning method and values used：['css selector', '.row:nth-child(3) > input']
2019-10-25 04:04:57,434 - selenium - INFO - Input content：123
2019-10-25 04:04:57,468 - selenium - INFO - Successful positioning of elements.Positioning method and values used：['css selector', '.submitPay']
2019-10-25 04:04:57,885 - selenium - INFO - Click on the element success,location method and value used：['css selector', '.submitPay']
2019-10-25 04:04:57,901 - selenium - INFO - Successful positioning of elements.Positioning method and values used：['css selector', '.toast']
2019-10-25 04:04:57,917 - selenium - INFO - Obtained text：请输入8-20位新密码
2019-10-25 04:04:57,939 - selenium - INFO - Assert Verify success：expected outcome:{请输入8-20位新密码} == actual results:{请输入8-20位新密码}
2019-10-25 04:04:58,632 - selenium - INFO - Screenshot saved successfully!
2019-10-25 04:05:00,635 - selenium - INFO - Forced wait 2 second
2019-10-25 04:05:00,635 - selenium - INFO - Successful execution of test cases：修改登录密码页面，验证新密码字段长度是否不能小于6位

2019-10-25 04:05:00,635 - selenium - INFO - Executing test cases：修改登录密码页面，验证新密码与旧密码一致的情况下是否能到修改密码
2019-10-25 04:05:00,635 - selenium - INFO - input suc:0,old_pwd:12345678,new_pwd:12345678,confirm_pwd:12345678,assert_value:新密码不能与原密码一致
2019-10-25 04:05:00,831 - selenium - INFO - Successful positioning of elements.Positioning method and values used：['css selector', '.row:nth-child(1) > input']
2019-10-25 04:05:02,332 - selenium - INFO - Input content：12345678
2019-10-25 04:05:02,367 - selenium - INFO - Successful positioning of elements.Positioning method and values used：['css selector', '.row:nth-child(2) > input']
2019-10-25 04:05:02,502 - selenium - INFO - Input content：12345678
2019-10-25 04:05:02,527 - selenium - INFO - Successful positioning of elements.Positioning method and values used：['css selector', '.row:nth-child(3) > input']
2019-10-25 04:05:03,459 - selenium - INFO - Input content：12345678
2019-10-25 04:05:03,478 - selenium - INFO - Successful positioning of elements.Positioning method and values used：['css selector', '.submitPay']
2019-10-25 04:05:03,759 - selenium - INFO - Click on the element success,location method and value used：['css selector', '.submitPay']
2019-10-25 04:05:03,784 - selenium - INFO - Successful positioning of elements.Positioning method and values used：['css selector', '.toast']
2019-10-25 04:05:03,804 - selenium - INFO - Obtained text：新密码不能与原密码一致
2019-10-25 04:05:03,820 - selenium - INFO - Assert Verify success：expected outcome:{新密码不能与原密码一致} == actual results:{新密码不能与原密码一致}
2019-10-25 04:05:04,464 - selenium - INFO - Screenshot saved successfully!
2019-10-25 04:05:06,465 - selenium - INFO - Forced wait 2 second
2019-10-25 04:05:06,465 - selenium - INFO - Successful execution of test cases：修改登录密码页面，验证新密码与旧密码一致的情况下是否能到修改密码

2019-10-25 04:05:06,466 - selenium - INFO - Executing test cases：修改登录密码页面，验证新密码与确认密码不一致是否能阻止修改密码
2019-10-25 04:05:06,466 - selenium - INFO - input suc:0,old_pwd:12345678,new_pwd:12345678,confirm_pwd:87654321,assert_value:两次输入的新密码不一致
2019-10-25 04:05:06,604 - selenium - INFO - Successful positioning of elements.Positioning method and values used：['css selector', '.row:nth-child(1) > input']
2019-10-25 04:05:06,779 - selenium - INFO - Input content：12345678
2019-10-25 04:05:06,798 - selenium - INFO - Successful positioning of elements.Positioning method and values used：['css selector', '.row:nth-child(2) > input']
2019-10-25 04:05:07,642 - selenium - INFO - Input content：12345678
2019-10-25 04:05:07,669 - selenium - INFO - Successful positioning of elements.Positioning method and values used：['css selector', '.row:nth-child(3) > input']
2019-10-25 04:05:07,796 - selenium - INFO - Input content：87654321
2019-10-25 04:05:08,007 - selenium - INFO - Successful positioning of elements.Positioning method and values used：['css selector', '.submitPay']
2019-10-25 04:05:08,454 - selenium - INFO - Click on the element success,location method and value used：['css selector', '.submitPay']
2019-10-25 04:05:08,481 - selenium - INFO - Successful positioning of elements.Positioning method and values used：['css selector', '.toast']
2019-10-25 04:05:08,582 - selenium - INFO - Obtained text：两次输入的新密码不一致
2019-10-25 04:05:08,755 - selenium - INFO - Assert Verify success：expected outcome:{两次输入的新密码不一致} == actual results:{两次输入的新密码不一致}
2019-10-25 04:05:09,618 - selenium - INFO - Screenshot saved successfully!
2019-10-25 04:05:11,619 - selenium - INFO - Forced wait 2 second
2019-10-25 04:05:11,619 - selenium - INFO - Successful execution of test cases：修改登录密码页面，验证新密码与确认密码不一致是否能阻止修改密码

2019-10-25 04:05:11,620 - selenium - INFO - Executing test cases：修改登录密码页面，验证新密码与确认密码不一致是否能阻止修改密码(字母大小写)
2019-10-25 04:05:11,620 - selenium - INFO - input suc:0,old_pwd:12345678,new_pwd:1234567a,confirm_pwd:12345678A,assert_value:两次输入的新密码不一致
2019-10-25 04:05:11,819 - selenium - INFO - Successful positioning of elements.Positioning method and values used：['css selector', '.row:nth-child(1) > input']
2019-10-25 04:05:12,026 - selenium - INFO - Input content：12345678
2019-10-25 04:05:12,058 - selenium - INFO - Successful positioning of elements.Positioning method and values used：['css selector', '.row:nth-child(2) > input']
2019-10-25 04:05:12,662 - selenium - INFO - Input content：1234567a
2019-10-25 04:05:12,685 - selenium - INFO - Successful positioning of elements.Positioning method and values used：['css selector', '.row:nth-child(3) > input']
2019-10-25 04:05:13,049 - selenium - INFO - Input content：12345678A
2019-10-25 04:05:13,070 - selenium - INFO - Successful positioning of elements.Positioning method and values used：['css selector', '.submitPay']
2019-10-25 04:05:13,370 - selenium - INFO - Click on the element success,location method and value used：['css selector', '.submitPay']
2019-10-25 04:05:13,619 - selenium - INFO - Successful positioning of elements.Positioning method and values used：['css selector', '.toast']
2019-10-25 04:05:13,821 - selenium - INFO - Obtained text：两次输入的新密码不一致
2019-10-25 04:05:13,864 - selenium - INFO - Assert Verify success：expected outcome:{两次输入的新密码不一致} == actual results:{两次输入的新密码不一致}
2019-10-25 04:05:14,572 - selenium - INFO - Screenshot saved successfully!
2019-10-25 04:05:16,575 - selenium - INFO - Forced wait 2 second
2019-10-25 04:05:16,576 - selenium - INFO - Successful execution of test cases：修改登录密码页面，验证新密码与确认密码不一致是否能阻止修改密码(字母大小写)

2019-10-25 04:05:16,576 - selenium - INFO - Executing test cases：修改登录密码页面，验证新密码不符合规则的情况下是否能阻止修改密码(包含空格)
2019-10-25 04:05:16,576 - selenium - INFO - input suc:0,old_pwd:12345678,new_pwd:1234 567,confirm_pwd:1234 567,assert_value:密码 必须全部由字母和数字构成
2019-10-25 04:05:16,775 - selenium - INFO - Successful positioning of elements.Positioning method and values used：['css selector', '.row:nth-child(1) > input']
2019-10-25 04:05:17,143 - selenium - INFO - Input content：12345678
2019-10-25 04:05:17,181 - selenium - INFO - Successful positioning of elements.Positioning method and values used：['css selector', '.row:nth-child(2) > input']
2019-10-25 04:05:19,126 - selenium - INFO - Input content：1234 567
2019-10-25 04:05:19,511 - selenium - INFO - Successful positioning of elements.Positioning method and values used：['css selector', '.row:nth-child(3) > input']
2019-10-25 04:05:19,952 - selenium - INFO - Input content：1234 567
2019-10-25 04:05:20,006 - selenium - INFO - Successful positioning of elements.Positioning method and values used：['css selector', '.submitPay']
2019-10-25 04:05:20,115 - selenium - INFO - Click on the element success,location method and value used：['css selector', '.submitPay']
2019-10-25 04:05:20,534 - selenium - INFO - Successful positioning of elements.Positioning method and values used：['css selector', '.toast']
2019-10-25 04:05:20,766 - selenium - INFO - Obtained text：密码 必须全部由字母和数字构成
确认
2019-10-25 04:05:20,955 - selenium - INFO - Assert Verify success：expected outcome:{密码必须全部由字母和数字构成} == actual results:{密码必须全部由字母和数字构成}
2019-10-25 04:05:21,889 - selenium - INFO - Screenshot saved successfully!
2019-10-25 04:05:23,891 - selenium - INFO - Forced wait 2 second
2019-10-25 04:05:23,891 - selenium - INFO - Successful execution of test cases：修改登录密码页面，验证新密码不符合规则的情况下是否能阻止修改密码(包含空格)

2019-10-25 04:05:23,892 - selenium - INFO - Executing test cases：修改登录密码页面，验证新密码不符合规则的情况下是否能阻止修改密码(包含特殊字符)
2019-10-25 04:05:23,892 - selenium - INFO - input suc:0,old_pwd:12345678,new_pwd:12!@#67a,confirm_pwd:12!@#67a,assert_value:密码 必须全部由字母和数字构成
2019-10-25 04:05:24,069 - selenium - INFO - Successful positioning of elements.Positioning method and values used：['css selector', '.row:nth-child(1) > input']
2019-10-25 04:05:24,509 - selenium - INFO - Input content：12345678
2019-10-25 04:05:24,538 - selenium - INFO - Successful positioning of elements.Positioning method and values used：['css selector', '.row:nth-child(2) > input']
2019-10-25 04:05:24,899 - selenium - INFO - Input content：12!@#67a
2019-10-25 04:05:24,916 - selenium - INFO - Successful positioning of elements.Positioning method and values used：['css selector', '.row:nth-child(3) > input']
2019-10-25 04:05:26,336 - selenium - INFO - Input content：12!@#67a
2019-10-25 04:05:26,531 - selenium - INFO - Successful positioning of elements.Positioning method and values used：['css selector', '.submitPay']
2019-10-25 04:05:27,048 - selenium - INFO - Click on the element success,location method and value used：['css selector', '.submitPay']
2019-10-25 04:05:27,131 - selenium - INFO - Successful positioning of elements.Positioning method and values used：['css selector', '.toast']
2019-10-25 04:05:27,228 - selenium - INFO - Obtained text：密码 必须全部由字母和数字构成
确认
2019-10-25 04:05:27,416 - selenium - INFO - Assert Verify success：expected outcome:{密码必须全部由字母和数字构成} == actual results:{密码必须全部由字母和数字构成}
2019-10-25 04:05:28,420 - selenium - INFO - Screenshot saved successfully!
2019-10-25 04:05:30,422 - selenium - INFO - Forced wait 2 second
2019-10-25 04:05:30,422 - selenium - INFO - Successful execution of test cases：修改登录密码页面，验证新密码不符合规则的情况下是否能阻止修改密码(包含特殊字符)

2019-10-25 04:05:30,422 - selenium - INFO - Executing test cases：修改登录密码页面，验证是否能够成功修改密码
2019-10-25 04:05:30,422 - selenium - INFO - input suc:0,old_pwd:12345678,new_pwd:1234567a,confirm_pwd:1234567a,assert_value:修改成功
2019-10-25 04:05:30,441 - selenium - INFO - Successful positioning of elements.Positioning method and values used：['css selector', '.row:nth-child(1) > input']
2019-10-25 04:05:30,680 - selenium - INFO - Input content：12345678
2019-10-25 04:05:30,719 - selenium - INFO - Successful positioning of elements.Positioning method and values used：['css selector', '.row:nth-child(2) > input']
2019-10-25 04:05:32,033 - selenium - INFO - Input content：1234567a
2019-10-25 04:05:32,058 - selenium - INFO - Successful positioning of elements.Positioning method and values used：['css selector', '.row:nth-child(3) > input']
2019-10-25 04:05:32,954 - selenium - INFO - Input content：1234567a
2019-10-25 04:05:33,156 - selenium - INFO - Successful positioning of elements.Positioning method and values used：['css selector', '.submitPay']
2019-10-25 04:05:33,314 - selenium - INFO - Click on the element success,location method and value used：['css selector', '.submitPay']
2019-10-25 04:05:33,673 - selenium - INFO - Successful positioning of elements.Positioning method and values used：['css selector', '.toast']
2019-10-25 04:05:33,843 - selenium - INFO - Obtained text：修改成功
确认
2019-10-25 04:05:33,867 - selenium - INFO - Assert Verify success：expected outcome:{修改成功} == actual results:{修改成功}
2019-10-25 04:05:34,531 - selenium - INFO - Screenshot saved successfully!
2019-10-25 04:05:36,532 - selenium - INFO - Forced wait 2 second
2019-10-25 04:05:36,533 - selenium - INFO - Successful execution of test cases：修改登录密码页面，验证是否能够成功修改密码

2019-10-25 04:05:36,533 - selenium - INFO - Executing test cases：修改登录密码页面，验证是否能够成功修改密码（再次使用修改之前的密码）
2019-10-25 04:05:36,533 - selenium - INFO - input suc:0,old_pwd:12345678,new_pwd:1234567a,confirm_pwd:1234567a,assert_value:原密码错误
2019-10-25 04:05:36,718 - selenium - INFO - Successful positioning of elements.Positioning method and values used：['css selector', '.row:nth-child(1) > input']
2019-10-25 04:05:37,275 - selenium - INFO - Input content：12345678
2019-10-25 04:05:37,343 - selenium - INFO - Successful positioning of elements.Positioning method and values used：['css selector', '.row:nth-child(2) > input']
2019-10-25 04:05:37,499 - selenium - INFO - Input content：1234567a
2019-10-25 04:05:37,519 - selenium - INFO - Successful positioning of elements.Positioning method and values used：['css selector', '.row:nth-child(3) > input']
2019-10-25 04:05:38,744 - selenium - INFO - Input content：1234567a
2019-10-25 04:05:38,931 - selenium - INFO - Successful positioning of elements.Positioning method and values used：['css selector', '.submitPay']
2019-10-25 04:05:39,015 - selenium - INFO - Click on the element success,location method and value used：['css selector', '.submitPay']
2019-10-25 04:05:39,312 - selenium - INFO - Successful positioning of elements.Positioning method and values used：['css selector', '.toast']
2019-10-25 04:05:39,350 - selenium - INFO - Obtained text：:原密码错误.
确认
2019-10-25 04:05:39,376 - selenium - INFO - Assert Verify success：expected outcome:{原密码错误} == actual results:{:原密码错误.}
2019-10-25 04:05:40,068 - selenium - INFO - Screenshot saved successfully!
2019-10-25 04:05:42,069 - selenium - INFO - Forced wait 2 second
2019-10-25 04:05:42,069 - selenium - INFO - Successful execution of test cases：修改登录密码页面，验证是否能够成功修改密码（再次使用修改之前的密码）

2019-10-25 04:05:42,069 - selenium - INFO - Executing test cases：修改登录密码页面，验证是否能够成功修改密码（使用修改之后的密码）
2019-10-25 04:05:42,069 - selenium - INFO - input suc:0,old_pwd:1234567a,new_pwd:12345678,confirm_pwd:12345678,assert_value:修改成功
2019-10-25 04:05:42,268 - selenium - INFO - Successful positioning of elements.Positioning method and values used：['css selector', '.row:nth-child(1) > input']
2019-10-25 04:05:43,423 - selenium - INFO - Input content：1234567a
2019-10-25 04:05:43,633 - selenium - INFO - Successful positioning of elements.Positioning method and values used：['css selector', '.row:nth-child(2) > input']
2019-10-25 04:05:44,051 - selenium - INFO - Input content：12345678
2019-10-25 04:05:44,072 - selenium - INFO - Successful positioning of elements.Positioning method and values used：['css selector', '.row:nth-child(3) > input']
2019-10-25 04:05:45,267 - selenium - INFO - Input content：12345678
2019-10-25 04:05:45,486 - selenium - INFO - Successful positioning of elements.Positioning method and values used：['css selector', '.submitPay']
2019-10-25 04:05:46,169 - selenium - INFO - Click on the element success,location method and value used：['css selector', '.submitPay']
2019-10-25 04:05:46,547 - selenium - INFO - Successful positioning of elements.Positioning method and values used：['css selector', '.toast']
2019-10-25 04:05:46,782 - selenium - INFO - Obtained text：修改成功
确认
2019-10-25 04:05:47,029 - selenium - INFO - Assert Verify success：expected outcome:{修改成功} == actual results:{修改成功}
2019-10-25 04:05:47,807 - selenium - INFO - Screenshot saved successfully!
2019-10-25 04:05:49,808 - selenium - INFO - Forced wait 2 second
2019-10-25 04:05:49,809 - selenium - INFO - Successful execution of test cases：修改登录密码页面，验证是否能够成功修改密码（使用修改之后的密码）

2019-10-25 04:05:49,809 - selenium - INFO - Executing test cases：修改资金密码页面，验证密保答案字段的规则(密保答案是否不能为空)
2019-10-25 04:05:49,809 - selenium - INFO - input suc:0,old_pwd:123456,new_pwd:654321,confirm_pwd:654321,security:,assert_value:请输入密保答案
2019-10-25 04:05:50,000 - selenium - INFO - Successful positioning of elements.Positioning method and values used：['css selector', '.aisle:nth-child(3) > span']
2019-10-25 04:05:50,749 - selenium - INFO - Click on the element success,location method and value used：['css selector', '.aisle:nth-child(3) > span']
2019-10-25 04:05:50,930 - selenium - INFO - Successful positioning of elements.Positioning method and values used：['css selector', '.row:nth-child(1) > input']
2019-10-25 04:05:51,414 - selenium - INFO - Input content：123456
2019-10-25 04:05:51,434 - selenium - INFO - Successful positioning of elements.Positioning method and values used：['css selector', '.row:nth-child(2) > input']
2019-10-25 04:05:51,807 - selenium - INFO - Input content：654321
2019-10-25 04:05:52,003 - selenium - INFO - Successful positioning of elements.Positioning method and values used：['css selector', '.row:nth-child(3) > input']
2019-10-25 04:05:52,152 - selenium - INFO - Input content：654321
2019-10-25 04:05:52,251 - selenium - INFO - Successful positioning of elements.Positioning method and values used：['css selector', '.row:nth-child(5) > input']
2019-10-25 04:05:53,261 - selenium - INFO - Input content：
2019-10-25 04:05:53,456 - selenium - INFO - Successful positioning of elements.Positioning method and values used：['css selector', '.submitPay']
2019-10-25 04:05:54,086 - selenium - INFO - Click on the element success,location method and value used：['css selector', '.submitPay']
2019-10-25 04:05:54,265 - selenium - INFO - Successful positioning of elements.Positioning method and values used：['css selector', '.toast']
2019-10-25 04:05:54,455 - selenium - INFO - Obtained text：请输入密保答案
2019-10-25 04:05:54,636 - selenium - INFO - Assert Verify success：expected outcome:{请输入密保答案} == actual results:{请输入密保答案}
2019-10-25 04:05:55,454 - selenium - INFO - Screenshot saved successfully!
2019-10-25 04:05:57,456 - selenium - INFO - Forced wait 2 second
2019-10-25 04:05:57,456 - selenium - INFO - Successful execution of test cases：修改资金密码页面，验证密保答案字段的规则(密保答案是否不能为空)

2019-10-25 04:05:57,456 - selenium - INFO - Executing test cases：修改资金密码页面，验证资金密码字段的规则(旧密码长度小于6)
2019-10-25 04:05:57,456 - selenium - INFO - input suc:0,old_pwd:123,new_pwd:123456,confirm_pwd:123456,security:123,assert_value:请输入6位数字原资金密码
2019-10-25 04:05:57,481 - selenium - INFO - Successful positioning of elements.Positioning method and values used：['css selector', '.aisle:nth-child(3) > span']
2019-10-25 04:05:57,617 - selenium - INFO - Click on the element success,location method and value used：['css selector', '.aisle:nth-child(3) > span']
2019-10-25 04:05:57,642 - selenium - INFO - Successful positioning of elements.Positioning method and values used：['css selector', '.row:nth-child(1) > input']
2019-10-25 04:05:57,819 - selenium - INFO - Input content：123
2019-10-25 04:05:57,906 - selenium - INFO - Successful positioning of elements.Positioning method and values used：['css selector', '.row:nth-child(2) > input']
2019-10-25 04:05:59,244 - selenium - INFO - Input content：123456
2019-10-25 04:05:59,431 - selenium - INFO - Successful positioning of elements.Positioning method and values used：['css selector', '.row:nth-child(3) > input']
2019-10-25 04:05:59,791 - selenium - INFO - Input content：123456
2019-10-25 04:05:59,977 - selenium - INFO - Successful positioning of elements.Positioning method and values used：['css selector', '.row:nth-child(5) > input']
2019-10-25 04:06:01,250 - selenium - INFO - Input content：123
2019-10-25 04:06:01,436 - selenium - INFO - Successful positioning of elements.Positioning method and values used：['css selector', '.submitPay']
2019-10-25 04:06:01,662 - selenium - INFO - Click on the element success,location method and value used：['css selector', '.submitPay']
2019-10-25 04:06:01,676 - selenium - INFO - Successful positioning of elements.Positioning method and values used：['css selector', '.toast']
2019-10-25 04:06:01,698 - selenium - INFO - Obtained text：请输入6位数字原资金密码
2019-10-25 04:06:01,714 - selenium - INFO - Assert Verify success：expected outcome:{请输入6位数字原资金密码} == actual results:{请输入6位数字原资金密码}
2019-10-25 04:06:02,424 - selenium - INFO - Screenshot saved successfully!
2019-10-25 04:06:04,426 - selenium - INFO - Forced wait 2 second
2019-10-25 04:06:04,426 - selenium - INFO - Successful execution of test cases：修改资金密码页面，验证资金密码字段的规则(旧密码长度小于6)

2019-10-25 04:06:04,426 - selenium - INFO - Executing test cases：修改资金密码页面，验证资金密码字段的规则(新密码长度小于6)
2019-10-25 04:06:04,426 - selenium - INFO - input suc:0,old_pwd:123456,new_pwd:123,confirm_pwd:12345,security:123,assert_value:请输入6位数字资金密码
2019-10-25 04:06:04,585 - selenium - INFO - Successful positioning of elements.Positioning method and values used：['css selector', '.aisle:nth-child(3) > span']
2019-10-25 04:06:05,239 - selenium - INFO - Click on the element success,location method and value used：['css selector', '.aisle:nth-child(3) > span']
2019-10-25 04:06:05,331 - selenium - INFO - Successful positioning of elements.Positioning method and values used：['css selector', '.row:nth-child(1) > input']
2019-10-25 04:06:05,458 - selenium - INFO - Input content：123456
2019-10-25 04:06:05,495 - selenium - INFO - Successful positioning of elements.Positioning method and values used：['css selector', '.row:nth-child(2) > input']
2019-10-25 04:06:06,298 - selenium - INFO - Input content：123
2019-10-25 04:06:06,553 - selenium - INFO - Successful positioning of elements.Positioning method and values used：['css selector', '.row:nth-child(3) > input']
2019-10-25 04:06:06,680 - selenium - INFO - Input content：12345
2019-10-25 04:06:06,696 - selenium - INFO - Successful positioning of elements.Positioning method and values used：['css selector', '.row:nth-child(5) > input']
2019-10-25 04:06:07,000 - selenium - INFO - Input content：123
2019-10-25 04:06:07,197 - selenium - INFO - Successful positioning of elements.Positioning method and values used：['css selector', '.submitPay']
2019-10-25 04:06:07,293 - selenium - INFO - Click on the element success,location method and value used：['css selector', '.submitPay']
2019-10-25 04:06:07,324 - selenium - INFO - Successful positioning of elements.Positioning method and values used：['css selector', '.toast']
2019-10-25 04:06:07,532 - selenium - INFO - Obtained text：请输入6位数字资金密码
2019-10-25 04:06:07,705 - selenium - INFO - Assert Verify success：expected outcome:{请输入6位数字资金密码} == actual results:{请输入6位数字资金密码}
2019-10-25 04:06:08,483 - selenium - INFO - Screenshot saved successfully!
2019-10-25 04:06:10,485 - selenium - INFO - Forced wait 2 second
2019-10-25 04:06:10,485 - selenium - INFO - Successful execution of test cases：修改资金密码页面，验证资金密码字段的规则(新密码长度小于6)

2019-10-25 04:06:10,486 - selenium - INFO - Executing test cases：修改资金密码页面，验证资金密码字段的规则(密码包含字母)
2019-10-25 04:06:10,486 - selenium - INFO - input suc:0,old_pwd:123456,new_pwd:aaaaaa,confirm_pwd:aaaaaa,security:123,assert_value:请输入6位数字资金密码
2019-10-25 04:06:10,654 - selenium - INFO - Successful positioning of elements.Positioning method and values used：['css selector', '.aisle:nth-child(3) > span']
2019-10-25 04:06:11,290 - selenium - INFO - Click on the element success,location method and value used：['css selector', '.aisle:nth-child(3) > span']
2019-10-25 04:06:11,543 - selenium - INFO - Successful positioning of elements.Positioning method and values used：['css selector', '.row:nth-child(1) > input']
2019-10-25 04:06:11,976 - selenium - INFO - Input content：123456
2019-10-25 04:06:12,175 - selenium - INFO - Successful positioning of elements.Positioning method and values used：['css selector', '.row:nth-child(2) > input']
2019-10-25 04:06:13,354 - selenium - INFO - Input content：aaaaaa
2019-10-25 04:06:13,616 - selenium - INFO - Successful positioning of elements.Positioning method and values used：['css selector', '.row:nth-child(3) > input']
2019-10-25 04:06:14,190 - selenium - INFO - Input content：aaaaaa
2019-10-25 04:06:14,422 - selenium - INFO - Successful positioning of elements.Positioning method and values used：['css selector', '.row:nth-child(5) > input']
2019-10-25 04:06:15,818 - selenium - INFO - Input content：123
2019-10-25 04:06:15,946 - selenium - INFO - Successful positioning of elements.Positioning method and values used：['css selector', '.submitPay']
2019-10-25 04:06:16,049 - selenium - INFO - Click on the element success,location method and value used：['css selector', '.submitPay']
2019-10-25 04:06:16,067 - selenium - INFO - Successful positioning of elements.Positioning method and values used：['css selector', '.toast']
2019-10-25 04:06:16,108 - selenium - INFO - Obtained text：请输入6位数字资金密码
2019-10-25 04:06:16,134 - selenium - INFO - Assert Verify success：expected outcome:{请输入6位数字资金密码} == actual results:{请输入6位数字资金密码}
2019-10-25 04:06:16,954 - selenium - INFO - Screenshot saved successfully!
2019-10-25 04:06:18,956 - selenium - INFO - Forced wait 2 second
2019-10-25 04:06:18,956 - selenium - INFO - Successful execution of test cases：修改资金密码页面，验证资金密码字段的规则(密码包含字母)

2019-10-25 04:06:18,957 - selenium - INFO - Executing test cases：修改资金密码页面，验证资金密码字段的规则(密码包含特殊字符)
2019-10-25 04:06:18,957 - selenium - INFO - input suc:0,old_pwd:123456,new_pwd:!23a-@,confirm_pwd:!23a-@,security:123,assert_value:请输入6位数字资金密码
2019-10-25 04:06:19,118 - selenium - INFO - Successful positioning of elements.Positioning method and values used：['css selector', '.aisle:nth-child(3) > span']
2019-10-25 04:06:19,833 - selenium - INFO - Click on the element success,location method and value used：['css selector', '.aisle:nth-child(3) > span']
2019-10-25 04:06:19,944 - selenium - INFO - Successful positioning of elements.Positioning method and values used：['css selector', '.row:nth-child(1) > input']
2019-10-25 04:06:20,849 - selenium - INFO - Input content：123456
2019-10-25 04:06:20,865 - selenium - INFO - Successful positioning of elements.Positioning method and values used：['css selector', '.row:nth-child(2) > input']
2019-10-25 04:06:21,059 - selenium - INFO - Input content：!23a-@
2019-10-25 04:06:21,088 - selenium - INFO - Successful positioning of elements.Positioning method and values used：['css selector', '.row:nth-child(3) > input']
2019-10-25 04:06:22,499 - selenium - INFO - Input content：!23a-@
2019-10-25 04:06:22,696 - selenium - INFO - Successful positioning of elements.Positioning method and values used：['css selector', '.row:nth-child(5) > input']
2019-10-25 04:06:23,426 - selenium - INFO - Input content：123
2019-10-25 04:06:23,661 - selenium - INFO - Successful positioning of elements.Positioning method and values used：['css selector', '.submitPay']
2019-10-25 04:06:24,263 - selenium - INFO - Click on the element success,location method and value used：['css selector', '.submitPay']
2019-10-25 04:06:24,445 - selenium - INFO - Successful positioning of elements.Positioning method and values used：['css selector', '.toast']
2019-10-25 04:06:24,628 - selenium - INFO - Obtained text：请输入6位数字资金密码
2019-10-25 04:06:24,820 - selenium - INFO - Assert Verify success：expected outcome:{请输入6位数字资金密码} == actual results:{请输入6位数字资金密码}
2019-10-25 04:06:25,563 - selenium - INFO - Screenshot saved successfully!
2019-10-25 04:06:27,564 - selenium - INFO - Forced wait 2 second
2019-10-25 04:06:27,565 - selenium - INFO - Successful execution of test cases：修改资金密码页面，验证资金密码字段的规则(密码包含特殊字符)

2019-10-25 04:06:27,565 - selenium - INFO - Executing test cases：修改资金密码页面，验证资金密码字段的规则(密码包含空格)
2019-10-25 04:06:27,565 - selenium - INFO - input suc:0,old_pwd:123456,new_pwd:123 45,confirm_pwd:123 45,security:123,assert_value:请输入6位数字资金密码
2019-10-25 04:06:27,779 - selenium - INFO - Successful positioning of elements.Positioning method and values used：['css selector', '.aisle:nth-child(3) > span']
2019-10-25 04:06:28,464 - selenium - INFO - Click on the element success,location method and value used：['css selector', '.aisle:nth-child(3) > span']
2019-10-25 04:06:28,528 - selenium - INFO - Successful positioning of elements.Positioning method and values used：['css selector', '.row:nth-child(1) > input']
2019-10-25 04:06:28,649 - selenium - INFO - Input content：123456
2019-10-25 04:06:28,683 - selenium - INFO - Successful positioning of elements.Positioning method and values used：['css selector', '.row:nth-child(2) > input']
2019-10-25 04:06:28,798 - selenium - INFO - Input content：123 45
2019-10-25 04:06:28,814 - selenium - INFO - Successful positioning of elements.Positioning method and values used：['css selector', '.row:nth-child(3) > input']
2019-10-25 04:06:28,971 - selenium - INFO - Input content：123 45
2019-10-25 04:06:28,986 - selenium - INFO - Successful positioning of elements.Positioning method and values used：['css selector', '.row:nth-child(5) > input']
2019-10-25 04:06:29,066 - selenium - INFO - Input content：123
2019-10-25 04:06:29,086 - selenium - INFO - Successful positioning of elements.Positioning method and values used：['css selector', '.submitPay']
2019-10-25 04:06:29,212 - selenium - INFO - Click on the element success,location method and value used：['css selector', '.submitPay']
2019-10-25 04:06:29,244 - selenium - INFO - Successful positioning of elements.Positioning method and values used：['css selector', '.toast']
2019-10-25 04:06:29,270 - selenium - INFO - Obtained text：请输入6位数字资金密码
2019-10-25 04:06:29,292 - selenium - INFO - Assert Verify success：expected outcome:{请输入6位数字资金密码} == actual results:{请输入6位数字资金密码}
2019-10-25 04:06:29,941 - selenium - INFO - Screenshot saved successfully!
2019-10-25 04:06:31,943 - selenium - INFO - Forced wait 2 second
2019-10-25 04:06:31,944 - selenium - INFO - Successful execution of test cases：修改资金密码页面，验证资金密码字段的规则(密码包含空格)

2019-10-25 04:06:31,944 - selenium - INFO - Executing test cases：修改资金密码页面，验证资金密码字段的规则(旧密码与新密码一致)
2019-10-25 04:06:31,944 - selenium - INFO - input suc:0,old_pwd:123456,new_pwd:123456,confirm_pwd:123456,security:123,assert_value:新密码不能与原密码一致
2019-10-25 04:06:32,085 - selenium - INFO - Successful positioning of elements.Positioning method and values used：['css selector', '.aisle:nth-child(3) > span']
2019-10-25 04:06:32,744 - selenium - INFO - Click on the element success,location method and value used：['css selector', '.aisle:nth-child(3) > span']
2019-10-25 04:06:32,897 - selenium - INFO - Successful positioning of elements.Positioning method and values used：['css selector', '.row:nth-child(1) > input']
2019-10-25 04:06:33,096 - selenium - INFO - Input content：123456
2019-10-25 04:06:33,282 - selenium - INFO - Successful positioning of elements.Positioning method and values used：['css selector', '.row:nth-child(2) > input']
2019-10-25 04:06:34,695 - selenium - INFO - Input content：123456
2019-10-25 04:06:34,890 - selenium - INFO - Successful positioning of elements.Positioning method and values used：['css selector', '.row:nth-child(3) > input']
2019-10-25 04:06:35,081 - selenium - INFO - Input content：123456
2019-10-25 04:06:35,279 - selenium - INFO - Successful positioning of elements.Positioning method and values used：['css selector', '.row:nth-child(5) > input']
2019-10-25 04:06:36,395 - selenium - INFO - Input content：123
2019-10-25 04:06:36,652 - selenium - INFO - Successful positioning of elements.Positioning method and values used：['css selector', '.submitPay']
2019-10-25 04:06:37,028 - selenium - INFO - Click on the element success,location method and value used：['css selector', '.submitPay']
2019-10-25 04:06:37,044 - selenium - INFO - Successful positioning of elements.Positioning method and values used：['css selector', '.toast']
2019-10-25 04:06:37,070 - selenium - INFO - Obtained text：新密码不能与原密码一致
2019-10-25 04:06:37,095 - selenium - INFO - Assert Verify success：expected outcome:{新密码不能与原密码一致} == actual results:{新密码不能与原密码一致}
2019-10-25 04:06:37,833 - selenium - INFO - Screenshot saved successfully!
2019-10-25 04:06:39,835 - selenium - INFO - Forced wait 2 second
2019-10-25 04:06:39,835 - selenium - INFO - Successful execution of test cases：修改资金密码页面，验证资金密码字段的规则(旧密码与新密码一致)

2019-10-25 04:06:39,835 - selenium - INFO - Executing test cases：修改资金密码页面，验证资金密码字段的规则(新密码与旧密码不一致)
2019-10-25 04:06:39,835 - selenium - INFO - input suc:0,old_pwd:123456,new_pwd:123456,confirm_pwd:654321,security:123,assert_value:两次密码不一致
2019-10-25 04:06:39,869 - selenium - INFO - Successful positioning of elements.Positioning method and values used：['css selector', '.aisle:nth-child(3) > span']
2019-10-25 04:06:40,156 - selenium - INFO - Click on the element success,location method and value used：['css selector', '.aisle:nth-child(3) > span']
2019-10-25 04:06:40,374 - selenium - INFO - Successful positioning of elements.Positioning method and values used：['css selector', '.row:nth-child(1) > input']
2019-10-25 04:06:41,257 - selenium - INFO - Input content：123456
2019-10-25 04:06:41,297 - selenium - INFO - Successful positioning of elements.Positioning method and values used：['css selector', '.row:nth-child(2) > input']
2019-10-25 04:06:42,122 - selenium - INFO - Input content：123456
2019-10-25 04:06:42,168 - selenium - INFO - Successful positioning of elements.Positioning method and values used：['css selector', '.row:nth-child(3) > input']
2019-10-25 04:06:42,389 - selenium - INFO - Input content：654321
2019-10-25 04:06:42,630 - selenium - INFO - Successful positioning of elements.Positioning method and values used：['css selector', '.row:nth-child(5) > input']
2019-10-25 04:06:43,652 - selenium - INFO - Input content：123
2019-10-25 04:06:43,689 - selenium - INFO - Successful positioning of elements.Positioning method and values used：['css selector', '.submitPay']
2019-10-25 04:06:43,901 - selenium - INFO - Click on the element success,location method and value used：['css selector', '.submitPay']
2019-10-25 04:06:44,133 - selenium - INFO - Successful positioning of elements.Positioning method and values used：['css selector', '.toast']
2019-10-25 04:06:44,332 - selenium - INFO - Obtained text：两次密码不一致
2019-10-25 04:06:44,516 - selenium - INFO - Assert Verify success：expected outcome:{两次密码不一致} == actual results:{两次密码不一致}
2019-10-25 04:06:45,410 - selenium - INFO - Screenshot saved successfully!
2019-10-25 04:06:47,412 - selenium - INFO - Forced wait 2 second
2019-10-25 04:06:47,412 - selenium - INFO - Successful execution of test cases：修改资金密码页面，验证资金密码字段的规则(新密码与旧密码不一致)

2019-10-25 04:06:47,412 - selenium - INFO - Executing test cases：修改资金密码页面，验证密保答案字段的规则(错误的密保答案)
2019-10-25 04:06:47,412 - selenium - INFO - input suc:0,old_pwd:123456,new_pwd:654321,confirm_pwd:654321,security:123,assert_value:密保答案错误
2019-10-25 04:06:47,599 - selenium - INFO - Successful positioning of elements.Positioning method and values used：['css selector', '.aisle:nth-child(3) > span']
2019-10-25 04:06:48,134 - selenium - INFO - Click on the element success,location method and value used：['css selector', '.aisle:nth-child(3) > span']
2019-10-25 04:06:48,207 - selenium - INFO - Successful positioning of elements.Positioning method and values used：['css selector', '.row:nth-child(1) > input']
2019-10-25 04:06:48,328 - selenium - INFO - Input content：123456
2019-10-25 04:06:48,369 - selenium - INFO - Successful positioning of elements.Positioning method and values used：['css selector', '.row:nth-child(2) > input']
2019-10-25 04:06:48,966 - selenium - INFO - Input content：654321
2019-10-25 04:06:49,151 - selenium - INFO - Successful positioning of elements.Positioning method and values used：['css selector', '.row:nth-child(3) > input']
2019-10-25 04:06:50,578 - selenium - INFO - Input content：654321
2019-10-25 04:06:50,596 - selenium - INFO - Successful positioning of elements.Positioning method and values used：['css selector', '.row:nth-child(5) > input']
2019-10-25 04:06:51,198 - selenium - INFO - Input content：123
2019-10-25 04:06:51,442 - selenium - INFO - Successful positioning of elements.Positioning method and values used：['css selector', '.submitPay']
2019-10-25 04:06:52,016 - selenium - INFO - Click on the element success,location method and value used：['css selector', '.submitPay']
2019-10-25 04:06:52,289 - selenium - INFO - Successful positioning of elements.Positioning method and values used：['css selector', '.toast']
2019-10-25 04:06:52,376 - selenium - INFO - Obtained text：密保答案错误
确认
2019-10-25 04:06:52,397 - selenium - INFO - Assert Verify success：expected outcome:{密保答案错误} == actual results:{密保答案错误}
2019-10-25 04:06:53,122 - selenium - INFO - Screenshot saved successfully!
2019-10-25 04:06:55,124 - selenium - INFO - Forced wait 2 second
2019-10-25 04:06:55,124 - selenium - INFO - Successful execution of test cases：修改资金密码页面，验证密保答案字段的规则(错误的密保答案)

2019-10-25 04:06:55,125 - selenium - INFO - Executing test cases：修改资金密码页面，验证符合规则的字段是否能够成功修改资金密码
2019-10-25 04:06:55,125 - selenium - INFO - input suc:0,old_pwd:123456,new_pwd:654321,confirm_pwd:654321,security:我爱罗,assert_value:修改成功
2019-10-25 04:06:55,200 - selenium - INFO - Successful positioning of elements.Positioning method and values used：['css selector', '.aisle:nth-child(3) > span']
2019-10-25 04:06:55,259 - selenium - INFO - Click on the element success,location method and value used：['css selector', '.aisle:nth-child(3) > span']
2019-10-25 04:06:55,279 - selenium - INFO - Successful positioning of elements.Positioning method and values used：['css selector', '.row:nth-child(1) > input']
2019-10-25 04:06:56,329 - selenium - INFO - Input content：123456
2019-10-25 04:06:56,514 - selenium - INFO - Successful positioning of elements.Positioning method and values used：['css selector', '.row:nth-child(2) > input']
2019-10-25 04:06:57,557 - selenium - INFO - Input content：654321
2019-10-25 04:06:57,576 - selenium - INFO - Successful positioning of elements.Positioning method and values used：['css selector', '.row:nth-child(3) > input']
2019-10-25 04:06:57,721 - selenium - INFO - Input content：654321
2019-10-25 04:06:57,953 - selenium - INFO - Successful positioning of elements.Positioning method and values used：['css selector', '.row:nth-child(5) > input']
2019-10-25 04:06:58,101 - selenium - INFO - Input content：我爱罗
2019-10-25 04:06:58,116 - selenium - INFO - Successful positioning of elements.Positioning method and values used：['css selector', '.submitPay']
2019-10-25 04:06:58,411 - selenium - INFO - Click on the element success,location method and value used：['css selector', '.submitPay']
2019-10-25 04:06:58,675 - selenium - INFO - Successful positioning of elements.Positioning method and values used：['css selector', '.toast']
2019-10-25 04:06:58,936 - selenium - INFO - Obtained text：修改成功
确认
2019-10-25 04:06:58,957 - selenium - INFO - Assert Verify success：expected outcome:{修改成功} == actual results:{修改成功}
2019-10-25 04:06:59,638 - selenium - INFO - Screenshot saved successfully!
2019-10-25 04:07:01,640 - selenium - INFO - Forced wait 2 second
2019-10-25 04:07:01,640 - selenium - INFO - Successful execution of test cases：修改资金密码页面，验证符合规则的字段是否能够成功修改资金密码

2019-10-25 04:07:01,641 - selenium - INFO - Executing test cases：修改资金密码页面，验证符合规则的字段是否能够成功修改资金密码（再次使用同一套数据修改资金密码）
2019-10-25 04:07:01,641 - selenium - INFO - input suc:0,old_pwd:123456,new_pwd:654321,confirm_pwd:654321,security:我爱罗,assert_value:原资金密码错误
2019-10-25 04:07:01,818 - selenium - INFO - Successful positioning of elements.Positioning method and values used：['css selector', '.aisle:nth-child(3) > span']
2019-10-25 04:07:02,089 - selenium - INFO - Click on the element success,location method and value used：['css selector', '.aisle:nth-child(3) > span']
2019-10-25 04:07:02,277 - selenium - INFO - Successful positioning of elements.Positioning method and values used：['css selector', '.row:nth-child(1) > input']
2019-10-25 04:07:03,660 - selenium - INFO - Input content：123456
2019-10-25 04:07:03,854 - selenium - INFO - Successful positioning of elements.Positioning method and values used：['css selector', '.row:nth-child(2) > input']
2019-10-25 04:07:04,379 - selenium - INFO - Input content：654321
2019-10-25 04:07:04,412 - selenium - INFO - Successful positioning of elements.Positioning method and values used：['css selector', '.row:nth-child(3) > input']
2019-10-25 04:07:04,785 - selenium - INFO - Input content：654321
2019-10-25 04:07:04,865 - selenium - INFO - Successful positioning of elements.Positioning method and values used：['css selector', '.row:nth-child(5) > input']
2019-10-25 04:07:06,141 - selenium - INFO - Input content：我爱罗
2019-10-25 04:07:06,395 - selenium - INFO - Successful positioning of elements.Positioning method and values used：['css selector', '.submitPay']
2019-10-25 04:07:06,917 - selenium - INFO - Click on the element success,location method and value used：['css selector', '.submitPay']
2019-10-25 04:07:07,116 - selenium - INFO - Successful positioning of elements.Positioning method and values used：['css selector', '.toast']
2019-10-25 04:07:07,160 - selenium - INFO - Obtained text：原资金密码错误
确认
2019-10-25 04:07:07,180 - selenium - INFO - Assert Verify success：expected outcome:{原资金密码错误} == actual results:{原资金密码错误}
2019-10-25 04:07:08,003 - selenium - INFO - Screenshot saved successfully!
2019-10-25 04:07:10,004 - selenium - INFO - Forced wait 2 second
2019-10-25 04:07:10,004 - selenium - INFO - Successful execution of test cases：修改资金密码页面，验证符合规则的字段是否能够成功修改资金密码（再次使用同一套数据修改资金密码）

2019-10-25 04:07:10,004 - selenium - INFO - Executing test cases：修改资金密码页面，验证符合规则的字段是否能够成功修改资金密码（使用最新数据修改资金密码）
2019-10-25 04:07:10,004 - selenium - INFO - input suc:0,old_pwd:654321,new_pwd:123456,confirm_pwd:123456,security:我爱罗,assert_value:修改成功
2019-10-25 04:07:10,023 - selenium - INFO - Successful positioning of elements.Positioning method and values used：['css selector', '.aisle:nth-child(3) > span']
2019-10-25 04:07:10,097 - selenium - INFO - Click on the element success,location method and value used：['css selector', '.aisle:nth-child(3) > span']
2019-10-25 04:07:10,121 - selenium - INFO - Successful positioning of elements.Positioning method and values used：['css selector', '.row:nth-child(1) > input']
2019-10-25 04:07:11,266 - selenium - INFO - Input content：654321
2019-10-25 04:07:11,454 - selenium - INFO - Successful positioning of elements.Positioning method and values used：['css selector', '.row:nth-child(2) > input']
2019-10-25 04:07:11,663 - selenium - INFO - Input content：123456
2019-10-25 04:07:11,681 - selenium - INFO - Successful positioning of elements.Positioning method and values used：['css selector', '.row:nth-child(3) > input']
2019-10-25 04:07:12,493 - selenium - INFO - Input content：123456
2019-10-25 04:07:12,508 - selenium - INFO - Successful positioning of elements.Positioning method and values used：['css selector', '.row:nth-child(5) > input']
2019-10-25 04:07:13,626 - selenium - INFO - Input content：我爱罗
2019-10-25 04:07:13,811 - selenium - INFO - Successful positioning of elements.Positioning method and values used：['css selector', '.submitPay']
2019-10-25 04:07:14,513 - selenium - INFO - Click on the element success,location method and value used：['css selector', '.submitPay']
2019-10-25 04:07:14,815 - selenium - INFO - Successful positioning of elements.Positioning method and values used：['css selector', '.toast']
2019-10-25 04:07:15,001 - selenium - INFO - Obtained text：修改成功
确认
2019-10-25 04:07:15,214 - selenium - INFO - Assert Verify success：expected outcome:{修改成功} == actual results:{修改成功}
2019-10-25 04:07:15,955 - selenium - INFO - Screenshot saved successfully!
2019-10-25 04:07:17,957 - selenium - INFO - Forced wait 2 second
2019-10-25 04:07:17,957 - selenium - INFO - Successful execution of test cases：修改资金密码页面，验证符合规则的字段是否能够成功修改资金密码（使用最新数据修改资金密码）

2019-10-25 04:07:17,957 - selenium - INFO - Executing test case: 修改密保页面，验证密保答案是否不能为空
2019-10-25 04:07:18,099 - selenium - INFO - Successful positioning of elements.Positioning method and values used：['css selector', '.aisle:nth-child(4) > span']
2019-10-25 04:07:18,761 - selenium - INFO - Click on the element success,location method and value used：['css selector', '.aisle:nth-child(4) > span']
2019-10-25 04:07:18,943 - selenium - INFO - Successful positioning of elements.Positioning method and values used：['css selector', '.submitPay']
2019-10-25 04:07:19,524 - selenium - INFO - Click on the element success,location method and value used：['css selector', '.submitPay']
2019-10-25 04:07:19,697 - selenium - INFO - Successful positioning of elements.Positioning method and values used：['css selector', '.toast']
2019-10-25 04:07:19,872 - selenium - INFO - Obtained text：请输入密保答案
2019-10-25 04:07:19,949 - selenium - INFO - Assert Verify success：expected outcome:{请输入密保答案} == actual results:{请输入密保答案}
2019-10-25 04:07:20,581 - selenium - INFO - Screenshot saved successfully!
2019-10-25 04:07:22,583 - selenium - INFO - Forced wait 2 second
2019-10-25 04:07:22,583 - selenium - INFO - Successful execution of test cases：修改密保页面，验证密保答案是否不能为空

2019-10-25 04:07:22,583 - selenium - INFO - Executing test case: 修改密保页面，验证新密保问题是否不能为空
2019-10-25 04:07:22,712 - selenium - INFO - Successful positioning of elements.Positioning method and values used：['css selector', '.row:nth-child(2) > input']
2019-10-25 04:07:22,841 - selenium - INFO - Input content：我爱罗
2019-10-25 04:07:22,858 - selenium - INFO - Successful positioning of elements.Positioning method and values used：['css selector', '.submitPay']
2019-10-25 04:07:23,294 - selenium - INFO - Click on the element success,location method and value used：['css selector', '.submitPay']
2019-10-25 04:07:23,461 - selenium - INFO - Successful positioning of elements.Positioning method and values used：['css selector', '.toast']
2019-10-25 04:07:23,638 - selenium - INFO - Obtained text：请输入新密保答案
2019-10-25 04:07:23,810 - selenium - ERROR - Failure of test cases execution：'请选择密保问题' not found in '请输入新密保答案' : Assert Verification fail：expected outcome{请选择密保问题} != actual results{请输入新密保答案}

2019-10-25 04:07:24,598 - selenium - INFO - Executing test case: 修改密保页面，验证新密保答案是否不能为空
2019-10-25 04:07:24,801 - selenium - INFO - Successful positioning of elements.Positioning method and values used：['css selector', '.ivu-select-placeholder']
2019-10-25 04:07:25,526 - selenium - INFO - Click on the element success,location method and value used：['css selector', '.ivu-select-placeholder']
2019-10-25 04:07:28,530 - selenium - INFO - Forced wait 3 second
2019-10-25 04:07:28,730 - selenium - INFO - Successful positioning of elements.Positioning method and values used：['css selector', '.ivu-select-item:nth-child(1)']
2019-10-25 04:07:29,470 - selenium - INFO - Successful positioning of elements.Positioning method and values used：['css selector', '.ivu-select-item:nth-child(1)']
2019-10-25 04:07:30,243 - selenium - INFO - Click on the element success,location method and value used：['css selector', '.ivu-select-item:nth-child(1)']
2019-10-25 04:07:33,246 - selenium - INFO - Forced wait 3 second
2019-10-25 04:07:33,390 - selenium - INFO - Successful positioning of elements.Positioning method and values used：['css selector', '.submitPay']
2019-10-25 04:07:34,012 - selenium - INFO - Click on the element success,location method and value used：['css selector', '.submitPay']
2019-10-25 04:07:37,015 - selenium - INFO - Forced wait 3 second
2019-10-25 04:07:37,081 - selenium - INFO - Successful positioning of elements.Positioning method and values used：['css selector', '.toast']
2019-10-25 04:07:37,099 - selenium - INFO - Obtained text：请输入新密保答案
2019-10-25 04:07:37,124 - selenium - INFO - Assert Verify success：expected outcome:{请输入新密保答案} == actual results:{请输入新密保答案}
2019-10-25 04:07:37,840 - selenium - INFO - Screenshot saved successfully!
2019-10-25 04:07:39,842 - selenium - INFO - Forced wait 2 second
2019-10-25 04:07:39,842 - selenium - INFO - Successful execution of test cases：修改密保页面，验证新密保答案是否不能为空

2019-10-25 04:07:39,843 - selenium - INFO - Executing test case: 修改密保页面，验证新密保是否不能与原密保一致
2019-10-25 04:07:39,982 - selenium - INFO - Successful positioning of elements.Positioning method and values used：['css selector', '.row:nth-child(4) > input']
2019-10-25 04:07:40,124 - selenium - INFO - Input content：我爱罗
2019-10-25 04:07:40,158 - selenium - INFO - Successful positioning of elements.Positioning method and values used：['css selector', '.submitPay']
2019-10-25 04:07:40,224 - selenium - INFO - Click on the element success,location method and value used：['css selector', '.submitPay']
2019-10-25 04:07:40,242 - selenium - INFO - Successful positioning of elements.Positioning method and values used：['css selector', '.toast']
2019-10-25 04:07:40,263 - selenium - INFO - Obtained text：新密保不能与原密保一致
2019-10-25 04:07:40,290 - selenium - INFO - Assert Verify success：expected outcome:{新密保不能与原密保一致} == actual results:{新密保不能与原密保一致}
2019-10-25 04:07:40,996 - selenium - INFO - Screenshot saved successfully!
2019-10-25 04:07:42,999 - selenium - INFO - Forced wait 2 second
2019-10-25 04:07:43,000 - selenium - INFO - Successful execution of test cases：修改密保页面，验证新密保是否不能与原密保一致

2019-10-25 04:07:43,000 - selenium - INFO - Executing test case: 修改密保页面，验证原密保问题或答案错误是否能阻止修改密保
2019-10-25 04:07:43,017 - selenium - INFO - Successful positioning of elements.Positioning method and values used：['css selector', '.row:nth-child(2) > input']
2019-10-25 04:07:43,118 - selenium - INFO - Input content：我我
2019-10-25 04:07:43,223 - selenium - INFO - Successful positioning of elements.Positioning method and values used：['css selector', '.row:nth-child(4) > input']
2019-10-25 04:07:43,401 - selenium - INFO - Input content：罗爱我
2019-10-25 04:07:43,454 - selenium - INFO - Successful positioning of elements.Positioning method and values used：['css selector', '.submitPay']
2019-10-25 04:07:43,589 - selenium - INFO - Click on the element success,location method and value used：['css selector', '.submitPay']
2019-10-25 04:07:43,731 - selenium - INFO - Successful positioning of elements.Positioning method and values used：['css selector', '.toast']
2019-10-25 04:07:43,862 - selenium - INFO - Obtained text：原密保问题或答案错误
确认
2019-10-25 04:07:44,051 - selenium - INFO - Assert Verify success：expected outcome:{原密保问题或答案错误} == actual results:{原密保问题或答案错误}
2019-10-25 04:07:44,726 - selenium - INFO - Screenshot saved successfully!
2019-10-25 04:07:46,728 - selenium - INFO - Forced wait 2 second
2019-10-25 04:07:46,728 - selenium - INFO - Successful execution of test cases：修改密保页面，验证原密保问题或答案错误是否能阻止修改密保

2019-10-25 04:07:46,729 - selenium - INFO - Executing test case: 修改密保页面，验证密保答案是否不能少于2个字符
2019-10-25 04:07:46,883 - selenium - INFO - Successful positioning of elements.Positioning method and values used：['css selector', '.row:nth-child(2) > input']
2019-10-25 04:07:46,999 - selenium - INFO - Input content：1
2019-10-25 04:07:47,021 - selenium - INFO - Successful positioning of elements.Positioning method and values used：['css selector', '.row:nth-child(4) > input']
2019-10-25 04:07:47,438 - selenium - INFO - Input content：罗爱我
2019-10-25 04:07:47,460 - selenium - INFO - Successful positioning of elements.Positioning method and values used：['css selector', '.submitPay']
2019-10-25 04:07:47,684 - selenium - INFO - Click on the element success,location method and value used：['css selector', '.submitPay']
2019-10-25 04:07:47,945 - selenium - INFO - Successful positioning of elements.Positioning method and values used：['css selector', '.toast']
2019-10-25 04:07:48,129 - selenium - INFO - Obtained text：密保答案 的最小长度为 2 字符
确认
2019-10-25 04:07:48,163 - selenium - INFO - Assert Verify success：expected outcome:{密保答案的最小长度为2字符} == actual results:{密保答案的最小长度为2字符}
2019-10-25 04:07:48,865 - selenium - INFO - Screenshot saved successfully!
2019-10-25 04:07:50,867 - selenium - INFO - Forced wait 2 second
2019-10-25 04:07:50,867 - selenium - INFO - Successful execution of test cases：修改密保页面，验证密保答案是否不能少于2个字符

2019-10-25 04:07:50,867 - selenium - INFO - Executing test case: 修改密保页面，验证是否能够成功修改密保-01
2019-10-25 04:07:51,039 - selenium - INFO - Successful positioning of elements.Positioning method and values used：['css selector', '.row:nth-child(2) > input']
2019-10-25 04:07:51,606 - selenium - INFO - Input content：我爱罗
2019-10-25 04:07:51,793 - selenium - INFO - Successful positioning of elements.Positioning method and values used：['css selector', '.row:nth-child(4) > input']
2019-10-25 04:07:52,216 - selenium - INFO - Input content：罗爱我
2019-10-25 04:07:52,232 - selenium - INFO - Successful positioning of elements.Positioning method and values used：['css selector', '.submitPay']
2019-10-25 04:07:52,449 - selenium - INFO - Click on the element success,location method and value used：['css selector', '.submitPay']
2019-10-25 04:07:52,622 - selenium - INFO - Successful positioning of elements.Positioning method and values used：['css selector', '.toast']
2019-10-25 04:07:52,817 - selenium - INFO - Obtained text：修改密保成功.
确认
2019-10-25 04:07:53,041 - selenium - INFO - Assert Verify success：expected outcome:{修改密保成功} == actual results:{修改密保成功.}
2019-10-25 04:07:53,859 - selenium - INFO - Screenshot saved successfully!
2019-10-25 04:07:55,860 - selenium - INFO - Forced wait 2 second
2019-10-25 04:07:55,860 - selenium - INFO - Successful execution of test cases：修改密保页面，验证是否能够成功修改密保-01

2019-10-25 04:07:55,861 - selenium - INFO - Executing test case: 修改密保页面，验证是否能够成功修改密保-02
2019-10-25 04:07:56,008 - selenium - INFO - Successful positioning of elements.Positioning method and values used：['css selector', '.row:nth-child(2) > input']
2019-10-25 04:07:56,229 - selenium - INFO - Input content：罗爱我
2019-10-25 04:07:56,248 - selenium - INFO - Successful positioning of elements.Positioning method and values used：['css selector', '.ivu-select-placeholder']
2019-10-25 04:07:56,323 - selenium - INFO - Click on the element success,location method and value used：['css selector', '.ivu-select-placeholder']
2019-10-25 04:07:58,324 - selenium - INFO - Forced wait 2 second
2019-10-25 04:07:58,522 - selenium - INFO - Successful positioning of elements.Positioning method and values used：['css selector', '.ivu-select-item:nth-child(1)']
2019-10-25 04:07:59,188 - selenium - INFO - Successful positioning of elements.Positioning method and values used：['css selector', '.ivu-select-item:nth-child(1)']
2019-10-25 04:07:59,683 - selenium - INFO - Click on the element success,location method and value used：['css selector', '.ivu-select-item:nth-child(1)']
2019-10-25 04:08:01,685 - selenium - INFO - Forced wait 2 second
2019-10-25 04:08:01,710 - selenium - INFO - Successful positioning of elements.Positioning method and values used：['css selector', '.row:nth-child(4) > input']
2019-10-25 04:08:02,446 - selenium - INFO - Input content：我爱罗
2019-10-25 04:08:02,475 - selenium - INFO - Successful positioning of elements.Positioning method and values used：['css selector', '.submitPay']
2019-10-25 04:08:02,789 - selenium - INFO - Click on the element success,location method and value used：['css selector', '.submitPay']
2019-10-25 04:08:03,006 - selenium - INFO - Successful positioning of elements.Positioning method and values used：['css selector', '.toast']
2019-10-25 04:08:03,193 - selenium - INFO - Obtained text：修改密保成功.
确认
2019-10-25 04:08:03,352 - selenium - INFO - Assert Verify success：expected outcome:{修改密保成功} == actual results:{修改密保成功.}
2019-10-25 04:08:04,068 - selenium - INFO - Screenshot saved successfully!
2019-10-25 04:08:06,071 - selenium - INFO - Forced wait 2 second
2019-10-25 04:08:06,071 - selenium - INFO - Successful execution of test cases：修改密保页面，验证是否能够成功修改密保-02

2019-10-25 04:08:06,139 - selenium - INFO - 在section：environment下读取browser的值
2019-10-25 04:08:06,139 - selenium - INFO - Read browser configuration, value：chrome
2019-10-25 04:08:06,140 - selenium - INFO - 在section：environment下读取url的值
2019-10-25 04:08:06,140 - selenium - INFO - Read url configuration, value：http://blr.9161252.com/#/home
2019-10-25 04:08:07,726 - selenium - INFO - Visit website：http://blr.9161252.com/#/home
2019-10-25 04:08:07,847 - selenium - INFO - Browser maximization
2019-10-25 04:08:07,852 - selenium - INFO - Set static wait time 10 seconds
2019-10-25 04:08:07,853 - selenium - INFO - Executing test cases：新注册会员，在未绑定银行卡的情况下，验证是否阻止提款申请
2019-10-25 04:08:08,888 - selenium - INFO - Successful positioning of elements.Positioning method and values used：['css selector', '.close']
2019-10-25 04:08:08,959 - selenium - INFO - Successful positioning of elements.Positioning method and values used：['css selector', '.close']
2019-10-25 04:08:09,209 - selenium - INFO - Click on the element success,location method and value used：['css selector', '.close']
2019-10-25 04:08:09,338 - selenium - INFO - Successful positioning of elements.Positioning method and values used：['css selector', '.input-bg:nth-child(1)']
2019-10-25 04:08:09,799 - selenium - INFO - Input content：enintech28
2019-10-25 04:08:09,850 - selenium - INFO - Successful positioning of elements.Positioning method and values used：['id', 'txtFacade']
2019-10-25 04:08:10,263 - selenium - INFO - Input content：12345678
2019-10-25 04:08:21,326 - selenium - INFO - Successful positioning of elements.Positioning method and values used：['css selector', '.loginBtn']
2019-10-25 04:08:21,428 - selenium - INFO - Click on the element success,location method and value used：['css selector', '.loginBtn']
2019-10-25 04:08:21,428 - selenium - ERROR - 定位验证码元素失败，原因：界面不存在验证码-Message: 

2019-10-25 04:08:22,446 - selenium - INFO - Forced wait 1 second
2019-10-25 04:08:22,446 - selenium - INFO - JavaScript execution is successful，JavaScript content is：var q=document.documentElement.scrollTop=0
2019-10-25 04:08:23,447 - selenium - INFO - Forced wait 1 second
2019-10-25 04:08:23,524 - selenium - INFO - Successful positioning of elements.Positioning method and values used：['link text', '线上取款']
2019-10-25 04:08:24,084 - selenium - INFO - Click on the element success,location method and value used：['link text', '线上取款']
2019-10-25 04:08:24,134 - selenium - INFO - Successful positioning of elements.Positioning method and values used：['css selector', '.toast']
2019-10-25 04:08:24,203 - selenium - INFO - Obtained text：请绑定银行卡
确认
2019-10-25 04:08:24,260 - selenium - INFO - Successful positioning of elements.Positioning method and values used：['xpath', '/html/body/div/div/div[2]/div/div/div/div/div[2]/div[2]/ul/li/span']
2019-10-25 04:08:24,414 - selenium - INFO - Click on the element success,location method and value used：['xpath', '/html/body/div/div/div[2]/div/div/div/div/div[2]/div[2]/ul/li/span']
2019-10-25 04:08:24,430 - selenium - INFO - Successful positioning of elements.Positioning method and values used：['css selector', '.toast']
2019-10-25 04:08:24,445 - selenium - INFO - Obtained text：请绑定银行卡
确认
2019-10-25 04:08:25,464 - selenium - INFO - Forced wait 1 second
2019-10-25 04:08:26,289 - selenium - INFO - Screenshot saved successfully!
2019-10-25 04:08:26,289 - selenium - INFO - Successful execution of test cases:新注册会员，在未绑定银行卡的情况下，验证是否阻止提款申请
2019-10-25 04:08:26,290 - selenium - INFO - Executing test cases：绑定银行卡，已设置密保和资金密码，验证[提款人姓名]字段是否不能为空
2019-10-25 04:08:26,398 - selenium - INFO - Successful positioning of elements.Positioning method and values used：['css selector', '.row:nth-child(1) > input']
2019-10-25 04:08:26,499 - selenium - INFO - Input content：
2019-10-25 04:08:26,652 - selenium - INFO - Successful positioning of elements.Positioning method and values used：['css selector', '.row:nth-child(3) > input']
2019-10-25 04:08:27,174 - selenium - INFO - Input content：
2019-10-25 04:08:27,195 - selenium - INFO - Successful positioning of elements.Positioning method and values used：['css selector', '.row:nth-child(5) > input']
2019-10-25 04:08:27,279 - selenium - INFO - Input content：
2019-10-25 04:08:27,302 - selenium - INFO - Successful positioning of elements.Positioning method and values used：['css selector', '.submit']
2019-10-25 04:08:27,905 - selenium - INFO - Click on the element success,location method and value used：['css selector', '.submit']
2019-10-25 04:08:28,090 - selenium - INFO - Successful positioning of elements.Positioning method and values used：['css selector', '.toast']
2019-10-25 04:08:28,343 - selenium - INFO - Obtained text：请输入正确的提款名
2019-10-25 04:08:29,303 - selenium - INFO - Screenshot saved successfully!
2019-10-25 04:08:29,303 - selenium - INFO - Successful execution of test cases:绑定银行卡，已设置密保和资金密码，验证[提款人姓名]字段是否不能为空
2019-10-25 04:08:29,303 - selenium - INFO - Executing test cases：绑定银行卡，已设置密保和资金密码，验证[提款人姓名]字段是否不能为数字
2019-10-25 04:08:29,463 - selenium - INFO - Successful positioning of elements.Positioning method and values used：['css selector', '.row:nth-child(1) > input']
2019-10-25 04:08:30,224 - selenium - INFO - Input content：12
2019-10-25 04:08:30,250 - selenium - INFO - Successful positioning of elements.Positioning method and values used：['css selector', '.row:nth-child(3) > input']
2019-10-25 04:08:30,311 - selenium - INFO - Input content：
2019-10-25 04:08:30,512 - selenium - INFO - Successful positioning of elements.Positioning method and values used：['css selector', '.row:nth-child(5) > input']
2019-10-25 04:08:30,809 - selenium - INFO - Input content：
2019-10-25 04:08:30,831 - selenium - INFO - Successful positioning of elements.Positioning method and values used：['css selector', '.submit']
2019-10-25 04:08:31,177 - selenium - INFO - Click on the element success,location method and value used：['css selector', '.submit']
2019-10-25 04:08:31,193 - selenium - INFO - Successful positioning of elements.Positioning method and values used：['css selector', '.toast']
2019-10-25 04:08:31,221 - selenium - INFO - Obtained text：请输入正确的提款名
2019-10-25 04:08:32,034 - selenium - INFO - Screenshot saved successfully!
2019-10-25 04:08:32,034 - selenium - INFO - Successful execution of test cases:绑定银行卡，已设置密保和资金密码，验证[提款人姓名]字段是否不能为数字
2019-10-25 04:08:32,034 - selenium - INFO - Executing test cases：绑定银行卡，已设置密保和资金密码，验证[提款人姓名]字段是否不能为字母
2019-10-25 04:08:32,236 - selenium - INFO - Successful positioning of elements.Positioning method and values used：['css selector', '.row:nth-child(1) > input']
2019-10-25 04:08:32,784 - selenium - INFO - Input content：aaa
2019-10-25 04:08:32,799 - selenium - INFO - Successful positioning of elements.Positioning method and values used：['css selector', '.row:nth-child(3) > input']
2019-10-25 04:08:33,200 - selenium - INFO - Input content：
2019-10-25 04:08:33,396 - selenium - INFO - Successful positioning of elements.Positioning method and values used：['css selector', '.row:nth-child(5) > input']
2019-10-25 04:08:34,168 - selenium - INFO - Input content：
2019-10-25 04:08:34,197 - selenium - INFO - Successful positioning of elements.Positioning method and values used：['css selector', '.submit']
2019-10-25 04:08:34,487 - selenium - INFO - Click on the element success,location method and value used：['css selector', '.submit']
2019-10-25 04:08:34,668 - selenium - INFO - Successful positioning of elements.Positioning method and values used：['css selector', '.toast']
2019-10-25 04:08:34,866 - selenium - INFO - Obtained text：请输入正确的提款名
2019-10-25 04:08:35,829 - selenium - INFO - Screenshot saved successfully!
2019-10-25 04:08:35,829 - selenium - INFO - Successful execution of test cases:绑定银行卡，已设置密保和资金密码，验证[提款人姓名]字段是否不能为字母
2019-10-25 04:08:35,830 - selenium - INFO - Executing test cases：绑定银行卡，已设置密保和资金密码，验证[提款人姓名]字段是否不能为特殊字符
2019-10-25 04:08:35,995 - selenium - INFO - Successful positioning of elements.Positioning method and values used：['css selector', '.row:nth-child(1) > input']
2019-10-25 04:08:37,114 - selenium - INFO - Input content：###
2019-10-25 04:08:37,361 - selenium - INFO - Successful positioning of elements.Positioning method and values used：['css selector', '.row:nth-child(3) > input']
2019-10-25 04:08:38,307 - selenium - INFO - Input content：
2019-10-25 04:08:38,499 - selenium - INFO - Successful positioning of elements.Positioning method and values used：['css selector', '.row:nth-child(5) > input']
2019-10-25 04:08:38,611 - selenium - INFO - Input content：
2019-10-25 04:08:38,628 - selenium - INFO - Successful positioning of elements.Positioning method and values used：['css selector', '.submit']
2019-10-25 04:08:38,962 - selenium - INFO - Click on the element success,location method and value used：['css selector', '.submit']
2019-10-25 04:08:39,134 - selenium - INFO - Successful positioning of elements.Positioning method and values used：['css selector', '.toast']
2019-10-25 04:08:39,358 - selenium - INFO - Obtained text：请输入正确的提款名
2019-10-25 04:08:40,268 - selenium - INFO - Screenshot saved successfully!
2019-10-25 04:08:40,268 - selenium - INFO - Successful execution of test cases:绑定银行卡，已设置密保和资金密码，验证[提款人姓名]字段是否不能为特殊字符
2019-10-25 04:08:40,268 - selenium - INFO - Executing test cases：绑定银行卡，已设置密保和资金密码，验证[提款人姓名]字段是否可以为中文+{.}
2019-10-25 04:08:40,466 - selenium - INFO - Successful positioning of elements.Positioning method and values used：['css selector', '.row:nth-child(1) > input']
2019-10-25 04:08:41,942 - selenium - INFO - Input content：李世民.达人
2019-10-25 04:08:41,967 - selenium - INFO - Successful positioning of elements.Positioning method and values used：['css selector', '.row:nth-child(3) > input']
2019-10-25 04:08:42,070 - selenium - INFO - Input content：
2019-10-25 04:08:42,091 - selenium - INFO - Successful positioning of elements.Positioning method and values used：['css selector', '.row:nth-child(5) > input']
2019-10-25 04:08:42,764 - selenium - INFO - Input content：
2019-10-25 04:08:42,902 - selenium - INFO - Successful positioning of elements.Positioning method and values used：['css selector', '.submit']
2019-10-25 04:08:43,414 - selenium - INFO - Click on the element success,location method and value used：['css selector', '.submit']
2019-10-25 04:08:43,432 - selenium - INFO - Successful positioning of elements.Positioning method and values used：['css selector', '.toast']
2019-10-25 04:08:43,447 - selenium - INFO - Obtained text：请输入正确的提款名
2019-10-25 04:08:44,101 - selenium - INFO - Screenshot saved successfully!
2019-10-25 04:08:44,101 - selenium - INFO - Successful execution of test cases:绑定银行卡，已设置密保和资金密码，验证[提款人姓名]字段是否可以为中文+{.}
2019-10-25 04:08:44,102 - selenium - INFO - Executing test cases：绑定银行卡，已设置密保和资金密码，验证[开户银行]字段是否不能为空
2019-10-25 04:08:44,249 - selenium - INFO - Successful positioning of elements.Positioning method and values used：['css selector', '.row:nth-child(1) > input']
2019-10-25 04:08:45,325 - selenium - INFO - Input content：李世民
2019-10-25 04:08:45,344 - selenium - INFO - Successful positioning of elements.Positioning method and values used：['css selector', '.row:nth-child(3) > input']
2019-10-25 04:08:45,464 - selenium - INFO - Input content：
2019-10-25 04:08:45,476 - selenium - INFO - Successful positioning of elements.Positioning method and values used：['css selector', '.row:nth-child(5) > input']
2019-10-25 04:08:46,221 - selenium - INFO - Input content：
2019-10-25 04:08:46,349 - selenium - INFO - Successful positioning of elements.Positioning method and values used：['css selector', '.submit']
2019-10-25 04:08:46,460 - selenium - INFO - Click on the element success,location method and value used：['css selector', '.submit']
2019-10-25 04:08:46,477 - selenium - INFO - Successful positioning of elements.Positioning method and values used：['css selector', '.toast']
2019-10-25 04:08:46,660 - selenium - INFO - Obtained text：请选择或输入银行
2019-10-25 04:08:47,856 - selenium - INFO - Forced wait 1 second
2019-10-25 04:08:48,002 - selenium - INFO - Successful positioning of elements.Positioning method and values used：['xpath', "//span[contains(.,'请选择')]"]
2019-10-25 04:08:48,574 - selenium - INFO - Click on the element success,location method and value used：['xpath', "//span[contains(.,'请选择')]"]
2019-10-25 04:08:49,576 - selenium - INFO - Forced wait 1 second
2019-10-25 04:08:49,597 - selenium - INFO - Successful positioning of elements.Positioning method and values used：['xpath', "//li[contains(.,'工商银行')]"]
2019-10-25 04:08:50,935 - selenium - INFO - Forced wait 1 second
2019-10-25 04:08:51,085 - selenium - INFO - Successful positioning of elements.Positioning method and values used：['xpath', "//li[contains(.,'工商银行')]"]
2019-10-25 04:08:51,707 - selenium - INFO - Click on the element success,location method and value used：['xpath', "//li[contains(.,'工商银行')]"]
2019-10-25 04:08:52,556 - selenium - INFO - Screenshot saved successfully!
2019-10-25 04:08:52,556 - selenium - INFO - Successful execution of test cases:绑定银行卡，已设置密保和资金密码，验证[开户银行]字段是否不能为空
2019-10-25 04:08:52,556 - selenium - INFO - Executing test cases：绑定银行卡，已设置密保和资金密码，验证[银行卡号]字段是否不能为空
2019-10-25 04:08:52,721 - selenium - INFO - Successful positioning of elements.Positioning method and values used：['css selector', '.row:nth-child(1) > input']
2019-10-25 04:08:53,352 - selenium - INFO - Input content：李世民
2019-10-25 04:08:53,590 - selenium - INFO - Successful positioning of elements.Positioning method and values used：['css selector', '.row:nth-child(3) > input']
2019-10-25 04:08:53,687 - selenium - INFO - Input content：
2019-10-25 04:08:53,717 - selenium - INFO - Successful positioning of elements.Positioning method and values used：['css selector', '.row:nth-child(5) > input']
2019-10-25 04:08:55,129 - selenium - INFO - Input content：
2019-10-25 04:08:55,533 - selenium - INFO - Successful positioning of elements.Positioning method and values used：['css selector', '.submit']
2019-10-25 04:08:56,771 - selenium - INFO - Click on the element success,location method and value used：['css selector', '.submit']
2019-10-25 04:08:56,997 - selenium - INFO - Successful positioning of elements.Positioning method and values used：['css selector', '.toast']
2019-10-25 04:08:57,231 - selenium - INFO - Obtained text：请输入16~20位银行卡号
2019-10-25 04:08:58,267 - selenium - INFO - Screenshot saved successfully!
2019-10-25 04:08:58,268 - selenium - INFO - Successful execution of test cases:绑定银行卡，已设置密保和资金密码，验证[银行卡号]字段是否不能为空
2019-10-25 04:08:58,268 - selenium - INFO - Executing test cases：绑定银行卡，已设置密保和资金密码，验证[银行卡号]字段是否不能为字母
2019-10-25 04:08:58,442 - selenium - INFO - Successful positioning of elements.Positioning method and values used：['css selector', '.row:nth-child(1) > input']
2019-10-25 04:08:59,449 - selenium - INFO - Input content：李世民
2019-10-25 04:08:59,466 - selenium - INFO - Successful positioning of elements.Positioning method and values used：['css selector', '.row:nth-child(3) > input']
2019-10-25 04:08:59,768 - selenium - INFO - Input content：aaaa
2019-10-25 04:08:59,968 - selenium - INFO - Successful positioning of elements.Positioning method and values used：['css selector', '.row:nth-child(5) > input']
2019-10-25 04:09:00,618 - selenium - INFO - Input content：
2019-10-25 04:09:00,640 - selenium - INFO - Successful positioning of elements.Positioning method and values used：['css selector', '.submit']
2019-10-25 04:09:00,709 - selenium - INFO - Click on the element success,location method and value used：['css selector', '.submit']
2019-10-25 04:09:00,724 - selenium - INFO - Successful positioning of elements.Positioning method and values used：['css selector', '.toast']
2019-10-25 04:09:00,814 - selenium - INFO - Obtained text：请输入16~20位银行卡号
2019-10-25 04:09:01,910 - selenium - INFO - Screenshot saved successfully!
2019-10-25 04:09:01,910 - selenium - INFO - Successful execution of test cases:绑定银行卡，已设置密保和资金密码，验证[银行卡号]字段是否不能为字母
2019-10-25 04:09:01,910 - selenium - INFO - Executing test cases：绑定银行卡，已设置密保和资金密码，验证[银行卡号]字段是否不能为中文
2019-10-25 04:09:02,066 - selenium - INFO - Successful positioning of elements.Positioning method and values used：['css selector', '.row:nth-child(1) > input']
2019-10-25 04:09:03,418 - selenium - INFO - Input content：李世民
2019-10-25 04:09:03,566 - selenium - INFO - Successful positioning of elements.Positioning method and values used：['css selector', '.row:nth-child(3) > input']
2019-10-25 04:09:04,795 - selenium - INFO - Input content：李世民
2019-10-25 04:09:04,812 - selenium - INFO - Successful positioning of elements.Positioning method and values used：['css selector', '.row:nth-child(5) > input']
2019-10-25 04:09:04,865 - selenium - INFO - Input content：
2019-10-25 04:09:04,888 - selenium - INFO - Successful positioning of elements.Positioning method and values used：['css selector', '.submit']
2019-10-25 04:09:05,252 - selenium - INFO - Click on the element success,location method and value used：['css selector', '.submit']
2019-10-25 04:09:05,453 - selenium - INFO - Successful positioning of elements.Positioning method and values used：['css selector', '.toast']
2019-10-25 04:09:05,648 - selenium - INFO - Obtained text：请输入16~20位银行卡号
2019-10-25 04:09:06,572 - selenium - INFO - Screenshot saved successfully!
2019-10-25 04:09:06,572 - selenium - INFO - Successful execution of test cases:绑定银行卡，已设置密保和资金密码，验证[银行卡号]字段是否不能为中文
2019-10-25 04:09:06,572 - selenium - INFO - Executing test cases：绑定银行卡，已设置密保和资金密码，验证[银行卡号]字段是否不能为特殊字符
2019-10-25 04:09:06,744 - selenium - INFO - Successful positioning of elements.Positioning method and values used：['css selector', '.row:nth-child(1) > input']
2019-10-25 04:09:07,824 - selenium - INFO - Input content：李世民
2019-10-25 04:09:07,850 - selenium - INFO - Successful positioning of elements.Positioning method and values used：['css selector', '.row:nth-child(3) > input']
2019-10-25 04:09:08,867 - selenium - INFO - Input content：##!@
2019-10-25 04:09:09,000 - selenium - INFO - Successful positioning of elements.Positioning method and values used：['css selector', '.row:nth-child(5) > input']
2019-10-25 04:09:09,100 - selenium - INFO - Input content：
2019-10-25 04:09:09,198 - selenium - INFO - Successful positioning of elements.Positioning method and values used：['css selector', '.submit']
2019-10-25 04:09:09,741 - selenium - INFO - Click on the element success,location method and value used：['css selector', '.submit']
2019-10-25 04:09:10,034 - selenium - INFO - Successful positioning of elements.Positioning method and values used：['css selector', '.toast']
2019-10-25 04:09:10,241 - selenium - INFO - Obtained text：请输入16~20位银行卡号
2019-10-25 04:09:11,017 - selenium - INFO - Screenshot saved successfully!
2019-10-25 04:09:11,018 - selenium - INFO - Successful execution of test cases:绑定银行卡，已设置密保和资金密码，验证[银行卡号]字段是否不能为特殊字符
2019-10-25 04:09:11,018 - selenium - INFO - Executing test cases：绑定银行卡，已设置密保和资金密码，验证[银行卡号]字段是否不能小于16位
2019-10-25 04:09:11,180 - selenium - INFO - Successful positioning of elements.Positioning method and values used：['css selector', '.row:nth-child(1) > input']
2019-10-25 04:09:12,401 - selenium - INFO - Input content：李世民
2019-10-25 04:09:12,583 - selenium - INFO - Successful positioning of elements.Positioning method and values used：['css selector', '.row:nth-child(3) > input']
2019-10-25 04:09:14,557 - selenium - INFO - Input content：122122212121212
2019-10-25 04:09:14,733 - selenium - INFO - Successful positioning of elements.Positioning method and values used：['css selector', '.row:nth-child(5) > input']
2019-10-25 04:09:15,387 - selenium - INFO - Input content：
2019-10-25 04:09:15,565 - selenium - INFO - Successful positioning of elements.Positioning method and values used：['css selector', '.submit']
2019-10-25 04:09:16,198 - selenium - INFO - Click on the element success,location method and value used：['css selector', '.submit']
2019-10-25 04:09:16,214 - selenium - INFO - Successful positioning of elements.Positioning method and values used：['css selector', '.toast']
2019-10-25 04:09:16,233 - selenium - INFO - Obtained text：请输入16~20位银行卡号
2019-10-25 04:09:16,933 - selenium - INFO - Screenshot saved successfully!
2019-10-25 04:09:16,934 - selenium - INFO - Successful execution of test cases:绑定银行卡，已设置密保和资金密码，验证[银行卡号]字段是否不能小于16位
2019-10-25 04:09:16,934 - selenium - INFO - Executing test cases：绑定银行卡，已设置密保和资金密码，验证[银行卡号]字段是否不能大于20位
2019-10-25 04:09:17,093 - selenium - INFO - Successful positioning of elements.Positioning method and values used：['css selector', '.row:nth-child(1) > input']
2019-10-25 04:09:18,329 - selenium - INFO - Input content：李世民
2019-10-25 04:09:18,340 - selenium - INFO - Successful positioning of elements.Positioning method and values used：['css selector', '.row:nth-child(3) > input']
2019-10-25 04:09:19,972 - selenium - INFO - Input content：1221222121212123456732
2019-10-25 04:09:20,201 - selenium - INFO - Successful positioning of elements.Positioning method and values used：['css selector', '.row:nth-child(5) > input']
2019-10-25 04:09:21,251 - selenium - INFO - Input content：
2019-10-25 04:09:21,466 - selenium - INFO - Successful positioning of elements.Positioning method and values used：['css selector', '.submit']
2019-10-25 04:09:22,172 - selenium - INFO - Click on the element success,location method and value used：['css selector', '.submit']
2019-10-25 04:09:22,357 - selenium - INFO - Successful positioning of elements.Positioning method and values used：['css selector', '.toast']
2019-10-25 04:09:22,550 - selenium - INFO - Obtained text：请输入16~20位银行卡号
2019-10-25 04:09:23,541 - selenium - INFO - Screenshot saved successfully!
2019-10-25 04:09:23,541 - selenium - INFO - Successful execution of test cases:绑定银行卡，已设置密保和资金密码，验证[银行卡号]字段是否不能大于20位
2019-10-25 04:09:23,541 - selenium - INFO - Executing test cases：绑定银行卡，已设置密保和资金密码，验证[所在地]字段是否不能为空
2019-10-25 04:09:23,783 - selenium - INFO - Successful positioning of elements.Positioning method and values used：['css selector', '.row:nth-child(1) > input']
2019-10-25 04:09:24,244 - selenium - INFO - Input content：李世民
2019-10-25 04:09:24,263 - selenium - INFO - Successful positioning of elements.Positioning method and values used：['css selector', '.row:nth-child(3) > input']
2019-10-25 04:09:26,145 - selenium - INFO - Input content：8888000000000000
2019-10-25 04:09:26,314 - selenium - INFO - Successful positioning of elements.Positioning method and values used：['css selector', '.row:nth-child(5) > input']
2019-10-25 04:09:26,770 - selenium - INFO - Input content：
2019-10-25 04:09:26,985 - selenium - INFO - Successful positioning of elements.Positioning method and values used：['css selector', '.submit']
2019-10-25 04:09:27,708 - selenium - INFO - Click on the element success,location method and value used：['css selector', '.submit']
2019-10-25 04:09:27,851 - selenium - INFO - Successful positioning of elements.Positioning method and values used：['css selector', '.toast']
2019-10-25 04:09:27,872 - selenium - INFO - Obtained text：请选择银行所在地
2019-10-25 04:09:28,000 - selenium - INFO - Successful positioning of elements.Positioning method and values used：['xpath', "//span[contains(.,'请选择')]"]
2019-10-25 04:09:28,729 - selenium - INFO - Click on the element success,location method and value used：['xpath', "//span[contains(.,'请选择')]"]
2019-10-25 04:09:29,731 - selenium - INFO - Forced wait 1 second
2019-10-25 04:09:29,943 - selenium - INFO - Successful positioning of elements.Positioning method and values used：['xpath', "//li[contains(.,'北京市')]"]
2019-10-25 04:09:31,528 - selenium - INFO - Forced wait 1 second
2019-10-25 04:09:31,712 - selenium - INFO - Successful positioning of elements.Positioning method and values used：['xpath', "//li[contains(.,'北京市')]"]
2019-10-25 04:09:32,043 - selenium - INFO - Click on the element success,location method and value used：['xpath', "//li[contains(.,'北京市')]"]
2019-10-25 04:09:32,925 - selenium - INFO - Screenshot saved successfully!
2019-10-25 04:09:32,926 - selenium - INFO - Successful execution of test cases:绑定银行卡，已设置密保和资金密码，验证[所在地]字段是否不能为空
2019-10-25 04:09:32,926 - selenium - INFO - Executing test cases：绑定银行卡，已设置密保和资金密码，验证[资金密码]字段是否不能为空
2019-10-25 04:09:33,099 - selenium - INFO - Successful positioning of elements.Positioning method and values used：['css selector', '.row:nth-child(1) > input']
2019-10-25 04:09:33,683 - selenium - INFO - Input content：李世民
2019-10-25 04:09:33,701 - selenium - INFO - Successful positioning of elements.Positioning method and values used：['css selector', '.row:nth-child(3) > input']
2019-10-25 04:09:34,415 - selenium - INFO - Input content：8888000000000000
2019-10-25 04:09:34,431 - selenium - INFO - Successful positioning of elements.Positioning method and values used：['css selector', '.row:nth-child(5) > input']
2019-10-25 04:09:34,604 - selenium - INFO - Input content：
2019-10-25 04:09:34,626 - selenium - INFO - Successful positioning of elements.Positioning method and values used：['css selector', '.submit']
2019-10-25 04:09:34,967 - selenium - INFO - Click on the element success,location method and value used：['css selector', '.submit']
2019-10-25 04:09:35,167 - selenium - INFO - Successful positioning of elements.Positioning method and values used：['css selector', '.toast']
2019-10-25 04:09:35,395 - selenium - INFO - Obtained text：请输入支付密码
2019-10-25 04:09:36,348 - selenium - INFO - Screenshot saved successfully!
2019-10-25 04:09:36,348 - selenium - INFO - Successful execution of test cases:绑定银行卡，已设置密保和资金密码，验证[资金密码]字段是否不能为空
2019-10-25 04:09:36,348 - selenium - INFO - Executing test cases：绑定银行卡，已设置密保和资金密码，验证[资金密码]字段是否不能为字母
2019-10-25 04:09:36,521 - selenium - INFO - Successful positioning of elements.Positioning method and values used：['css selector', '.row:nth-child(1) > input']
2019-10-25 04:09:37,411 - selenium - INFO - Input content：李世民
2019-10-25 04:09:37,426 - selenium - INFO - Successful positioning of elements.Positioning method and values used：['css selector', '.row:nth-child(3) > input']
2019-10-25 04:09:38,403 - selenium - INFO - Input content：8888000000000000
2019-10-25 04:09:38,422 - selenium - INFO - Successful positioning of elements.Positioning method and values used：['css selector', '.row:nth-child(5) > input']
2019-10-25 04:09:39,083 - selenium - INFO - Input content：aaaaaa
2019-10-25 04:09:39,232 - selenium - INFO - Successful positioning of elements.Positioning method and values used：['css selector', '.submit']
2019-10-25 04:09:39,539 - selenium - INFO - Click on the element success,location method and value used：['css selector', '.submit']
2019-10-25 04:09:39,726 - selenium - INFO - Successful positioning of elements.Positioning method and values used：['css selector', '.toast']
2019-10-25 04:09:39,768 - selenium - INFO - Obtained text：资金密码 必须是 6 位 且全数字
确认
2019-10-25 04:09:44,794 - selenium - INFO - Forced wait 5 second
2019-10-25 04:09:45,599 - selenium - INFO - Screenshot saved successfully!
2019-10-25 04:09:45,599 - selenium - INFO - Successful execution of test cases:绑定银行卡，已设置密保和资金密码，验证[资金密码]字段是否不能为字母
2019-10-25 04:09:45,599 - selenium - INFO - Executing test cases：绑定银行卡，已设置密保和资金密码，验证[资金密码]字段是否不能为特殊字符
2019-10-25 04:09:45,755 - selenium - INFO - Successful positioning of elements.Positioning method and values used：['css selector', '.row:nth-child(1) > input']
2019-10-25 04:09:46,086 - selenium - INFO - Input content：李世民
2019-10-25 04:09:46,183 - selenium - INFO - Successful positioning of elements.Positioning method and values used：['css selector', '.row:nth-child(3) > input']
2019-10-25 04:09:47,528 - selenium - INFO - Input content：8888000000000000
2019-10-25 04:09:47,735 - selenium - INFO - Successful positioning of elements.Positioning method and values used：['css selector', '.row:nth-child(5) > input']
2019-10-25 04:09:49,510 - selenium - INFO - Input content：! #245
2019-10-25 04:09:49,532 - selenium - INFO - Successful positioning of elements.Positioning method and values used：['css selector', '.submit']
2019-10-25 04:09:49,617 - selenium - INFO - Click on the element success,location method and value used：['css selector', '.submit']
2019-10-25 04:09:49,857 - selenium - INFO - Successful positioning of elements.Positioning method and values used：['css selector', '.toast']
2019-10-25 04:09:50,035 - selenium - INFO - Obtained text：资金密码 必须是 6 位 且全数字
确认
2019-10-25 04:09:55,297 - selenium - INFO - Forced wait 5 second
2019-10-25 04:09:56,108 - selenium - INFO - Screenshot saved successfully!
2019-10-25 04:09:56,108 - selenium - INFO - Successful execution of test cases:绑定银行卡，已设置密保和资金密码，验证[资金密码]字段是否不能为特殊字符
2019-10-25 04:09:56,109 - selenium - INFO - Executing test cases：绑定银行卡，已设置密保和资金密码，验证[资金密码]字段是否不能为错误密码
2019-10-25 04:09:56,268 - selenium - INFO - Successful positioning of elements.Positioning method and values used：['css selector', '.row:nth-child(1) > input']
2019-10-25 04:09:56,449 - selenium - INFO - Input content：李世民
2019-10-25 04:09:56,471 - selenium - INFO - Successful positioning of elements.Positioning method and values used：['css selector', '.row:nth-child(3) > input']
2019-10-25 04:09:58,070 - selenium - INFO - Input content：8888000000000000
2019-10-25 04:09:58,098 - selenium - INFO - Successful positioning of elements.Positioning method and values used：['css selector', '.row:nth-child(5) > input']
2019-10-25 04:09:59,617 - selenium - INFO - Input content：999999
2019-10-25 04:09:59,807 - selenium - INFO - Successful positioning of elements.Positioning method and values used：['css selector', '.submit']
2019-10-25 04:10:00,472 - selenium - INFO - Click on the element success,location method and value used：['css selector', '.submit']
2019-10-25 04:10:00,711 - selenium - INFO - Successful positioning of elements.Positioning method and values used：['css selector', '.toast']
2019-10-25 04:10:00,971 - selenium - INFO - Obtained text：资金密码错误
确认
2019-10-25 04:10:06,257 - selenium - INFO - Forced wait 5 second
2019-10-25 04:10:06,842 - selenium - INFO - Screenshot saved successfully!
2019-10-25 04:10:06,842 - selenium - INFO - Successful execution of test cases:绑定银行卡，已设置密保和资金密码，验证[资金密码]字段是否不能为错误密码
2019-10-25 04:10:06,842 - selenium - INFO - Executing test cases：绑定银行卡，已设置密保和资金密码，验证[提款人姓名]字段是否不能为一个中文
2019-10-25 04:10:06,996 - selenium - INFO - Successful positioning of elements.Positioning method and values used：['css selector', '.row:nth-child(1) > input']
2019-10-25 04:10:07,316 - selenium - INFO - Input content：啊
2019-10-25 04:10:07,341 - selenium - INFO - Successful positioning of elements.Positioning method and values used：['css selector', '.row:nth-child(3) > input']
2019-10-25 04:10:08,805 - selenium - INFO - Input content：8888000000000000
2019-10-25 04:10:08,931 - selenium - INFO - Successful positioning of elements.Positioning method and values used：['css selector', '.row:nth-child(5) > input']
2019-10-25 04:10:09,098 - selenium - INFO - Input content：999999
2019-10-25 04:10:09,349 - selenium - INFO - Successful positioning of elements.Positioning method and values used：['css selector', '.submit']
2019-10-25 04:10:09,988 - selenium - INFO - Click on the element success,location method and value used：['css selector', '.submit']
2019-10-25 04:10:10,318 - selenium - INFO - Successful positioning of elements.Positioning method and values used：['css selector', '.toast']
2019-10-25 04:10:10,349 - selenium - INFO - Obtained text：资金密码错误
确认
2019-10-25 04:10:15,368 - selenium - INFO - Forced wait 5 second
2019-10-25 04:10:16,182 - selenium - ERROR - Failure of test case execution:'开户姓名的最小长度为2字符' not found in '资金密码错误\n确认'
2019-10-25 04:10:16,183 - selenium - INFO - Executing test cases：绑定银行卡，已设置密保和资金密码，验证是否不能重复绑定银行卡
2019-10-25 04:10:16,352 - selenium - INFO - Successful positioning of elements.Positioning method and values used：['css selector', '.row:nth-child(1) > input']
2019-10-25 04:10:16,859 - selenium - INFO - Input content：李世民
2019-10-25 04:10:16,877 - selenium - INFO - Successful positioning of elements.Positioning method and values used：['css selector', '.row:nth-child(3) > input']
2019-10-25 04:10:19,014 - selenium - INFO - Input content：4443666344236772321
2019-10-25 04:10:19,086 - selenium - INFO - Successful positioning of elements.Positioning method and values used：['css selector', '.row:nth-child(5) > input']
2019-10-25 04:10:19,270 - selenium - INFO - Input content：123456
2019-10-25 04:10:19,285 - selenium - INFO - Successful positioning of elements.Positioning method and values used：['css selector', '.submit']
2019-10-25 04:10:19,901 - selenium - INFO - Click on the element success,location method and value used：['css selector', '.submit']
2019-10-25 04:10:20,196 - selenium - INFO - Successful positioning of elements.Positioning method and values used：['css selector', '.toast']
2019-10-25 04:10:20,385 - selenium - INFO - Obtained text：抱歉！当前银行卡已经绑定请勿重复绑定！
确认
2019-10-25 04:10:25,599 - selenium - INFO - Forced wait 5 second
2019-10-25 04:10:26,414 - selenium - INFO - Screenshot saved successfully!
2019-10-25 04:10:26,414 - selenium - INFO - Successful execution of test cases:绑定银行卡，已设置密保和资金密码，验证是否不能重复绑定银行卡
2019-10-25 04:10:26,414 - selenium - INFO - Executing test cases：绑定银行卡，已设置密保和资金密码，验证所有字段符合条件是否能够成功绑定
2019-10-25 04:10:27,807 - selenium - INFO - Forced wait 1 second
2019-10-25 04:10:27,857 - selenium - INFO - Successful positioning of elements.Positioning method and values used：['link text', '线上取款']
2019-10-25 04:10:27,981 - selenium - INFO - Click on the element success,location method and value used：['link text', '线上取款']
2019-10-25 04:10:28,097 - selenium - INFO - Successful positioning of elements.Positioning method and values used：['css selector', '.row:nth-child(1) > input']
2019-10-25 04:10:28,352 - selenium - INFO - Input content：里大炮
2019-10-25 04:10:28,439 - selenium - INFO - Successful positioning of elements.Positioning method and values used：['xpath', "//span[contains(.,'请选择')]"]
2019-10-25 04:10:28,965 - selenium - INFO - Click on the element success,location method and value used：['xpath', "//span[contains(.,'请选择')]"]
2019-10-25 04:10:29,966 - selenium - INFO - Forced wait 1 second
2019-10-25 04:10:30,151 - selenium - INFO - Successful positioning of elements.Positioning method and values used：['xpath', "//li[contains(.,'工商银行')]"]
2019-10-25 04:10:31,715 - selenium - INFO - Forced wait 1 second
2019-10-25 04:10:31,889 - selenium - INFO - Successful positioning of elements.Positioning method and values used：['xpath', "//li[contains(.,'工商银行')]"]
2019-10-25 04:10:32,667 - selenium - INFO - Click on the element success,location method and value used：['xpath', "//li[contains(.,'工商银行')]"]
2019-10-25 04:10:32,816 - selenium - INFO - Successful positioning of elements.Positioning method and values used：['css selector', '.row:nth-child(3) > input']
2019-10-25 04:10:34,800 - selenium - INFO - Input content：8888000000000008
2019-10-25 04:10:35,001 - selenium - INFO - Successful positioning of elements.Positioning method and values used：['xpath', "//span[contains(.,'请选择')]"]
2019-10-25 04:10:35,675 - selenium - INFO - Click on the element success,location method and value used：['xpath', "//span[contains(.,'请选择')]"]
2019-10-25 04:10:36,676 - selenium - INFO - Forced wait 1 second
2019-10-25 04:10:36,882 - selenium - INFO - Successful positioning of elements.Positioning method and values used：['xpath', "//li[contains(.,'北京市')]"]
2019-10-25 04:10:38,512 - selenium - INFO - Forced wait 1 second
2019-10-25 04:10:38,712 - selenium - INFO - Successful positioning of elements.Positioning method and values used：['xpath', "//li[contains(.,'北京市')]"]
2019-10-25 04:10:39,029 - selenium - INFO - Click on the element success,location method and value used：['xpath', "//li[contains(.,'北京市')]"]
2019-10-25 04:10:39,049 - selenium - INFO - Successful positioning of elements.Positioning method and values used：['css selector', '.row:nth-child(5) > input']
2019-10-25 04:10:39,212 - selenium - INFO - Input content：123456
2019-10-25 04:10:39,313 - selenium - INFO - Successful positioning of elements.Positioning method and values used：['css selector', '.submit']
2019-10-25 04:10:40,033 - selenium - INFO - Click on the element success,location method and value used：['css selector', '.submit']
2019-10-25 04:10:40,380 - selenium - INFO - Successful positioning of elements.Positioning method and values used：['css selector', '.toast']
2019-10-25 04:10:40,410 - selenium - INFO - Obtained text：姓名重复注册多个，请洽客服人员
确认
2019-10-25 04:10:40,593 - selenium - ERROR - Failure of test case execution:绑定成功提示信息的预期结果：绑定成功 与 实际结果：姓名重复注册多个，请洽客服人员
确认 不一致
2019-10-25 04:10:42,992 - selenium - INFO - 在section：copy下读取pro_copy的值
2019-10-25 04:10:42,995 - selenium - INFO - 在section：reports下读取pro的值
2019-10-25 04:10:44,940 - selenium - INFO - 在section：title下读取pro的值
2019-10-25 04:10:44,941 - selenium - INFO - 在section：environment下读取url的值
2019-10-25 04:10:45,006 - selenium - INFO - 在section：telegram下读取token的值
2019-10-25 04:10:45,007 - selenium - INFO - 在section：telegram下读取chat_id的值
