2019-10-25 02:36:56,054 - selenium - INFO - 在section：environment下读取browser的值
2019-10-25 02:36:56,055 - selenium - INFO - Read browser configuration, value：chrome
2019-10-25 02:36:56,056 - selenium - INFO - 在section：environment下读取url的值
2019-10-25 02:36:56,056 - selenium - INFO - Read url configuration, value：http://blr.9161252.com/#/home
2019-10-25 02:36:58,252 - selenium - INFO - Visit website：http://blr.9161252.com/#/home
2019-10-25 02:36:58,365 - selenium - INFO - Browser maximization
2019-10-25 02:36:58,375 - selenium - INFO - Set static wait time 10 seconds
2019-10-25 02:36:58,375 - selenium - INFO - Executing use test case:
2019-10-25 02:36:59,282 - selenium - INFO - Successful positioning of elements.Positioning method and values used：['css selector', '.close']
2019-10-25 02:36:59,375 - selenium - INFO - Successful positioning of elements.Positioning method and values used：['css selector', '.close']
2019-10-25 02:36:59,566 - selenium - INFO - Click on the element success,location method and value used：['css selector', '.close']
2019-10-25 02:36:59,621 - selenium - INFO - Successful positioning of elements.Positioning method and values used：['css selector', '.regBtn']
2019-10-25 02:36:59,737 - selenium - INFO - Click on the element success,location method and value used：['css selector', '.regBtn']
2019-10-25 02:37:00,582 - selenium - INFO - Successful positioning of elements.Positioning method and values used：['id', 'username']
2019-10-25 02:37:01,084 - selenium - INFO - Input content：enintech0
2019-10-25 02:37:01,152 - selenium - INFO - Successful positioning of elements.Positioning method and values used：['id', 'password']
2019-10-25 02:37:01,454 - selenium - INFO - Input content：12345678
2019-10-25 02:37:01,477 - selenium - INFO - Successful positioning of elements.Positioning method and values used：['id', 'passwd']
2019-10-25 02:37:01,815 - selenium - INFO - Input content：12345678
2019-10-25 02:37:01,841 - selenium - INFO - Successful positioning of elements.Positioning method and values used：['id', 'rmNum']
2019-10-25 02:37:01,988 - selenium - INFO - Input content：1234
2019-10-25 02:37:02,008 - selenium - INFO - Successful positioning of elements.Positioning method and values used：['css selector', 'span > input']
2019-10-25 02:37:02,222 - selenium - INFO - Input content：13898378887
2019-10-25 02:37:02,243 - selenium - INFO - Successful positioning of elements.Positioning method and values used：['id', 'CANCEL2']
2019-10-25 02:37:02,323 - selenium - INFO - Click on the element success,location method and value used：['id', 'CANCEL2']
2019-10-25 02:37:02,375 - selenium - INFO - Successful positioning of elements.Positioning method and values used：['id', 'OK2']
2019-10-25 02:37:02,461 - selenium - INFO - Click on the element success,location method and value used：['id', 'OK2']
2019-10-25 02:37:02,526 - selenium - INFO - Successful positioning of elements.Positioning method and values used：['css selector', '.err > span']
2019-10-25 02:37:02,589 - selenium - INFO - Obtained text：帐号6-10位数字或字母
2019-10-25 02:37:02,612 - selenium - INFO - Failure of test case execution! Reason: '帐号6-10位数字或字母' != None : Assert Verification fail：expected outcome{None} != actual results{帐号6-10位数字或字母}

2019-10-25 02:37:02,612 - selenium - INFO - Executing use test case:注册页面，检测账号字段规则（是否为必填项）
2019-10-25 02:37:02,612 - selenium - INFO - input data:username:,password:,passwd:,phone:,code:,suc:0,assert:帐号6-10位数字或字母
2019-10-25 02:37:02,630 - selenium - INFO - Successful positioning of elements.Positioning method and values used：['id', 'username']
2019-10-25 02:37:02,770 - selenium - INFO - Input content：
2019-10-25 02:37:02,785 - selenium - INFO - Successful positioning of elements.Positioning method and values used：['id', 'password']
2019-10-25 02:37:02,975 - selenium - INFO - Input content：
2019-10-25 02:37:03,002 - selenium - INFO - Successful positioning of elements.Positioning method and values used：['id', 'passwd']
2019-10-25 02:37:03,109 - selenium - INFO - Input content：
2019-10-25 02:37:03,126 - selenium - INFO - Successful positioning of elements.Positioning method and values used：['id', 'rmNum']
2019-10-25 02:37:03,225 - selenium - INFO - Input content：
2019-10-25 02:37:03,252 - selenium - INFO - Successful positioning of elements.Positioning method and values used：['css selector', 'span > input']
2019-10-25 02:37:03,367 - selenium - INFO - Input content：
2019-10-25 02:37:03,385 - selenium - INFO - Successful positioning of elements.Positioning method and values used：['id', 'OK2']
2019-10-25 02:37:03,450 - selenium - INFO - Click on the element success,location method and value used：['id', 'OK2']
2019-10-25 02:37:03,469 - selenium - INFO - Successful positioning of elements.Positioning method and values used：['css selector', '.err > span']
2019-10-25 02:37:03,496 - selenium - INFO - Obtained text：帐号6-10位数字或字母
2019-10-25 02:37:03,525 - selenium - INFO - Assert Verify success：expected outcome:{帐号6-10位数字或字母} == actual results:{帐号6-10位数字或字母}
2019-10-25 02:37:04,030 - selenium - INFO - Screenshot saved successfully!
2019-10-25 02:37:04,031 - selenium - INFO - Successful execution of test cases:注册页面，检测账号字段规则（是否为必填项）

2019-10-25 02:37:04,031 - selenium - INFO - Executing use test case:注册页面，检测账号字段规则（长度是否不能小于6位）
2019-10-25 02:37:04,031 - selenium - INFO - input data:username:12,password:,passwd:,phone:,code:,suc:0,assert:帐号6-10位数字或字母
2019-10-25 02:37:04,058 - selenium - INFO - Successful positioning of elements.Positioning method and values used：['id', 'username']
2019-10-25 02:37:04,206 - selenium - INFO - Input content：12
2019-10-25 02:37:04,222 - selenium - INFO - Successful positioning of elements.Positioning method and values used：['id', 'password']
2019-10-25 02:37:04,389 - selenium - INFO - Input content：
2019-10-25 02:37:04,406 - selenium - INFO - Successful positioning of elements.Positioning method and values used：['id', 'passwd']
2019-10-25 02:37:04,525 - selenium - INFO - Input content：
2019-10-25 02:37:04,545 - selenium - INFO - Successful positioning of elements.Positioning method and values used：['id', 'rmNum']
2019-10-25 02:37:04,657 - selenium - INFO - Input content：
2019-10-25 02:37:04,686 - selenium - INFO - Successful positioning of elements.Positioning method and values used：['css selector', 'span > input']
2019-10-25 02:37:04,795 - selenium - INFO - Input content：
2019-10-25 02:37:04,825 - selenium - INFO - Successful positioning of elements.Positioning method and values used：['id', 'OK2']
2019-10-25 02:37:04,891 - selenium - INFO - Click on the element success,location method and value used：['id', 'OK2']
2019-10-25 02:37:04,935 - selenium - INFO - Successful positioning of elements.Positioning method and values used：['css selector', '.err > span']
2019-10-25 02:37:04,960 - selenium - INFO - Obtained text：帐号6-10位数字或字母
2019-10-25 02:37:04,978 - selenium - INFO - Assert Verify success：expected outcome:{帐号6-10位数字或字母} == actual results:{帐号6-10位数字或字母}
2019-10-25 02:37:05,408 - selenium - INFO - Screenshot saved successfully!
2019-10-25 02:37:05,408 - selenium - INFO - Successful execution of test cases:注册页面，检测账号字段规则（长度是否不能小于6位）

2019-10-25 02:37:05,409 - selenium - INFO - Executing use test case:注册页面，检测账号字段规则（是否不能包含中文）
2019-10-25 02:37:05,409 - selenium - INFO - input data:username:阿斯顿但是我,password:,passwd:,phone:,code:,suc:0,assert:帐号6-10位数字或字母
2019-10-25 02:37:05,429 - selenium - INFO - Successful positioning of elements.Positioning method and values used：['id', 'username']
2019-10-25 02:37:05,636 - selenium - INFO - Input content：阿斯顿但是我
2019-10-25 02:37:05,691 - selenium - INFO - Successful positioning of elements.Positioning method and values used：['id', 'password']
2019-10-25 02:37:05,836 - selenium - INFO - Input content：
2019-10-25 02:37:05,868 - selenium - INFO - Successful positioning of elements.Positioning method and values used：['id', 'passwd']
2019-10-25 02:37:05,994 - selenium - INFO - Input content：
2019-10-25 02:37:06,008 - selenium - INFO - Successful positioning of elements.Positioning method and values used：['id', 'rmNum']
2019-10-25 02:37:06,142 - selenium - INFO - Input content：
2019-10-25 02:37:06,165 - selenium - INFO - Successful positioning of elements.Positioning method and values used：['css selector', 'span > input']
2019-10-25 02:37:06,248 - selenium - INFO - Input content：
2019-10-25 02:37:06,282 - selenium - INFO - Successful positioning of elements.Positioning method and values used：['id', 'OK2']
2019-10-25 02:37:06,379 - selenium - INFO - Click on the element success,location method and value used：['id', 'OK2']
2019-10-25 02:37:06,409 - selenium - INFO - Successful positioning of elements.Positioning method and values used：['css selector', '.err > span']
2019-10-25 02:37:06,431 - selenium - INFO - Obtained text：帐号6-10位数字或字母
2019-10-25 02:37:06,457 - selenium - INFO - Assert Verify success：expected outcome:{帐号6-10位数字或字母} == actual results:{帐号6-10位数字或字母}
2019-10-25 02:37:06,938 - selenium - INFO - Screenshot saved successfully!
2019-10-25 02:37:06,938 - selenium - INFO - Successful execution of test cases:注册页面，检测账号字段规则（是否不能包含中文）

2019-10-25 02:37:06,938 - selenium - INFO - Executing use test case:注册页面，检测账号字段规则（是否不能包含特殊字符）
2019-10-25 02:37:06,938 - selenium - INFO - input data:username:*&#123abc,password:,passwd:,phone:,code:,suc:0,assert:帐号6-10位数字或字母
2019-10-25 02:37:06,958 - selenium - INFO - Successful positioning of elements.Positioning method and values used：['id', 'username']
2019-10-25 02:37:07,163 - selenium - INFO - Input content：*&#123abc
2019-10-25 02:37:07,189 - selenium - INFO - Successful positioning of elements.Positioning method and values used：['id', 'password']
2019-10-25 02:37:07,408 - selenium - INFO - Input content：
2019-10-25 02:37:07,431 - selenium - INFO - Successful positioning of elements.Positioning method and values used：['id', 'passwd']
2019-10-25 02:37:07,601 - selenium - INFO - Input content：
2019-10-25 02:37:07,632 - selenium - INFO - Successful positioning of elements.Positioning method and values used：['id', 'rmNum']
2019-10-25 02:37:07,786 - selenium - INFO - Input content：
2019-10-25 02:37:07,809 - selenium - INFO - Successful positioning of elements.Positioning method and values used：['css selector', 'span > input']
2019-10-25 02:37:07,960 - selenium - INFO - Input content：
2019-10-25 02:37:07,977 - selenium - INFO - Successful positioning of elements.Positioning method and values used：['id', 'OK2']
2019-10-25 02:37:08,037 - selenium - INFO - Click on the element success,location method and value used：['id', 'OK2']
2019-10-25 02:37:08,063 - selenium - INFO - Successful positioning of elements.Positioning method and values used：['css selector', '.err > span']
2019-10-25 02:37:08,100 - selenium - INFO - Obtained text：帐号6-10位数字或字母
2019-10-25 02:37:08,122 - selenium - INFO - Assert Verify success：expected outcome:{帐号6-10位数字或字母} == actual results:{帐号6-10位数字或字母}
2019-10-25 02:37:08,596 - selenium - INFO - Screenshot saved successfully!
2019-10-25 02:37:08,596 - selenium - INFO - Successful execution of test cases:注册页面，检测账号字段规则（是否不能包含特殊字符）

2019-10-25 02:37:08,597 - selenium - INFO - Executing use test case:注册页面，检测账号字段规则（长度是否不能小于6位）
2019-10-25 02:37:08,597 - selenium - INFO - input data:username:123as,password:,passwd:,phone:,code:,suc:0,assert:帐号6-10位数字或字母
2019-10-25 02:37:08,625 - selenium - INFO - Successful positioning of elements.Positioning method and values used：['id', 'username']
2019-10-25 02:37:08,789 - selenium - INFO - Input content：123as
2019-10-25 02:37:08,807 - selenium - INFO - Successful positioning of elements.Positioning method and values used：['id', 'password']
2019-10-25 02:37:08,954 - selenium - INFO - Input content：
2019-10-25 02:37:08,973 - selenium - INFO - Successful positioning of elements.Positioning method and values used：['id', 'passwd']
2019-10-25 02:37:09,080 - selenium - INFO - Input content：
2019-10-25 02:37:09,095 - selenium - INFO - Successful positioning of elements.Positioning method and values used：['id', 'rmNum']
2019-10-25 02:37:09,201 - selenium - INFO - Input content：
2019-10-25 02:37:09,216 - selenium - INFO - Successful positioning of elements.Positioning method and values used：['css selector', 'span > input']
2019-10-25 02:37:09,327 - selenium - INFO - Input content：
2019-10-25 02:37:09,361 - selenium - INFO - Successful positioning of elements.Positioning method and values used：['id', 'OK2']
2019-10-25 02:37:09,434 - selenium - INFO - Click on the element success,location method and value used：['id', 'OK2']
2019-10-25 02:37:09,454 - selenium - INFO - Successful positioning of elements.Positioning method and values used：['css selector', '.err > span']
2019-10-25 02:37:09,484 - selenium - INFO - Obtained text：帐号6-10位数字或字母
2019-10-25 02:37:09,506 - selenium - INFO - Assert Verify success：expected outcome:{帐号6-10位数字或字母} == actual results:{帐号6-10位数字或字母}
2019-10-25 02:37:09,915 - selenium - INFO - Screenshot saved successfully!
2019-10-25 02:37:09,916 - selenium - INFO - Successful execution of test cases:注册页面，检测账号字段规则（长度是否不能小于6位）

2019-10-25 02:37:09,916 - selenium - INFO - Executing use test case:注册页面，检测密码字段规则（是否为必填项）
2019-10-25 02:37:09,916 - selenium - INFO - input data:username:Entech9998,password:,passwd:,phone:,code:,suc:0,assert:密码8-20位数字或字母
2019-10-25 02:37:09,937 - selenium - INFO - Successful positioning of elements.Positioning method and values used：['id', 'username']
2019-10-25 02:37:10,096 - selenium - INFO - Input content：Entech9998
2019-10-25 02:37:10,125 - selenium - INFO - Successful positioning of elements.Positioning method and values used：['id', 'password']
2019-10-25 02:37:10,292 - selenium - INFO - Input content：
2019-10-25 02:37:10,311 - selenium - INFO - Successful positioning of elements.Positioning method and values used：['id', 'passwd']
2019-10-25 02:37:10,438 - selenium - INFO - Input content：
2019-10-25 02:37:10,455 - selenium - INFO - Successful positioning of elements.Positioning method and values used：['id', 'rmNum']
2019-10-25 02:37:10,568 - selenium - INFO - Input content：
2019-10-25 02:37:10,586 - selenium - INFO - Successful positioning of elements.Positioning method and values used：['css selector', 'span > input']
2019-10-25 02:37:10,684 - selenium - INFO - Input content：
2019-10-25 02:37:10,716 - selenium - INFO - Successful positioning of elements.Positioning method and values used：['id', 'OK2']
2019-10-25 02:37:10,792 - selenium - INFO - Click on the element success,location method and value used：['id', 'OK2']
2019-10-25 02:37:10,813 - selenium - INFO - Successful positioning of elements.Positioning method and values used：['css selector', '.err > span']
2019-10-25 02:37:10,831 - selenium - INFO - Obtained text：密码8-20位数字或字母
2019-10-25 02:37:10,850 - selenium - INFO - Assert Verify success：expected outcome:{密码8-20位数字或字母} == actual results:{密码8-20位数字或字母}
2019-10-25 02:37:11,272 - selenium - INFO - Screenshot saved successfully!
2019-10-25 02:37:11,272 - selenium - INFO - Successful execution of test cases:注册页面，检测密码字段规则（是否为必填项）

2019-10-25 02:37:11,272 - selenium - INFO - Executing use test case:注册页面，检测验证码字段规则（是否为必填项）
2019-10-25 02:37:11,272 - selenium - INFO - input data:username:Entech9998,password:12345678,passwd:12345678,phone:,code:,suc:0,assert:请输入验证码
2019-10-25 02:37:11,294 - selenium - INFO - Successful positioning of elements.Positioning method and values used：['id', 'username']
2019-10-25 02:37:11,453 - selenium - INFO - Input content：Entech9998
2019-10-25 02:37:11,468 - selenium - INFO - Successful positioning of elements.Positioning method and values used：['id', 'password']
2019-10-25 02:37:11,694 - selenium - INFO - Input content：12345678
2019-10-25 02:37:11,716 - selenium - INFO - Successful positioning of elements.Positioning method and values used：['id', 'passwd']
2019-10-25 02:37:11,848 - selenium - INFO - Input content：12345678
2019-10-25 02:37:11,868 - selenium - INFO - Successful positioning of elements.Positioning method and values used：['id', 'rmNum']
2019-10-25 02:37:12,005 - selenium - INFO - Input content：
2019-10-25 02:37:12,021 - selenium - INFO - Successful positioning of elements.Positioning method and values used：['css selector', 'span > input']
2019-10-25 02:37:12,125 - selenium - INFO - Input content：
2019-10-25 02:37:12,150 - selenium - INFO - Successful positioning of elements.Positioning method and values used：['id', 'OK2']
2019-10-25 02:37:12,201 - selenium - INFO - Click on the element success,location method and value used：['id', 'OK2']
2019-10-25 02:37:12,234 - selenium - INFO - Successful positioning of elements.Positioning method and values used：['css selector', '.err > span']
2019-10-25 02:37:12,252 - selenium - INFO - Obtained text：请输入验证码
2019-10-25 02:37:12,268 - selenium - INFO - Assert Verify success：expected outcome:{请输入验证码} == actual results:{请输入验证码}
2019-10-25 02:37:12,705 - selenium - INFO - Screenshot saved successfully!
2019-10-25 02:37:12,705 - selenium - INFO - Successful execution of test cases:注册页面，检测验证码字段规则（是否为必填项）

2019-10-25 02:37:12,706 - selenium - INFO - Executing use test case:注册页面，检测手机号字段规则（是否为必填项）
2019-10-25 02:37:12,706 - selenium - INFO - input data:username:Entech9998,password:12345678,passwd:12345678,phone:1233,code:,suc:0,assert:请输入手机号
2019-10-25 02:37:12,726 - selenium - INFO - Successful positioning of elements.Positioning method and values used：['id', 'username']
2019-10-25 02:37:12,936 - selenium - INFO - Input content：Entech9998
2019-10-25 02:37:12,971 - selenium - INFO - Successful positioning of elements.Positioning method and values used：['id', 'password']
2019-10-25 02:37:13,199 - selenium - INFO - Input content：12345678
2019-10-25 02:37:13,221 - selenium - INFO - Successful positioning of elements.Positioning method and values used：['id', 'passwd']
2019-10-25 02:37:13,402 - selenium - INFO - Input content：12345678
2019-10-25 02:37:13,434 - selenium - INFO - Successful positioning of elements.Positioning method and values used：['id', 'rmNum']
2019-10-25 02:37:13,563 - selenium - INFO - Input content：1233
2019-10-25 02:37:13,588 - selenium - INFO - Successful positioning of elements.Positioning method and values used：['css selector', 'span > input']
2019-10-25 02:37:13,730 - selenium - INFO - Input content：
2019-10-25 02:37:13,759 - selenium - INFO - Successful positioning of elements.Positioning method and values used：['id', 'OK2']
2019-10-25 02:37:13,825 - selenium - INFO - Click on the element success,location method and value used：['id', 'OK2']
2019-10-25 02:37:13,842 - selenium - INFO - Successful positioning of elements.Positioning method and values used：['css selector', '.err > span']
2019-10-25 02:37:13,873 - selenium - INFO - Obtained text：请输入手机号
2019-10-25 02:37:13,894 - selenium - INFO - Assert Verify success：expected outcome:{请输入手机号} == actual results:{请输入手机号}
2019-10-25 02:37:14,407 - selenium - INFO - Screenshot saved successfully!
2019-10-25 02:37:14,407 - selenium - INFO - Successful execution of test cases:注册页面，检测手机号字段规则（是否为必填项）

2019-10-25 02:37:14,408 - selenium - INFO - Executing use test case:注册页面，检测密码字段规则（最小长度是否为8位）
2019-10-25 02:37:14,408 - selenium - INFO - input data:username:Entech9998,password:12345,passwd:12345,phone:1233,code:11144434443,suc:0,assert:密码 的最小长度为 8 字符
2019-10-25 02:37:14,423 - selenium - INFO - Successful positioning of elements.Positioning method and values used：['id', 'username']
2019-10-25 02:37:14,658 - selenium - INFO - Input content：Entech9998
2019-10-25 02:37:14,693 - selenium - INFO - Successful positioning of elements.Positioning method and values used：['id', 'password']
2019-10-25 02:37:14,858 - selenium - INFO - Input content：12345
2019-10-25 02:37:14,895 - selenium - INFO - Successful positioning of elements.Positioning method and values used：['id', 'passwd']
2019-10-25 02:37:15,086 - selenium - INFO - Input content：12345
2019-10-25 02:37:15,138 - selenium - INFO - Successful positioning of elements.Positioning method and values used：['id', 'rmNum']
2019-10-25 02:37:15,307 - selenium - INFO - Input content：1233
2019-10-25 02:37:15,332 - selenium - INFO - Successful positioning of elements.Positioning method and values used：['css selector', 'span > input']
2019-10-25 02:37:15,602 - selenium - INFO - Input content：11144434443
2019-10-25 02:37:15,616 - selenium - INFO - Successful positioning of elements.Positioning method and values used：['id', 'OK2']
2019-10-25 02:37:15,708 - selenium - INFO - Click on the element success,location method and value used：['id', 'OK2']
2019-10-25 02:37:15,849 - selenium - INFO - Successful positioning of elements.Positioning method and values used：['css selector', '.err > span']
2019-10-25 02:37:15,874 - selenium - INFO - Obtained text：密码 的最小长度为 8 字符
2019-10-25 02:37:15,896 - selenium - INFO - Assert Verify success：expected outcome:{密码的最小长度为8字符} == actual results:{密码的最小长度为8字符}
2019-10-25 02:37:16,349 - selenium - INFO - Screenshot saved successfully!
2019-10-25 02:37:16,349 - selenium - INFO - Successful execution of test cases:注册页面，检测密码字段规则（最小长度是否为8位）

2019-10-25 02:37:16,350 - selenium - INFO - Executing use test case:注册页面，检测密码字段规则（最小长度是否为8位）
2019-10-25 02:37:16,350 - selenium - INFO - input data:username:Entech9998,password:1234,passwd:1234,phone:1233,code:11144434443,suc:0,assert:密码8-20位数字或字母
2019-10-25 02:37:16,371 - selenium - INFO - Successful positioning of elements.Positioning method and values used：['id', 'username']
2019-10-25 02:37:16,600 - selenium - INFO - Input content：Entech9998
2019-10-25 02:37:16,629 - selenium - INFO - Successful positioning of elements.Positioning method and values used：['id', 'password']
2019-10-25 02:37:16,785 - selenium - INFO - Input content：1234
2019-10-25 02:37:16,803 - selenium - INFO - Successful positioning of elements.Positioning method and values used：['id', 'passwd']
2019-10-25 02:37:16,960 - selenium - INFO - Input content：1234
2019-10-25 02:37:16,984 - selenium - INFO - Successful positioning of elements.Positioning method and values used：['id', 'rmNum']
2019-10-25 02:37:17,154 - selenium - INFO - Input content：1233
2019-10-25 02:37:17,176 - selenium - INFO - Successful positioning of elements.Positioning method and values used：['css selector', 'span > input']
2019-10-25 02:37:17,409 - selenium - INFO - Input content：11144434443
2019-10-25 02:37:17,428 - selenium - INFO - Successful positioning of elements.Positioning method and values used：['id', 'OK2']
2019-10-25 02:37:17,487 - selenium - INFO - Click on the element success,location method and value used：['id', 'OK2']
2019-10-25 02:37:17,518 - selenium - INFO - Successful positioning of elements.Positioning method and values used：['css selector', '.err > span']
2019-10-25 02:37:17,551 - selenium - INFO - Obtained text：密码8-20位数字或字母
2019-10-25 02:37:17,568 - selenium - INFO - Assert Verify success：expected outcome:{密码8-20位数字或字母} == actual results:{密码8-20位数字或字母}
2019-10-25 02:37:17,970 - selenium - INFO - Screenshot saved successfully!
2019-10-25 02:37:17,970 - selenium - INFO - Successful execution of test cases:注册页面，检测密码字段规则（最小长度是否为8位）

2019-10-25 02:37:17,970 - selenium - INFO - Executing use test case:注册页面，检测手机号字段规则（手机格式）
2019-10-25 02:37:17,971 - selenium - INFO - input data:username:Entech9998,password:12345678,passwd:12345678,phone:1233,code:11144434443,suc:0,assert:请填写正确的手机号码.
2019-10-25 02:37:17,990 - selenium - INFO - Successful positioning of elements.Positioning method and values used：['id', 'username']
2019-10-25 02:37:18,215 - selenium - INFO - Input content：Entech9998
2019-10-25 02:37:18,232 - selenium - INFO - Successful positioning of elements.Positioning method and values used：['id', 'password']
2019-10-25 02:37:18,419 - selenium - INFO - Input content：12345678
2019-10-25 02:37:18,446 - selenium - INFO - Successful positioning of elements.Positioning method and values used：['id', 'passwd']
2019-10-25 02:37:18,622 - selenium - INFO - Input content：12345678
2019-10-25 02:37:18,658 - selenium - INFO - Successful positioning of elements.Positioning method and values used：['id', 'rmNum']
2019-10-25 02:37:18,817 - selenium - INFO - Input content：1233
2019-10-25 02:37:18,838 - selenium - INFO - Successful positioning of elements.Positioning method and values used：['css selector', 'span > input']
2019-10-25 02:37:19,000 - selenium - INFO - Input content：11144434443
2019-10-25 02:37:19,025 - selenium - INFO - Successful positioning of elements.Positioning method and values used：['id', 'OK2']
2019-10-25 02:37:19,109 - selenium - INFO - Click on the element success,location method and value used：['id', 'OK2']
2019-10-25 02:37:19,263 - selenium - INFO - Successful positioning of elements.Positioning method and values used：['css selector', '.err > span']
2019-10-25 02:37:19,288 - selenium - INFO - Obtained text：请填写正确的手机号码.
2019-10-25 02:37:19,304 - selenium - INFO - Assert Verify success：expected outcome:{请填写正确的手机号码.} == actual results:{请填写正确的手机号码.}
2019-10-25 02:37:19,719 - selenium - INFO - Screenshot saved successfully!
2019-10-25 02:37:19,719 - selenium - INFO - Successful execution of test cases:注册页面，检测手机号字段规则（手机格式）

2019-10-25 02:37:19,719 - selenium - INFO - Executing use test case:注册页面，检测密码字段规则（是否区分密码字母大小写）
2019-10-25 02:37:19,719 - selenium - INFO - input data:username:Entech9998,password:1234567a,passwd:1234567A,phone:1233,code:13944434443,suc:0,assert:两次密码不一致
2019-10-25 02:37:19,742 - selenium - INFO - Successful positioning of elements.Positioning method and values used：['id', 'username']
2019-10-25 02:37:20,028 - selenium - INFO - Input content：Entech9998
2019-10-25 02:37:20,061 - selenium - INFO - Successful positioning of elements.Positioning method and values used：['id', 'password']
2019-10-25 02:37:20,277 - selenium - INFO - Input content：1234567a
2019-10-25 02:37:20,302 - selenium - INFO - Successful positioning of elements.Positioning method and values used：['id', 'passwd']
2019-10-25 02:37:20,532 - selenium - INFO - Input content：1234567A
2019-10-25 02:37:20,551 - selenium - INFO - Successful positioning of elements.Positioning method and values used：['id', 'rmNum']
2019-10-25 02:37:20,703 - selenium - INFO - Input content：1233
2019-10-25 02:37:20,725 - selenium - INFO - Successful positioning of elements.Positioning method and values used：['css selector', 'span > input']
2019-10-25 02:37:20,957 - selenium - INFO - Input content：13944434443
2019-10-25 02:37:20,982 - selenium - INFO - Successful positioning of elements.Positioning method and values used：['id', 'OK2']
2019-10-25 02:37:21,037 - selenium - INFO - Click on the element success,location method and value used：['id', 'OK2']
2019-10-25 02:37:21,057 - selenium - INFO - Successful positioning of elements.Positioning method and values used：['css selector', '.err > span']
2019-10-25 02:37:21,089 - selenium - INFO - Obtained text：两次密码不一致
2019-10-25 02:37:21,122 - selenium - INFO - Assert Verify success：expected outcome:{两次密码不一致} == actual results:{两次密码不一致}
2019-10-25 02:37:21,580 - selenium - INFO - Screenshot saved successfully!
2019-10-25 02:37:21,581 - selenium - INFO - Successful execution of test cases:注册页面，检测密码字段规则（是否区分密码字母大小写）

2019-10-25 02:37:21,581 - selenium - INFO - Executing use test case:注册页面，检测是否能阻止重复注册
2019-10-25 02:37:21,581 - selenium - INFO - input data:username:enintech0,password:987456123,passwd:987456123,phone:1233,code:13944434443,suc:0,assert:帐号已存在
2019-10-25 02:37:21,605 - selenium - INFO - Successful positioning of elements.Positioning method and values used：['id', 'username']
2019-10-25 02:37:21,871 - selenium - INFO - Input content：enintech0
2019-10-25 02:37:21,895 - selenium - INFO - Successful positioning of elements.Positioning method and values used：['id', 'password']
2019-10-25 02:37:22,106 - selenium - INFO - Input content：987456123
2019-10-25 02:37:22,126 - selenium - INFO - Successful positioning of elements.Positioning method and values used：['id', 'passwd']
2019-10-25 02:37:22,416 - selenium - INFO - Input content：987456123
2019-10-25 02:37:22,433 - selenium - INFO - Successful positioning of elements.Positioning method and values used：['id', 'rmNum']
2019-10-25 02:37:22,628 - selenium - INFO - Input content：1233
2019-10-25 02:37:22,651 - selenium - INFO - Successful positioning of elements.Positioning method and values used：['css selector', 'span > input']
2019-10-25 02:37:22,873 - selenium - INFO - Input content：13944434443
2019-10-25 02:37:22,912 - selenium - INFO - Successful positioning of elements.Positioning method and values used：['id', 'OK2']
2019-10-25 02:37:22,977 - selenium - INFO - Click on the element success,location method and value used：['id', 'OK2']
2019-10-25 02:37:23,066 - selenium - INFO - Successful positioning of elements.Positioning method and values used：['css selector', '.err > span']
2019-10-25 02:37:23,129 - selenium - INFO - Obtained text：帐号已存在
2019-10-25 02:37:23,169 - selenium - INFO - Assert Verify success：expected outcome:{帐号已存在} == actual results:{帐号已存在}
2019-10-25 02:37:23,632 - selenium - INFO - Screenshot saved successfully!
2019-10-25 02:37:23,632 - selenium - INFO - Successful execution of test cases:注册页面，检测是否能阻止重复注册

2019-10-25 02:37:23,632 - selenium - INFO - Executing use test case:注册页面，检测验证码字段规则（错误验证码是否阻止注册）
2019-10-25 02:37:23,632 - selenium - INFO - input data:username:Entech9998,password:1234567a,passwd:1234567a,phone:1111,code:13944434443,suc:0,assert:验证码错误
2019-10-25 02:37:23,655 - selenium - INFO - Successful positioning of elements.Positioning method and values used：['id', 'username']
2019-10-25 02:37:23,932 - selenium - INFO - Input content：Entech9998
2019-10-25 02:37:23,954 - selenium - INFO - Successful positioning of elements.Positioning method and values used：['id', 'password']
2019-10-25 02:37:24,218 - selenium - INFO - Input content：1234567a
2019-10-25 02:37:24,240 - selenium - INFO - Successful positioning of elements.Positioning method and values used：['id', 'passwd']
2019-10-25 02:37:24,419 - selenium - INFO - Input content：1234567a
2019-10-25 02:37:24,447 - selenium - INFO - Successful positioning of elements.Positioning method and values used：['id', 'rmNum']
2019-10-25 02:37:24,613 - selenium - INFO - Input content：1111
2019-10-25 02:37:24,641 - selenium - INFO - Successful positioning of elements.Positioning method and values used：['css selector', 'span > input']
2019-10-25 02:37:24,873 - selenium - INFO - Input content：13944434443
2019-10-25 02:37:24,892 - selenium - INFO - Successful positioning of elements.Positioning method and values used：['id', 'OK2']
2019-10-25 02:37:24,948 - selenium - INFO - Click on the element success,location method and value used：['id', 'OK2']
2019-10-25 02:37:25,097 - selenium - INFO - Successful positioning of elements.Positioning method and values used：['css selector', '.err > span']
2019-10-25 02:37:25,141 - selenium - INFO - Obtained text：验证码错误
2019-10-25 02:37:25,171 - selenium - INFO - Assert Verify success：expected outcome:{验证码错误} == actual results:{验证码错误}
2019-10-25 02:37:25,609 - selenium - INFO - Screenshot saved successfully!
2019-10-25 02:37:25,609 - selenium - INFO - Successful execution of test cases:注册页面，检测验证码字段规则（错误验证码是否阻止注册）

2019-10-25 02:37:25,610 - selenium - INFO - Executing use test case:检测是否能够成功注册账号
2019-10-25 02:37:25,625 - selenium - INFO - Successful positioning of elements.Positioning method and values used：['id', 'username']
2019-10-25 02:37:25,837 - selenium - INFO - Input content：enintech29
2019-10-25 02:37:25,863 - selenium - INFO - Successful positioning of elements.Positioning method and values used：['id', 'password']
2019-10-25 02:37:26,122 - selenium - INFO - Input content：12345678
2019-10-25 02:37:26,149 - selenium - INFO - Successful positioning of elements.Positioning method and values used：['id', 'passwd']
2019-10-25 02:37:26,361 - selenium - INFO - Input content：12345678
2019-10-25 02:37:26,384 - selenium - INFO - Successful positioning of elements.Positioning method and values used：['css selector', 'span > input']
2019-10-25 02:37:26,620 - selenium - INFO - Input content：13988889999
2019-10-25 02:37:30,388 - selenium - INFO - Forced wait 2 second
2019-10-25 02:37:30,407 - selenium - INFO - Successful positioning of elements.Positioning method and values used：['id', 'rmNum']
2019-10-25 02:37:30,596 - selenium - INFO - Input content：4004
2019-10-25 02:37:30,621 - selenium - INFO - Successful positioning of elements.Positioning method and values used：['id', 'OK2']
2019-10-25 02:37:30,674 - selenium - INFO - Click on the element success,location method and value used：['id', 'OK2']
2019-10-25 02:37:32,676 - selenium - INFO - Forced wait 2 second
2019-10-25 02:37:32,704 - selenium - INFO - Successful positioning of elements.Positioning method and values used：['css selector', '.err > span']
2019-10-25 02:37:32,733 - selenium - INFO - Obtained text：请勿重复注册
2019-10-25 02:37:32,791 - selenium - INFO - Successful positioning of elements.Positioning method and values used：['css selector', '.err > span']
2019-10-25 02:37:32,819 - selenium - INFO - Obtained text：请勿重复注册
2019-10-25 02:37:32,870 - selenium - INFO - Successful positioning of elements.Positioning method and values used：['css selector', '.err > span']
2019-10-25 02:37:32,919 - selenium - INFO - Obtained text：请勿重复注册
2019-10-25 02:37:44,518 - selenium - INFO - 在section：environment下读取browser的值
2019-10-25 02:37:44,518 - selenium - INFO - Read browser configuration, value：chrome
2019-10-25 02:37:44,518 - selenium - INFO - 在section：environment下读取url的值
2019-10-25 02:37:44,518 - selenium - INFO - Read url configuration, value：http://blr.9161252.com/#/home
2019-10-25 02:37:46,224 - selenium - INFO - Visit website：http://blr.9161252.com/#/home
2019-10-25 02:37:46,339 - selenium - INFO - Browser maximization
2019-10-25 02:37:46,345 - selenium - INFO - Set static wait time 10 seconds
2019-10-25 02:37:46,346 - selenium - INFO - Executing test cases：新注册会员，验证系统消息是否正确
2019-10-25 02:37:47,222 - selenium - INFO - Successful positioning of elements.Positioning method and values used：['css selector', '.close']
2019-10-25 02:37:47,324 - selenium - INFO - Successful positioning of elements.Positioning method and values used：['css selector', '.close']
2019-10-25 02:37:47,600 - selenium - INFO - Click on the element success,location method and value used：['css selector', '.close']
2019-10-25 02:37:47,759 - selenium - INFO - Successful positioning of elements.Positioning method and values used：['css selector', '.input-bg:nth-child(1)']
2019-10-25 02:37:48,129 - selenium - INFO - Input content：enintech28
2019-10-25 02:37:48,160 - selenium - INFO - Successful positioning of elements.Positioning method and values used：['id', 'txtFacade']
2019-10-25 02:37:48,379 - selenium - INFO - Input content：12345678
