2019-10-25 02:50:08,635 - selenium - INFO - 在section：environment下读取browser的值
2019-10-25 02:50:08,636 - selenium - INFO - Read browser configuration, value：chrome
2019-10-25 02:50:08,636 - selenium - INFO - 在section：environment下读取url的值
2019-10-25 02:50:08,636 - selenium - INFO - Read url configuration, value：http://blr.9161252.com/#/home
2019-10-25 02:50:11,428 - selenium - INFO - Visit website：http://blr.9161252.com/#/home
2019-10-25 02:50:11,558 - selenium - INFO - Browser maximization
2019-10-25 02:50:11,568 - selenium - INFO - Set static wait time 10 seconds
2019-10-25 02:50:11,568 - selenium - INFO - Executing use test case:
2019-10-25 02:50:12,833 - selenium - INFO - Successful positioning of elements.Positioning method and values used：['css selector', '.close']
2019-10-25 02:50:12,977 - selenium - INFO - Successful positioning of elements.Positioning method and values used：['css selector', '.close']
2019-10-25 02:50:13,269 - selenium - INFO - Click on the element success,location method and value used：['css selector', '.close']
2019-10-25 02:50:13,312 - selenium - INFO - Successful positioning of elements.Positioning method and values used：['css selector', '.regBtn']
2019-10-25 02:50:13,457 - selenium - INFO - Click on the element success,location method and value used：['css selector', '.regBtn']
2019-10-25 02:50:14,445 - selenium - INFO - Successful positioning of elements.Positioning method and values used：['id', 'username']
2019-10-25 02:50:15,033 - selenium - INFO - Input content：enintech0
2019-10-25 02:50:15,080 - selenium - INFO - Successful positioning of elements.Positioning method and values used：['id', 'password']
2019-10-25 02:50:15,431 - selenium - INFO - Input content：12345678
2019-10-25 02:50:15,482 - selenium - INFO - Successful positioning of elements.Positioning method and values used：['id', 'passwd']
2019-10-25 02:50:16,022 - selenium - INFO - Input content：12345678
2019-10-25 02:50:16,057 - selenium - INFO - Successful positioning of elements.Positioning method and values used：['id', 'rmNum']
2019-10-25 02:50:16,491 - selenium - INFO - Input content：1234
2019-10-25 02:50:16,526 - selenium - INFO - Successful positioning of elements.Positioning method and values used：['css selector', 'span > input']
2019-10-25 02:50:16,826 - selenium - INFO - Input content：13898378887
2019-10-25 02:50:16,877 - selenium - INFO - Successful positioning of elements.Positioning method and values used：['id', 'CANCEL2']
2019-10-25 02:50:17,024 - selenium - INFO - Click on the element success,location method and value used：['id', 'CANCEL2']
2019-10-25 02:50:17,078 - selenium - INFO - Successful positioning of elements.Positioning method and values used：['id', 'OK2']
2019-10-25 02:50:17,257 - selenium - INFO - Click on the element success,location method and value used：['id', 'OK2']
2019-10-25 02:50:17,404 - selenium - INFO - Successful positioning of elements.Positioning method and values used：['css selector', '.err > span']
2019-10-25 02:50:17,441 - selenium - INFO - Obtained text：帐号6-10位数字或字母
2019-10-25 02:50:17,461 - selenium - INFO - Failure of test case execution! Reason: '帐号6-10位数字或字母' != None : Assert Verification fail：expected outcome{None} != actual results{帐号6-10位数字或字母}

2019-10-25 02:50:17,462 - selenium - INFO - Executing use test case:注册页面，检测账号字段规则（是否为必填项）
2019-10-25 02:50:17,462 - selenium - INFO - input data:username:,password:,passwd:,phone:,code:,suc:0,assert:帐号6-10位数字或字母
2019-10-25 02:50:17,482 - selenium - INFO - Successful positioning of elements.Positioning method and values used：['id', 'username']
2019-10-25 02:50:17,678 - selenium - INFO - Input content：
2019-10-25 02:50:17,718 - selenium - INFO - Successful positioning of elements.Positioning method and values used：['id', 'password']
2019-10-25 02:50:18,007 - selenium - INFO - Input content：
2019-10-25 02:50:18,040 - selenium - INFO - Successful positioning of elements.Positioning method and values used：['id', 'passwd']
2019-10-25 02:50:18,286 - selenium - INFO - Input content：
2019-10-25 02:50:18,313 - selenium - INFO - Successful positioning of elements.Positioning method and values used：['id', 'rmNum']
2019-10-25 02:50:18,541 - selenium - INFO - Input content：
2019-10-25 02:50:18,569 - selenium - INFO - Successful positioning of elements.Positioning method and values used：['css selector', 'span > input']
2019-10-25 02:50:18,744 - selenium - INFO - Input content：
2019-10-25 02:50:18,800 - selenium - INFO - Successful positioning of elements.Positioning method and values used：['id', 'OK2']
2019-10-25 02:50:18,898 - selenium - INFO - Click on the element success,location method and value used：['id', 'OK2']
2019-10-25 02:50:19,014 - selenium - INFO - Successful positioning of elements.Positioning method and values used：['css selector', '.err > span']
2019-10-25 02:50:19,056 - selenium - INFO - Obtained text：帐号6-10位数字或字母
2019-10-25 02:50:19,076 - selenium - INFO - Assert Verify success：expected outcome:{帐号6-10位数字或字母} == actual results:{帐号6-10位数字或字母}
2019-10-25 02:50:19,820 - selenium - INFO - Screenshot saved successfully!
2019-10-25 02:50:19,821 - selenium - INFO - Successful execution of test cases:注册页面，检测账号字段规则（是否为必填项）

2019-10-25 02:50:19,821 - selenium - INFO - Executing use test case:注册页面，检测账号字段规则（长度是否不能小于6位）
2019-10-25 02:50:19,822 - selenium - INFO - input data:username:12,password:,passwd:,phone:,code:,suc:0,assert:帐号6-10位数字或字母
2019-10-25 02:50:19,856 - selenium - INFO - Successful positioning of elements.Positioning method and values used：['id', 'username']
2019-10-25 02:50:20,193 - selenium - INFO - Input content：12
2019-10-25 02:50:20,221 - selenium - INFO - Successful positioning of elements.Positioning method and values used：['id', 'password']
2019-10-25 02:50:20,555 - selenium - INFO - Input content：
2019-10-25 02:50:20,612 - selenium - INFO - Successful positioning of elements.Positioning method and values used：['id', 'passwd']
2019-10-25 02:50:21,128 - selenium - INFO - Input content：
2019-10-25 02:50:21,159 - selenium - INFO - Successful positioning of elements.Positioning method and values used：['id', 'rmNum']
2019-10-25 02:50:21,370 - selenium - INFO - Input content：
2019-10-25 02:50:21,417 - selenium - INFO - Successful positioning of elements.Positioning method and values used：['css selector', 'span > input']
2019-10-25 02:50:21,559 - selenium - INFO - Input content：
2019-10-25 02:50:21,611 - selenium - INFO - Successful positioning of elements.Positioning method and values used：['id', 'OK2']
2019-10-25 02:50:21,741 - selenium - INFO - Click on the element success,location method and value used：['id', 'OK2']
2019-10-25 02:50:21,770 - selenium - INFO - Successful positioning of elements.Positioning method and values used：['css selector', '.err > span']
2019-10-25 02:50:21,812 - selenium - INFO - Obtained text：帐号6-10位数字或字母
2019-10-25 02:50:21,839 - selenium - INFO - Assert Verify success：expected outcome:{帐号6-10位数字或字母} == actual results:{帐号6-10位数字或字母}
2019-10-25 02:50:22,523 - selenium - INFO - Screenshot saved successfully!
2019-10-25 02:50:22,524 - selenium - INFO - Successful execution of test cases:注册页面，检测账号字段规则（长度是否不能小于6位）

2019-10-25 02:50:22,524 - selenium - INFO - Executing use test case:注册页面，检测账号字段规则（是否不能包含中文）
2019-10-25 02:50:22,524 - selenium - INFO - input data:username:阿斯顿但是我,password:,passwd:,phone:,code:,suc:0,assert:帐号6-10位数字或字母
2019-10-25 02:50:22,553 - selenium - INFO - Successful positioning of elements.Positioning method and values used：['id', 'username']
2019-10-25 02:50:22,906 - selenium - INFO - Input content：阿斯顿但是我
2019-10-25 02:50:22,926 - selenium - INFO - Successful positioning of elements.Positioning method and values used：['id', 'password']
2019-10-25 02:50:23,091 - selenium - INFO - Input content：
2019-10-25 02:50:23,114 - selenium - INFO - Successful positioning of elements.Positioning method and values used：['id', 'passwd']
2019-10-25 02:50:23,313 - selenium - INFO - Input content：
2019-10-25 02:50:23,346 - selenium - INFO - Successful positioning of elements.Positioning method and values used：['id', 'rmNum']
2019-10-25 02:50:23,541 - selenium - INFO - Input content：
2019-10-25 02:50:23,564 - selenium - INFO - Successful positioning of elements.Positioning method and values used：['css selector', 'span > input']
2019-10-25 02:50:23,739 - selenium - INFO - Input content：
2019-10-25 02:50:23,760 - selenium - INFO - Successful positioning of elements.Positioning method and values used：['id', 'OK2']
2019-10-25 02:50:24,027 - selenium - INFO - Click on the element success,location method and value used：['id', 'OK2']
2019-10-25 02:50:24,058 - selenium - INFO - Successful positioning of elements.Positioning method and values used：['css selector', '.err > span']
2019-10-25 02:50:24,097 - selenium - INFO - Obtained text：帐号6-10位数字或字母
2019-10-25 02:50:24,111 - selenium - INFO - Assert Verify success：expected outcome:{帐号6-10位数字或字母} == actual results:{帐号6-10位数字或字母}
2019-10-25 02:50:24,938 - selenium - INFO - Screenshot saved successfully!
2019-10-25 02:50:24,938 - selenium - INFO - Successful execution of test cases:注册页面，检测账号字段规则（是否不能包含中文）

2019-10-25 02:50:24,938 - selenium - INFO - Executing use test case:注册页面，检测账号字段规则（是否不能包含特殊字符）
2019-10-25 02:50:24,938 - selenium - INFO - input data:username:*&#123abc,password:,passwd:,phone:,code:,suc:0,assert:帐号6-10位数字或字母
2019-10-25 02:50:24,995 - selenium - INFO - Successful positioning of elements.Positioning method and values used：['id', 'username']
2019-10-25 02:50:25,594 - selenium - INFO - Input content：*&#123abc
2019-10-25 02:50:25,620 - selenium - INFO - Successful positioning of elements.Positioning method and values used：['id', 'password']
2019-10-25 02:50:26,000 - selenium - INFO - Input content：
2019-10-25 02:50:26,024 - selenium - INFO - Successful positioning of elements.Positioning method and values used：['id', 'passwd']
2019-10-25 02:50:26,255 - selenium - INFO - Input content：
2019-10-25 02:50:26,282 - selenium - INFO - Successful positioning of elements.Positioning method and values used：['id', 'rmNum']
2019-10-25 02:50:26,501 - selenium - INFO - Input content：
2019-10-25 02:50:26,535 - selenium - INFO - Successful positioning of elements.Positioning method and values used：['css selector', 'span > input']
2019-10-25 02:50:26,700 - selenium - INFO - Input content：
2019-10-25 02:50:26,748 - selenium - INFO - Successful positioning of elements.Positioning method and values used：['id', 'OK2']
2019-10-25 02:50:26,877 - selenium - INFO - Click on the element success,location method and value used：['id', 'OK2']
2019-10-25 02:50:26,917 - selenium - INFO - Successful positioning of elements.Positioning method and values used：['css selector', '.err > span']
2019-10-25 02:50:26,991 - selenium - INFO - Obtained text：帐号6-10位数字或字母
2019-10-25 02:50:27,020 - selenium - INFO - Assert Verify success：expected outcome:{帐号6-10位数字或字母} == actual results:{帐号6-10位数字或字母}
2019-10-25 02:50:27,666 - selenium - INFO - Screenshot saved successfully!
2019-10-25 02:50:27,666 - selenium - INFO - Successful execution of test cases:注册页面，检测账号字段规则（是否不能包含特殊字符）

2019-10-25 02:50:27,666 - selenium - INFO - Executing use test case:注册页面，检测账号字段规则（长度是否不能小于6位）
2019-10-25 02:50:27,666 - selenium - INFO - input data:username:123as,password:,passwd:,phone:,code:,suc:0,assert:帐号6-10位数字或字母
2019-10-25 02:50:27,727 - selenium - INFO - Successful positioning of elements.Positioning method and values used：['id', 'username']
2019-10-25 02:50:28,067 - selenium - INFO - Input content：123as
2019-10-25 02:50:28,122 - selenium - INFO - Successful positioning of elements.Positioning method and values used：['id', 'password']
2019-10-25 02:50:28,467 - selenium - INFO - Input content：
2019-10-25 02:50:28,546 - selenium - INFO - Successful positioning of elements.Positioning method and values used：['id', 'passwd']
2019-10-25 02:50:28,833 - selenium - INFO - Input content：
2019-10-25 02:50:28,879 - selenium - INFO - Successful positioning of elements.Positioning method and values used：['id', 'rmNum']
2019-10-25 02:50:29,181 - selenium - INFO - Input content：
2019-10-25 02:50:29,214 - selenium - INFO - Successful positioning of elements.Positioning method and values used：['css selector', 'span > input']
2019-10-25 02:50:29,500 - selenium - INFO - Input content：
2019-10-25 02:50:29,557 - selenium - INFO - Successful positioning of elements.Positioning method and values used：['id', 'OK2']
2019-10-25 02:50:29,661 - selenium - INFO - Click on the element success,location method and value used：['id', 'OK2']
2019-10-25 02:50:29,693 - selenium - INFO - Successful positioning of elements.Positioning method and values used：['css selector', '.err > span']
2019-10-25 02:50:29,773 - selenium - INFO - Obtained text：帐号6-10位数字或字母
2019-10-25 02:50:29,812 - selenium - INFO - Assert Verify success：expected outcome:{帐号6-10位数字或字母} == actual results:{帐号6-10位数字或字母}
2019-10-25 02:50:30,519 - selenium - INFO - Screenshot saved successfully!
2019-10-25 02:50:30,519 - selenium - INFO - Successful execution of test cases:注册页面，检测账号字段规则（长度是否不能小于6位）

2019-10-25 02:50:30,519 - selenium - INFO - Executing use test case:注册页面，检测密码字段规则（是否为必填项）
2019-10-25 02:50:30,520 - selenium - INFO - input data:username:Entech9998,password:,passwd:,phone:,code:,suc:0,assert:密码8-20位数字或字母
2019-10-25 02:50:30,578 - selenium - INFO - Successful positioning of elements.Positioning method and values used：['id', 'username']
2019-10-25 02:50:31,162 - selenium - INFO - Input content：Entech9998
2019-10-25 02:50:31,204 - selenium - INFO - Successful positioning of elements.Positioning method and values used：['id', 'password']
2019-10-25 02:50:31,498 - selenium - INFO - Input content：
2019-10-25 02:50:31,529 - selenium - INFO - Successful positioning of elements.Positioning method and values used：['id', 'passwd']
2019-10-25 02:50:31,872 - selenium - INFO - Input content：
2019-10-25 02:50:31,960 - selenium - INFO - Successful positioning of elements.Positioning method and values used：['id', 'rmNum']
2019-10-25 02:50:32,214 - selenium - INFO - Input content：
2019-10-25 02:50:32,232 - selenium - INFO - Successful positioning of elements.Positioning method and values used：['css selector', 'span > input']
2019-10-25 02:50:32,435 - selenium - INFO - Input content：
2019-10-25 02:50:32,466 - selenium - INFO - Successful positioning of elements.Positioning method and values used：['id', 'OK2']
2019-10-25 02:50:32,627 - selenium - INFO - Click on the element success,location method and value used：['id', 'OK2']
2019-10-25 02:50:32,779 - selenium - INFO - Successful positioning of elements.Positioning method and values used：['css selector', '.err > span']
2019-10-25 02:50:32,850 - selenium - INFO - Obtained text：密码8-20位数字或字母
2019-10-25 02:50:32,900 - selenium - INFO - Assert Verify success：expected outcome:{密码8-20位数字或字母} == actual results:{密码8-20位数字或字母}
2019-10-25 02:50:33,913 - selenium - INFO - Screenshot saved successfully!
2019-10-25 02:50:33,913 - selenium - INFO - Successful execution of test cases:注册页面，检测密码字段规则（是否为必填项）

2019-10-25 02:50:33,914 - selenium - INFO - Executing use test case:注册页面，检测验证码字段规则（是否为必填项）
2019-10-25 02:50:33,914 - selenium - INFO - input data:username:Entech9998,password:12345678,passwd:12345678,phone:,code:,suc:0,assert:请输入验证码
2019-10-25 02:50:33,963 - selenium - INFO - Successful positioning of elements.Positioning method and values used：['id', 'username']
2019-10-25 02:50:34,482 - selenium - INFO - Input content：Entech9998
2019-10-25 02:50:34,499 - selenium - INFO - Successful positioning of elements.Positioning method and values used：['id', 'password']
2019-10-25 02:50:34,917 - selenium - INFO - Input content：12345678
2019-10-25 02:50:34,939 - selenium - INFO - Successful positioning of elements.Positioning method and values used：['id', 'passwd']
2019-10-25 02:50:35,632 - selenium - INFO - Input content：12345678
2019-10-25 02:50:35,681 - selenium - INFO - Successful positioning of elements.Positioning method and values used：['id', 'rmNum']
2019-10-25 02:50:35,994 - selenium - INFO - Input content：
2019-10-25 02:50:36,022 - selenium - INFO - Successful positioning of elements.Positioning method and values used：['css selector', 'span > input']
2019-10-25 02:50:36,314 - selenium - INFO - Input content：
2019-10-25 02:50:36,365 - selenium - INFO - Successful positioning of elements.Positioning method and values used：['id', 'OK2']
2019-10-25 02:50:36,462 - selenium - INFO - Click on the element success,location method and value used：['id', 'OK2']
2019-10-25 02:50:36,482 - selenium - INFO - Successful positioning of elements.Positioning method and values used：['css selector', '.err > span']
2019-10-25 02:50:36,533 - selenium - INFO - Obtained text：请输入验证码
2019-10-25 02:50:36,596 - selenium - INFO - Assert Verify success：expected outcome:{请输入验证码} == actual results:{请输入验证码}
2019-10-25 02:50:37,628 - selenium - INFO - Screenshot saved successfully!
2019-10-25 02:50:37,628 - selenium - INFO - Successful execution of test cases:注册页面，检测验证码字段规则（是否为必填项）

2019-10-25 02:50:37,628 - selenium - INFO - Executing use test case:注册页面，检测手机号字段规则（是否为必填项）
2019-10-25 02:50:37,629 - selenium - INFO - input data:username:Entech9998,password:12345678,passwd:12345678,phone:1233,code:,suc:0,assert:请输入手机号
2019-10-25 02:50:37,668 - selenium - INFO - Successful positioning of elements.Positioning method and values used：['id', 'username']
2019-10-25 02:50:38,294 - selenium - INFO - Input content：Entech9998
2019-10-25 02:50:38,321 - selenium - INFO - Successful positioning of elements.Positioning method and values used：['id', 'password']
2019-10-25 02:50:38,864 - selenium - INFO - Input content：12345678
2019-10-25 02:50:38,905 - selenium - INFO - Successful positioning of elements.Positioning method and values used：['id', 'passwd']
2019-10-25 02:50:39,394 - selenium - INFO - Input content：12345678
2019-10-25 02:50:39,430 - selenium - INFO - Successful positioning of elements.Positioning method and values used：['id', 'rmNum']
2019-10-25 02:50:39,753 - selenium - INFO - Input content：1233
2019-10-25 02:50:39,789 - selenium - INFO - Successful positioning of elements.Positioning method and values used：['css selector', 'span > input']
2019-10-25 02:50:39,984 - selenium - INFO - Input content：
2019-10-25 02:50:40,026 - selenium - INFO - Successful positioning of elements.Positioning method and values used：['id', 'OK2']
2019-10-25 02:50:40,223 - selenium - INFO - Click on the element success,location method and value used：['id', 'OK2']
2019-10-25 02:50:40,244 - selenium - INFO - Successful positioning of elements.Positioning method and values used：['css selector', '.err > span']
2019-10-25 02:50:40,292 - selenium - INFO - Obtained text：请输入手机号
2019-10-25 02:50:40,337 - selenium - INFO - Assert Verify success：expected outcome:{请输入手机号} == actual results:{请输入手机号}
2019-10-25 02:50:41,275 - selenium - INFO - Screenshot saved successfully!
2019-10-25 02:50:41,275 - selenium - INFO - Successful execution of test cases:注册页面，检测手机号字段规则（是否为必填项）

2019-10-25 02:50:41,275 - selenium - INFO - Executing use test case:注册页面，检测密码字段规则（最小长度是否为8位）
2019-10-25 02:50:41,275 - selenium - INFO - input data:username:Entech9998,password:12345,passwd:12345,phone:1233,code:11144434443,suc:0,assert:密码 的最小长度为 8 字符
2019-10-25 02:50:41,406 - selenium - INFO - Successful positioning of elements.Positioning method and values used：['id', 'username']
2019-10-25 02:50:42,216 - selenium - INFO - Input content：Entech9998
2019-10-25 02:50:42,247 - selenium - INFO - Successful positioning of elements.Positioning method and values used：['id', 'password']
2019-10-25 02:50:42,647 - selenium - INFO - Input content：12345
2019-10-25 02:50:42,716 - selenium - INFO - Successful positioning of elements.Positioning method and values used：['id', 'passwd']
2019-10-25 02:50:43,427 - selenium - INFO - Input content：12345
2019-10-25 02:50:43,454 - selenium - INFO - Successful positioning of elements.Positioning method and values used：['id', 'rmNum']
2019-10-25 02:50:43,911 - selenium - INFO - Input content：1233
2019-10-25 02:50:43,960 - selenium - INFO - Successful positioning of elements.Positioning method and values used：['css selector', 'span > input']
2019-10-25 02:50:44,510 - selenium - INFO - Input content：11144434443
2019-10-25 02:50:44,541 - selenium - INFO - Successful positioning of elements.Positioning method and values used：['id', 'OK2']
2019-10-25 02:50:44,695 - selenium - INFO - Click on the element success,location method and value used：['id', 'OK2']
2019-10-25 02:50:44,970 - selenium - INFO - Successful positioning of elements.Positioning method and values used：['css selector', '.err > span']
2019-10-25 02:50:45,029 - selenium - INFO - Obtained text：密码 的最小长度为 8 字符
2019-10-25 02:50:45,070 - selenium - INFO - Assert Verify success：expected outcome:{密码的最小长度为8字符} == actual results:{密码的最小长度为8字符}
2019-10-25 02:50:45,825 - selenium - INFO - Screenshot saved successfully!
2019-10-25 02:50:45,825 - selenium - INFO - Successful execution of test cases:注册页面，检测密码字段规则（最小长度是否为8位）

2019-10-25 02:50:45,825 - selenium - INFO - Executing use test case:注册页面，检测密码字段规则（最小长度是否为8位）
2019-10-25 02:50:45,825 - selenium - INFO - input data:username:Entech9998,password:1234,passwd:1234,phone:1233,code:11144434443,suc:0,assert:密码8-20位数字或字母
2019-10-25 02:50:45,843 - selenium - INFO - Successful positioning of elements.Positioning method and values used：['id', 'username']
2019-10-25 02:50:46,341 - selenium - INFO - Input content：Entech9998
2019-10-25 02:50:46,359 - selenium - INFO - Successful positioning of elements.Positioning method and values used：['id', 'password']
2019-10-25 02:50:46,606 - selenium - INFO - Input content：1234
2019-10-25 02:50:46,628 - selenium - INFO - Successful positioning of elements.Positioning method and values used：['id', 'passwd']
2019-10-25 02:50:47,020 - selenium - INFO - Input content：1234
2019-10-25 02:50:47,075 - selenium - INFO - Successful positioning of elements.Positioning method and values used：['id', 'rmNum']
2019-10-25 02:50:47,416 - selenium - INFO - Input content：1233
2019-10-25 02:50:47,442 - selenium - INFO - Successful positioning of elements.Positioning method and values used：['css selector', 'span > input']
2019-10-25 02:50:48,302 - selenium - INFO - Input content：11144434443
2019-10-25 02:50:48,331 - selenium - INFO - Successful positioning of elements.Positioning method and values used：['id', 'OK2']
2019-10-25 02:50:48,532 - selenium - INFO - Click on the element success,location method and value used：['id', 'OK2']
2019-10-25 02:50:48,578 - selenium - INFO - Successful positioning of elements.Positioning method and values used：['css selector', '.err > span']
2019-10-25 02:50:48,610 - selenium - INFO - Obtained text：密码8-20位数字或字母
2019-10-25 02:50:48,633 - selenium - INFO - Assert Verify success：expected outcome:{密码8-20位数字或字母} == actual results:{密码8-20位数字或字母}
2019-10-25 02:50:49,502 - selenium - INFO - Screenshot saved successfully!
2019-10-25 02:50:49,502 - selenium - INFO - Successful execution of test cases:注册页面，检测密码字段规则（最小长度是否为8位）

2019-10-25 02:50:49,503 - selenium - INFO - Executing use test case:注册页面，检测手机号字段规则（手机格式）
2019-10-25 02:50:49,503 - selenium - INFO - input data:username:Entech9998,password:12345678,passwd:12345678,phone:1233,code:11144434443,suc:0,assert:请填写正确的手机号码.
2019-10-25 02:50:49,564 - selenium - INFO - Successful positioning of elements.Positioning method and values used：['id', 'username']
2019-10-25 02:50:50,112 - selenium - INFO - Input content：Entech9998
2019-10-25 02:50:50,140 - selenium - INFO - Successful positioning of elements.Positioning method and values used：['id', 'password']
2019-10-25 02:50:50,555 - selenium - INFO - Input content：12345678
2019-10-25 02:50:50,582 - selenium - INFO - Successful positioning of elements.Positioning method and values used：['id', 'passwd']
2019-10-25 02:50:50,902 - selenium - INFO - Input content：12345678
2019-10-25 02:50:50,940 - selenium - INFO - Successful positioning of elements.Positioning method and values used：['id', 'rmNum']
2019-10-25 02:50:51,157 - selenium - INFO - Input content：1233
2019-10-25 02:50:51,184 - selenium - INFO - Successful positioning of elements.Positioning method and values used：['css selector', 'span > input']
2019-10-25 02:50:51,578 - selenium - INFO - Input content：11144434443
2019-10-25 02:50:51,601 - selenium - INFO - Successful positioning of elements.Positioning method and values used：['id', 'OK2']
2019-10-25 02:50:51,655 - selenium - INFO - Click on the element success,location method and value used：['id', 'OK2']
2019-10-25 02:50:51,824 - selenium - INFO - Successful positioning of elements.Positioning method and values used：['css selector', '.err > span']
2019-10-25 02:50:51,871 - selenium - INFO - Obtained text：请填写正确的手机号码.
2019-10-25 02:50:51,927 - selenium - INFO - Assert Verify success：expected outcome:{请填写正确的手机号码.} == actual results:{请填写正确的手机号码.}
2019-10-25 02:50:52,503 - selenium - INFO - Screenshot saved successfully!
2019-10-25 02:50:52,503 - selenium - INFO - Successful execution of test cases:注册页面，检测手机号字段规则（手机格式）

2019-10-25 02:50:52,503 - selenium - INFO - Executing use test case:注册页面，检测密码字段规则（是否区分密码字母大小写）
2019-10-25 02:50:52,503 - selenium - INFO - input data:username:Entech9998,password:1234567a,passwd:1234567A,phone:1233,code:13944434443,suc:0,assert:两次密码不一致
2019-10-25 02:50:52,556 - selenium - INFO - Successful positioning of elements.Positioning method and values used：['id', 'username']
2019-10-25 02:50:53,107 - selenium - INFO - Input content：Entech9998
2019-10-25 02:50:53,129 - selenium - INFO - Successful positioning of elements.Positioning method and values used：['id', 'password']
2019-10-25 02:50:53,443 - selenium - INFO - Input content：1234567a
2019-10-25 02:50:53,465 - selenium - INFO - Successful positioning of elements.Positioning method and values used：['id', 'passwd']
2019-10-25 02:50:53,881 - selenium - INFO - Input content：1234567A
2019-10-25 02:50:53,914 - selenium - INFO - Successful positioning of elements.Positioning method and values used：['id', 'rmNum']
2019-10-25 02:50:54,265 - selenium - INFO - Input content：1233
2019-10-25 02:50:54,341 - selenium - INFO - Successful positioning of elements.Positioning method and values used：['css selector', 'span > input']
2019-10-25 02:50:54,883 - selenium - INFO - Input content：13944434443
2019-10-25 02:50:54,903 - selenium - INFO - Successful positioning of elements.Positioning method and values used：['id', 'OK2']
2019-10-25 02:50:54,994 - selenium - INFO - Click on the element success,location method and value used：['id', 'OK2']
2019-10-25 02:50:55,053 - selenium - INFO - Successful positioning of elements.Positioning method and values used：['css selector', '.err > span']
2019-10-25 02:50:55,120 - selenium - INFO - Obtained text：两次密码不一致
2019-10-25 02:50:55,146 - selenium - INFO - Assert Verify success：expected outcome:{两次密码不一致} == actual results:{两次密码不一致}
2019-10-25 02:50:55,803 - selenium - INFO - Screenshot saved successfully!
2019-10-25 02:50:55,803 - selenium - INFO - Successful execution of test cases:注册页面，检测密码字段规则（是否区分密码字母大小写）

2019-10-25 02:50:55,804 - selenium - INFO - Executing use test case:注册页面，检测是否能阻止重复注册
2019-10-25 02:50:55,804 - selenium - INFO - input data:username:enintech0,password:987456123,passwd:987456123,phone:1233,code:13944434443,suc:0,assert:帐号已存在
2019-10-25 02:50:55,838 - selenium - INFO - Successful positioning of elements.Positioning method and values used：['id', 'username']
2019-10-25 02:50:56,277 - selenium - INFO - Input content：enintech0
2019-10-25 02:50:56,318 - selenium - INFO - Successful positioning of elements.Positioning method and values used：['id', 'password']
2019-10-25 02:50:56,712 - selenium - INFO - Input content：987456123
2019-10-25 02:50:56,732 - selenium - INFO - Successful positioning of elements.Positioning method and values used：['id', 'passwd']
2019-10-25 02:50:57,077 - selenium - INFO - Input content：987456123
2019-10-25 02:50:57,125 - selenium - INFO - Successful positioning of elements.Positioning method and values used：['id', 'rmNum']
2019-10-25 02:50:57,497 - selenium - INFO - Input content：1233
2019-10-25 02:50:57,520 - selenium - INFO - Successful positioning of elements.Positioning method and values used：['css selector', 'span > input']
2019-10-25 02:50:58,066 - selenium - INFO - Input content：13944434443
2019-10-25 02:50:58,099 - selenium - INFO - Successful positioning of elements.Positioning method and values used：['id', 'OK2']
2019-10-25 02:50:58,196 - selenium - INFO - Click on the element success,location method and value used：['id', 'OK2']
2019-10-25 02:50:58,363 - selenium - INFO - Successful positioning of elements.Positioning method and values used：['css selector', '.err > span']
2019-10-25 02:50:58,455 - selenium - INFO - Obtained text：帐号已存在
2019-10-25 02:50:58,497 - selenium - INFO - Assert Verify success：expected outcome:{帐号已存在} == actual results:{帐号已存在}
2019-10-25 02:50:59,353 - selenium - INFO - Screenshot saved successfully!
2019-10-25 02:50:59,353 - selenium - INFO - Successful execution of test cases:注册页面，检测是否能阻止重复注册

2019-10-25 02:50:59,353 - selenium - INFO - Executing use test case:注册页面，检测验证码字段规则（错误验证码是否阻止注册）
2019-10-25 02:50:59,353 - selenium - INFO - input data:username:Entech9998,password:1234567a,passwd:1234567a,phone:1111,code:13944434443,suc:0,assert:验证码错误
2019-10-25 02:50:59,382 - selenium - INFO - Successful positioning of elements.Positioning method and values used：['id', 'username']
2019-10-25 02:50:59,825 - selenium - INFO - Input content：Entech9998
2019-10-25 02:50:59,858 - selenium - INFO - Successful positioning of elements.Positioning method and values used：['id', 'password']
2019-10-25 02:51:00,387 - selenium - INFO - Input content：1234567a
2019-10-25 02:51:00,449 - selenium - INFO - Successful positioning of elements.Positioning method and values used：['id', 'passwd']
2019-10-25 02:51:01,033 - selenium - INFO - Input content：1234567a
2019-10-25 02:51:01,079 - selenium - INFO - Successful positioning of elements.Positioning method and values used：['id', 'rmNum']
2019-10-25 02:51:01,426 - selenium - INFO - Input content：1111
2019-10-25 02:51:01,450 - selenium - INFO - Successful positioning of elements.Positioning method and values used：['css selector', 'span > input']
2019-10-25 02:51:01,931 - selenium - INFO - Input content：13944434443
2019-10-25 02:51:01,961 - selenium - INFO - Successful positioning of elements.Positioning method and values used：['id', 'OK2']
2019-10-25 02:51:02,066 - selenium - INFO - Click on the element success,location method and value used：['id', 'OK2']
2019-10-25 02:51:02,317 - selenium - INFO - Successful positioning of elements.Positioning method and values used：['css selector', '.err > span']
2019-10-25 02:51:02,388 - selenium - INFO - Obtained text：验证码错误
2019-10-25 02:51:02,439 - selenium - INFO - Assert Verify success：expected outcome:{验证码错误} == actual results:{验证码错误}
2019-10-25 02:51:03,207 - selenium - INFO - Screenshot saved successfully!
2019-10-25 02:51:03,207 - selenium - INFO - Successful execution of test cases:注册页面，检测验证码字段规则（错误验证码是否阻止注册）

2019-10-25 02:51:03,207 - selenium - INFO - Executing use test case:检测是否能够成功注册账号
2019-10-25 02:51:03,293 - selenium - INFO - Successful positioning of elements.Positioning method and values used：['id', 'username']
2019-10-25 02:51:03,741 - selenium - INFO - Input content：enintech29
2019-10-25 02:51:03,768 - selenium - INFO - Successful positioning of elements.Positioning method and values used：['id', 'password']
2019-10-25 02:51:04,156 - selenium - INFO - Input content：12345678
2019-10-25 02:51:04,175 - selenium - INFO - Successful positioning of elements.Positioning method and values used：['id', 'passwd']
2019-10-25 02:51:04,496 - selenium - INFO - Input content：12345678
2019-10-25 02:51:04,529 - selenium - INFO - Successful positioning of elements.Positioning method and values used：['css selector', 'span > input']
2019-10-25 02:51:04,889 - selenium - INFO - Input content：13988889999
2019-10-25 02:51:09,221 - selenium - INFO - Forced wait 2 second
2019-10-25 02:51:09,239 - selenium - INFO - Successful positioning of elements.Positioning method and values used：['id', 'rmNum']
2019-10-25 02:51:09,470 - selenium - INFO - Input content：7783
2019-10-25 02:51:09,499 - selenium - INFO - Successful positioning of elements.Positioning method and values used：['id', 'OK2']
2019-10-25 02:51:09,611 - selenium - INFO - Click on the element success,location method and value used：['id', 'OK2']
2019-10-25 02:51:11,613 - selenium - INFO - Forced wait 2 second
2019-10-25 02:51:11,637 - selenium - INFO - Successful positioning of elements.Positioning method and values used：['css selector', '.err > span']
2019-10-25 02:51:11,661 - selenium - INFO - Obtained text：请勿重复注册
2019-10-25 02:51:11,736 - selenium - INFO - Successful positioning of elements.Positioning method and values used：['css selector', '.err > span']
2019-10-25 02:51:11,755 - selenium - INFO - Obtained text：请勿重复注册
2019-10-25 02:51:11,811 - selenium - INFO - Successful positioning of elements.Positioning method and values used：['css selector', '.err > span']
2019-10-25 02:51:11,868 - selenium - INFO - Obtained text：请勿重复注册
2019-10-25 02:51:23,591 - selenium - INFO - 在section：environment下读取browser的值
2019-10-25 02:51:23,592 - selenium - INFO - Read browser configuration, value：chrome
2019-10-25 02:51:23,592 - selenium - INFO - 在section：environment下读取url的值
2019-10-25 02:51:23,592 - selenium - INFO - Read url configuration, value：http://blr.9161252.com/#/home
2019-10-25 02:51:26,892 - selenium - INFO - Visit website：http://blr.9161252.com/#/home
2019-10-25 02:51:27,010 - selenium - INFO - Browser maximization
2019-10-25 02:51:27,020 - selenium - INFO - Set static wait time 10 seconds
2019-10-25 02:51:27,020 - selenium - INFO - Executing test cases：新注册会员，验证系统消息是否正确
2019-10-25 02:51:28,177 - selenium - INFO - Successful positioning of elements.Positioning method and values used：['css selector', '.close']
2019-10-25 02:51:28,298 - selenium - INFO - Successful positioning of elements.Positioning method and values used：['css selector', '.close']
2019-10-25 02:51:28,756 - selenium - INFO - Click on the element success,location method and value used：['css selector', '.close']
2019-10-25 02:51:28,946 - selenium - INFO - Successful positioning of elements.Positioning method and values used：['css selector', '.input-bg:nth-child(1)']
2019-10-25 02:51:29,495 - selenium - INFO - Input content：enintech28
2019-10-25 02:51:29,532 - selenium - INFO - Successful positioning of elements.Positioning method and values used：['id', 'txtFacade']
2019-10-25 02:51:29,827 - selenium - INFO - Input content：12345678
2019-10-25 02:51:40,962 - selenium - INFO - Successful positioning of elements.Positioning method and values used：['css selector', '.loginBtn']
2019-10-25 02:51:41,279 - selenium - INFO - Click on the element success,location method and value used：['css selector', '.loginBtn']
2019-10-25 02:51:41,279 - selenium - ERROR - 定位验证码元素失败，原因：界面不存在验证码-Message: 

2019-10-25 02:51:42,355 - selenium - INFO - Forced wait 1 second
2019-10-25 02:51:42,355 - selenium - INFO - JavaScript execution is successful，JavaScript content is：var q=document.documentElement.scrollTop=0
2019-10-25 02:51:43,357 - selenium - INFO - Forced wait 1 second
2019-10-25 02:51:43,402 - selenium - INFO - Successful positioning of elements.Positioning method and values used：['css selector', '.message']
2019-10-25 02:51:44,450 - selenium - INFO - Click on the element success,location method and value used：['css selector', '.message']
2019-10-25 02:51:44,476 - selenium - INFO - Successful positioning of elements.Positioning method and values used：['css selector', '.preferential > .header']
2019-10-25 02:51:44,599 - selenium - INFO - Obtained text：系统信息
2019-10-25 02:51:47,477 - selenium - INFO - Screenshot saved successfully!
2019-10-25 02:51:47,978 - selenium - INFO - Successful positioning of elements.Positioning method and values used：['xpath', '/html/body/div/div/div[2]/div/div/div/div/div[2]/div[2]/ul/li[2]/span']
2019-10-25 02:51:50,203 - selenium - INFO - Click on the element success,location method and value used：['xpath', '/html/body/div/div/div[2]/div/div/div/div/div[2]/div[2]/ul/li[2]/span']
2019-10-25 02:51:50,203 - selenium - INFO - Successful execution of test cases:新注册会员，验证系统消息是否正确
2019-10-25 02:51:50,204 - selenium - INFO - Executing test cases：新注册会员，验证是否能够成功发送投诉建议
2019-10-25 02:51:50,782 - selenium - INFO - Successful positioning of elements.Positioning method and values used：['css selector', '.row > input']
2019-10-25 02:51:52,860 - selenium - INFO - Input content：
2019-10-25 02:51:53,266 - selenium - INFO - Successful positioning of elements.Positioning method and values used：['css selector', 'textarea']
2019-10-25 02:51:55,429 - selenium - INFO - Input content：
2019-10-25 02:51:56,434 - selenium - INFO - Successful positioning of elements.Positioning method and values used：['css selector', '.submit']
2019-10-25 02:51:58,329 - selenium - INFO - Click on the element success,location method and value used：['css selector', '.submit']
2019-10-25 02:51:58,846 - selenium - INFO - Successful positioning of elements.Positioning method and values used：['css selector', '.toast']
2019-10-25 02:51:59,426 - selenium - INFO - Obtained text：请输入标题
2019-10-25 02:52:01,427 - selenium - INFO - Screenshot saved successfully!
2019-10-25 02:52:01,427 - selenium - INFO - Successful execution of test cases:新注册会员，验证是否能够成功发送投诉建议
2019-10-25 02:52:01,428 - selenium - INFO - Executing test cases：新注册会员，验证是否能够成功发送投诉建议
2019-10-25 02:52:01,832 - selenium - INFO - Successful positioning of elements.Positioning method and values used：['css selector', '.row > input']
2019-10-25 02:52:03,955 - selenium - INFO - Input content：测试-投诉消息
2019-10-25 02:52:04,541 - selenium - INFO - Successful positioning of elements.Positioning method and values used：['css selector', 'textarea']
2019-10-25 02:52:06,293 - selenium - INFO - Input content：
2019-10-25 02:52:06,728 - selenium - INFO - Successful positioning of elements.Positioning method and values used：['css selector', '.submit']
2019-10-25 02:52:08,071 - selenium - INFO - Click on the element success,location method and value used：['css selector', '.submit']
2019-10-25 02:52:08,488 - selenium - INFO - Successful positioning of elements.Positioning method and values used：['css selector', '.toast']
2019-10-25 02:52:08,659 - selenium - INFO - Obtained text：请输入内容
2019-10-25 02:52:10,161 - selenium - INFO - Screenshot saved successfully!
2019-10-25 02:52:10,161 - selenium - INFO - Successful execution of test cases:新注册会员，验证是否能够成功发送投诉建议
2019-10-25 02:52:10,162 - selenium - INFO - Executing test cases：新注册会员，验证是否能够成功发送投诉建议
2019-10-25 02:52:10,531 - selenium - INFO - Successful positioning of elements.Positioning method and values used：['css selector', '.row > input']
2019-10-25 02:52:14,015 - selenium - INFO - Input content：测试-投诉消息
2019-10-25 02:52:14,365 - selenium - INFO - Successful positioning of elements.Positioning method and values used：['css selector', 'textarea']
2019-10-25 02:52:18,979 - selenium - INFO - Input content：测试投诉消息哦~！！！293929
2019-10-25 02:52:19,467 - selenium - INFO - Successful positioning of elements.Positioning method and values used：['css selector', '.submit']
2019-10-25 02:52:21,098 - selenium - INFO - Click on the element success,location method and value used：['css selector', '.submit']
2019-10-25 02:52:21,529 - selenium - INFO - Successful positioning of elements.Positioning method and values used：['css selector', '.toast']
2019-10-25 02:52:21,959 - selenium - INFO - Obtained text：发送成功
确认
2019-10-25 02:52:24,138 - selenium - INFO - Screenshot saved successfully!
2019-10-25 02:52:24,138 - selenium - INFO - Successful execution of test cases:新注册会员，验证是否能够成功发送投诉建议
2019-10-25 02:52:24,138 - selenium - INFO - Executing test cases：新注册会员，验证已发投注信息的内容是否正确
2019-10-25 02:52:24,622 - selenium - INFO - Successful positioning of elements.Positioning method and values used：['xpath', '/html/body/div/div/div[2]/div/div/div/div/div[2]/div[2]/ul/li[3]/span']
2019-10-25 02:52:25,165 - selenium - INFO - Click on the element success,location method and value used：['xpath', '/html/body/div/div/div[2]/div/div/div/div/div[2]/div[2]/ul/li[3]/span']
2019-10-25 02:52:25,545 - selenium - INFO - Successful positioning of elements.Positioning method and values used：['css selector', '.contentActive > .title']
2019-10-25 02:52:25,994 - selenium - INFO - Obtained text：测试-投诉消息
2019-10-25 02:52:26,987 - selenium - INFO - Successful positioning of elements.Positioning method and values used：['css selector', '.contentActive > .main']
2019-10-25 02:52:27,308 - selenium - INFO - Obtained text：测试投诉消息哦~！！！293929
2019-10-25 02:52:28,246 - selenium - INFO - Successful positioning of elements.Positioning method and values used：['xpath', '/html/body/div/div/div[2]/div/div/div/div[3]/div[2]/div/div[2]/div/p']
2019-10-25 02:52:28,788 - selenium - INFO - Obtained text：10-25
2019-10-25 02:52:30,791 - selenium - INFO - Screenshot saved successfully!
2019-10-25 02:52:30,792 - selenium - INFO - Successful execution of test cases:新注册会员，验证已发投注信息的内容是否正确
2019-10-25 02:52:34,488 - selenium - INFO - 在section：copy下读取pro_copy的值
2019-10-25 02:52:34,491 - selenium - INFO - 在section：reports下读取pro的值
2019-10-25 02:52:36,409 - selenium - INFO - 在section：title下读取pro的值
2019-10-25 02:52:36,409 - selenium - INFO - 在section：environment下读取url的值
2019-10-25 02:52:36,499 - selenium - INFO - 在section：telegram下读取token的值
2019-10-25 02:52:36,500 - selenium - INFO - 在section：telegram下读取chat_id的值
