2019-10-25 03:47:29,803 - selenium - INFO - 在section：environment下读取browser的值
2019-10-25 03:47:29,803 - selenium - INFO - Read browser configuration, value：chrome
2019-10-25 03:47:29,803 - selenium - INFO - 在section：environment下读取url的值
2019-10-25 03:47:29,804 - selenium - INFO - Read url configuration, value：http://blr.9161252.com/#/home
2019-10-25 03:47:33,695 - selenium - INFO - Visit website：http://blr.9161252.com/#/home
2019-10-25 03:47:33,814 - selenium - INFO - Browser maximization
2019-10-25 03:47:33,821 - selenium - INFO - Set static wait time 10 seconds
2019-10-25 03:47:33,821 - selenium - INFO - Executing use test case:
2019-10-25 03:47:35,020 - selenium - INFO - Successful positioning of elements.Positioning method and values used：['css selector', '.close']
2019-10-25 03:47:35,201 - selenium - INFO - Successful positioning of elements.Positioning method and values used：['css selector', '.close']
2019-10-25 03:47:35,445 - selenium - INFO - Click on the element success,location method and value used：['css selector', '.close']
2019-10-25 03:47:35,535 - selenium - INFO - Successful positioning of elements.Positioning method and values used：['css selector', '.regBtn']
2019-10-25 03:47:35,835 - selenium - INFO - Click on the element success,location method and value used：['css selector', '.regBtn']
2019-10-25 03:47:37,242 - selenium - INFO - Successful positioning of elements.Positioning method and values used：['id', 'username']
2019-10-25 03:47:37,984 - selenium - INFO - Input content：enintech0
2019-10-25 03:47:38,012 - selenium - INFO - Successful positioning of elements.Positioning method and values used：['id', 'password']
2019-10-25 03:47:38,403 - selenium - INFO - Input content：12345678
2019-10-25 03:47:38,429 - selenium - INFO - Successful positioning of elements.Positioning method and values used：['id', 'passwd']
2019-10-25 03:47:38,723 - selenium - INFO - Input content：12345678
2019-10-25 03:47:38,764 - selenium - INFO - Successful positioning of elements.Positioning method and values used：['id', 'rmNum']
2019-10-25 03:47:39,055 - selenium - INFO - Input content：1234
2019-10-25 03:47:39,096 - selenium - INFO - Successful positioning of elements.Positioning method and values used：['css selector', 'span > input']
2019-10-25 03:47:39,622 - selenium - INFO - Input content：13898378887
2019-10-25 03:47:39,652 - selenium - INFO - Successful positioning of elements.Positioning method and values used：['id', 'CANCEL2']
2019-10-25 03:47:39,850 - selenium - INFO - Click on the element success,location method and value used：['id', 'CANCEL2']
2019-10-25 03:47:39,922 - selenium - INFO - Successful positioning of elements.Positioning method and values used：['id', 'OK2']
2019-10-25 03:47:40,116 - selenium - INFO - Click on the element success,location method and value used：['id', 'OK2']
2019-10-25 03:47:40,181 - selenium - INFO - Successful positioning of elements.Positioning method and values used：['css selector', '.err > span']
2019-10-25 03:47:40,234 - selenium - INFO - Obtained text：帐号6-10位数字或字母
2019-10-25 03:47:40,280 - selenium - INFO - Failure of test case execution! Reason: '帐号6-10位数字或字母' != None : Assert Verification fail：expected outcome{None} != actual results{帐号6-10位数字或字母}

2019-10-25 03:47:40,281 - selenium - INFO - Executing use test case:注册页面，检测账号字段规则（是否为必填项）
2019-10-25 03:47:40,281 - selenium - INFO - input data:username:,password:,passwd:,phone:,code:,suc:0,assert:帐号6-10位数字或字母
2019-10-25 03:47:40,300 - selenium - INFO - Successful positioning of elements.Positioning method and values used：['id', 'username']
2019-10-25 03:47:40,482 - selenium - INFO - Input content：
2019-10-25 03:47:40,513 - selenium - INFO - Successful positioning of elements.Positioning method and values used：['id', 'password']
2019-10-25 03:47:40,674 - selenium - INFO - Input content：
2019-10-25 03:47:40,706 - selenium - INFO - Successful positioning of elements.Positioning method and values used：['id', 'passwd']
2019-10-25 03:47:40,981 - selenium - INFO - Input content：
2019-10-25 03:47:41,026 - selenium - INFO - Successful positioning of elements.Positioning method and values used：['id', 'rmNum']
2019-10-25 03:47:41,159 - selenium - INFO - Input content：
2019-10-25 03:47:41,210 - selenium - INFO - Successful positioning of elements.Positioning method and values used：['css selector', 'span > input']
2019-10-25 03:47:41,434 - selenium - INFO - Input content：
2019-10-25 03:47:41,455 - selenium - INFO - Successful positioning of elements.Positioning method and values used：['id', 'OK2']
2019-10-25 03:47:41,543 - selenium - INFO - Click on the element success,location method and value used：['id', 'OK2']
2019-10-25 03:47:41,572 - selenium - INFO - Successful positioning of elements.Positioning method and values used：['css selector', '.err > span']
2019-10-25 03:47:41,603 - selenium - INFO - Obtained text：帐号6-10位数字或字母
2019-10-25 03:47:41,647 - selenium - INFO - Assert Verify success：expected outcome:{帐号6-10位数字或字母} == actual results:{帐号6-10位数字或字母}
2019-10-25 03:47:42,486 - selenium - INFO - Screenshot saved successfully!
2019-10-25 03:47:42,486 - selenium - INFO - Successful execution of test cases:注册页面，检测账号字段规则（是否为必填项）

2019-10-25 03:47:42,486 - selenium - INFO - Executing use test case:注册页面，检测账号字段规则（长度是否不能小于6位）
2019-10-25 03:47:42,487 - selenium - INFO - input data:username:12,password:,passwd:,phone:,code:,suc:0,assert:帐号6-10位数字或字母
2019-10-25 03:47:42,526 - selenium - INFO - Successful positioning of elements.Positioning method and values used：['id', 'username']
2019-10-25 03:47:42,805 - selenium - INFO - Input content：12
2019-10-25 03:47:42,832 - selenium - INFO - Successful positioning of elements.Positioning method and values used：['id', 'password']
2019-10-25 03:47:43,084 - selenium - INFO - Input content：
2019-10-25 03:47:43,114 - selenium - INFO - Successful positioning of elements.Positioning method and values used：['id', 'passwd']
2019-10-25 03:47:43,421 - selenium - INFO - Input content：
2019-10-25 03:47:43,448 - selenium - INFO - Successful positioning of elements.Positioning method and values used：['id', 'rmNum']
2019-10-25 03:47:43,690 - selenium - INFO - Input content：
2019-10-25 03:47:43,719 - selenium - INFO - Successful positioning of elements.Positioning method and values used：['css selector', 'span > input']
2019-10-25 03:47:44,082 - selenium - INFO - Input content：
2019-10-25 03:47:44,115 - selenium - INFO - Successful positioning of elements.Positioning method and values used：['id', 'OK2']
2019-10-25 03:47:44,245 - selenium - INFO - Click on the element success,location method and value used：['id', 'OK2']
2019-10-25 03:47:44,267 - selenium - INFO - Successful positioning of elements.Positioning method and values used：['css selector', '.err > span']
2019-10-25 03:47:44,360 - selenium - INFO - Obtained text：帐号6-10位数字或字母
2019-10-25 03:47:44,398 - selenium - INFO - Assert Verify success：expected outcome:{帐号6-10位数字或字母} == actual results:{帐号6-10位数字或字母}
2019-10-25 03:47:44,993 - selenium - INFO - Screenshot saved successfully!
2019-10-25 03:47:44,994 - selenium - INFO - Successful execution of test cases:注册页面，检测账号字段规则（长度是否不能小于6位）

2019-10-25 03:47:44,994 - selenium - INFO - Executing use test case:注册页面，检测账号字段规则（是否不能包含中文）
2019-10-25 03:47:44,994 - selenium - INFO - input data:username:阿斯顿但是我,password:,passwd:,phone:,code:,suc:0,assert:帐号6-10位数字或字母
2019-10-25 03:47:45,039 - selenium - INFO - Successful positioning of elements.Positioning method and values used：['id', 'username']
2019-10-25 03:47:45,489 - selenium - INFO - Input content：阿斯顿但是我
2019-10-25 03:47:45,520 - selenium - INFO - Successful positioning of elements.Positioning method and values used：['id', 'password']
2019-10-25 03:47:45,726 - selenium - INFO - Input content：
2019-10-25 03:47:45,781 - selenium - INFO - Successful positioning of elements.Positioning method and values used：['id', 'passwd']
2019-10-25 03:47:46,019 - selenium - INFO - Input content：
2019-10-25 03:47:46,043 - selenium - INFO - Successful positioning of elements.Positioning method and values used：['id', 'rmNum']
2019-10-25 03:47:46,251 - selenium - INFO - Input content：
2019-10-25 03:47:46,347 - selenium - INFO - Successful positioning of elements.Positioning method and values used：['css selector', 'span > input']
2019-10-25 03:47:46,646 - selenium - INFO - Input content：
2019-10-25 03:47:46,668 - selenium - INFO - Successful positioning of elements.Positioning method and values used：['id', 'OK2']
2019-10-25 03:47:46,763 - selenium - INFO - Click on the element success,location method and value used：['id', 'OK2']
2019-10-25 03:47:46,786 - selenium - INFO - Successful positioning of elements.Positioning method and values used：['css selector', '.err > span']
2019-10-25 03:47:46,832 - selenium - INFO - Obtained text：帐号6-10位数字或字母
2019-10-25 03:47:46,869 - selenium - INFO - Assert Verify success：expected outcome:{帐号6-10位数字或字母} == actual results:{帐号6-10位数字或字母}
2019-10-25 03:47:47,662 - selenium - INFO - Screenshot saved successfully!
2019-10-25 03:47:47,662 - selenium - INFO - Successful execution of test cases:注册页面，检测账号字段规则（是否不能包含中文）

2019-10-25 03:47:47,662 - selenium - INFO - Executing use test case:注册页面，检测账号字段规则（是否不能包含特殊字符）
2019-10-25 03:47:47,663 - selenium - INFO - input data:username:*&#123abc,password:,passwd:,phone:,code:,suc:0,assert:帐号6-10位数字或字母
2019-10-25 03:47:47,682 - selenium - INFO - Successful positioning of elements.Positioning method and values used：['id', 'username']
2019-10-25 03:47:48,106 - selenium - INFO - Input content：*&#123abc
2019-10-25 03:47:48,145 - selenium - INFO - Successful positioning of elements.Positioning method and values used：['id', 'password']
2019-10-25 03:47:48,271 - selenium - INFO - Input content：
2019-10-25 03:47:48,295 - selenium - INFO - Successful positioning of elements.Positioning method and values used：['id', 'passwd']
2019-10-25 03:47:48,445 - selenium - INFO - Input content：
2019-10-25 03:47:48,468 - selenium - INFO - Successful positioning of elements.Positioning method and values used：['id', 'rmNum']
2019-10-25 03:47:48,724 - selenium - INFO - Input content：
2019-10-25 03:47:48,772 - selenium - INFO - Successful positioning of elements.Positioning method and values used：['css selector', 'span > input']
2019-10-25 03:47:49,068 - selenium - INFO - Input content：
2019-10-25 03:47:49,095 - selenium - INFO - Successful positioning of elements.Positioning method and values used：['id', 'OK2']
2019-10-25 03:47:49,179 - selenium - INFO - Click on the element success,location method and value used：['id', 'OK2']
2019-10-25 03:47:49,196 - selenium - INFO - Successful positioning of elements.Positioning method and values used：['css selector', '.err > span']
2019-10-25 03:47:49,222 - selenium - INFO - Obtained text：帐号6-10位数字或字母
2019-10-25 03:47:49,252 - selenium - INFO - Assert Verify success：expected outcome:{帐号6-10位数字或字母} == actual results:{帐号6-10位数字或字母}
2019-10-25 03:47:49,969 - selenium - INFO - Screenshot saved successfully!
2019-10-25 03:47:49,970 - selenium - INFO - Successful execution of test cases:注册页面，检测账号字段规则（是否不能包含特殊字符）

2019-10-25 03:47:49,970 - selenium - INFO - Executing use test case:注册页面，检测账号字段规则（长度是否不能小于6位）
2019-10-25 03:47:49,970 - selenium - INFO - input data:username:123as,password:,passwd:,phone:,code:,suc:0,assert:帐号6-10位数字或字母
2019-10-25 03:47:49,985 - selenium - INFO - Successful positioning of elements.Positioning method and values used：['id', 'username']
2019-10-25 03:47:50,261 - selenium - INFO - Input content：123as
2019-10-25 03:47:50,301 - selenium - INFO - Successful positioning of elements.Positioning method and values used：['id', 'password']
2019-10-25 03:47:50,566 - selenium - INFO - Input content：
2019-10-25 03:47:50,593 - selenium - INFO - Successful positioning of elements.Positioning method and values used：['id', 'passwd']
2019-10-25 03:47:50,790 - selenium - INFO - Input content：
2019-10-25 03:47:50,825 - selenium - INFO - Successful positioning of elements.Positioning method and values used：['id', 'rmNum']
2019-10-25 03:47:51,040 - selenium - INFO - Input content：
2019-10-25 03:47:51,065 - selenium - INFO - Successful positioning of elements.Positioning method and values used：['css selector', 'span > input']
2019-10-25 03:47:51,292 - selenium - INFO - Input content：
2019-10-25 03:47:51,329 - selenium - INFO - Successful positioning of elements.Positioning method and values used：['id', 'OK2']
2019-10-25 03:47:51,438 - selenium - INFO - Click on the element success,location method and value used：['id', 'OK2']
2019-10-25 03:47:51,463 - selenium - INFO - Successful positioning of elements.Positioning method and values used：['css selector', '.err > span']
2019-10-25 03:47:51,518 - selenium - INFO - Obtained text：帐号6-10位数字或字母
2019-10-25 03:47:51,553 - selenium - INFO - Assert Verify success：expected outcome:{帐号6-10位数字或字母} == actual results:{帐号6-10位数字或字母}
2019-10-25 03:47:52,265 - selenium - INFO - Screenshot saved successfully!
2019-10-25 03:47:52,266 - selenium - INFO - Successful execution of test cases:注册页面，检测账号字段规则（长度是否不能小于6位）

2019-10-25 03:47:52,266 - selenium - INFO - Executing use test case:注册页面，检测密码字段规则（是否为必填项）
2019-10-25 03:47:52,266 - selenium - INFO - input data:username:Entech9998,password:,passwd:,phone:,code:,suc:0,assert:密码8-20位数字或字母
2019-10-25 03:47:52,350 - selenium - INFO - Successful positioning of elements.Positioning method and values used：['id', 'username']
2019-10-25 03:47:52,922 - selenium - INFO - Input content：Entech9998
2019-10-25 03:47:52,970 - selenium - INFO - Successful positioning of elements.Positioning method and values used：['id', 'password']
2019-10-25 03:47:53,179 - selenium - INFO - Input content：
2019-10-25 03:47:53,194 - selenium - INFO - Successful positioning of elements.Positioning method and values used：['id', 'passwd']
2019-10-25 03:47:53,462 - selenium - INFO - Input content：
2019-10-25 03:47:53,514 - selenium - INFO - Successful positioning of elements.Positioning method and values used：['id', 'rmNum']
2019-10-25 03:47:53,900 - selenium - INFO - Input content：
2019-10-25 03:47:53,920 - selenium - INFO - Successful positioning of elements.Positioning method and values used：['css selector', 'span > input']
2019-10-25 03:47:54,128 - selenium - INFO - Input content：
2019-10-25 03:47:54,166 - selenium - INFO - Successful positioning of elements.Positioning method and values used：['id', 'OK2']
2019-10-25 03:47:54,360 - selenium - INFO - Click on the element success,location method and value used：['id', 'OK2']
2019-10-25 03:47:54,393 - selenium - INFO - Successful positioning of elements.Positioning method and values used：['css selector', '.err > span']
2019-10-25 03:47:54,428 - selenium - INFO - Obtained text：密码8-20位数字或字母
2019-10-25 03:47:54,467 - selenium - INFO - Assert Verify success：expected outcome:{密码8-20位数字或字母} == actual results:{密码8-20位数字或字母}
2019-10-25 03:47:55,148 - selenium - INFO - Screenshot saved successfully!
2019-10-25 03:47:55,148 - selenium - INFO - Successful execution of test cases:注册页面，检测密码字段规则（是否为必填项）

2019-10-25 03:47:55,149 - selenium - INFO - Executing use test case:注册页面，检测验证码字段规则（是否为必填项）
2019-10-25 03:47:55,149 - selenium - INFO - input data:username:Entech9998,password:12345678,passwd:12345678,phone:,code:,suc:0,assert:请输入验证码
2019-10-25 03:47:55,195 - selenium - INFO - Successful positioning of elements.Positioning method and values used：['id', 'username']
2019-10-25 03:47:55,764 - selenium - INFO - Input content：Entech9998
2019-10-25 03:47:55,796 - selenium - INFO - Successful positioning of elements.Positioning method and values used：['id', 'password']
2019-10-25 03:47:56,063 - selenium - INFO - Input content：12345678
2019-10-25 03:47:56,126 - selenium - INFO - Successful positioning of elements.Positioning method and values used：['id', 'passwd']
2019-10-25 03:47:56,894 - selenium - INFO - Input content：12345678
2019-10-25 03:47:56,932 - selenium - INFO - Successful positioning of elements.Positioning method and values used：['id', 'rmNum']
2019-10-25 03:47:57,104 - selenium - INFO - Input content：
2019-10-25 03:47:57,130 - selenium - INFO - Successful positioning of elements.Positioning method and values used：['css selector', 'span > input']
2019-10-25 03:47:57,292 - selenium - INFO - Input content：
2019-10-25 03:47:57,334 - selenium - INFO - Successful positioning of elements.Positioning method and values used：['id', 'OK2']
2019-10-25 03:47:57,460 - selenium - INFO - Click on the element success,location method and value used：['id', 'OK2']
2019-10-25 03:47:57,484 - selenium - INFO - Successful positioning of elements.Positioning method and values used：['css selector', '.err > span']
2019-10-25 03:47:57,511 - selenium - INFO - Obtained text：请输入验证码
2019-10-25 03:47:57,547 - selenium - INFO - Assert Verify success：expected outcome:{请输入验证码} == actual results:{请输入验证码}
2019-10-25 03:47:58,118 - selenium - INFO - Screenshot saved successfully!
2019-10-25 03:47:58,118 - selenium - INFO - Successful execution of test cases:注册页面，检测验证码字段规则（是否为必填项）

2019-10-25 03:47:58,119 - selenium - INFO - Executing use test case:注册页面，检测手机号字段规则（是否为必填项）
2019-10-25 03:47:58,119 - selenium - INFO - input data:username:Entech9998,password:12345678,passwd:12345678,phone:1233,code:,suc:0,assert:请输入手机号
2019-10-25 03:47:58,152 - selenium - INFO - Successful positioning of elements.Positioning method and values used：['id', 'username']
2019-10-25 03:47:58,699 - selenium - INFO - Input content：Entech9998
2019-10-25 03:47:58,724 - selenium - INFO - Successful positioning of elements.Positioning method and values used：['id', 'password']
2019-10-25 03:47:59,048 - selenium - INFO - Input content：12345678
2019-10-25 03:47:59,070 - selenium - INFO - Successful positioning of elements.Positioning method and values used：['id', 'passwd']
2019-10-25 03:47:59,612 - selenium - INFO - Input content：12345678
2019-10-25 03:47:59,638 - selenium - INFO - Successful positioning of elements.Positioning method and values used：['id', 'rmNum']
2019-10-25 03:48:00,037 - selenium - INFO - Input content：1233
2019-10-25 03:48:00,090 - selenium - INFO - Successful positioning of elements.Positioning method and values used：['css selector', 'span > input']
2019-10-25 03:48:00,221 - selenium - INFO - Input content：
2019-10-25 03:48:00,288 - selenium - INFO - Successful positioning of elements.Positioning method and values used：['id', 'OK2']
2019-10-25 03:48:00,389 - selenium - INFO - Click on the element success,location method and value used：['id', 'OK2']
2019-10-25 03:48:00,410 - selenium - INFO - Successful positioning of elements.Positioning method and values used：['css selector', '.err > span']
2019-10-25 03:48:00,528 - selenium - INFO - Obtained text：请输入手机号
2019-10-25 03:48:00,553 - selenium - INFO - Assert Verify success：expected outcome:{请输入手机号} == actual results:{请输入手机号}
2019-10-25 03:48:01,443 - selenium - INFO - Screenshot saved successfully!
2019-10-25 03:48:01,444 - selenium - INFO - Successful execution of test cases:注册页面，检测手机号字段规则（是否为必填项）

2019-10-25 03:48:01,444 - selenium - INFO - Executing use test case:注册页面，检测密码字段规则（最小长度是否为8位）
2019-10-25 03:48:01,444 - selenium - INFO - input data:username:Entech9998,password:12345,passwd:12345,phone:1233,code:11144434443,suc:0,assert:密码 的最小长度为 8 字符
2019-10-25 03:48:01,470 - selenium - INFO - Successful positioning of elements.Positioning method and values used：['id', 'username']
2019-10-25 03:48:01,889 - selenium - INFO - Input content：Entech9998
2019-10-25 03:48:01,916 - selenium - INFO - Successful positioning of elements.Positioning method and values used：['id', 'password']
2019-10-25 03:48:02,351 - selenium - INFO - Input content：12345
2019-10-25 03:48:02,400 - selenium - INFO - Successful positioning of elements.Positioning method and values used：['id', 'passwd']
2019-10-25 03:48:02,862 - selenium - INFO - Input content：12345
2019-10-25 03:48:02,880 - selenium - INFO - Successful positioning of elements.Positioning method and values used：['id', 'rmNum']
2019-10-25 03:48:03,220 - selenium - INFO - Input content：1233
2019-10-25 03:48:03,254 - selenium - INFO - Successful positioning of elements.Positioning method and values used：['css selector', 'span > input']
2019-10-25 03:48:04,001 - selenium - INFO - Input content：11144434443
2019-10-25 03:48:04,026 - selenium - INFO - Successful positioning of elements.Positioning method and values used：['id', 'OK2']
2019-10-25 03:48:04,127 - selenium - INFO - Click on the element success,location method and value used：['id', 'OK2']
2019-10-25 03:48:04,335 - selenium - INFO - Successful positioning of elements.Positioning method and values used：['css selector', '.err > span']
2019-10-25 03:48:04,381 - selenium - INFO - Obtained text：密码 的最小长度为 8 字符
2019-10-25 03:48:04,413 - selenium - INFO - Assert Verify success：expected outcome:{密码的最小长度为8字符} == actual results:{密码的最小长度为8字符}
2019-10-25 03:48:05,124 - selenium - INFO - Screenshot saved successfully!
2019-10-25 03:48:05,124 - selenium - INFO - Successful execution of test cases:注册页面，检测密码字段规则（最小长度是否为8位）

2019-10-25 03:48:05,125 - selenium - INFO - Executing use test case:注册页面，检测密码字段规则（最小长度是否为8位）
2019-10-25 03:48:05,125 - selenium - INFO - input data:username:Entech9998,password:1234,passwd:1234,phone:1233,code:11144434443,suc:0,assert:密码8-20位数字或字母
2019-10-25 03:48:05,140 - selenium - INFO - Successful positioning of elements.Positioning method and values used：['id', 'username']
2019-10-25 03:48:05,641 - selenium - INFO - Input content：Entech9998
2019-10-25 03:48:05,669 - selenium - INFO - Successful positioning of elements.Positioning method and values used：['id', 'password']
2019-10-25 03:48:05,861 - selenium - INFO - Input content：1234
2019-10-25 03:48:05,881 - selenium - INFO - Successful positioning of elements.Positioning method and values used：['id', 'passwd']
2019-10-25 03:48:06,201 - selenium - INFO - Input content：1234
2019-10-25 03:48:06,234 - selenium - INFO - Successful positioning of elements.Positioning method and values used：['id', 'rmNum']
2019-10-25 03:48:06,566 - selenium - INFO - Input content：1233
2019-10-25 03:48:06,598 - selenium - INFO - Successful positioning of elements.Positioning method and values used：['css selector', 'span > input']
2019-10-25 03:48:07,109 - selenium - INFO - Input content：11144434443
2019-10-25 03:48:07,153 - selenium - INFO - Successful positioning of elements.Positioning method and values used：['id', 'OK2']
2019-10-25 03:48:07,308 - selenium - INFO - Click on the element success,location method and value used：['id', 'OK2']
2019-10-25 03:48:07,334 - selenium - INFO - Successful positioning of elements.Positioning method and values used：['css selector', '.err > span']
2019-10-25 03:48:07,401 - selenium - INFO - Obtained text：密码8-20位数字或字母
2019-10-25 03:48:07,447 - selenium - INFO - Assert Verify success：expected outcome:{密码8-20位数字或字母} == actual results:{密码8-20位数字或字母}
2019-10-25 03:48:08,114 - selenium - INFO - Screenshot saved successfully!
2019-10-25 03:48:08,114 - selenium - INFO - Successful execution of test cases:注册页面，检测密码字段规则（最小长度是否为8位）

2019-10-25 03:48:08,115 - selenium - INFO - Executing use test case:注册页面，检测手机号字段规则（手机格式）
2019-10-25 03:48:08,115 - selenium - INFO - input data:username:Entech9998,password:12345678,passwd:12345678,phone:1233,code:11144434443,suc:0,assert:请填写正确的手机号码.
2019-10-25 03:48:08,209 - selenium - INFO - Successful positioning of elements.Positioning method and values used：['id', 'username']
2019-10-25 03:48:08,655 - selenium - INFO - Input content：Entech9998
2019-10-25 03:48:08,694 - selenium - INFO - Successful positioning of elements.Positioning method and values used：['id', 'password']
2019-10-25 03:48:09,110 - selenium - INFO - Input content：12345678
2019-10-25 03:48:09,139 - selenium - INFO - Successful positioning of elements.Positioning method and values used：['id', 'passwd']
2019-10-25 03:48:09,647 - selenium - INFO - Input content：12345678
2019-10-25 03:48:09,672 - selenium - INFO - Successful positioning of elements.Positioning method and values used：['id', 'rmNum']
2019-10-25 03:48:09,919 - selenium - INFO - Input content：1233
2019-10-25 03:48:09,950 - selenium - INFO - Successful positioning of elements.Positioning method and values used：['css selector', 'span > input']
2019-10-25 03:48:10,498 - selenium - INFO - Input content：11144434443
2019-10-25 03:48:10,536 - selenium - INFO - Successful positioning of elements.Positioning method and values used：['id', 'OK2']
2019-10-25 03:48:10,625 - selenium - INFO - Click on the element success,location method and value used：['id', 'OK2']
2019-10-25 03:48:10,873 - selenium - INFO - Successful positioning of elements.Positioning method and values used：['css selector', '.err > span']
2019-10-25 03:48:10,906 - selenium - INFO - Obtained text：请填写正确的手机号码.
2019-10-25 03:48:10,942 - selenium - INFO - Assert Verify success：expected outcome:{请填写正确的手机号码.} == actual results:{请填写正确的手机号码.}
2019-10-25 03:48:11,709 - selenium - INFO - Screenshot saved successfully!
2019-10-25 03:48:11,710 - selenium - INFO - Successful execution of test cases:注册页面，检测手机号字段规则（手机格式）

2019-10-25 03:48:11,710 - selenium - INFO - Executing use test case:注册页面，检测密码字段规则（是否区分密码字母大小写）
2019-10-25 03:48:11,710 - selenium - INFO - input data:username:Entech9998,password:1234567a,passwd:1234567A,phone:1233,code:13944434443,suc:0,assert:两次密码不一致
2019-10-25 03:48:11,808 - selenium - INFO - Successful positioning of elements.Positioning method and values used：['id', 'username']
2019-10-25 03:48:12,221 - selenium - INFO - Input content：Entech9998
2019-10-25 03:48:12,269 - selenium - INFO - Successful positioning of elements.Positioning method and values used：['id', 'password']
2019-10-25 03:48:12,685 - selenium - INFO - Input content：1234567a
2019-10-25 03:48:12,705 - selenium - INFO - Successful positioning of elements.Positioning method and values used：['id', 'passwd']
2019-10-25 03:48:13,117 - selenium - INFO - Input content：1234567A
2019-10-25 03:48:13,145 - selenium - INFO - Successful positioning of elements.Positioning method and values used：['id', 'rmNum']
2019-10-25 03:48:13,553 - selenium - INFO - Input content：1233
2019-10-25 03:48:13,609 - selenium - INFO - Successful positioning of elements.Positioning method and values used：['css selector', 'span > input']
2019-10-25 03:48:14,079 - selenium - INFO - Input content：13944434443
2019-10-25 03:48:14,119 - selenium - INFO - Successful positioning of elements.Positioning method and values used：['id', 'OK2']
2019-10-25 03:48:14,229 - selenium - INFO - Click on the element success,location method and value used：['id', 'OK2']
2019-10-25 03:48:14,310 - selenium - INFO - Successful positioning of elements.Positioning method and values used：['css selector', '.err > span']
2019-10-25 03:48:14,338 - selenium - INFO - Obtained text：两次密码不一致
2019-10-25 03:48:14,364 - selenium - INFO - Assert Verify success：expected outcome:{两次密码不一致} == actual results:{两次密码不一致}
2019-10-25 03:48:15,562 - selenium - INFO - Screenshot saved successfully!
2019-10-25 03:48:15,563 - selenium - INFO - Successful execution of test cases:注册页面，检测密码字段规则（是否区分密码字母大小写）

2019-10-25 03:48:15,563 - selenium - INFO - Executing use test case:注册页面，检测是否能阻止重复注册
2019-10-25 03:48:15,563 - selenium - INFO - input data:username:enintech0,password:987456123,passwd:987456123,phone:1233,code:13944434443,suc:0,assert:帐号已存在
2019-10-25 03:48:15,586 - selenium - INFO - Successful positioning of elements.Positioning method and values used：['id', 'username']
2019-10-25 03:48:15,868 - selenium - INFO - Input content：enintech0
2019-10-25 03:48:15,918 - selenium - INFO - Successful positioning of elements.Positioning method and values used：['id', 'password']
2019-10-25 03:48:16,309 - selenium - INFO - Input content：987456123
2019-10-25 03:48:16,330 - selenium - INFO - Successful positioning of elements.Positioning method and values used：['id', 'passwd']
2019-10-25 03:48:16,846 - selenium - INFO - Input content：987456123
2019-10-25 03:48:16,866 - selenium - INFO - Successful positioning of elements.Positioning method and values used：['id', 'rmNum']
2019-10-25 03:48:17,117 - selenium - INFO - Input content：1233
2019-10-25 03:48:17,137 - selenium - INFO - Successful positioning of elements.Positioning method and values used：['css selector', 'span > input']
2019-10-25 03:48:17,616 - selenium - INFO - Input content：13944434443
2019-10-25 03:48:17,659 - selenium - INFO - Successful positioning of elements.Positioning method and values used：['id', 'OK2']
2019-10-25 03:48:17,771 - selenium - INFO - Click on the element success,location method and value used：['id', 'OK2']
2019-10-25 03:48:17,885 - selenium - INFO - Successful positioning of elements.Positioning method and values used：['css selector', '.err > span']
2019-10-25 03:48:17,931 - selenium - INFO - Obtained text：帐号已存在
2019-10-25 03:48:17,982 - selenium - INFO - Assert Verify success：expected outcome:{帐号已存在} == actual results:{帐号已存在}
2019-10-25 03:48:18,755 - selenium - INFO - Screenshot saved successfully!
2019-10-25 03:48:18,755 - selenium - INFO - Successful execution of test cases:注册页面，检测是否能阻止重复注册

2019-10-25 03:48:18,756 - selenium - INFO - Executing use test case:注册页面，检测验证码字段规则（错误验证码是否阻止注册）
2019-10-25 03:48:18,756 - selenium - INFO - input data:username:Entech9998,password:1234567a,passwd:1234567a,phone:1111,code:13944434443,suc:0,assert:验证码错误
2019-10-25 03:48:18,774 - selenium - INFO - Successful positioning of elements.Positioning method and values used：['id', 'username']
2019-10-25 03:48:19,566 - selenium - INFO - Input content：Entech9998
2019-10-25 03:48:19,593 - selenium - INFO - Successful positioning of elements.Positioning method and values used：['id', 'password']
2019-10-25 03:48:19,990 - selenium - INFO - Input content：1234567a
2019-10-25 03:48:20,012 - selenium - INFO - Successful positioning of elements.Positioning method and values used：['id', 'passwd']
2019-10-25 03:48:20,379 - selenium - INFO - Input content：1234567a
2019-10-25 03:48:20,417 - selenium - INFO - Successful positioning of elements.Positioning method and values used：['id', 'rmNum']
2019-10-25 03:48:20,751 - selenium - INFO - Input content：1111
2019-10-25 03:48:20,776 - selenium - INFO - Successful positioning of elements.Positioning method and values used：['css selector', 'span > input']
2019-10-25 03:48:21,287 - selenium - INFO - Input content：13944434443
2019-10-25 03:48:21,325 - selenium - INFO - Successful positioning of elements.Positioning method and values used：['id', 'OK2']
2019-10-25 03:48:21,403 - selenium - INFO - Click on the element success,location method and value used：['id', 'OK2']
2019-10-25 03:48:21,628 - selenium - INFO - Successful positioning of elements.Positioning method and values used：['css selector', '.err > span']
2019-10-25 03:48:21,650 - selenium - INFO - Obtained text：验证码错误
2019-10-25 03:48:21,720 - selenium - INFO - Assert Verify success：expected outcome:{验证码错误} == actual results:{验证码错误}
2019-10-25 03:48:22,455 - selenium - INFO - Screenshot saved successfully!
2019-10-25 03:48:22,456 - selenium - INFO - Successful execution of test cases:注册页面，检测验证码字段规则（错误验证码是否阻止注册）

2019-10-25 03:48:26,113 - selenium - INFO - 在section：copy下读取pro_copy的值
2019-10-25 03:48:26,114 - selenium - INFO - 在section：reports下读取pro的值
2019-10-25 03:48:28,141 - selenium - INFO - 在section：title下读取pro的值
2019-10-25 03:48:28,141 - selenium - INFO - 在section：environment下读取url的值
2019-10-25 03:48:28,233 - selenium - INFO - 在section：telegram下读取token的值
2019-10-25 03:48:28,233 - selenium - INFO - 在section：telegram下读取chat_id的值
