2019-10-25 02:55:34,299 - selenium - INFO - 在section：environment下读取browser的值
2019-10-25 02:55:34,299 - selenium - INFO - Read browser configuration, value：chrome
2019-10-25 02:55:34,299 - selenium - INFO - 在section：environment下读取url的值
2019-10-25 02:55:34,299 - selenium - INFO - Read url configuration, value：http://blr.9161252.com/#/home
2019-10-25 02:55:37,225 - selenium - INFO - Visit website：http://blr.9161252.com/#/home
2019-10-25 02:55:37,347 - selenium - INFO - Browser maximization
2019-10-25 02:55:37,353 - selenium - INFO - Set static wait time 10 seconds
2019-10-25 02:55:37,354 - selenium - INFO - Executing use test case:
2019-10-25 02:55:38,733 - selenium - INFO - Successful positioning of elements.Positioning method and values used：['css selector', '.close']
2019-10-25 02:55:39,223 - selenium - INFO - Successful positioning of elements.Positioning method and values used：['css selector', '.close']
2019-10-25 02:55:39,538 - selenium - INFO - Click on the element success,location method and value used：['css selector', '.close']
2019-10-25 02:55:39,614 - selenium - INFO - Successful positioning of elements.Positioning method and values used：['css selector', '.regBtn']
2019-10-25 02:55:39,866 - selenium - INFO - Click on the element success,location method and value used：['css selector', '.regBtn']
2019-10-25 02:55:40,280 - selenium - INFO - Successful positioning of elements.Positioning method and values used：['id', 'username']
2019-10-25 02:55:40,811 - selenium - INFO - Input content：enintech0
2019-10-25 02:55:40,856 - selenium - INFO - Successful positioning of elements.Positioning method and values used：['id', 'password']
2019-10-25 02:55:41,196 - selenium - INFO - Input content：12345678
2019-10-25 02:55:41,239 - selenium - INFO - Successful positioning of elements.Positioning method and values used：['id', 'passwd']
2019-10-25 02:55:42,061 - selenium - INFO - Input content：12345678
2019-10-25 02:55:42,104 - selenium - INFO - Successful positioning of elements.Positioning method and values used：['id', 'rmNum']
2019-10-25 02:55:42,511 - selenium - INFO - Input content：1234
2019-10-25 02:55:42,551 - selenium - INFO - Successful positioning of elements.Positioning method and values used：['css selector', 'span > input']
2019-10-25 02:55:43,175 - selenium - INFO - Input content：13898378887
2019-10-25 02:55:43,195 - selenium - INFO - Successful positioning of elements.Positioning method and values used：['id', 'CANCEL2']
2019-10-25 02:55:43,429 - selenium - INFO - Click on the element success,location method and value used：['id', 'CANCEL2']
2019-10-25 02:55:43,478 - selenium - INFO - Successful positioning of elements.Positioning method and values used：['id', 'OK2']
2019-10-25 02:55:43,713 - selenium - INFO - Click on the element success,location method and value used：['id', 'OK2']
2019-10-25 02:55:43,751 - selenium - INFO - Successful positioning of elements.Positioning method and values used：['css selector', '.err > span']
2019-10-25 02:55:43,889 - selenium - INFO - Obtained text：帐号6-10位数字或字母
2019-10-25 02:55:43,962 - selenium - INFO - Failure of test case execution! Reason: '帐号6-10位数字或字母' != None : Assert Verification fail：expected outcome{None} != actual results{帐号6-10位数字或字母}

2019-10-25 02:55:43,962 - selenium - INFO - Executing use test case:注册页面，检测账号字段规则（是否为必填项）
2019-10-25 02:55:43,962 - selenium - INFO - input data:username:,password:,passwd:,phone:,code:,suc:0,assert:帐号6-10位数字或字母
2019-10-25 02:55:44,033 - selenium - INFO - Successful positioning of elements.Positioning method and values used：['id', 'username']
2019-10-25 02:55:44,412 - selenium - INFO - Input content：
2019-10-25 02:55:44,442 - selenium - INFO - Successful positioning of elements.Positioning method and values used：['id', 'password']
2019-10-25 02:55:44,983 - selenium - INFO - Input content：
2019-10-25 02:55:45,047 - selenium - INFO - Successful positioning of elements.Positioning method and values used：['id', 'passwd']
2019-10-25 02:55:45,445 - selenium - INFO - Input content：
2019-10-25 02:55:45,486 - selenium - INFO - Successful positioning of elements.Positioning method and values used：['id', 'rmNum']
2019-10-25 02:55:45,647 - selenium - INFO - Input content：
2019-10-25 02:55:45,690 - selenium - INFO - Successful positioning of elements.Positioning method and values used：['css selector', 'span > input']
2019-10-25 02:55:45,824 - selenium - INFO - Input content：
2019-10-25 02:55:45,850 - selenium - INFO - Successful positioning of elements.Positioning method and values used：['id', 'OK2']
2019-10-25 02:55:46,014 - selenium - INFO - Click on the element success,location method and value used：['id', 'OK2']
2019-10-25 02:55:46,047 - selenium - INFO - Successful positioning of elements.Positioning method and values used：['css selector', '.err > span']
2019-10-25 02:55:46,159 - selenium - INFO - Obtained text：帐号6-10位数字或字母
2019-10-25 02:55:46,184 - selenium - INFO - Assert Verify success：expected outcome:{帐号6-10位数字或字母} == actual results:{帐号6-10位数字或字母}
2019-10-25 02:55:46,952 - selenium - INFO - Screenshot saved successfully!
2019-10-25 02:55:46,953 - selenium - INFO - Successful execution of test cases:注册页面，检测账号字段规则（是否为必填项）

2019-10-25 02:55:46,953 - selenium - INFO - Executing use test case:注册页面，检测账号字段规则（长度是否不能小于6位）
2019-10-25 02:55:46,953 - selenium - INFO - input data:username:12,password:,passwd:,phone:,code:,suc:0,assert:帐号6-10位数字或字母
2019-10-25 02:55:47,034 - selenium - INFO - Successful positioning of elements.Positioning method and values used：['id', 'username']
2019-10-25 02:55:47,530 - selenium - INFO - Input content：12
2019-10-25 02:55:47,573 - selenium - INFO - Successful positioning of elements.Positioning method and values used：['id', 'password']
2019-10-25 02:55:47,848 - selenium - INFO - Input content：
2019-10-25 02:55:47,869 - selenium - INFO - Successful positioning of elements.Positioning method and values used：['id', 'passwd']
2019-10-25 02:55:48,145 - selenium - INFO - Input content：
2019-10-25 02:55:48,213 - selenium - INFO - Successful positioning of elements.Positioning method and values used：['id', 'rmNum']
2019-10-25 02:55:48,790 - selenium - INFO - Input content：
2019-10-25 02:55:48,831 - selenium - INFO - Successful positioning of elements.Positioning method and values used：['css selector', 'span > input']
2019-10-25 02:55:49,032 - selenium - INFO - Input content：
2019-10-25 02:55:49,059 - selenium - INFO - Successful positioning of elements.Positioning method and values used：['id', 'OK2']
2019-10-25 02:55:49,195 - selenium - INFO - Click on the element success,location method and value used：['id', 'OK2']
2019-10-25 02:55:49,292 - selenium - INFO - Successful positioning of elements.Positioning method and values used：['css selector', '.err > span']
2019-10-25 02:55:49,334 - selenium - INFO - Obtained text：帐号6-10位数字或字母
2019-10-25 02:55:49,374 - selenium - INFO - Assert Verify success：expected outcome:{帐号6-10位数字或字母} == actual results:{帐号6-10位数字或字母}
2019-10-25 02:55:50,016 - selenium - INFO - Screenshot saved successfully!
2019-10-25 02:55:50,016 - selenium - INFO - Successful execution of test cases:注册页面，检测账号字段规则（长度是否不能小于6位）

2019-10-25 02:55:50,017 - selenium - INFO - Executing use test case:注册页面，检测账号字段规则（是否不能包含中文）
2019-10-25 02:55:50,017 - selenium - INFO - input data:username:阿斯顿但是我,password:,passwd:,phone:,code:,suc:0,assert:帐号6-10位数字或字母
2019-10-25 02:55:50,061 - selenium - INFO - Successful positioning of elements.Positioning method and values used：['id', 'username']
2019-10-25 02:55:50,444 - selenium - INFO - Input content：阿斯顿但是我
2019-10-25 02:55:50,461 - selenium - INFO - Successful positioning of elements.Positioning method and values used：['id', 'password']
2019-10-25 02:55:50,664 - selenium - INFO - Input content：
2019-10-25 02:55:50,713 - selenium - INFO - Successful positioning of elements.Positioning method and values used：['id', 'passwd']
2019-10-25 02:55:51,093 - selenium - INFO - Input content：
2019-10-25 02:55:51,161 - selenium - INFO - Successful positioning of elements.Positioning method and values used：['id', 'rmNum']
2019-10-25 02:55:51,444 - selenium - INFO - Input content：
2019-10-25 02:55:51,486 - selenium - INFO - Successful positioning of elements.Positioning method and values used：['css selector', 'span > input']
2019-10-25 02:55:51,748 - selenium - INFO - Input content：
2019-10-25 02:55:51,837 - selenium - INFO - Successful positioning of elements.Positioning method and values used：['id', 'OK2']
2019-10-25 02:55:52,045 - selenium - INFO - Click on the element success,location method and value used：['id', 'OK2']
2019-10-25 02:55:52,118 - selenium - INFO - Successful positioning of elements.Positioning method and values used：['css selector', '.err > span']
2019-10-25 02:55:52,161 - selenium - INFO - Obtained text：帐号6-10位数字或字母
2019-10-25 02:55:52,193 - selenium - INFO - Assert Verify success：expected outcome:{帐号6-10位数字或字母} == actual results:{帐号6-10位数字或字母}
2019-10-25 02:55:53,032 - selenium - INFO - Screenshot saved successfully!
2019-10-25 02:55:53,032 - selenium - INFO - Successful execution of test cases:注册页面，检测账号字段规则（是否不能包含中文）

2019-10-25 02:55:53,033 - selenium - INFO - Executing use test case:注册页面，检测账号字段规则（是否不能包含特殊字符）
2019-10-25 02:55:53,033 - selenium - INFO - input data:username:*&#123abc,password:,passwd:,phone:,code:,suc:0,assert:帐号6-10位数字或字母
2019-10-25 02:55:53,198 - selenium - INFO - Successful positioning of elements.Positioning method and values used：['id', 'username']
2019-10-25 02:55:53,907 - selenium - INFO - Input content：*&#123abc
2019-10-25 02:55:53,933 - selenium - INFO - Successful positioning of elements.Positioning method and values used：['id', 'password']
2019-10-25 02:55:54,442 - selenium - INFO - Input content：
2019-10-25 02:55:54,494 - selenium - INFO - Successful positioning of elements.Positioning method and values used：['id', 'passwd']
2019-10-25 02:55:54,733 - selenium - INFO - Input content：
2019-10-25 02:55:54,755 - selenium - INFO - Successful positioning of elements.Positioning method and values used：['id', 'rmNum']
2019-10-25 02:55:55,343 - selenium - INFO - Input content：
2019-10-25 02:55:55,403 - selenium - INFO - Successful positioning of elements.Positioning method and values used：['css selector', 'span > input']
2019-10-25 02:55:55,891 - selenium - INFO - Input content：
2019-10-25 02:55:55,913 - selenium - INFO - Successful positioning of elements.Positioning method and values used：['id', 'OK2']
2019-10-25 02:55:56,017 - selenium - INFO - Click on the element success,location method and value used：['id', 'OK2']
2019-10-25 02:55:56,040 - selenium - INFO - Successful positioning of elements.Positioning method and values used：['css selector', '.err > span']
2019-10-25 02:55:56,065 - selenium - INFO - Obtained text：帐号6-10位数字或字母
2019-10-25 02:55:56,123 - selenium - INFO - Assert Verify success：expected outcome:{帐号6-10位数字或字母} == actual results:{帐号6-10位数字或字母}
2019-10-25 02:55:57,212 - selenium - INFO - Screenshot saved successfully!
2019-10-25 02:55:57,212 - selenium - INFO - Successful execution of test cases:注册页面，检测账号字段规则（是否不能包含特殊字符）

2019-10-25 02:55:57,212 - selenium - INFO - Executing use test case:注册页面，检测账号字段规则（长度是否不能小于6位）
2019-10-25 02:55:57,213 - selenium - INFO - input data:username:123as,password:,passwd:,phone:,code:,suc:0,assert:帐号6-10位数字或字母
2019-10-25 02:55:57,234 - selenium - INFO - Successful positioning of elements.Positioning method and values used：['id', 'username']
2019-10-25 02:55:57,626 - selenium - INFO - Input content：123as
2019-10-25 02:55:57,652 - selenium - INFO - Successful positioning of elements.Positioning method and values used：['id', 'password']
2019-10-25 02:55:57,871 - selenium - INFO - Input content：
2019-10-25 02:55:57,888 - selenium - INFO - Successful positioning of elements.Positioning method and values used：['id', 'passwd']
2019-10-25 02:55:58,020 - selenium - INFO - Input content：
2019-10-25 02:55:58,036 - selenium - INFO - Successful positioning of elements.Positioning method and values used：['id', 'rmNum']
2019-10-25 02:55:58,281 - selenium - INFO - Input content：
2019-10-25 02:55:58,303 - selenium - INFO - Successful positioning of elements.Positioning method and values used：['css selector', 'span > input']
2019-10-25 02:55:58,698 - selenium - INFO - Input content：
2019-10-25 02:55:58,723 - selenium - INFO - Successful positioning of elements.Positioning method and values used：['id', 'OK2']
2019-10-25 02:55:58,862 - selenium - INFO - Click on the element success,location method and value used：['id', 'OK2']
2019-10-25 02:55:58,924 - selenium - INFO - Successful positioning of elements.Positioning method and values used：['css selector', '.err > span']
2019-10-25 02:55:58,978 - selenium - INFO - Obtained text：帐号6-10位数字或字母
2019-10-25 02:55:59,017 - selenium - INFO - Assert Verify success：expected outcome:{帐号6-10位数字或字母} == actual results:{帐号6-10位数字或字母}
2019-10-25 02:55:59,764 - selenium - INFO - Screenshot saved successfully!
2019-10-25 02:55:59,764 - selenium - INFO - Successful execution of test cases:注册页面，检测账号字段规则（长度是否不能小于6位）

2019-10-25 02:55:59,764 - selenium - INFO - Executing use test case:注册页面，检测密码字段规则（是否为必填项）
2019-10-25 02:55:59,764 - selenium - INFO - input data:username:Entech9998,password:,passwd:,phone:,code:,suc:0,assert:密码8-20位数字或字母
2019-10-25 02:55:59,890 - selenium - INFO - Successful positioning of elements.Positioning method and values used：['id', 'username']
2019-10-25 02:56:00,440 - selenium - INFO - Input content：Entech9998
2019-10-25 02:56:00,460 - selenium - INFO - Successful positioning of elements.Positioning method and values used：['id', 'password']
2019-10-25 02:56:00,622 - selenium - INFO - Input content：
2019-10-25 02:56:00,681 - selenium - INFO - Successful positioning of elements.Positioning method and values used：['id', 'passwd']
2019-10-25 02:56:00,843 - selenium - INFO - Input content：
2019-10-25 02:56:00,863 - selenium - INFO - Successful positioning of elements.Positioning method and values used：['id', 'rmNum']
2019-10-25 02:56:01,063 - selenium - INFO - Input content：
2019-10-25 02:56:01,095 - selenium - INFO - Successful positioning of elements.Positioning method and values used：['css selector', 'span > input']
2019-10-25 02:56:01,248 - selenium - INFO - Input content：
2019-10-25 02:56:01,292 - selenium - INFO - Successful positioning of elements.Positioning method and values used：['id', 'OK2']
2019-10-25 02:56:01,579 - selenium - INFO - Click on the element success,location method and value used：['id', 'OK2']
2019-10-25 02:56:01,657 - selenium - INFO - Successful positioning of elements.Positioning method and values used：['css selector', '.err > span']
2019-10-25 02:56:01,725 - selenium - INFO - Obtained text：密码8-20位数字或字母
2019-10-25 02:56:01,746 - selenium - INFO - Assert Verify success：expected outcome:{密码8-20位数字或字母} == actual results:{密码8-20位数字或字母}
2019-10-25 02:56:02,511 - selenium - INFO - Screenshot saved successfully!
2019-10-25 02:56:02,511 - selenium - INFO - Successful execution of test cases:注册页面，检测密码字段规则（是否为必填项）

2019-10-25 02:56:02,511 - selenium - INFO - Executing use test case:注册页面，检测验证码字段规则（是否为必填项）
2019-10-25 02:56:02,511 - selenium - INFO - input data:username:Entech9998,password:12345678,passwd:12345678,phone:,code:,suc:0,assert:请输入验证码
2019-10-25 02:56:02,575 - selenium - INFO - Successful positioning of elements.Positioning method and values used：['id', 'username']
2019-10-25 02:56:02,974 - selenium - INFO - Input content：Entech9998
2019-10-25 02:56:03,020 - selenium - INFO - Successful positioning of elements.Positioning method and values used：['id', 'password']
2019-10-25 02:56:03,569 - selenium - INFO - Input content：12345678
2019-10-25 02:56:03,627 - selenium - INFO - Successful positioning of elements.Positioning method and values used：['id', 'passwd']
2019-10-25 02:56:03,957 - selenium - INFO - Input content：12345678
2019-10-25 02:56:04,012 - selenium - INFO - Successful positioning of elements.Positioning method and values used：['id', 'rmNum']
2019-10-25 02:56:04,211 - selenium - INFO - Input content：
2019-10-25 02:56:04,263 - selenium - INFO - Successful positioning of elements.Positioning method and values used：['css selector', 'span > input']
2019-10-25 02:56:04,687 - selenium - INFO - Input content：
2019-10-25 02:56:04,764 - selenium - INFO - Successful positioning of elements.Positioning method and values used：['id', 'OK2']
2019-10-25 02:56:04,946 - selenium - INFO - Click on the element success,location method and value used：['id', 'OK2']
2019-10-25 02:56:04,977 - selenium - INFO - Successful positioning of elements.Positioning method and values used：['css selector', '.err > span']
2019-10-25 02:56:05,031 - selenium - INFO - Obtained text：请输入验证码
2019-10-25 02:56:05,096 - selenium - INFO - Assert Verify success：expected outcome:{请输入验证码} == actual results:{请输入验证码}
2019-10-25 02:56:05,991 - selenium - INFO - Screenshot saved successfully!
2019-10-25 02:56:05,992 - selenium - INFO - Successful execution of test cases:注册页面，检测验证码字段规则（是否为必填项）

2019-10-25 02:56:05,992 - selenium - INFO - Executing use test case:注册页面，检测手机号字段规则（是否为必填项）
2019-10-25 02:56:05,992 - selenium - INFO - input data:username:Entech9998,password:12345678,passwd:12345678,phone:1233,code:,suc:0,assert:请输入手机号
2019-10-25 02:56:06,074 - selenium - INFO - Successful positioning of elements.Positioning method and values used：['id', 'username']
2019-10-25 02:56:06,628 - selenium - INFO - Input content：Entech9998
2019-10-25 02:56:06,695 - selenium - INFO - Successful positioning of elements.Positioning method and values used：['id', 'password']
2019-10-25 02:56:07,250 - selenium - INFO - Input content：12345678
2019-10-25 02:56:07,321 - selenium - INFO - Successful positioning of elements.Positioning method and values used：['id', 'passwd']
2019-10-25 02:56:07,820 - selenium - INFO - Input content：12345678
2019-10-25 02:56:07,852 - selenium - INFO - Successful positioning of elements.Positioning method and values used：['id', 'rmNum']
2019-10-25 02:56:08,126 - selenium - INFO - Input content：1233
2019-10-25 02:56:08,209 - selenium - INFO - Successful positioning of elements.Positioning method and values used：['css selector', 'span > input']
2019-10-25 02:56:08,533 - selenium - INFO - Input content：
2019-10-25 02:56:08,554 - selenium - INFO - Successful positioning of elements.Positioning method and values used：['id', 'OK2']
2019-10-25 02:56:08,718 - selenium - INFO - Click on the element success,location method and value used：['id', 'OK2']
2019-10-25 02:56:08,746 - selenium - INFO - Successful positioning of elements.Positioning method and values used：['css selector', '.err > span']
2019-10-25 02:56:08,810 - selenium - INFO - Obtained text：请输入手机号
2019-10-25 02:56:08,870 - selenium - INFO - Assert Verify success：expected outcome:{请输入手机号} == actual results:{请输入手机号}
2019-10-25 02:56:09,849 - selenium - INFO - Screenshot saved successfully!
2019-10-25 02:56:09,849 - selenium - INFO - Successful execution of test cases:注册页面，检测手机号字段规则（是否为必填项）

2019-10-25 02:56:09,849 - selenium - INFO - Executing use test case:注册页面，检测密码字段规则（最小长度是否为8位）
2019-10-25 02:56:09,851 - selenium - INFO - input data:username:Entech9998,password:12345,passwd:12345,phone:1233,code:11144434443,suc:0,assert:密码 的最小长度为 8 字符
2019-10-25 02:56:09,870 - selenium - INFO - Successful positioning of elements.Positioning method and values used：['id', 'username']
2019-10-25 02:56:10,229 - selenium - INFO - Input content：Entech9998
2019-10-25 02:56:10,309 - selenium - INFO - Successful positioning of elements.Positioning method and values used：['id', 'password']
2019-10-25 02:56:10,566 - selenium - INFO - Input content：12345
2019-10-25 02:56:10,634 - selenium - INFO - Successful positioning of elements.Positioning method and values used：['id', 'passwd']
2019-10-25 02:56:10,927 - selenium - INFO - Input content：12345
2019-10-25 02:56:10,947 - selenium - INFO - Successful positioning of elements.Positioning method and values used：['id', 'rmNum']
2019-10-25 02:56:11,196 - selenium - INFO - Input content：1233
2019-10-25 02:56:11,215 - selenium - INFO - Successful positioning of elements.Positioning method and values used：['css selector', 'span > input']
2019-10-25 02:56:11,554 - selenium - INFO - Input content：11144434443
2019-10-25 02:56:11,581 - selenium - INFO - Successful positioning of elements.Positioning method and values used：['id', 'OK2']
2019-10-25 02:56:11,730 - selenium - INFO - Click on the element success,location method and value used：['id', 'OK2']
2019-10-25 02:56:11,938 - selenium - INFO - Successful positioning of elements.Positioning method and values used：['css selector', '.err > span']
2019-10-25 02:56:11,998 - selenium - INFO - Obtained text：密码 的最小长度为 8 字符
2019-10-25 02:56:12,046 - selenium - INFO - Assert Verify success：expected outcome:{密码的最小长度为8字符} == actual results:{密码的最小长度为8字符}
2019-10-25 02:56:12,962 - selenium - INFO - Screenshot saved successfully!
2019-10-25 02:56:12,963 - selenium - INFO - Successful execution of test cases:注册页面，检测密码字段规则（最小长度是否为8位）

2019-10-25 02:56:12,963 - selenium - INFO - Executing use test case:注册页面，检测密码字段规则（最小长度是否为8位）
2019-10-25 02:56:12,963 - selenium - INFO - input data:username:Entech9998,password:1234,passwd:1234,phone:1233,code:11144434443,suc:0,assert:密码8-20位数字或字母
2019-10-25 02:56:12,983 - selenium - INFO - Successful positioning of elements.Positioning method and values used：['id', 'username']
2019-10-25 02:56:13,525 - selenium - INFO - Input content：Entech9998
2019-10-25 02:56:13,554 - selenium - INFO - Successful positioning of elements.Positioning method and values used：['id', 'password']
2019-10-25 02:56:13,909 - selenium - INFO - Input content：1234
2019-10-25 02:56:13,965 - selenium - INFO - Successful positioning of elements.Positioning method and values used：['id', 'passwd']
2019-10-25 02:56:14,263 - selenium - INFO - Input content：1234
2019-10-25 02:56:14,289 - selenium - INFO - Successful positioning of elements.Positioning method and values used：['id', 'rmNum']
2019-10-25 02:56:14,598 - selenium - INFO - Input content：1233
2019-10-25 02:56:14,637 - selenium - INFO - Successful positioning of elements.Positioning method and values used：['css selector', 'span > input']
2019-10-25 02:56:14,938 - selenium - INFO - Input content：11144434443
2019-10-25 02:56:14,957 - selenium - INFO - Successful positioning of elements.Positioning method and values used：['id', 'OK2']
2019-10-25 02:56:15,041 - selenium - INFO - Click on the element success,location method and value used：['id', 'OK2']
2019-10-25 02:56:15,100 - selenium - INFO - Successful positioning of elements.Positioning method and values used：['css selector', '.err > span']
2019-10-25 02:56:15,245 - selenium - INFO - Obtained text：密码8-20位数字或字母
2019-10-25 02:56:15,282 - selenium - INFO - Assert Verify success：expected outcome:{密码8-20位数字或字母} == actual results:{密码8-20位数字或字母}
2019-10-25 02:56:16,505 - selenium - INFO - Screenshot saved successfully!
2019-10-25 02:56:16,506 - selenium - INFO - Successful execution of test cases:注册页面，检测密码字段规则（最小长度是否为8位）

2019-10-25 02:56:16,506 - selenium - INFO - Executing use test case:注册页面，检测手机号字段规则（手机格式）
2019-10-25 02:56:16,506 - selenium - INFO - input data:username:Entech9998,password:12345678,passwd:12345678,phone:1233,code:11144434443,suc:0,assert:请填写正确的手机号码.
2019-10-25 02:56:16,538 - selenium - INFO - Successful positioning of elements.Positioning method and values used：['id', 'username']
2019-10-25 02:56:17,461 - selenium - INFO - Input content：Entech9998
2019-10-25 02:56:17,524 - selenium - INFO - Successful positioning of elements.Positioning method and values used：['id', 'password']
2019-10-25 02:56:17,946 - selenium - INFO - Input content：12345678
2019-10-25 02:56:17,978 - selenium - INFO - Successful positioning of elements.Positioning method and values used：['id', 'passwd']
2019-10-25 02:56:18,358 - selenium - INFO - Input content：12345678
2019-10-25 02:56:18,396 - selenium - INFO - Successful positioning of elements.Positioning method and values used：['id', 'rmNum']
2019-10-25 02:56:18,655 - selenium - INFO - Input content：1233
2019-10-25 02:56:18,702 - selenium - INFO - Successful positioning of elements.Positioning method and values used：['css selector', 'span > input']
2019-10-25 02:56:19,062 - selenium - INFO - Input content：11144434443
2019-10-25 02:56:19,091 - selenium - INFO - Successful positioning of elements.Positioning method and values used：['id', 'OK2']
2019-10-25 02:56:19,187 - selenium - INFO - Click on the element success,location method and value used：['id', 'OK2']
2019-10-25 02:56:19,450 - selenium - INFO - Successful positioning of elements.Positioning method and values used：['css selector', '.err > span']
2019-10-25 02:56:19,479 - selenium - INFO - Obtained text：请填写正确的手机号码.
2019-10-25 02:56:19,506 - selenium - INFO - Assert Verify success：expected outcome:{请填写正确的手机号码.} == actual results:{请填写正确的手机号码.}
2019-10-25 02:56:20,272 - selenium - INFO - Screenshot saved successfully!
2019-10-25 02:56:20,273 - selenium - INFO - Successful execution of test cases:注册页面，检测手机号字段规则（手机格式）

2019-10-25 02:56:20,273 - selenium - INFO - Executing use test case:注册页面，检测密码字段规则（是否区分密码字母大小写）
2019-10-25 02:56:20,273 - selenium - INFO - input data:username:Entech9998,password:1234567a,passwd:1234567A,phone:1233,code:13944434443,suc:0,assert:两次密码不一致
2019-10-25 02:56:20,358 - selenium - INFO - Successful positioning of elements.Positioning method and values used：['id', 'username']
2019-10-25 02:56:20,846 - selenium - INFO - Input content：Entech9998
2019-10-25 02:56:20,925 - selenium - INFO - Successful positioning of elements.Positioning method and values used：['id', 'password']
2019-10-25 02:56:21,334 - selenium - INFO - Input content：1234567a
2019-10-25 02:56:21,363 - selenium - INFO - Successful positioning of elements.Positioning method and values used：['id', 'passwd']
2019-10-25 02:56:21,912 - selenium - INFO - Input content：1234567A
2019-10-25 02:56:21,941 - selenium - INFO - Successful positioning of elements.Positioning method and values used：['id', 'rmNum']
2019-10-25 02:56:22,443 - selenium - INFO - Input content：1233
2019-10-25 02:56:22,490 - selenium - INFO - Successful positioning of elements.Positioning method and values used：['css selector', 'span > input']
2019-10-25 02:56:22,900 - selenium - INFO - Input content：13944434443
2019-10-25 02:56:22,948 - selenium - INFO - Successful positioning of elements.Positioning method and values used：['id', 'OK2']
2019-10-25 02:56:23,072 - selenium - INFO - Click on the element success,location method and value used：['id', 'OK2']
2019-10-25 02:56:23,094 - selenium - INFO - Successful positioning of elements.Positioning method and values used：['css selector', '.err > span']
2019-10-25 02:56:23,144 - selenium - INFO - Obtained text：两次密码不一致
2019-10-25 02:56:23,170 - selenium - INFO - Assert Verify success：expected outcome:{两次密码不一致} == actual results:{两次密码不一致}
2019-10-25 02:56:23,972 - selenium - INFO - Screenshot saved successfully!
2019-10-25 02:56:23,973 - selenium - INFO - Successful execution of test cases:注册页面，检测密码字段规则（是否区分密码字母大小写）

2019-10-25 02:56:23,973 - selenium - INFO - Executing use test case:注册页面，检测是否能阻止重复注册
2019-10-25 02:56:23,973 - selenium - INFO - input data:username:enintech0,password:987456123,passwd:987456123,phone:1233,code:13944434443,suc:0,assert:帐号已存在
2019-10-25 02:56:24,043 - selenium - INFO - Successful positioning of elements.Positioning method and values used：['id', 'username']
2019-10-25 02:56:24,625 - selenium - INFO - Input content：enintech0
2019-10-25 02:56:24,647 - selenium - INFO - Successful positioning of elements.Positioning method and values used：['id', 'password']
2019-10-25 02:56:25,005 - selenium - INFO - Input content：987456123
2019-10-25 02:56:25,040 - selenium - INFO - Successful positioning of elements.Positioning method and values used：['id', 'passwd']
2019-10-25 02:56:25,459 - selenium - INFO - Input content：987456123
2019-10-25 02:56:25,487 - selenium - INFO - Successful positioning of elements.Positioning method and values used：['id', 'rmNum']
2019-10-25 02:56:25,868 - selenium - INFO - Input content：1233
2019-10-25 02:56:25,901 - selenium - INFO - Successful positioning of elements.Positioning method and values used：['css selector', 'span > input']
2019-10-25 02:56:26,179 - selenium - INFO - Input content：13944434443
2019-10-25 02:56:26,197 - selenium - INFO - Successful positioning of elements.Positioning method and values used：['id', 'OK2']
2019-10-25 02:56:26,275 - selenium - INFO - Click on the element success,location method and value used：['id', 'OK2']
2019-10-25 02:56:26,436 - selenium - INFO - Successful positioning of elements.Positioning method and values used：['css selector', '.err > span']
2019-10-25 02:56:26,490 - selenium - INFO - Obtained text：帐号已存在
2019-10-25 02:56:26,536 - selenium - INFO - Assert Verify success：expected outcome:{帐号已存在} == actual results:{帐号已存在}
2019-10-25 02:56:27,175 - selenium - INFO - Screenshot saved successfully!
2019-10-25 02:56:27,176 - selenium - INFO - Successful execution of test cases:注册页面，检测是否能阻止重复注册

2019-10-25 02:56:27,176 - selenium - INFO - Executing use test case:注册页面，检测验证码字段规则（错误验证码是否阻止注册）
2019-10-25 02:56:27,176 - selenium - INFO - input data:username:Entech9998,password:1234567a,passwd:1234567a,phone:1111,code:13944434443,suc:0,assert:验证码错误
2019-10-25 02:56:27,206 - selenium - INFO - Successful positioning of elements.Positioning method and values used：['id', 'username']
2019-10-25 02:56:27,488 - selenium - INFO - Input content：Entech9998
2019-10-25 02:56:27,512 - selenium - INFO - Successful positioning of elements.Positioning method and values used：['id', 'password']
2019-10-25 02:56:27,903 - selenium - INFO - Input content：1234567a
2019-10-25 02:56:27,928 - selenium - INFO - Successful positioning of elements.Positioning method and values used：['id', 'passwd']
2019-10-25 02:56:28,204 - selenium - INFO - Input content：1234567a
2019-10-25 02:56:28,229 - selenium - INFO - Successful positioning of elements.Positioning method and values used：['id', 'rmNum']
2019-10-25 02:56:28,565 - selenium - INFO - Input content：1111
2019-10-25 02:56:28,594 - selenium - INFO - Successful positioning of elements.Positioning method and values used：['css selector', 'span > input']
2019-10-25 02:56:29,097 - selenium - INFO - Input content：13944434443
2019-10-25 02:56:29,149 - selenium - INFO - Successful positioning of elements.Positioning method and values used：['id', 'OK2']
2019-10-25 02:56:29,317 - selenium - INFO - Click on the element success,location method and value used：['id', 'OK2']
2019-10-25 02:56:29,498 - selenium - INFO - Successful positioning of elements.Positioning method and values used：['css selector', '.err > span']
2019-10-25 02:56:29,542 - selenium - INFO - Obtained text：验证码错误
2019-10-25 02:56:29,559 - selenium - INFO - Assert Verify success：expected outcome:{验证码错误} == actual results:{验证码错误}
2019-10-25 02:56:30,430 - selenium - INFO - Screenshot saved successfully!
2019-10-25 02:56:30,430 - selenium - INFO - Successful execution of test cases:注册页面，检测验证码字段规则（错误验证码是否阻止注册）

2019-10-25 02:56:30,430 - selenium - INFO - Executing use test case:检测是否能够成功注册账号
2019-10-25 02:56:30,478 - selenium - INFO - Successful positioning of elements.Positioning method and values used：['id', 'username']
2019-10-25 02:56:30,980 - selenium - INFO - Input content：enintech29
2019-10-25 02:56:31,024 - selenium - INFO - Successful positioning of elements.Positioning method and values used：['id', 'password']
2019-10-25 02:56:31,445 - selenium - INFO - Input content：12345678
2019-10-25 02:56:31,490 - selenium - INFO - Successful positioning of elements.Positioning method and values used：['id', 'passwd']
2019-10-25 02:56:31,879 - selenium - INFO - Input content：12345678
2019-10-25 02:56:31,931 - selenium - INFO - Successful positioning of elements.Positioning method and values used：['css selector', 'span > input']
2019-10-25 02:56:32,429 - selenium - INFO - Input content：13988889999
2019-10-25 02:56:35,440 - selenium - INFO - Forced wait 2 second
2019-10-25 02:56:35,459 - selenium - INFO - Successful positioning of elements.Positioning method and values used：['id', 'rmNum']
2019-10-25 02:56:35,686 - selenium - INFO - Input content：5998
2019-10-25 02:56:35,727 - selenium - INFO - Successful positioning of elements.Positioning method and values used：['id', 'OK2']
2019-10-25 02:56:35,834 - selenium - INFO - Click on the element success,location method and value used：['id', 'OK2']
2019-10-25 02:56:37,836 - selenium - INFO - Forced wait 2 second
2019-10-25 02:56:37,856 - selenium - INFO - Successful positioning of elements.Positioning method and values used：['css selector', '.err > span']
2019-10-25 02:56:37,908 - selenium - INFO - Obtained text：请勿重复注册
2019-10-25 02:56:37,964 - selenium - INFO - Successful positioning of elements.Positioning method and values used：['css selector', '.err > span']
2019-10-25 02:56:38,023 - selenium - INFO - Obtained text：请勿重复注册
2019-10-25 02:56:38,078 - selenium - INFO - Successful positioning of elements.Positioning method and values used：['css selector', '.err > span']
2019-10-25 02:56:38,131 - selenium - INFO - Obtained text：请勿重复注册
2019-10-25 02:56:53,543 - selenium - INFO - 在section：copy下读取pro_copy的值
2019-10-25 02:56:53,549 - selenium - INFO - 在section：reports下读取pro的值
2019-10-25 02:56:55,077 - selenium - INFO - 在section：title下读取pro的值
2019-10-25 02:56:55,077 - selenium - INFO - 在section：environment下读取url的值
2019-10-25 02:56:55,172 - selenium - INFO - 在section：telegram下读取token的值
2019-10-25 02:56:55,173 - selenium - INFO - 在section：telegram下读取chat_id的值
