2019-10-25 04:03:04,480 - selenium - INFO - 在section：environment下读取browser的值
2019-10-25 04:03:04,480 - selenium - INFO - Read browser configuration, value：chrome
2019-10-25 04:03:04,480 - selenium - INFO - 在section：environment下读取url的值
2019-10-25 04:03:04,480 - selenium - INFO - Read url configuration, value：http://blr.9161252.com/#/home
2019-10-25 04:03:07,987 - selenium - INFO - Visit website：http://blr.9161252.com/#/home
2019-10-25 04:03:08,110 - selenium - INFO - Browser maximization
2019-10-25 04:03:08,120 - selenium - INFO - Set static wait time 10 seconds
2019-10-25 04:03:08,120 - selenium - INFO - Executing test cases：新注册会员，在未绑定银行卡的情况下，验证是否阻止提款申请
2019-10-25 04:03:09,885 - selenium - INFO - Successful positioning of elements.Positioning method and values used：['css selector', '.close']
2019-10-25 04:03:10,221 - selenium - INFO - Successful positioning of elements.Positioning method and values used：['css selector', '.close']
2019-10-25 04:03:10,708 - selenium - INFO - Click on the element success,location method and value used：['css selector', '.close']
2019-10-25 04:03:10,888 - selenium - INFO - Successful positioning of elements.Positioning method and values used：['css selector', '.input-bg:nth-child(1)']
2019-10-25 04:03:11,659 - selenium - INFO - Input content：enintech28
2019-10-25 04:03:11,695 - selenium - INFO - Successful positioning of elements.Positioning method and values used：['id', 'txtFacade']
2019-10-25 04:03:12,087 - selenium - INFO - Input content：12345678
2019-10-25 04:03:23,268 - selenium - INFO - Successful positioning of elements.Positioning method and values used：['css selector', '.loginBtn']
2019-10-25 04:03:23,516 - selenium - INFO - Click on the element success,location method and value used：['css selector', '.loginBtn']
2019-10-25 04:03:23,516 - selenium - ERROR - 定位验证码元素失败，原因：界面不存在验证码-Message: 

2019-10-25 04:03:24,553 - selenium - INFO - Forced wait 1 second
2019-10-25 04:03:24,553 - selenium - INFO - JavaScript execution is successful，JavaScript content is：var q=document.documentElement.scrollTop=0
2019-10-25 04:03:25,555 - selenium - INFO - Forced wait 1 second
2019-10-25 04:03:25,779 - selenium - INFO - Successful positioning of elements.Positioning method and values used：['link text', '线上取款']
2019-10-25 04:03:26,817 - selenium - INFO - Click on the element success,location method and value used：['link text', '线上取款']
2019-10-25 04:03:26,851 - selenium - INFO - Successful positioning of elements.Positioning method and values used：['css selector', '.toast']
2019-10-25 04:03:27,042 - selenium - INFO - Obtained text：请绑定银行卡
确认
2019-10-25 04:03:27,231 - selenium - INFO - Successful positioning of elements.Positioning method and values used：['xpath', '/html/body/div/div/div[2]/div/div/div/div/div[2]/div[2]/ul/li/span']
2019-10-25 04:03:27,453 - selenium - INFO - Click on the element success,location method and value used：['xpath', '/html/body/div/div/div[2]/div/div/div/div/div[2]/div[2]/ul/li/span']
2019-10-25 04:03:27,488 - selenium - INFO - Successful positioning of elements.Positioning method and values used：['css selector', '.toast']
2019-10-25 04:03:27,675 - selenium - INFO - Obtained text：请绑定银行卡
确认
2019-10-25 04:03:29,244 - selenium - INFO - Forced wait 1 second
2019-10-25 04:03:31,039 - selenium - INFO - Screenshot saved successfully!
2019-10-25 04:03:31,039 - selenium - INFO - Successful execution of test cases:新注册会员，在未绑定银行卡的情况下，验证是否阻止提款申请
2019-10-25 04:03:31,040 - selenium - INFO - Executing test cases：绑定银行卡，已设置密保和资金密码，验证[提款人姓名]字段是否不能为空
2019-10-25 04:03:31,068 - selenium - INFO - Successful positioning of elements.Positioning method and values used：['css selector', '.row:nth-child(1) > input']
2019-10-25 04:03:31,268 - selenium - INFO - Input content：
2019-10-25 04:03:31,321 - selenium - INFO - Successful positioning of elements.Positioning method and values used：['css selector', '.row:nth-child(3) > input']
2019-10-25 04:03:31,849 - selenium - INFO - Input content：
2019-10-25 04:03:31,895 - selenium - INFO - Successful positioning of elements.Positioning method and values used：['css selector', '.row:nth-child(5) > input']
2019-10-25 04:03:32,068 - selenium - INFO - Input content：
2019-10-25 04:03:32,089 - selenium - INFO - Successful positioning of elements.Positioning method and values used：['css selector', '.submit']
2019-10-25 04:03:32,896 - selenium - INFO - Click on the element success,location method and value used：['css selector', '.submit']
2019-10-25 04:03:32,948 - selenium - INFO - Successful positioning of elements.Positioning method and values used：['css selector', '.toast']
2019-10-25 04:03:32,984 - selenium - INFO - Obtained text：请输入正确的提款名
2019-10-25 04:03:34,235 - selenium - INFO - Screenshot saved successfully!
2019-10-25 04:03:34,238 - selenium - INFO - Successful execution of test cases:绑定银行卡，已设置密保和资金密码，验证[提款人姓名]字段是否不能为空
2019-10-25 04:03:34,239 - selenium - INFO - Executing test cases：绑定银行卡，已设置密保和资金密码，验证[提款人姓名]字段是否不能为数字
2019-10-25 04:03:34,682 - selenium - INFO - Successful positioning of elements.Positioning method and values used：['css selector', '.row:nth-child(1) > input']
2019-10-25 04:03:35,907 - selenium - ERROR - Content input error
Traceback (most recent call last):
  File "/root/PycharmProjects/blr.9161252.com/venv/lib/python3.7/site-packages/urllib3/connectionpool.py", line 377, in _make_request
    httplib_response = conn.getresponse(buffering=True)
TypeError: getresponse() got an unexpected keyword argument 'buffering'

During handling of the above exception, another exception occurred:

Traceback (most recent call last):
  File "/root/PycharmProjects/blr.9161252.com/Common/basePage.py", line 360, in type
    element.send_keys(value)
  File "/root/PycharmProjects/blr.9161252.com/venv/lib/python3.7/site-packages/selenium/webdriver/remote/webelement.py", line 479, in send_keys
    'value': keys_to_typing(value)})
  File "/root/PycharmProjects/blr.9161252.com/venv/lib/python3.7/site-packages/selenium/webdriver/remote/webelement.py", line 633, in _execute
    return self._parent.execute(command, params)
  File "/root/PycharmProjects/blr.9161252.com/venv/lib/python3.7/site-packages/selenium/webdriver/remote/webdriver.py", line 319, in execute
    response = self.command_executor.execute(driver_command, params)
  File "/root/PycharmProjects/blr.9161252.com/venv/lib/python3.7/site-packages/selenium/webdriver/remote/remote_connection.py", line 374, in execute
    return self._request(command_info[0], url, body=data)
  File "/root/PycharmProjects/blr.9161252.com/venv/lib/python3.7/site-packages/selenium/webdriver/remote/remote_connection.py", line 402, in _request
    resp = http.request(method, url, body=body, headers=headers)
  File "/root/PycharmProjects/blr.9161252.com/venv/lib/python3.7/site-packages/urllib3/request.py", line 72, in request
    **urlopen_kw)
  File "/root/PycharmProjects/blr.9161252.com/venv/lib/python3.7/site-packages/urllib3/request.py", line 150, in request_encode_body
    return self.urlopen(method, url, **extra_kw)
  File "/root/PycharmProjects/blr.9161252.com/venv/lib/python3.7/site-packages/urllib3/poolmanager.py", line 324, in urlopen
    response = conn.urlopen(method, u.request_uri, **kw)
  File "/root/PycharmProjects/blr.9161252.com/venv/lib/python3.7/site-packages/urllib3/connectionpool.py", line 600, in urlopen
    chunked=chunked)
  File "/root/PycharmProjects/blr.9161252.com/venv/lib/python3.7/site-packages/urllib3/connectionpool.py", line 380, in _make_request
    httplib_response = conn.getresponse()
  File "/usr/lib/python3.7/http/client.py", line 1336, in getresponse
    response.begin()
  File "/usr/lib/python3.7/http/client.py", line 306, in begin
    version, status, reason = self._read_status()
  File "/usr/lib/python3.7/http/client.py", line 267, in _read_status
    line = str(self.fp.readline(_MAXLINE + 1), "iso-8859-1")
  File "/usr/lib/python3.7/socket.py", line 589, in readinto
    return self._sock.recv_into(b)
KeyboardInterrupt
