2019-10-25 03:41:31,127 - selenium - INFO - 在section：environment下读取browser的值
2019-10-25 03:41:31,128 - selenium - INFO - Read browser configuration, value：chrome
2019-10-25 03:41:31,128 - selenium - INFO - 在section：environment下读取url的值
2019-10-25 03:41:31,128 - selenium - INFO - Read url configuration, value：http://blr.9161252.com/#/home
2019-10-25 03:41:34,288 - selenium - INFO - Visit website：http://blr.9161252.com/#/home
2019-10-25 03:41:34,410 - selenium - INFO - Browser maximization
2019-10-25 03:41:34,422 - selenium - INFO - Set static wait time 10 seconds
2019-10-25 03:41:34,423 - selenium - INFO - Executing use test case:
2019-10-25 03:41:36,055 - selenium - INFO - Successful positioning of elements.Positioning method and values used：['css selector', '.close']
2019-10-25 03:41:36,935 - selenium - INFO - Successful positioning of elements.Positioning method and values used：['css selector', '.close']
2019-10-25 03:41:37,217 - selenium - INFO - Click on the element success,location method and value used：['css selector', '.close']
2019-10-25 03:41:37,392 - selenium - INFO - Successful positioning of elements.Positioning method and values used：['css selector', '.regBtn']
2019-10-25 03:41:37,756 - selenium - INFO - Click on the element success,location method and value used：['css selector', '.regBtn']
2019-10-25 03:41:38,160 - selenium - INFO - Successful positioning of elements.Positioning method and values used：['id', 'username']
2019-10-25 03:41:38,801 - selenium - INFO - Input content：enintech0
2019-10-25 03:41:38,833 - selenium - INFO - Successful positioning of elements.Positioning method and values used：['id', 'password']
2019-10-25 03:41:39,314 - selenium - INFO - Input content：12345678
2019-10-25 03:41:39,365 - selenium - INFO - Successful positioning of elements.Positioning method and values used：['id', 'passwd']
2019-10-25 03:41:39,791 - selenium - INFO - Input content：12345678
2019-10-25 03:41:39,831 - selenium - INFO - Successful positioning of elements.Positioning method and values used：['id', 'rmNum']
2019-10-25 03:41:40,263 - selenium - INFO - Input content：1234
2019-10-25 03:41:40,290 - selenium - INFO - Successful positioning of elements.Positioning method and values used：['css selector', 'span > input']
2019-10-25 03:41:40,596 - selenium - INFO - Input content：13898378887
2019-10-25 03:41:40,627 - selenium - INFO - Successful positioning of elements.Positioning method and values used：['id', 'CANCEL2']
2019-10-25 03:41:40,865 - selenium - INFO - Click on the element success,location method and value used：['id', 'CANCEL2']
2019-10-25 03:41:40,974 - selenium - INFO - Successful positioning of elements.Positioning method and values used：['id', 'OK2']
2019-10-25 03:41:41,360 - selenium - INFO - Click on the element success,location method and value used：['id', 'OK2']
2019-10-25 03:41:41,457 - selenium - INFO - Successful positioning of elements.Positioning method and values used：['css selector', '.err > span']
2019-10-25 03:41:41,502 - selenium - INFO - Obtained text：帐号6-10位数字或字母
2019-10-25 03:41:41,591 - selenium - INFO - Failure of test case execution! Reason: '帐号6-10位数字或字母' != None : Assert Verification fail：expected outcome{None} != actual results{帐号6-10位数字或字母}

2019-10-25 03:41:41,591 - selenium - INFO - Executing use test case:注册页面，检测账号字段规则（是否为必填项）
2019-10-25 03:41:41,591 - selenium - INFO - input data:username:,password:,passwd:,phone:,code:,suc:0,assert:帐号6-10位数字或字母
2019-10-25 03:41:41,624 - selenium - INFO - Successful positioning of elements.Positioning method and values used：['id', 'username']
2019-10-25 03:41:41,780 - selenium - INFO - Input content：
2019-10-25 03:41:41,824 - selenium - INFO - Successful positioning of elements.Positioning method and values used：['id', 'password']
2019-10-25 03:41:42,201 - selenium - INFO - Input content：
2019-10-25 03:41:42,231 - selenium - INFO - Successful positioning of elements.Positioning method and values used：['id', 'passwd']
2019-10-25 03:41:42,546 - selenium - INFO - Input content：
2019-10-25 03:41:42,624 - selenium - INFO - Successful positioning of elements.Positioning method and values used：['id', 'rmNum']
2019-10-25 03:41:42,899 - selenium - INFO - Input content：
2019-10-25 03:41:42,939 - selenium - INFO - Successful positioning of elements.Positioning method and values used：['css selector', 'span > input']
2019-10-25 03:41:43,181 - selenium - INFO - Input content：
2019-10-25 03:41:43,201 - selenium - INFO - Successful positioning of elements.Positioning method and values used：['id', 'OK2']
2019-10-25 03:41:43,282 - selenium - INFO - Click on the element success,location method and value used：['id', 'OK2']
2019-10-25 03:41:43,322 - selenium - INFO - Successful positioning of elements.Positioning method and values used：['css selector', '.err > span']
2019-10-25 03:41:43,361 - selenium - INFO - Obtained text：帐号6-10位数字或字母
2019-10-25 03:41:43,380 - selenium - INFO - Assert Verify success：expected outcome:{帐号6-10位数字或字母} == actual results:{帐号6-10位数字或字母}
2019-10-25 03:41:44,254 - selenium - INFO - Screenshot saved successfully!
2019-10-25 03:41:44,254 - selenium - INFO - Successful execution of test cases:注册页面，检测账号字段规则（是否为必填项）

2019-10-25 03:41:44,255 - selenium - INFO - Executing use test case:注册页面，检测账号字段规则（长度是否不能小于6位）
2019-10-25 03:41:44,255 - selenium - INFO - input data:username:12,password:,passwd:,phone:,code:,suc:0,assert:帐号6-10位数字或字母
2019-10-25 03:41:44,338 - selenium - INFO - Successful positioning of elements.Positioning method and values used：['id', 'username']
2019-10-25 03:41:44,988 - selenium - INFO - Input content：12
2019-10-25 03:41:45,033 - selenium - INFO - Successful positioning of elements.Positioning method and values used：['id', 'password']
2019-10-25 03:41:45,292 - selenium - INFO - Input content：
2019-10-25 03:41:45,320 - selenium - INFO - Successful positioning of elements.Positioning method and values used：['id', 'passwd']
2019-10-25 03:41:45,563 - selenium - INFO - Input content：
2019-10-25 03:41:45,629 - selenium - INFO - Successful positioning of elements.Positioning method and values used：['id', 'rmNum']
2019-10-25 03:41:45,910 - selenium - INFO - Input content：
2019-10-25 03:41:45,939 - selenium - INFO - Successful positioning of elements.Positioning method and values used：['css selector', 'span > input']
2019-10-25 03:41:46,088 - selenium - INFO - Input content：
2019-10-25 03:41:46,107 - selenium - INFO - Successful positioning of elements.Positioning method and values used：['id', 'OK2']
2019-10-25 03:41:46,379 - selenium - INFO - Click on the element success,location method and value used：['id', 'OK2']
2019-10-25 03:41:46,436 - selenium - INFO - Successful positioning of elements.Positioning method and values used：['css selector', '.err > span']
2019-10-25 03:41:46,497 - selenium - INFO - Obtained text：帐号6-10位数字或字母
2019-10-25 03:41:46,600 - selenium - INFO - Assert Verify success：expected outcome:{帐号6-10位数字或字母} == actual results:{帐号6-10位数字或字母}
2019-10-25 03:41:47,342 - selenium - INFO - Screenshot saved successfully!
2019-10-25 03:41:47,342 - selenium - INFO - Successful execution of test cases:注册页面，检测账号字段规则（长度是否不能小于6位）

2019-10-25 03:41:47,342 - selenium - INFO - Executing use test case:注册页面，检测账号字段规则（是否不能包含中文）
2019-10-25 03:41:47,342 - selenium - INFO - input data:username:阿斯顿但是我,password:,passwd:,phone:,code:,suc:0,assert:帐号6-10位数字或字母
2019-10-25 03:41:47,369 - selenium - INFO - Successful positioning of elements.Positioning method and values used：['id', 'username']
2019-10-25 03:41:47,722 - selenium - INFO - Input content：阿斯顿但是我
2019-10-25 03:41:47,764 - selenium - INFO - Successful positioning of elements.Positioning method and values used：['id', 'password']
2019-10-25 03:41:48,000 - selenium - INFO - Input content：
2019-10-25 03:41:48,053 - selenium - INFO - Successful positioning of elements.Positioning method and values used：['id', 'passwd']
2019-10-25 03:41:48,295 - selenium - INFO - Input content：
2019-10-25 03:41:48,354 - selenium - INFO - Successful positioning of elements.Positioning method and values used：['id', 'rmNum']
2019-10-25 03:41:48,622 - selenium - INFO - Input content：
2019-10-25 03:41:48,659 - selenium - INFO - Successful positioning of elements.Positioning method and values used：['css selector', 'span > input']
2019-10-25 03:41:48,862 - selenium - INFO - Input content：
2019-10-25 03:41:48,927 - selenium - INFO - Successful positioning of elements.Positioning method and values used：['id', 'OK2']
2019-10-25 03:41:49,037 - selenium - INFO - Click on the element success,location method and value used：['id', 'OK2']
2019-10-25 03:41:49,067 - selenium - INFO - Successful positioning of elements.Positioning method and values used：['css selector', '.err > span']
2019-10-25 03:41:49,168 - selenium - INFO - Obtained text：帐号6-10位数字或字母
2019-10-25 03:41:49,196 - selenium - INFO - Assert Verify success：expected outcome:{帐号6-10位数字或字母} == actual results:{帐号6-10位数字或字母}
2019-10-25 03:41:49,984 - selenium - INFO - Screenshot saved successfully!
2019-10-25 03:41:49,985 - selenium - INFO - Successful execution of test cases:注册页面，检测账号字段规则（是否不能包含中文）

2019-10-25 03:41:49,985 - selenium - INFO - Executing use test case:注册页面，检测账号字段规则（是否不能包含特殊字符）
2019-10-25 03:41:49,985 - selenium - INFO - input data:username:*&#123abc,password:,passwd:,phone:,code:,suc:0,assert:帐号6-10位数字或字母
2019-10-25 03:41:50,014 - selenium - INFO - Successful positioning of elements.Positioning method and values used：['id', 'username']
2019-10-25 03:41:50,616 - selenium - INFO - Input content：*&#123abc
2019-10-25 03:41:50,634 - selenium - INFO - Successful positioning of elements.Positioning method and values used：['id', 'password']
2019-10-25 03:41:50,806 - selenium - INFO - Input content：
2019-10-25 03:41:50,824 - selenium - INFO - Successful positioning of elements.Positioning method and values used：['id', 'passwd']
2019-10-25 03:41:51,139 - selenium - INFO - Input content：
2019-10-25 03:41:51,161 - selenium - INFO - Successful positioning of elements.Positioning method and values used：['id', 'rmNum']
2019-10-25 03:41:51,349 - selenium - INFO - Input content：
2019-10-25 03:41:51,405 - selenium - INFO - Successful positioning of elements.Positioning method and values used：['css selector', 'span > input']
2019-10-25 03:41:51,540 - selenium - INFO - Input content：
2019-10-25 03:41:51,562 - selenium - INFO - Successful positioning of elements.Positioning method and values used：['id', 'OK2']
2019-10-25 03:41:51,613 - selenium - INFO - Click on the element success,location method and value used：['id', 'OK2']
2019-10-25 03:41:51,730 - selenium - INFO - Successful positioning of elements.Positioning method and values used：['css selector', '.err > span']
2019-10-25 03:41:51,799 - selenium - INFO - Obtained text：帐号6-10位数字或字母
2019-10-25 03:41:51,832 - selenium - INFO - Assert Verify success：expected outcome:{帐号6-10位数字或字母} == actual results:{帐号6-10位数字或字母}
2019-10-25 03:41:52,644 - selenium - INFO - Screenshot saved successfully!
2019-10-25 03:41:52,644 - selenium - INFO - Successful execution of test cases:注册页面，检测账号字段规则（是否不能包含特殊字符）

2019-10-25 03:41:52,645 - selenium - INFO - Executing use test case:注册页面，检测账号字段规则（长度是否不能小于6位）
2019-10-25 03:41:52,645 - selenium - INFO - input data:username:123as,password:,passwd:,phone:,code:,suc:0,assert:帐号6-10位数字或字母
2019-10-25 03:41:52,673 - selenium - INFO - Successful positioning of elements.Positioning method and values used：['id', 'username']
2019-10-25 03:41:52,951 - selenium - INFO - Input content：123as
2019-10-25 03:41:52,993 - selenium - INFO - Successful positioning of elements.Positioning method and values used：['id', 'password']
2019-10-25 03:41:53,283 - selenium - INFO - Input content：
2019-10-25 03:41:53,336 - selenium - INFO - Successful positioning of elements.Positioning method and values used：['id', 'passwd']
2019-10-25 03:41:53,547 - selenium - INFO - Input content：
2019-10-25 03:41:53,628 - selenium - INFO - Successful positioning of elements.Positioning method and values used：['id', 'rmNum']
2019-10-25 03:41:53,852 - selenium - INFO - Input content：
2019-10-25 03:41:53,899 - selenium - INFO - Successful positioning of elements.Positioning method and values used：['css selector', 'span > input']
2019-10-25 03:41:54,119 - selenium - INFO - Input content：
2019-10-25 03:41:54,157 - selenium - INFO - Successful positioning of elements.Positioning method and values used：['id', 'OK2']
2019-10-25 03:41:54,249 - selenium - INFO - Click on the element success,location method and value used：['id', 'OK2']
2019-10-25 03:41:54,264 - selenium - INFO - Successful positioning of elements.Positioning method and values used：['css selector', '.err > span']
2019-10-25 03:41:54,308 - selenium - INFO - Obtained text：帐号6-10位数字或字母
2019-10-25 03:41:54,350 - selenium - INFO - Assert Verify success：expected outcome:{帐号6-10位数字或字母} == actual results:{帐号6-10位数字或字母}
2019-10-25 03:41:54,986 - selenium - INFO - Screenshot saved successfully!
2019-10-25 03:41:54,986 - selenium - INFO - Successful execution of test cases:注册页面，检测账号字段规则（长度是否不能小于6位）

2019-10-25 03:41:54,987 - selenium - INFO - Executing use test case:注册页面，检测密码字段规则（是否为必填项）
2019-10-25 03:41:54,987 - selenium - INFO - input data:username:Entech9998,password:,passwd:,phone:,code:,suc:0,assert:密码8-20位数字或字母
2019-10-25 03:41:55,012 - selenium - INFO - Successful positioning of elements.Positioning method and values used：['id', 'username']
2019-10-25 03:41:55,602 - selenium - INFO - Input content：Entech9998
2019-10-25 03:41:55,621 - selenium - INFO - Successful positioning of elements.Positioning method and values used：['id', 'password']
2019-10-25 03:41:56,039 - selenium - INFO - Input content：
2019-10-25 03:41:56,104 - selenium - INFO - Successful positioning of elements.Positioning method and values used：['id', 'passwd']
2019-10-25 03:41:56,307 - selenium - INFO - Input content：
2019-10-25 03:41:56,329 - selenium - INFO - Successful positioning of elements.Positioning method and values used：['id', 'rmNum']
2019-10-25 03:41:56,494 - selenium - INFO - Input content：
2019-10-25 03:41:56,529 - selenium - INFO - Successful positioning of elements.Positioning method and values used：['css selector', 'span > input']
2019-10-25 03:41:56,729 - selenium - INFO - Input content：
2019-10-25 03:41:56,788 - selenium - INFO - Successful positioning of elements.Positioning method and values used：['id', 'OK2']
2019-10-25 03:41:56,902 - selenium - INFO - Click on the element success,location method and value used：['id', 'OK2']
2019-10-25 03:41:56,981 - selenium - INFO - Successful positioning of elements.Positioning method and values used：['css selector', '.err > span']
2019-10-25 03:41:57,006 - selenium - INFO - Obtained text：密码8-20位数字或字母
2019-10-25 03:41:57,036 - selenium - INFO - Assert Verify success：expected outcome:{密码8-20位数字或字母} == actual results:{密码8-20位数字或字母}
2019-10-25 03:41:57,931 - selenium - INFO - Screenshot saved successfully!
2019-10-25 03:41:57,931 - selenium - INFO - Successful execution of test cases:注册页面，检测密码字段规则（是否为必填项）

2019-10-25 03:41:57,931 - selenium - INFO - Executing use test case:注册页面，检测验证码字段规则（是否为必填项）
2019-10-25 03:41:57,931 - selenium - INFO - input data:username:Entech9998,password:12345678,passwd:12345678,phone:,code:,suc:0,assert:请输入验证码
2019-10-25 03:41:58,038 - selenium - INFO - Successful positioning of elements.Positioning method and values used：['id', 'username']
2019-10-25 03:41:58,583 - selenium - INFO - Input content：Entech9998
2019-10-25 03:41:58,604 - selenium - INFO - Successful positioning of elements.Positioning method and values used：['id', 'password']
2019-10-25 03:41:58,898 - selenium - INFO - Input content：12345678
2019-10-25 03:41:58,943 - selenium - INFO - Successful positioning of elements.Positioning method and values used：['id', 'passwd']
2019-10-25 03:41:59,357 - selenium - INFO - Input content：12345678
2019-10-25 03:41:59,388 - selenium - INFO - Successful positioning of elements.Positioning method and values used：['id', 'rmNum']
2019-10-25 03:41:59,542 - selenium - INFO - Input content：
2019-10-25 03:41:59,578 - selenium - INFO - Successful positioning of elements.Positioning method and values used：['css selector', 'span > input']
2019-10-25 03:41:59,703 - selenium - INFO - Input content：
2019-10-25 03:41:59,766 - selenium - INFO - Successful positioning of elements.Positioning method and values used：['id', 'OK2']
2019-10-25 03:42:00,034 - selenium - INFO - Click on the element success,location method and value used：['id', 'OK2']
2019-10-25 03:42:00,050 - selenium - INFO - Successful positioning of elements.Positioning method and values used：['css selector', '.err > span']
2019-10-25 03:42:00,099 - selenium - INFO - Obtained text：请输入验证码
2019-10-25 03:42:00,129 - selenium - INFO - Assert Verify success：expected outcome:{请输入验证码} == actual results:{请输入验证码}
2019-10-25 03:42:00,937 - selenium - INFO - Screenshot saved successfully!
2019-10-25 03:42:00,937 - selenium - INFO - Successful execution of test cases:注册页面，检测验证码字段规则（是否为必填项）

2019-10-25 03:42:00,937 - selenium - INFO - Executing use test case:注册页面，检测手机号字段规则（是否为必填项）
2019-10-25 03:42:00,937 - selenium - INFO - input data:username:Entech9998,password:12345678,passwd:12345678,phone:1233,code:,suc:0,assert:请输入手机号
2019-10-25 03:42:00,983 - selenium - INFO - Successful positioning of elements.Positioning method and values used：['id', 'username']
2019-10-25 03:42:01,439 - selenium - INFO - Input content：Entech9998
2019-10-25 03:42:01,494 - selenium - INFO - Successful positioning of elements.Positioning method and values used：['id', 'password']
2019-10-25 03:42:02,012 - selenium - INFO - Input content：12345678
2019-10-25 03:42:02,040 - selenium - INFO - Successful positioning of elements.Positioning method and values used：['id', 'passwd']
2019-10-25 03:42:02,910 - selenium - INFO - Input content：12345678
2019-10-25 03:42:02,978 - selenium - INFO - Successful positioning of elements.Positioning method and values used：['id', 'rmNum']
2019-10-25 03:42:03,431 - selenium - INFO - Input content：1233
2019-10-25 03:42:03,467 - selenium - INFO - Successful positioning of elements.Positioning method and values used：['css selector', 'span > input']
2019-10-25 03:42:03,762 - selenium - INFO - Input content：
2019-10-25 03:42:03,817 - selenium - INFO - Successful positioning of elements.Positioning method and values used：['id', 'OK2']
2019-10-25 03:42:03,986 - selenium - INFO - Click on the element success,location method and value used：['id', 'OK2']
2019-10-25 03:42:04,014 - selenium - INFO - Successful positioning of elements.Positioning method and values used：['css selector', '.err > span']
2019-10-25 03:42:04,050 - selenium - INFO - Obtained text：请输入手机号
2019-10-25 03:42:04,069 - selenium - INFO - Assert Verify success：expected outcome:{请输入手机号} == actual results:{请输入手机号}
2019-10-25 03:42:04,759 - selenium - INFO - Screenshot saved successfully!
2019-10-25 03:42:04,759 - selenium - INFO - Successful execution of test cases:注册页面，检测手机号字段规则（是否为必填项）

2019-10-25 03:42:04,760 - selenium - INFO - Executing use test case:注册页面，检测密码字段规则（最小长度是否为8位）
2019-10-25 03:42:04,760 - selenium - INFO - input data:username:Entech9998,password:12345,passwd:12345,phone:1233,code:11144434443,suc:0,assert:密码 的最小长度为 8 字符
2019-10-25 03:42:04,850 - selenium - INFO - Successful positioning of elements.Positioning method and values used：['id', 'username']
2019-10-25 03:42:05,336 - selenium - INFO - Input content：Entech9998
2019-10-25 03:42:05,369 - selenium - INFO - Successful positioning of elements.Positioning method and values used：['id', 'password']
2019-10-25 03:42:05,558 - selenium - INFO - Input content：12345
2019-10-25 03:42:05,587 - selenium - INFO - Successful positioning of elements.Positioning method and values used：['id', 'passwd']
2019-10-25 03:42:06,074 - selenium - INFO - Input content：12345
2019-10-25 03:42:06,143 - selenium - INFO - Successful positioning of elements.Positioning method and values used：['id', 'rmNum']
2019-10-25 03:42:06,611 - selenium - INFO - Input content：1233
2019-10-25 03:42:06,635 - selenium - INFO - Successful positioning of elements.Positioning method and values used：['css selector', 'span > input']
2019-10-25 03:42:07,256 - selenium - INFO - Input content：11144434443
2019-10-25 03:42:07,298 - selenium - INFO - Successful positioning of elements.Positioning method and values used：['id', 'OK2']
2019-10-25 03:42:07,456 - selenium - INFO - Click on the element success,location method and value used：['id', 'OK2']
2019-10-25 03:42:07,727 - selenium - INFO - Successful positioning of elements.Positioning method and values used：['css selector', '.err > span']
2019-10-25 03:42:07,777 - selenium - INFO - Obtained text：密码 的最小长度为 8 字符
2019-10-25 03:42:07,806 - selenium - INFO - Assert Verify success：expected outcome:{密码的最小长度为8字符} == actual results:{密码的最小长度为8字符}
2019-10-25 03:42:08,502 - selenium - INFO - Screenshot saved successfully!
2019-10-25 03:42:08,502 - selenium - INFO - Successful execution of test cases:注册页面，检测密码字段规则（最小长度是否为8位）

2019-10-25 03:42:08,502 - selenium - INFO - Executing use test case:注册页面，检测密码字段规则（最小长度是否为8位）
2019-10-25 03:42:08,502 - selenium - INFO - input data:username:Entech9998,password:1234,passwd:1234,phone:1233,code:11144434443,suc:0,assert:密码8-20位数字或字母
2019-10-25 03:42:08,616 - selenium - INFO - Successful positioning of elements.Positioning method and values used：['id', 'username']
2019-10-25 03:42:09,392 - selenium - INFO - Input content：Entech9998
2019-10-25 03:42:09,418 - selenium - INFO - Successful positioning of elements.Positioning method and values used：['id', 'password']
2019-10-25 03:42:09,679 - selenium - INFO - Input content：1234
2019-10-25 03:42:09,711 - selenium - INFO - Successful positioning of elements.Positioning method and values used：['id', 'passwd']
2019-10-25 03:42:10,043 - selenium - INFO - Input content：1234
2019-10-25 03:42:10,113 - selenium - INFO - Successful positioning of elements.Positioning method and values used：['id', 'rmNum']
2019-10-25 03:42:10,529 - selenium - INFO - Input content：1233
2019-10-25 03:42:10,559 - selenium - INFO - Successful positioning of elements.Positioning method and values used：['css selector', 'span > input']
2019-10-25 03:42:10,925 - selenium - INFO - Input content：11144434443
2019-10-25 03:42:10,971 - selenium - INFO - Successful positioning of elements.Positioning method and values used：['id', 'OK2']
2019-10-25 03:42:11,065 - selenium - INFO - Click on the element success,location method and value used：['id', 'OK2']
2019-10-25 03:42:11,107 - selenium - INFO - Successful positioning of elements.Positioning method and values used：['css selector', '.err > span']
2019-10-25 03:42:11,175 - selenium - INFO - Obtained text：密码8-20位数字或字母
2019-10-25 03:42:11,197 - selenium - INFO - Assert Verify success：expected outcome:{密码8-20位数字或字母} == actual results:{密码8-20位数字或字母}
2019-10-25 03:42:11,995 - selenium - INFO - Screenshot saved successfully!
2019-10-25 03:42:11,995 - selenium - INFO - Successful execution of test cases:注册页面，检测密码字段规则（最小长度是否为8位）

2019-10-25 03:42:11,996 - selenium - INFO - Executing use test case:注册页面，检测手机号字段规则（手机格式）
2019-10-25 03:42:11,996 - selenium - INFO - input data:username:Entech9998,password:12345678,passwd:12345678,phone:1233,code:11144434443,suc:0,assert:请填写正确的手机号码.
2019-10-25 03:42:12,030 - selenium - INFO - Successful positioning of elements.Positioning method and values used：['id', 'username']
2019-10-25 03:42:12,482 - selenium - INFO - Input content：Entech9998
2019-10-25 03:42:12,502 - selenium - INFO - Successful positioning of elements.Positioning method and values used：['id', 'password']
2019-10-25 03:42:13,032 - selenium - INFO - Input content：12345678
2019-10-25 03:42:13,053 - selenium - INFO - Successful positioning of elements.Positioning method and values used：['id', 'passwd']
2019-10-25 03:42:13,386 - selenium - INFO - Input content：12345678
2019-10-25 03:42:13,417 - selenium - INFO - Successful positioning of elements.Positioning method and values used：['id', 'rmNum']
2019-10-25 03:42:13,640 - selenium - INFO - Input content：1233
2019-10-25 03:42:13,718 - selenium - INFO - Successful positioning of elements.Positioning method and values used：['css selector', 'span > input']
2019-10-25 03:42:14,061 - selenium - INFO - Input content：11144434443
2019-10-25 03:42:14,082 - selenium - INFO - Successful positioning of elements.Positioning method and values used：['id', 'OK2']
2019-10-25 03:42:14,150 - selenium - INFO - Click on the element success,location method and value used：['id', 'OK2']
2019-10-25 03:42:14,339 - selenium - INFO - Successful positioning of elements.Positioning method and values used：['css selector', '.err > span']
2019-10-25 03:42:14,409 - selenium - INFO - Obtained text：请填写正确的手机号码.
2019-10-25 03:42:14,452 - selenium - INFO - Assert Verify success：expected outcome:{请填写正确的手机号码.} == actual results:{请填写正确的手机号码.}
2019-10-25 03:42:15,066 - selenium - INFO - Screenshot saved successfully!
2019-10-25 03:42:15,066 - selenium - INFO - Successful execution of test cases:注册页面，检测手机号字段规则（手机格式）

2019-10-25 03:42:15,066 - selenium - INFO - Executing use test case:注册页面，检测密码字段规则（是否区分密码字母大小写）
2019-10-25 03:42:15,066 - selenium - INFO - input data:username:Entech9998,password:1234567a,passwd:1234567A,phone:1233,code:13944434443,suc:0,assert:两次密码不一致
2019-10-25 03:42:15,090 - selenium - INFO - Successful positioning of elements.Positioning method and values used：['id', 'username']
2019-10-25 03:42:15,563 - selenium - INFO - Input content：Entech9998
2019-10-25 03:42:15,580 - selenium - INFO - Successful positioning of elements.Positioning method and values used：['id', 'password']
2019-10-25 03:42:15,866 - selenium - INFO - Input content：1234567a
2019-10-25 03:42:15,926 - selenium - INFO - Successful positioning of elements.Positioning method and values used：['id', 'passwd']
2019-10-25 03:42:16,285 - selenium - INFO - Input content：1234567A
2019-10-25 03:42:16,320 - selenium - INFO - Successful positioning of elements.Positioning method and values used：['id', 'rmNum']
2019-10-25 03:42:16,554 - selenium - INFO - Input content：1233
2019-10-25 03:42:16,589 - selenium - INFO - Successful positioning of elements.Positioning method and values used：['css selector', 'span > input']
2019-10-25 03:42:16,899 - selenium - INFO - Input content：13944434443
2019-10-25 03:42:16,915 - selenium - INFO - Successful positioning of elements.Positioning method and values used：['id', 'OK2']
2019-10-25 03:42:17,213 - selenium - INFO - Click on the element success,location method and value used：['id', 'OK2']
2019-10-25 03:42:17,231 - selenium - INFO - Successful positioning of elements.Positioning method and values used：['css selector', '.err > span']
2019-10-25 03:42:17,262 - selenium - INFO - Obtained text：两次密码不一致
2019-10-25 03:42:17,293 - selenium - INFO - Assert Verify success：expected outcome:{两次密码不一致} == actual results:{两次密码不一致}
2019-10-25 03:42:18,237 - selenium - INFO - Screenshot saved successfully!
2019-10-25 03:42:18,237 - selenium - INFO - Successful execution of test cases:注册页面，检测密码字段规则（是否区分密码字母大小写）

2019-10-25 03:42:18,237 - selenium - INFO - Executing use test case:注册页面，检测是否能阻止重复注册
2019-10-25 03:42:18,237 - selenium - INFO - input data:username:enintech0,password:987456123,passwd:987456123,phone:1233,code:13944434443,suc:0,assert:帐号已存在
2019-10-25 03:42:18,290 - selenium - INFO - Successful positioning of elements.Positioning method and values used：['id', 'username']
2019-10-25 03:42:18,905 - selenium - INFO - Input content：enintech0
2019-10-25 03:42:18,946 - selenium - INFO - Successful positioning of elements.Positioning method and values used：['id', 'password']
2019-10-25 03:42:19,328 - selenium - INFO - Input content：987456123
2019-10-25 03:42:19,357 - selenium - INFO - Successful positioning of elements.Positioning method and values used：['id', 'passwd']
2019-10-25 03:42:19,733 - selenium - INFO - Input content：987456123
2019-10-25 03:42:19,769 - selenium - INFO - Successful positioning of elements.Positioning method and values used：['id', 'rmNum']
2019-10-25 03:42:20,012 - selenium - INFO - Input content：1233
2019-10-25 03:42:20,036 - selenium - INFO - Successful positioning of elements.Positioning method and values used：['css selector', 'span > input']
2019-10-25 03:42:20,418 - selenium - INFO - Input content：13944434443
2019-10-25 03:42:20,459 - selenium - INFO - Successful positioning of elements.Positioning method and values used：['id', 'OK2']
2019-10-25 03:42:20,595 - selenium - INFO - Click on the element success,location method and value used：['id', 'OK2']
2019-10-25 03:42:20,670 - selenium - INFO - Successful positioning of elements.Positioning method and values used：['css selector', '.err > span']
2019-10-25 03:42:20,732 - selenium - INFO - Obtained text：帐号已存在
2019-10-25 03:42:20,782 - selenium - INFO - Assert Verify success：expected outcome:{帐号已存在} == actual results:{帐号已存在}
2019-10-25 03:42:21,478 - selenium - INFO - Screenshot saved successfully!
2019-10-25 03:42:21,478 - selenium - INFO - Successful execution of test cases:注册页面，检测是否能阻止重复注册

2019-10-25 03:42:21,478 - selenium - INFO - Executing use test case:注册页面，检测验证码字段规则（错误验证码是否阻止注册）
2019-10-25 03:42:21,478 - selenium - INFO - input data:username:Entech9998,password:1234567a,passwd:1234567a,phone:1111,code:13944434443,suc:0,assert:验证码错误
2019-10-25 03:42:21,549 - selenium - INFO - Successful positioning of elements.Positioning method and values used：['id', 'username']
2019-10-25 03:42:22,209 - selenium - INFO - Input content：Entech9998
2019-10-25 03:42:22,235 - selenium - INFO - Successful positioning of elements.Positioning method and values used：['id', 'password']
2019-10-25 03:42:22,549 - selenium - INFO - Input content：1234567a
2019-10-25 03:42:22,584 - selenium - INFO - Successful positioning of elements.Positioning method and values used：['id', 'passwd']
2019-10-25 03:42:23,019 - selenium - INFO - Input content：1234567a
2019-10-25 03:42:23,048 - selenium - INFO - Successful positioning of elements.Positioning method and values used：['id', 'rmNum']
2019-10-25 03:42:23,317 - selenium - INFO - Input content：1111
2019-10-25 03:42:23,383 - selenium - INFO - Successful positioning of elements.Positioning method and values used：['css selector', 'span > input']
2019-10-25 03:42:23,734 - selenium - INFO - Input content：13944434443
2019-10-25 03:42:23,763 - selenium - INFO - Successful positioning of elements.Positioning method and values used：['id', 'OK2']
2019-10-25 03:42:23,854 - selenium - INFO - Click on the element success,location method and value used：['id', 'OK2']
2019-10-25 03:42:24,072 - selenium - INFO - Successful positioning of elements.Positioning method and values used：['css selector', '.err > span']
2019-10-25 03:42:24,103 - selenium - INFO - Obtained text：验证码错误
2019-10-25 03:42:24,142 - selenium - INFO - Assert Verify success：expected outcome:{验证码错误} == actual results:{验证码错误}
2019-10-25 03:42:24,748 - selenium - INFO - Screenshot saved successfully!
2019-10-25 03:42:24,749 - selenium - INFO - Successful execution of test cases:注册页面，检测验证码字段规则（错误验证码是否阻止注册）

2019-10-25 03:42:24,749 - selenium - INFO - Executing use test case:检测是否能够成功注册账号
2019-10-25 03:42:24,828 - selenium - INFO - Successful positioning of elements.Positioning method and values used：['id', 'username']
2019-10-25 03:42:25,265 - selenium - INFO - Input content：enintech29
2019-10-25 03:42:25,289 - selenium - INFO - Successful positioning of elements.Positioning method and values used：['id', 'password']
2019-10-25 03:42:25,683 - selenium - INFO - Input content：12345678
2019-10-25 03:42:25,698 - selenium - INFO - Successful positioning of elements.Positioning method and values used：['id', 'passwd']
2019-10-25 03:42:25,976 - selenium - INFO - Input content：12345678
2019-10-25 03:42:25,992 - selenium - INFO - Successful positioning of elements.Positioning method and values used：['css selector', 'span > input']
2019-10-25 03:42:26,454 - selenium - INFO - Input content：13988889999
2019-10-25 03:42:29,385 - selenium - INFO - Forced wait 2 second
2019-10-25 03:42:29,410 - selenium - INFO - Successful positioning of elements.Positioning method and values used：['id', 'rmNum']
2019-10-25 03:42:29,645 - selenium - INFO - Input content：96o8
2019-10-25 03:42:29,677 - selenium - INFO - Successful positioning of elements.Positioning method and values used：['id', 'OK2']
2019-10-25 03:42:29,789 - selenium - INFO - Click on the element success,location method and value used：['id', 'OK2']
2019-10-25 03:42:31,790 - selenium - INFO - Forced wait 2 second
2019-10-25 03:42:31,815 - selenium - INFO - Successful positioning of elements.Positioning method and values used：['css selector', '.err > span']
2019-10-25 03:42:31,853 - selenium - INFO - Obtained text：验证码错误
2019-10-25 03:42:31,912 - selenium - INFO - Successful positioning of elements.Positioning method and values used：['css selector', '.err > span']
2019-10-25 03:42:31,943 - selenium - INFO - Obtained text：验证码错误
2019-10-25 03:42:32,013 - selenium - INFO - Successful positioning of elements.Positioning method and values used：['css selector', '.err > span']
2019-10-25 03:42:32,052 - selenium - INFO - Obtained text：验证码错误
2019-10-25 03:42:32,134 - selenium - INFO - Successful positioning of elements.Positioning method and values used：['css selector', '.err > span']
2019-10-25 03:42:32,155 - selenium - INFO - Obtained text：验证码错误
2019-10-25 03:42:32,215 - selenium - INFO - Successful positioning of elements.Positioning method and values used：['css selector', '.err > span']
2019-10-25 03:42:32,266 - selenium - INFO - Obtained text：验证码错误
2019-10-25 03:42:32,335 - selenium - INFO - Successful positioning of elements.Positioning method and values used：['css selector', '.err > span']
2019-10-25 03:42:32,358 - selenium - INFO - Obtained text：验证码错误
2019-10-25 03:42:34,416 - selenium - INFO - Forced wait 2 second
2019-10-25 03:42:34,443 - selenium - INFO - Successful positioning of elements.Positioning method and values used：['css selector', '.checkLoginCodeImage']
2019-10-25 03:42:34,597 - selenium - INFO - Click on the element success,location method and value used：['css selector', '.checkLoginCodeImage']
2019-10-25 03:42:35,598 - selenium - INFO - Forced wait 1 second
2019-10-25 03:42:38,464 - selenium - INFO - Forced wait 2 second
2019-10-25 03:42:38,489 - selenium - INFO - Successful positioning of elements.Positioning method and values used：['id', 'rmNum']
2019-10-25 03:42:38,836 - selenium - INFO - Input content：4x99
2019-10-25 03:42:38,872 - selenium - INFO - Successful positioning of elements.Positioning method and values used：['id', 'OK2']
2019-10-25 03:42:39,014 - selenium - INFO - Click on the element success,location method and value used：['id', 'OK2']
2019-10-25 03:42:41,016 - selenium - INFO - Forced wait 2 second
2019-10-25 03:42:41,045 - selenium - INFO - Successful positioning of elements.Positioning method and values used：['css selector', '.err > span']
2019-10-25 03:42:41,068 - selenium - INFO - Obtained text：验证码错误
2019-10-25 03:42:41,129 - selenium - INFO - Successful positioning of elements.Positioning method and values used：['css selector', '.err > span']
2019-10-25 03:42:41,171 - selenium - INFO - Obtained text：验证码错误
2019-10-25 03:42:41,230 - selenium - INFO - Successful positioning of elements.Positioning method and values used：['css selector', '.err > span']
2019-10-25 03:42:41,269 - selenium - INFO - Obtained text：验证码错误
2019-10-25 03:42:41,347 - selenium - INFO - Successful positioning of elements.Positioning method and values used：['css selector', '.err > span']
2019-10-25 03:42:41,379 - selenium - INFO - Obtained text：验证码错误
2019-10-25 03:42:41,429 - selenium - INFO - Successful positioning of elements.Positioning method and values used：['css selector', '.err > span']
2019-10-25 03:42:41,465 - selenium - INFO - Obtained text：验证码错误
2019-10-25 03:42:41,508 - selenium - INFO - Successful positioning of elements.Positioning method and values used：['css selector', '.err > span']
2019-10-25 03:42:41,533 - selenium - INFO - Obtained text：验证码错误
2019-10-25 03:42:43,587 - selenium - INFO - Forced wait 2 second
2019-10-25 03:42:43,615 - selenium - INFO - Successful positioning of elements.Positioning method and values used：['css selector', '.checkLoginCodeImage']
2019-10-25 03:42:43,727 - selenium - INFO - Click on the element success,location method and value used：['css selector', '.checkLoginCodeImage']
2019-10-25 03:42:44,728 - selenium - INFO - Forced wait 1 second
2019-10-25 03:42:53,120 - selenium - INFO - Forced wait 2 second
2019-10-25 03:42:53,143 - selenium - INFO - Successful positioning of elements.Positioning method and values used：['id', 'rmNum']
2019-10-25 03:42:53,466 - selenium - INFO - Input content：9677
2019-10-25 03:42:53,494 - selenium - INFO - Successful positioning of elements.Positioning method and values used：['id', 'OK2']
2019-10-25 03:42:53,595 - selenium - INFO - Click on the element success,location method and value used：['id', 'OK2']
2019-10-25 03:42:55,596 - selenium - INFO - Forced wait 2 second
2019-10-25 03:42:55,613 - selenium - INFO - Successful positioning of elements.Positioning method and values used：['css selector', '.err > span']
2019-10-25 03:42:55,650 - selenium - INFO - Obtained text：请勿重复注册
2019-10-25 03:42:55,694 - selenium - INFO - Successful positioning of elements.Positioning method and values used：['css selector', '.err > span']
2019-10-25 03:42:55,715 - selenium - INFO - Obtained text：请勿重复注册
2019-10-25 03:42:55,764 - selenium - INFO - Successful positioning of elements.Positioning method and values used：['css selector', '.err > span']
2019-10-25 03:42:55,788 - selenium - INFO - Obtained text：请勿重复注册
2019-10-25 03:43:11,034 - selenium - INFO - 在section：copy下读取pro_copy的值
2019-10-25 03:43:11,040 - selenium - INFO - 在section：reports下读取pro的值
2019-10-25 03:43:18,424 - selenium - INFO - 在section：title下读取pro的值
2019-10-25 03:43:18,424 - selenium - INFO - 在section：environment下读取url的值
2019-10-25 03:43:18,508 - selenium - INFO - 在section：telegram下读取token的值
2019-10-25 03:43:18,508 - selenium - INFO - 在section：telegram下读取chat_id的值
