2019-10-25 07:41:43,449 - selenium - INFO - 在section：environment下读取browser的值
2019-10-25 07:41:43,449 - selenium - INFO - Read browser configuration, value：chrome
2019-10-25 07:41:43,450 - selenium - INFO - 在section：environment下读取url的值
2019-10-25 07:41:43,450 - selenium - INFO - Read url configuration, value：http://blr.9161252.com/#/home
2019-10-25 07:41:44,979 - selenium - INFO - Visit website：http://blr.9161252.com/#/home
2019-10-25 07:41:45,099 - selenium - INFO - Browser maximization
2019-10-25 07:41:45,109 - selenium - INFO - Set static wait time 10 seconds
2019-10-25 07:41:45,109 - selenium - INFO - Executing test cases：新注册会员，在未绑定银行卡的情况下，验证是否阻止提款申请
2019-10-25 07:41:45,946 - selenium - INFO - Successful positioning of elements.Positioning method and values used：['css selector', '.close']
2019-10-25 07:41:46,046 - selenium - INFO - Successful positioning of elements.Positioning method and values used：['css selector', '.close']
2019-10-25 07:41:46,232 - selenium - INFO - Click on the element success,location method and value used：['css selector', '.close']
2019-10-25 07:41:46,367 - selenium - INFO - Successful positioning of elements.Positioning method and values used：['css selector', '.input-bg:nth-child(1)']
2019-10-25 07:41:46,781 - selenium - INFO - Input content：enintech27
2019-10-25 07:41:46,809 - selenium - INFO - Successful positioning of elements.Positioning method and values used：['id', 'txtFacade']
2019-10-25 07:41:46,968 - selenium - INFO - Input content：12345678
2019-10-25 07:41:58,062 - selenium - INFO - Successful positioning of elements.Positioning method and values used：['css selector', '.loginBtn']
2019-10-25 07:41:58,145 - selenium - INFO - Click on the element success,location method and value used：['css selector', '.loginBtn']
2019-10-25 07:41:58,145 - selenium - ERROR - 定位验证码元素失败，原因：界面不存在验证码-Message: 

2019-10-25 07:41:59,164 - selenium - INFO - Forced wait 1 second
2019-10-25 07:41:59,164 - selenium - INFO - JavaScript execution is successful，JavaScript content is：var q=document.documentElement.scrollTop=0
2019-10-25 07:42:00,165 - selenium - INFO - Forced wait 1 second
2019-10-25 07:42:00,217 - selenium - INFO - Successful positioning of elements.Positioning method and values used：['link text', '线上取款']
2019-10-25 07:42:00,651 - selenium - INFO - Click on the element success,location method and value used：['link text', '线上取款']
2019-10-25 07:42:12,056 - selenium - INFO - Successful positioning of elements.Positioning method and values used：['css selector', '.message1 li:nth-child(2) > span']
2019-10-25 07:42:12,747 - selenium - INFO - Click on the element success,location method and value used：['css selector', '.message1 li:nth-child(2) > span']
2019-10-25 07:42:12,747 - selenium - ERROR - Failure of test case execution:Message: 

2019-10-25 07:42:12,748 - selenium - INFO - Executing test cases：绑定银行卡，已设置密保和资金密码，验证[提款人姓名]字段是否不能为空
2019-10-25 07:42:12,842 - selenium - INFO - Successful positioning of elements.Positioning method and values used：['css selector', '.row:nth-child(1) > input']
2019-10-25 07:42:12,884 - selenium - INFO - Executing test cases：绑定银行卡，已设置密保和资金密码，验证[提款人姓名]字段是否不能为数字
2019-10-25 07:42:12,914 - selenium - INFO - Successful positioning of elements.Positioning method and values used：['css selector', '.row:nth-child(1) > input']
2019-10-25 07:42:12,932 - selenium - INFO - Executing test cases：绑定银行卡，已设置密保和资金密码，验证[提款人姓名]字段是否不能为字母
2019-10-25 07:42:12,953 - selenium - INFO - Successful positioning of elements.Positioning method and values used：['css selector', '.row:nth-child(1) > input']
2019-10-25 07:42:12,987 - selenium - INFO - Executing test cases：绑定银行卡，已设置密保和资金密码，验证[提款人姓名]字段是否不能为特殊字符
2019-10-25 07:42:13,043 - selenium - INFO - Successful positioning of elements.Positioning method and values used：['css selector', '.row:nth-child(1) > input']
2019-10-25 07:42:13,073 - selenium - INFO - Executing test cases：绑定银行卡，已设置密保和资金密码，验证[提款人姓名]字段是否可以为中文+{.}
2019-10-25 07:42:13,094 - selenium - INFO - Successful positioning of elements.Positioning method and values used：['css selector', '.row:nth-child(1) > input']
2019-10-25 07:42:13,113 - selenium - INFO - Executing test cases：绑定银行卡，已设置密保和资金密码，验证[开户银行]字段是否不能为空
2019-10-25 07:42:13,140 - selenium - INFO - Successful positioning of elements.Positioning method and values used：['css selector', '.row:nth-child(1) > input']
2019-10-25 07:42:13,234 - selenium - INFO - Executing test cases：绑定银行卡，已设置密保和资金密码，验证[银行卡号]字段是否不能为空
2019-10-25 07:42:13,476 - selenium - INFO - Successful positioning of elements.Positioning method and values used：['css selector', '.row:nth-child(1) > input']
2019-10-25 07:42:13,815 - selenium - INFO - Executing test cases：绑定银行卡，已设置密保和资金密码，验证[银行卡号]字段是否不能为字母
2019-10-25 07:42:14,056 - selenium - INFO - Successful positioning of elements.Positioning method and values used：['css selector', '.row:nth-child(1) > input']
2019-10-25 07:42:14,317 - selenium - INFO - Executing test cases：绑定银行卡，已设置密保和资金密码，验证[银行卡号]字段是否不能为中文
2019-10-25 07:42:14,520 - selenium - INFO - Successful positioning of elements.Positioning method and values used：['css selector', '.row:nth-child(1) > input']
2019-10-25 07:42:14,731 - selenium - INFO - Executing test cases：绑定银行卡，已设置密保和资金密码，验证[银行卡号]字段是否不能为特殊字符
2019-10-25 07:42:14,749 - selenium - INFO - Successful positioning of elements.Positioning method and values used：['css selector', '.row:nth-child(1) > input']
2019-10-25 07:42:14,762 - selenium - INFO - Executing test cases：绑定银行卡，已设置密保和资金密码，验证[银行卡号]字段是否不能小于16位
2019-10-25 07:42:14,779 - selenium - INFO - Successful positioning of elements.Positioning method and values used：['css selector', '.row:nth-child(1) > input']
2019-10-25 07:42:14,790 - selenium - INFO - Executing test cases：绑定银行卡，已设置密保和资金密码，验证[银行卡号]字段是否不能大于20位
2019-10-25 07:42:14,816 - selenium - INFO - Successful positioning of elements.Positioning method and values used：['css selector', '.row:nth-child(1) > input']
2019-10-25 07:42:14,844 - selenium - INFO - Executing test cases：绑定银行卡，已设置密保和资金密码，验证[所在地]字段是否不能为空
2019-10-25 07:42:14,865 - selenium - INFO - Successful positioning of elements.Positioning method and values used：['css selector', '.row:nth-child(1) > input']
2019-10-25 07:42:15,228 - selenium - INFO - Executing test cases：绑定银行卡，已设置密保和资金密码，验证[资金密码]字段是否不能为空
2019-10-25 07:42:15,409 - selenium - INFO - Successful positioning of elements.Positioning method and values used：['css selector', '.row:nth-child(1) > input']
2019-10-25 07:42:15,781 - selenium - INFO - Executing test cases：绑定银行卡，已设置密保和资金密码，验证[资金密码]字段是否不能为字母
2019-10-25 07:42:16,009 - selenium - INFO - Successful positioning of elements.Positioning method and values used：['css selector', '.row:nth-child(1) > input']
2019-10-25 07:42:16,300 - selenium - INFO - Executing test cases：绑定银行卡，已设置密保和资金密码，验证[资金密码]字段是否不能为特殊字符
2019-10-25 07:42:16,530 - selenium - INFO - Successful positioning of elements.Positioning method and values used：['css selector', '.row:nth-child(1) > input']
2019-10-25 07:42:16,832 - selenium - INFO - Executing test cases：绑定银行卡，已设置密保和资金密码，验证[资金密码]字段是否不能为错误密码
2019-10-25 07:42:17,062 - selenium - INFO - Successful positioning of elements.Positioning method and values used：['css selector', '.row:nth-child(1) > input']
2019-10-25 07:42:17,273 - selenium - INFO - Executing test cases：绑定银行卡，已设置密保和资金密码，验证[提款人姓名]字段是否不能为一个中文
2019-10-25 07:42:17,318 - selenium - INFO - Successful positioning of elements.Positioning method and values used：['css selector', '.row:nth-child(1) > input']
2019-10-25 07:42:17,333 - selenium - INFO - Executing test cases：绑定银行卡，已设置密保和资金密码，验证是否不能重复绑定银行卡
2019-10-25 07:42:17,358 - selenium - INFO - Successful positioning of elements.Positioning method and values used：['css selector', '.row:nth-child(1) > input']
2019-10-25 07:42:20,080 - selenium - INFO - 在section：copy下读取pro_copy的值
2019-10-25 07:42:20,080 - selenium - INFO - 在section：reports下读取pro的值
2019-10-25 07:42:22,766 - selenium - INFO - 在section：title下读取pro的值
2019-10-25 07:42:22,766 - selenium - INFO - 在section：environment下读取url的值
2019-10-25 07:42:22,840 - selenium - INFO - 在section：telegram下读取token的值
2019-10-25 07:42:22,840 - selenium - INFO - 在section：telegram下读取chat_id的值
