2019-10-25 02:39:17,677 - selenium - INFO - 在section：environment下读取browser的值
2019-10-25 02:39:17,677 - selenium - INFO - Read browser configuration, value：chrome
2019-10-25 02:39:17,677 - selenium - INFO - 在section：environment下读取url的值
2019-10-25 02:39:17,678 - selenium - INFO - Read url configuration, value：http://blr.9161252.com/#/home
2019-10-25 02:39:20,092 - selenium - INFO - Visit website：http://blr.9161252.com/#/home
2019-10-25 02:39:20,222 - selenium - INFO - Browser maximization
2019-10-25 02:39:20,233 - selenium - INFO - Set static wait time 10 seconds
2019-10-25 02:39:20,233 - selenium - INFO - Executing use test case:
2019-10-25 02:39:21,205 - selenium - INFO - Successful positioning of elements.Positioning method and values used：['css selector', '.close']
2019-10-25 02:39:21,397 - selenium - INFO - Successful positioning of elements.Positioning method and values used：['css selector', '.close']
2019-10-25 02:39:21,641 - selenium - INFO - Click on the element success,location method and value used：['css selector', '.close']
2019-10-25 02:39:21,759 - selenium - INFO - Successful positioning of elements.Positioning method and values used：['css selector', '.regBtn']
2019-10-25 02:39:21,917 - selenium - INFO - Click on the element success,location method and value used：['css selector', '.regBtn']
2019-10-25 02:39:23,063 - selenium - INFO - Successful positioning of elements.Positioning method and values used：['id', 'username']
2019-10-25 02:39:23,416 - selenium - INFO - Input content：enintech0
2019-10-25 02:39:23,439 - selenium - INFO - Successful positioning of elements.Positioning method and values used：['id', 'password']
2019-10-25 02:39:23,717 - selenium - INFO - Input content：12345678
2019-10-25 02:39:23,742 - selenium - INFO - Successful positioning of elements.Positioning method and values used：['id', 'passwd']
2019-10-25 02:39:23,970 - selenium - INFO - Input content：12345678
2019-10-25 02:39:24,032 - selenium - INFO - Successful positioning of elements.Positioning method and values used：['id', 'rmNum']
2019-10-25 02:39:24,381 - selenium - INFO - Input content：1234
2019-10-25 02:39:24,426 - selenium - INFO - Successful positioning of elements.Positioning method and values used：['css selector', 'span > input']
2019-10-25 02:39:24,752 - selenium - INFO - Input content：13898378887
2019-10-25 02:39:24,799 - selenium - INFO - Successful positioning of elements.Positioning method and values used：['id', 'CANCEL2']
2019-10-25 02:39:25,078 - selenium - INFO - Click on the element success,location method and value used：['id', 'CANCEL2']
2019-10-25 02:39:25,191 - selenium - INFO - Successful positioning of elements.Positioning method and values used：['id', 'OK2']
2019-10-25 02:39:25,426 - selenium - INFO - Click on the element success,location method and value used：['id', 'OK2']
2019-10-25 02:39:25,505 - selenium - INFO - Successful positioning of elements.Positioning method and values used：['css selector', '.err > span']
2019-10-25 02:39:25,539 - selenium - INFO - Obtained text：帐号6-10位数字或字母
2019-10-25 02:39:25,571 - selenium - INFO - Failure of test case execution! Reason: '帐号6-10位数字或字母' != None : Assert Verification fail：expected outcome{None} != actual results{帐号6-10位数字或字母}

2019-10-25 02:39:25,571 - selenium - INFO - Executing use test case:注册页面，检测账号字段规则（是否为必填项）
2019-10-25 02:39:25,572 - selenium - INFO - input data:username:,password:,passwd:,phone:,code:,suc:0,assert:帐号6-10位数字或字母
2019-10-25 02:39:25,600 - selenium - INFO - Successful positioning of elements.Positioning method and values used：['id', 'username']
2019-10-25 02:39:25,871 - selenium - INFO - Input content：
2019-10-25 02:39:25,917 - selenium - INFO - Successful positioning of elements.Positioning method and values used：['id', 'password']
2019-10-25 02:39:26,283 - selenium - INFO - Input content：
2019-10-25 02:39:26,306 - selenium - INFO - Successful positioning of elements.Positioning method and values used：['id', 'passwd']
2019-10-25 02:39:26,662 - selenium - INFO - Input content：
2019-10-25 02:39:26,759 - selenium - INFO - Successful positioning of elements.Positioning method and values used：['id', 'rmNum']
2019-10-25 02:39:27,008 - selenium - INFO - Input content：
2019-10-25 02:39:27,061 - selenium - INFO - Successful positioning of elements.Positioning method and values used：['css selector', 'span > input']
2019-10-25 02:39:27,350 - selenium - INFO - Input content：
2019-10-25 02:39:27,378 - selenium - INFO - Successful positioning of elements.Positioning method and values used：['id', 'OK2']
2019-10-25 02:39:27,540 - selenium - INFO - Click on the element success,location method and value used：['id', 'OK2']
2019-10-25 02:39:27,578 - selenium - INFO - Successful positioning of elements.Positioning method and values used：['css selector', '.err > span']
2019-10-25 02:39:27,638 - selenium - INFO - Obtained text：帐号6-10位数字或字母
2019-10-25 02:39:27,709 - selenium - INFO - Assert Verify success：expected outcome:{帐号6-10位数字或字母} == actual results:{帐号6-10位数字或字母}
2019-10-25 02:39:28,320 - selenium - INFO - Screenshot saved successfully!
2019-10-25 02:39:28,320 - selenium - INFO - Successful execution of test cases:注册页面，检测账号字段规则（是否为必填项）

2019-10-25 02:39:28,321 - selenium - INFO - Executing use test case:注册页面，检测账号字段规则（长度是否不能小于6位）
2019-10-25 02:39:28,321 - selenium - INFO - input data:username:12,password:,passwd:,phone:,code:,suc:0,assert:帐号6-10位数字或字母
2019-10-25 02:39:28,361 - selenium - INFO - Successful positioning of elements.Positioning method and values used：['id', 'username']
2019-10-25 02:39:28,768 - selenium - INFO - Input content：12
2019-10-25 02:39:28,797 - selenium - INFO - Successful positioning of elements.Positioning method and values used：['id', 'password']
2019-10-25 02:39:29,059 - selenium - INFO - Input content：
2019-10-25 02:39:29,099 - selenium - INFO - Successful positioning of elements.Positioning method and values used：['id', 'passwd']
2019-10-25 02:39:29,312 - selenium - INFO - Input content：
2019-10-25 02:39:29,344 - selenium - INFO - Successful positioning of elements.Positioning method and values used：['id', 'rmNum']
2019-10-25 02:39:29,536 - selenium - INFO - Input content：
2019-10-25 02:39:29,576 - selenium - INFO - Successful positioning of elements.Positioning method and values used：['css selector', 'span > input']
2019-10-25 02:39:29,794 - selenium - INFO - Input content：
2019-10-25 02:39:29,835 - selenium - INFO - Successful positioning of elements.Positioning method and values used：['id', 'OK2']
2019-10-25 02:39:29,900 - selenium - INFO - Click on the element success,location method and value used：['id', 'OK2']
2019-10-25 02:39:30,036 - selenium - INFO - Successful positioning of elements.Positioning method and values used：['css selector', '.err > span']
2019-10-25 02:39:30,112 - selenium - INFO - Obtained text：帐号6-10位数字或字母
2019-10-25 02:39:30,168 - selenium - INFO - Assert Verify success：expected outcome:{帐号6-10位数字或字母} == actual results:{帐号6-10位数字或字母}
2019-10-25 02:39:30,958 - selenium - INFO - Screenshot saved successfully!
2019-10-25 02:39:30,958 - selenium - INFO - Successful execution of test cases:注册页面，检测账号字段规则（长度是否不能小于6位）

2019-10-25 02:39:30,959 - selenium - INFO - Executing use test case:注册页面，检测账号字段规则（是否不能包含中文）
2019-10-25 02:39:30,959 - selenium - INFO - input data:username:阿斯顿但是我,password:,passwd:,phone:,code:,suc:0,assert:帐号6-10位数字或字母
2019-10-25 02:39:31,008 - selenium - INFO - Successful positioning of elements.Positioning method and values used：['id', 'username']
2019-10-25 02:39:31,308 - selenium - INFO - Input content：阿斯顿但是我
2019-10-25 02:39:31,336 - selenium - INFO - Successful positioning of elements.Positioning method and values used：['id', 'password']
2019-10-25 02:39:31,475 - selenium - INFO - Input content：
2019-10-25 02:39:31,507 - selenium - INFO - Successful positioning of elements.Positioning method and values used：['id', 'passwd']
2019-10-25 02:39:31,693 - selenium - INFO - Input content：
2019-10-25 02:39:31,715 - selenium - INFO - Successful positioning of elements.Positioning method and values used：['id', 'rmNum']
2019-10-25 02:39:31,937 - selenium - INFO - Input content：
2019-10-25 02:39:31,995 - selenium - INFO - Successful positioning of elements.Positioning method and values used：['css selector', 'span > input']
2019-10-25 02:39:32,412 - selenium - INFO - Input content：
2019-10-25 02:39:32,439 - selenium - INFO - Successful positioning of elements.Positioning method and values used：['id', 'OK2']
2019-10-25 02:39:32,760 - selenium - INFO - Click on the element success,location method and value used：['id', 'OK2']
2019-10-25 02:39:32,862 - selenium - INFO - Successful positioning of elements.Positioning method and values used：['css selector', '.err > span']
2019-10-25 02:39:33,004 - selenium - INFO - Obtained text：帐号6-10位数字或字母
2019-10-25 02:39:33,098 - selenium - INFO - Assert Verify success：expected outcome:{帐号6-10位数字或字母} == actual results:{帐号6-10位数字或字母}
2019-10-25 02:39:34,049 - selenium - INFO - Screenshot saved successfully!
2019-10-25 02:39:34,049 - selenium - INFO - Successful execution of test cases:注册页面，检测账号字段规则（是否不能包含中文）

2019-10-25 02:39:34,050 - selenium - INFO - Executing use test case:注册页面，检测账号字段规则（是否不能包含特殊字符）
2019-10-25 02:39:34,050 - selenium - INFO - input data:username:*&#123abc,password:,passwd:,phone:,code:,suc:0,assert:帐号6-10位数字或字母
2019-10-25 02:39:34,088 - selenium - INFO - Successful positioning of elements.Positioning method and values used：['id', 'username']
2019-10-25 02:39:34,421 - selenium - INFO - Input content：*&#123abc
2019-10-25 02:39:34,452 - selenium - INFO - Successful positioning of elements.Positioning method and values used：['id', 'password']
2019-10-25 02:39:34,651 - selenium - INFO - Input content：
2019-10-25 02:39:34,685 - selenium - INFO - Successful positioning of elements.Positioning method and values used：['id', 'passwd']
2019-10-25 02:39:34,977 - selenium - INFO - Input content：
2019-10-25 02:39:35,005 - selenium - INFO - Successful positioning of elements.Positioning method and values used：['id', 'rmNum']
2019-10-25 02:39:35,336 - selenium - INFO - Input content：
2019-10-25 02:39:35,363 - selenium - INFO - Successful positioning of elements.Positioning method and values used：['css selector', 'span > input']
2019-10-25 02:39:35,827 - selenium - INFO - Input content：
2019-10-25 02:39:35,853 - selenium - INFO - Successful positioning of elements.Positioning method and values used：['id', 'OK2']
2019-10-25 02:39:35,963 - selenium - INFO - Click on the element success,location method and value used：['id', 'OK2']
2019-10-25 02:39:36,000 - selenium - INFO - Successful positioning of elements.Positioning method and values used：['css selector', '.err > span']
2019-10-25 02:39:36,044 - selenium - INFO - Obtained text：帐号6-10位数字或字母
2019-10-25 02:39:36,064 - selenium - INFO - Assert Verify success：expected outcome:{帐号6-10位数字或字母} == actual results:{帐号6-10位数字或字母}
2019-10-25 02:39:36,709 - selenium - INFO - Screenshot saved successfully!
2019-10-25 02:39:36,709 - selenium - INFO - Successful execution of test cases:注册页面，检测账号字段规则（是否不能包含特殊字符）

2019-10-25 02:39:36,709 - selenium - INFO - Executing use test case:注册页面，检测账号字段规则（长度是否不能小于6位）
2019-10-25 02:39:36,709 - selenium - INFO - input data:username:123as,password:,passwd:,phone:,code:,suc:0,assert:帐号6-10位数字或字母
2019-10-25 02:39:36,734 - selenium - INFO - Successful positioning of elements.Positioning method and values used：['id', 'username']
2019-10-25 02:39:37,007 - selenium - INFO - Input content：123as
2019-10-25 02:39:37,033 - selenium - INFO - Successful positioning of elements.Positioning method and values used：['id', 'password']
2019-10-25 02:39:37,268 - selenium - INFO - Input content：
2019-10-25 02:39:37,310 - selenium - INFO - Successful positioning of elements.Positioning method and values used：['id', 'passwd']
2019-10-25 02:39:37,471 - selenium - INFO - Input content：
2019-10-25 02:39:37,511 - selenium - INFO - Successful positioning of elements.Positioning method and values used：['id', 'rmNum']
2019-10-25 02:39:37,678 - selenium - INFO - Input content：
2019-10-25 02:39:37,711 - selenium - INFO - Successful positioning of elements.Positioning method and values used：['css selector', 'span > input']
2019-10-25 02:39:37,873 - selenium - INFO - Input content：
2019-10-25 02:39:37,910 - selenium - INFO - Successful positioning of elements.Positioning method and values used：['id', 'OK2']
2019-10-25 02:39:38,013 - selenium - INFO - Click on the element success,location method and value used：['id', 'OK2']
2019-10-25 02:39:38,048 - selenium - INFO - Successful positioning of elements.Positioning method and values used：['css selector', '.err > span']
2019-10-25 02:39:38,107 - selenium - INFO - Obtained text：帐号6-10位数字或字母
2019-10-25 02:39:38,151 - selenium - INFO - Assert Verify success：expected outcome:{帐号6-10位数字或字母} == actual results:{帐号6-10位数字或字母}
2019-10-25 02:39:38,768 - selenium - INFO - Screenshot saved successfully!
2019-10-25 02:39:38,769 - selenium - INFO - Successful execution of test cases:注册页面，检测账号字段规则（长度是否不能小于6位）

2019-10-25 02:39:38,769 - selenium - INFO - Executing use test case:注册页面，检测密码字段规则（是否为必填项）
2019-10-25 02:39:38,769 - selenium - INFO - input data:username:Entech9998,password:,passwd:,phone:,code:,suc:0,assert:密码8-20位数字或字母
2019-10-25 02:39:38,808 - selenium - INFO - Successful positioning of elements.Positioning method and values used：['id', 'username']
2019-10-25 02:39:39,348 - selenium - INFO - Input content：Entech9998
2019-10-25 02:39:39,419 - selenium - INFO - Successful positioning of elements.Positioning method and values used：['id', 'password']
2019-10-25 02:39:39,623 - selenium - INFO - Input content：
2019-10-25 02:39:39,649 - selenium - INFO - Successful positioning of elements.Positioning method and values used：['id', 'passwd']
2019-10-25 02:39:39,779 - selenium - INFO - Input content：
2019-10-25 02:39:39,808 - selenium - INFO - Successful positioning of elements.Positioning method and values used：['id', 'rmNum']
2019-10-25 02:39:40,050 - selenium - INFO - Input content：
2019-10-25 02:39:40,068 - selenium - INFO - Successful positioning of elements.Positioning method and values used：['css selector', 'span > input']
2019-10-25 02:39:40,204 - selenium - INFO - Input content：
2019-10-25 02:39:40,223 - selenium - INFO - Successful positioning of elements.Positioning method and values used：['id', 'OK2']
2019-10-25 02:39:40,406 - selenium - INFO - Click on the element success,location method and value used：['id', 'OK2']
2019-10-25 02:39:40,539 - selenium - INFO - Successful positioning of elements.Positioning method and values used：['css selector', '.err > span']
2019-10-25 02:39:40,620 - selenium - INFO - Obtained text：密码8-20位数字或字母
2019-10-25 02:39:40,664 - selenium - INFO - Assert Verify success：expected outcome:{密码8-20位数字或字母} == actual results:{密码8-20位数字或字母}
2019-10-25 02:39:41,358 - selenium - INFO - Screenshot saved successfully!
2019-10-25 02:39:41,358 - selenium - INFO - Successful execution of test cases:注册页面，检测密码字段规则（是否为必填项）

2019-10-25 02:39:41,360 - selenium - INFO - Executing use test case:注册页面，检测验证码字段规则（是否为必填项）
2019-10-25 02:39:41,360 - selenium - INFO - input data:username:Entech9998,password:12345678,passwd:12345678,phone:,code:,suc:0,assert:请输入验证码
2019-10-25 02:39:41,395 - selenium - INFO - Successful positioning of elements.Positioning method and values used：['id', 'username']
2019-10-25 02:39:41,751 - selenium - INFO - Input content：Entech9998
2019-10-25 02:39:41,792 - selenium - INFO - Successful positioning of elements.Positioning method and values used：['id', 'password']
2019-10-25 02:39:42,128 - selenium - INFO - Input content：12345678
2019-10-25 02:39:42,151 - selenium - INFO - Successful positioning of elements.Positioning method and values used：['id', 'passwd']
2019-10-25 02:39:42,391 - selenium - INFO - Input content：12345678
2019-10-25 02:39:42,412 - selenium - INFO - Successful positioning of elements.Positioning method and values used：['id', 'rmNum']
2019-10-25 02:39:42,736 - selenium - INFO - Input content：
2019-10-25 02:39:42,787 - selenium - INFO - Successful positioning of elements.Positioning method and values used：['css selector', 'span > input']
2019-10-25 02:39:43,055 - selenium - INFO - Input content：
2019-10-25 02:39:43,078 - selenium - INFO - Successful positioning of elements.Positioning method and values used：['id', 'OK2']
2019-10-25 02:39:43,153 - selenium - INFO - Click on the element success,location method and value used：['id', 'OK2']
2019-10-25 02:39:43,187 - selenium - INFO - Successful positioning of elements.Positioning method and values used：['css selector', '.err > span']
2019-10-25 02:39:43,221 - selenium - INFO - Obtained text：请输入验证码
2019-10-25 02:39:43,312 - selenium - INFO - Assert Verify success：expected outcome:{请输入验证码} == actual results:{请输入验证码}
2019-10-25 02:39:44,312 - selenium - INFO - Screenshot saved successfully!
2019-10-25 02:39:44,313 - selenium - INFO - Successful execution of test cases:注册页面，检测验证码字段规则（是否为必填项）

2019-10-25 02:39:44,313 - selenium - INFO - Executing use test case:注册页面，检测手机号字段规则（是否为必填项）
2019-10-25 02:39:44,313 - selenium - INFO - input data:username:Entech9998,password:12345678,passwd:12345678,phone:1233,code:,suc:0,assert:请输入手机号
2019-10-25 02:39:44,348 - selenium - INFO - Successful positioning of elements.Positioning method and values used：['id', 'username']
2019-10-25 02:39:44,650 - selenium - INFO - Input content：Entech9998
2019-10-25 02:39:44,680 - selenium - INFO - Successful positioning of elements.Positioning method and values used：['id', 'password']
2019-10-25 02:39:44,999 - selenium - INFO - Input content：12345678
2019-10-25 02:39:45,028 - selenium - INFO - Successful positioning of elements.Positioning method and values used：['id', 'passwd']
2019-10-25 02:39:45,353 - selenium - INFO - Input content：12345678
2019-10-25 02:39:45,377 - selenium - INFO - Successful positioning of elements.Positioning method and values used：['id', 'rmNum']
2019-10-25 02:39:45,722 - selenium - INFO - Input content：1233
2019-10-25 02:39:45,753 - selenium - INFO - Successful positioning of elements.Positioning method and values used：['css selector', 'span > input']
2019-10-25 02:39:46,066 - selenium - INFO - Input content：
2019-10-25 02:39:46,095 - selenium - INFO - Successful positioning of elements.Positioning method and values used：['id', 'OK2']
2019-10-25 02:39:46,179 - selenium - INFO - Click on the element success,location method and value used：['id', 'OK2']
2019-10-25 02:39:46,259 - selenium - INFO - Successful positioning of elements.Positioning method and values used：['css selector', '.err > span']
2019-10-25 02:39:46,319 - selenium - INFO - Obtained text：请输入手机号
2019-10-25 02:39:46,360 - selenium - INFO - Assert Verify success：expected outcome:{请输入手机号} == actual results:{请输入手机号}
2019-10-25 02:39:46,875 - selenium - INFO - Screenshot saved successfully!
2019-10-25 02:39:46,877 - selenium - INFO - Successful execution of test cases:注册页面，检测手机号字段规则（是否为必填项）

2019-10-25 02:39:46,878 - selenium - INFO - Executing use test case:注册页面，检测密码字段规则（最小长度是否为8位）
2019-10-25 02:39:46,878 - selenium - INFO - input data:username:Entech9998,password:12345,passwd:12345,phone:1233,code:11144434443,suc:0,assert:密码 的最小长度为 8 字符
2019-10-25 02:39:46,925 - selenium - INFO - Successful positioning of elements.Positioning method and values used：['id', 'username']
2019-10-25 02:39:47,430 - selenium - INFO - Input content：Entech9998
2019-10-25 02:39:47,462 - selenium - INFO - Successful positioning of elements.Positioning method and values used：['id', 'password']
2019-10-25 02:39:47,708 - selenium - INFO - Input content：12345
2019-10-25 02:39:47,733 - selenium - INFO - Successful positioning of elements.Positioning method and values used：['id', 'passwd']
2019-10-25 02:39:47,927 - selenium - INFO - Input content：12345
2019-10-25 02:39:47,957 - selenium - INFO - Successful positioning of elements.Positioning method and values used：['id', 'rmNum']
2019-10-25 02:39:48,182 - selenium - INFO - Input content：1233
2019-10-25 02:39:48,200 - selenium - INFO - Successful positioning of elements.Positioning method and values used：['css selector', 'span > input']
2019-10-25 02:39:48,448 - selenium - INFO - Input content：11144434443
2019-10-25 02:39:48,479 - selenium - INFO - Successful positioning of elements.Positioning method and values used：['id', 'OK2']
2019-10-25 02:39:48,575 - selenium - INFO - Click on the element success,location method and value used：['id', 'OK2']
2019-10-25 02:39:48,724 - selenium - INFO - Successful positioning of elements.Positioning method and values used：['css selector', '.err > span']
2019-10-25 02:39:48,763 - selenium - INFO - Obtained text：密码 的最小长度为 8 字符
2019-10-25 02:39:48,800 - selenium - INFO - Assert Verify success：expected outcome:{密码的最小长度为8字符} == actual results:{密码的最小长度为8字符}
2019-10-25 02:39:49,281 - selenium - INFO - Screenshot saved successfully!
2019-10-25 02:39:49,281 - selenium - INFO - Successful execution of test cases:注册页面，检测密码字段规则（最小长度是否为8位）

2019-10-25 02:39:49,282 - selenium - INFO - Executing use test case:注册页面，检测密码字段规则（最小长度是否为8位）
2019-10-25 02:39:49,282 - selenium - INFO - input data:username:Entech9998,password:1234,passwd:1234,phone:1233,code:11144434443,suc:0,assert:密码8-20位数字或字母
2019-10-25 02:39:49,311 - selenium - INFO - Successful positioning of elements.Positioning method and values used：['id', 'username']
2019-10-25 02:39:49,601 - selenium - INFO - Input content：Entech9998
2019-10-25 02:39:49,625 - selenium - INFO - Successful positioning of elements.Positioning method and values used：['id', 'password']
2019-10-25 02:39:49,870 - selenium - INFO - Input content：1234
2019-10-25 02:39:49,926 - selenium - INFO - Successful positioning of elements.Positioning method and values used：['id', 'passwd']
2019-10-25 02:39:50,134 - selenium - INFO - Input content：1234
2019-10-25 02:39:50,177 - selenium - INFO - Successful positioning of elements.Positioning method and values used：['id', 'rmNum']
2019-10-25 02:39:50,409 - selenium - INFO - Input content：1233
2019-10-25 02:39:50,444 - selenium - INFO - Successful positioning of elements.Positioning method and values used：['css selector', 'span > input']
2019-10-25 02:39:50,854 - selenium - INFO - Input content：11144434443
2019-10-25 02:39:50,868 - selenium - INFO - Successful positioning of elements.Positioning method and values used：['id', 'OK2']
2019-10-25 02:39:50,950 - selenium - INFO - Click on the element success,location method and value used：['id', 'OK2']
2019-10-25 02:39:50,979 - selenium - INFO - Successful positioning of elements.Positioning method and values used：['css selector', '.err > span']
2019-10-25 02:39:51,001 - selenium - INFO - Obtained text：密码8-20位数字或字母
2019-10-25 02:39:51,028 - selenium - INFO - Assert Verify success：expected outcome:{密码8-20位数字或字母} == actual results:{密码8-20位数字或字母}
2019-10-25 02:39:51,583 - selenium - INFO - Screenshot saved successfully!
2019-10-25 02:39:51,583 - selenium - INFO - Successful execution of test cases:注册页面，检测密码字段规则（最小长度是否为8位）

2019-10-25 02:39:51,584 - selenium - INFO - Executing use test case:注册页面，检测手机号字段规则（手机格式）
2019-10-25 02:39:51,584 - selenium - INFO - input data:username:Entech9998,password:12345678,passwd:12345678,phone:1233,code:11144434443,suc:0,assert:请填写正确的手机号码.
2019-10-25 02:39:51,603 - selenium - INFO - Successful positioning of elements.Positioning method and values used：['id', 'username']
2019-10-25 02:39:51,798 - selenium - INFO - Input content：Entech9998
2019-10-25 02:39:51,819 - selenium - INFO - Successful positioning of elements.Positioning method and values used：['id', 'password']
2019-10-25 02:39:52,080 - selenium - INFO - Input content：12345678
2019-10-25 02:39:52,110 - selenium - INFO - Successful positioning of elements.Positioning method and values used：['id', 'passwd']
2019-10-25 02:39:52,332 - selenium - INFO - Input content：12345678
2019-10-25 02:39:52,391 - selenium - INFO - Successful positioning of elements.Positioning method and values used：['id', 'rmNum']
2019-10-25 02:39:52,586 - selenium - INFO - Input content：1233
2019-10-25 02:39:52,606 - selenium - INFO - Successful positioning of elements.Positioning method and values used：['css selector', 'span > input']
2019-10-25 02:39:52,903 - selenium - INFO - Input content：11144434443
2019-10-25 02:39:52,935 - selenium - INFO - Successful positioning of elements.Positioning method and values used：['id', 'OK2']
2019-10-25 02:39:53,012 - selenium - INFO - Click on the element success,location method and value used：['id', 'OK2']
2019-10-25 02:39:53,150 - selenium - INFO - Successful positioning of elements.Positioning method and values used：['css selector', '.err > span']
2019-10-25 02:39:53,216 - selenium - INFO - Obtained text：请填写正确的手机号码.
2019-10-25 02:39:53,261 - selenium - INFO - Assert Verify success：expected outcome:{请填写正确的手机号码.} == actual results:{请填写正确的手机号码.}
2019-10-25 02:39:53,802 - selenium - INFO - Screenshot saved successfully!
2019-10-25 02:39:53,802 - selenium - INFO - Successful execution of test cases:注册页面，检测手机号字段规则（手机格式）

2019-10-25 02:39:53,803 - selenium - INFO - Executing use test case:注册页面，检测密码字段规则（是否区分密码字母大小写）
2019-10-25 02:39:53,803 - selenium - INFO - input data:username:Entech9998,password:1234567a,passwd:1234567A,phone:1233,code:13944434443,suc:0,assert:两次密码不一致
2019-10-25 02:39:53,826 - selenium - INFO - Successful positioning of elements.Positioning method and values used：['id', 'username']
2019-10-25 02:39:54,230 - selenium - INFO - Input content：Entech9998
2019-10-25 02:39:54,259 - selenium - INFO - Successful positioning of elements.Positioning method and values used：['id', 'password']
2019-10-25 02:39:54,518 - selenium - INFO - Input content：1234567a
2019-10-25 02:39:54,541 - selenium - INFO - Successful positioning of elements.Positioning method and values used：['id', 'passwd']
2019-10-25 02:39:54,999 - selenium - INFO - Input content：1234567A
2019-10-25 02:39:55,034 - selenium - INFO - Successful positioning of elements.Positioning method and values used：['id', 'rmNum']
2019-10-25 02:39:55,272 - selenium - INFO - Input content：1233
2019-10-25 02:39:55,305 - selenium - INFO - Successful positioning of elements.Positioning method and values used：['css selector', 'span > input']
2019-10-25 02:39:55,583 - selenium - INFO - Input content：13944434443
2019-10-25 02:39:55,611 - selenium - INFO - Successful positioning of elements.Positioning method and values used：['id', 'OK2']
2019-10-25 02:39:55,684 - selenium - INFO - Click on the element success,location method and value used：['id', 'OK2']
2019-10-25 02:39:55,720 - selenium - INFO - Successful positioning of elements.Positioning method and values used：['css selector', '.err > span']
2019-10-25 02:39:55,750 - selenium - INFO - Obtained text：两次密码不一致
2019-10-25 02:39:55,773 - selenium - INFO - Assert Verify success：expected outcome:{两次密码不一致} == actual results:{两次密码不一致}
2019-10-25 02:39:56,382 - selenium - INFO - Screenshot saved successfully!
2019-10-25 02:39:56,383 - selenium - INFO - Successful execution of test cases:注册页面，检测密码字段规则（是否区分密码字母大小写）

2019-10-25 02:39:56,383 - selenium - INFO - Executing use test case:注册页面，检测是否能阻止重复注册
2019-10-25 02:39:56,383 - selenium - INFO - input data:username:enintech0,password:987456123,passwd:987456123,phone:1233,code:13944434443,suc:0,assert:帐号已存在
2019-10-25 02:39:56,413 - selenium - INFO - Successful positioning of elements.Positioning method and values used：['id', 'username']
2019-10-25 02:39:56,725 - selenium - INFO - Input content：enintech0
2019-10-25 02:39:56,746 - selenium - INFO - Successful positioning of elements.Positioning method and values used：['id', 'password']
2019-10-25 02:39:57,001 - selenium - INFO - Input content：987456123
2019-10-25 02:39:57,033 - selenium - INFO - Successful positioning of elements.Positioning method and values used：['id', 'passwd']
2019-10-25 02:39:57,352 - selenium - INFO - Input content：987456123
2019-10-25 02:39:57,371 - selenium - INFO - Successful positioning of elements.Positioning method and values used：['id', 'rmNum']
2019-10-25 02:39:57,630 - selenium - INFO - Input content：1233
2019-10-25 02:39:57,653 - selenium - INFO - Successful positioning of elements.Positioning method and values used：['css selector', 'span > input']
2019-10-25 02:39:57,933 - selenium - INFO - Input content：13944434443
2019-10-25 02:39:57,954 - selenium - INFO - Successful positioning of elements.Positioning method and values used：['id', 'OK2']
2019-10-25 02:39:58,017 - selenium - INFO - Click on the element success,location method and value used：['id', 'OK2']
2019-10-25 02:39:58,100 - selenium - INFO - Successful positioning of elements.Positioning method and values used：['css selector', '.err > span']
2019-10-25 02:39:58,159 - selenium - INFO - Obtained text：帐号已存在
2019-10-25 02:39:58,180 - selenium - INFO - Assert Verify success：expected outcome:{帐号已存在} == actual results:{帐号已存在}
2019-10-25 02:39:58,705 - selenium - INFO - Screenshot saved successfully!
2019-10-25 02:39:58,706 - selenium - INFO - Successful execution of test cases:注册页面，检测是否能阻止重复注册

2019-10-25 02:39:58,707 - selenium - INFO - Executing use test case:注册页面，检测验证码字段规则（错误验证码是否阻止注册）
2019-10-25 02:39:58,707 - selenium - INFO - input data:username:Entech9998,password:1234567a,passwd:1234567a,phone:1111,code:13944434443,suc:0,assert:验证码错误
2019-10-25 02:39:58,749 - selenium - INFO - Successful positioning of elements.Positioning method and values used：['id', 'username']
2019-10-25 02:39:59,045 - selenium - INFO - Input content：Entech9998
2019-10-25 02:39:59,068 - selenium - INFO - Successful positioning of elements.Positioning method and values used：['id', 'password']
2019-10-25 02:39:59,355 - selenium - INFO - Input content：1234567a
2019-10-25 02:39:59,385 - selenium - INFO - Successful positioning of elements.Positioning method and values used：['id', 'passwd']
2019-10-25 02:39:59,647 - selenium - INFO - Input content：1234567a
2019-10-25 02:39:59,687 - selenium - INFO - Successful positioning of elements.Positioning method and values used：['id', 'rmNum']
2019-10-25 02:39:59,895 - selenium - INFO - Input content：1111
2019-10-25 02:39:59,956 - selenium - INFO - Successful positioning of elements.Positioning method and values used：['css selector', 'span > input']
2019-10-25 02:40:00,503 - selenium - INFO - Input content：13944434443
2019-10-25 02:40:00,542 - selenium - INFO - Successful positioning of elements.Positioning method and values used：['id', 'OK2']
2019-10-25 02:40:00,702 - selenium - INFO - Click on the element success,location method and value used：['id', 'OK2']
2019-10-25 02:40:00,878 - selenium - INFO - Successful positioning of elements.Positioning method and values used：['css selector', '.err > span']
2019-10-25 02:40:00,965 - selenium - INFO - Obtained text：验证码错误
2019-10-25 02:40:01,002 - selenium - INFO - Assert Verify success：expected outcome:{验证码错误} == actual results:{验证码错误}
2019-10-25 02:40:01,564 - selenium - INFO - Screenshot saved successfully!
2019-10-25 02:40:01,564 - selenium - INFO - Successful execution of test cases:注册页面，检测验证码字段规则（错误验证码是否阻止注册）

2019-10-25 02:40:01,565 - selenium - INFO - Executing use test case:检测是否能够成功注册账号
2019-10-25 02:40:01,594 - selenium - INFO - Successful positioning of elements.Positioning method and values used：['id', 'username']
2019-10-25 02:40:01,877 - selenium - INFO - Input content：enintech29
2019-10-25 02:40:01,912 - selenium - INFO - Successful positioning of elements.Positioning method and values used：['id', 'password']
2019-10-25 02:40:02,209 - selenium - INFO - Input content：12345678
2019-10-25 02:40:02,228 - selenium - INFO - Successful positioning of elements.Positioning method and values used：['id', 'passwd']
2019-10-25 02:40:02,445 - selenium - INFO - Input content：12345678
2019-10-25 02:40:02,464 - selenium - INFO - Successful positioning of elements.Positioning method and values used：['css selector', 'span > input']
2019-10-25 02:40:02,852 - selenium - INFO - Input content：13988889999
2019-10-25 02:40:06,824 - selenium - INFO - Forced wait 2 second
2019-10-25 02:40:06,847 - selenium - INFO - Successful positioning of elements.Positioning method and values used：['id', 'rmNum']
2019-10-25 02:40:07,039 - selenium - INFO - Input content：5967
2019-10-25 02:40:07,056 - selenium - INFO - Successful positioning of elements.Positioning method and values used：['id', 'OK2']
2019-10-25 02:40:07,157 - selenium - INFO - Click on the element success,location method and value used：['id', 'OK2']
2019-10-25 02:40:09,159 - selenium - INFO - Forced wait 2 second
2019-10-25 02:40:09,196 - selenium - INFO - Successful positioning of elements.Positioning method and values used：['css selector', '.err > span']
2019-10-25 02:40:09,218 - selenium - INFO - Obtained text：请勿重复注册
2019-10-25 02:40:09,275 - selenium - INFO - Successful positioning of elements.Positioning method and values used：['css selector', '.err > span']
2019-10-25 02:40:09,299 - selenium - INFO - Obtained text：请勿重复注册
2019-10-25 02:40:09,357 - selenium - INFO - Successful positioning of elements.Positioning method and values used：['css selector', '.err > span']
2019-10-25 02:40:09,391 - selenium - INFO - Obtained text：请勿重复注册
2019-10-25 02:40:21,133 - selenium - INFO - 在section：environment下读取browser的值
2019-10-25 02:40:21,133 - selenium - INFO - Read browser configuration, value：chrome
2019-10-25 02:40:21,134 - selenium - INFO - 在section：environment下读取url的值
2019-10-25 02:40:21,134 - selenium - INFO - Read url configuration, value：http://blr.9161252.com/#/home
2019-10-25 02:40:23,297 - selenium - INFO - Visit website：http://blr.9161252.com/#/home
2019-10-25 02:40:23,430 - selenium - INFO - Browser maximization
2019-10-25 02:40:23,440 - selenium - INFO - Set static wait time 10 seconds
2019-10-25 02:40:23,440 - selenium - INFO - Executing test cases：新注册会员，验证系统消息是否正确
2019-10-25 02:40:24,593 - selenium - INFO - Successful positioning of elements.Positioning method and values used：['css selector', '.close']
2019-10-25 02:40:24,791 - selenium - INFO - Successful positioning of elements.Positioning method and values used：['css selector', '.close']
2019-10-25 02:40:25,394 - selenium - INFO - Click on the element success,location method and value used：['css selector', '.close']
2019-10-25 02:40:26,060 - selenium - INFO - Successful positioning of elements.Positioning method and values used：['css selector', '.input-bg:nth-child(1)']
2019-10-25 02:40:26,523 - selenium - INFO - Input content：enintech28
2019-10-25 02:40:26,595 - selenium - INFO - Successful positioning of elements.Positioning method and values used：['id', 'txtFacade']
