2019-10-22 23:31:32,976 - selenium - INFO - 在section：environment下读取browser的值
2019-10-22 23:31:32,976 - selenium - INFO - Read browser configuration, value：chrome
2019-10-22 23:31:32,977 - selenium - INFO - 在section：environment下读取url的值
2019-10-22 23:31:32,977 - selenium - INFO - Read url configuration, value：http://blr.9161252.com
2019-10-22 23:31:34,314 - selenium - INFO - Visit website：http://blr.9161252.com
2019-10-22 23:31:34,432 - selenium - INFO - Browser maximization
2019-10-22 23:31:34,443 - selenium - INFO - Set static wait time 10 seconds
2019-10-22 23:31:34,443 - selenium - INFO - Executing use test case:
2019-10-22 23:31:35,211 - selenium - INFO - Successful positioning of elements.Positioning method and values used：['css selector', '.close']
2019-10-22 23:31:35,287 - selenium - INFO - Successful positioning of elements.Positioning method and values used：['css selector', '.regBtn']
2019-10-22 23:31:35,369 - selenium - INFO - Click on the element success,location method and value used：['css selector', '.regBtn']
2019-10-22 23:31:36,375 - selenium - INFO - Successful positioning of elements.Positioning method and values used：['id', 'username']
2019-10-22 23:31:36,860 - selenium - INFO - Input content：enintech0
2019-10-22 23:31:36,878 - selenium - INFO - Successful positioning of elements.Positioning method and values used：['id', 'password']
2019-10-22 23:31:36,996 - selenium - INFO - Input content：12345678
2019-10-22 23:31:37,017 - selenium - INFO - Successful positioning of elements.Positioning method and values used：['id', 'passwd']
2019-10-22 23:31:37,197 - selenium - INFO - Input content：12345678
2019-10-22 23:31:37,214 - selenium - INFO - Successful positioning of elements.Positioning method and values used：['id', 'rmNum']
2019-10-22 23:31:37,311 - selenium - INFO - Input content：1234
2019-10-22 23:31:37,329 - selenium - INFO - Successful positioning of elements.Positioning method and values used：['css selector', 'span > input']
2019-10-22 23:31:37,454 - selenium - INFO - Input content：13898378887
2019-10-22 23:31:37,472 - selenium - INFO - Successful positioning of elements.Positioning method and values used：['id', 'CANCEL2']
2019-10-22 23:31:37,525 - selenium - INFO - Click on the element success,location method and value used：['id', 'CANCEL2']
2019-10-22 23:31:37,545 - selenium - INFO - Successful positioning of elements.Positioning method and values used：['id', 'OK2']
2019-10-22 23:31:37,664 - selenium - INFO - Click on the element success,location method and value used：['id', 'OK2']
2019-10-22 23:31:37,697 - selenium - INFO - Successful positioning of elements.Positioning method and values used：['css selector', '.err > span']
2019-10-22 23:31:37,732 - selenium - INFO - Obtained text：帐号6-10位数字或字母
2019-10-22 23:31:37,754 - selenium - INFO - Failure of test case execution! Reason: '帐号6-10位数字或字母' != None : Assert Verification fail：expected outcome{None} != actual results{帐号6-10位数字或字母}

2019-10-22 23:31:37,754 - selenium - INFO - Executing use test case:注册页面，检测账号字段规则（是否为必填项）
2019-10-22 23:31:37,754 - selenium - INFO - input data:username:,password:,passwd:,phone:,code:,suc:0,assert:帐号6-10位数字或字母
2019-10-22 23:31:37,773 - selenium - INFO - Successful positioning of elements.Positioning method and values used：['id', 'username']
2019-10-22 23:31:37,868 - selenium - INFO - Input content：
2019-10-22 23:31:37,892 - selenium - INFO - Successful positioning of elements.Positioning method and values used：['id', 'password']
2019-10-22 23:31:38,010 - selenium - INFO - Input content：
2019-10-22 23:31:38,027 - selenium - INFO - Successful positioning of elements.Positioning method and values used：['id', 'passwd']
2019-10-22 23:31:38,100 - selenium - INFO - Input content：
2019-10-22 23:31:38,113 - selenium - INFO - Successful positioning of elements.Positioning method and values used：['id', 'rmNum']
2019-10-22 23:31:38,177 - selenium - INFO - Input content：
2019-10-22 23:31:38,190 - selenium - INFO - Successful positioning of elements.Positioning method and values used：['css selector', 'span > input']
2019-10-22 23:31:38,263 - selenium - INFO - Input content：
2019-10-22 23:31:38,276 - selenium - INFO - Successful positioning of elements.Positioning method and values used：['id', 'OK2']
2019-10-22 23:31:38,324 - selenium - INFO - Click on the element success,location method and value used：['id', 'OK2']
2019-10-22 23:31:38,341 - selenium - INFO - Successful positioning of elements.Positioning method and values used：['css selector', '.err > span']
2019-10-22 23:31:38,359 - selenium - INFO - Obtained text：帐号6-10位数字或字母
2019-10-22 23:31:38,374 - selenium - INFO - Assert Verify success：expected outcome:{帐号6-10位数字或字母} == actual results:{帐号6-10位数字或字母}
2019-10-22 23:31:38,764 - selenium - INFO - Screenshot saved successfully!
2019-10-22 23:31:38,764 - selenium - INFO - Successful execution of test cases:注册页面，检测账号字段规则（是否为必填项）

2019-10-22 23:31:38,765 - selenium - INFO - Executing use test case:注册页面，检测账号字段规则（长度是否不能小于6位）
2019-10-22 23:31:38,765 - selenium - INFO - input data:username:12,password:,passwd:,phone:,code:,suc:0,assert:帐号6-10位数字或字母
2019-10-22 23:31:38,783 - selenium - INFO - Successful positioning of elements.Positioning method and values used：['id', 'username']
2019-10-22 23:31:38,860 - selenium - INFO - Input content：12
2019-10-22 23:31:38,876 - selenium - INFO - Successful positioning of elements.Positioning method and values used：['id', 'password']
2019-10-22 23:31:38,941 - selenium - INFO - Input content：
2019-10-22 23:31:38,956 - selenium - INFO - Successful positioning of elements.Positioning method and values used：['id', 'passwd']
2019-10-22 23:31:39,047 - selenium - INFO - Input content：
2019-10-22 23:31:39,067 - selenium - INFO - Successful positioning of elements.Positioning method and values used：['id', 'rmNum']
2019-10-22 23:31:39,145 - selenium - INFO - Input content：
2019-10-22 23:31:39,160 - selenium - INFO - Successful positioning of elements.Positioning method and values used：['css selector', 'span > input']
2019-10-22 23:31:39,236 - selenium - INFO - Input content：
2019-10-22 23:31:39,247 - selenium - INFO - Successful positioning of elements.Positioning method and values used：['id', 'OK2']
2019-10-22 23:31:39,293 - selenium - INFO - Click on the element success,location method and value used：['id', 'OK2']
2019-10-22 23:31:39,313 - selenium - INFO - Successful positioning of elements.Positioning method and values used：['css selector', '.err > span']
2019-10-22 23:31:39,338 - selenium - INFO - Obtained text：帐号6-10位数字或字母
2019-10-22 23:31:39,350 - selenium - INFO - Assert Verify success：expected outcome:{帐号6-10位数字或字母} == actual results:{帐号6-10位数字或字母}
2019-10-22 23:31:39,714 - selenium - INFO - Screenshot saved successfully!
2019-10-22 23:31:39,714 - selenium - INFO - Successful execution of test cases:注册页面，检测账号字段规则（长度是否不能小于6位）

2019-10-22 23:31:39,714 - selenium - INFO - Executing use test case:注册页面，检测账号字段规则（是否不能包含中文）
2019-10-22 23:31:39,714 - selenium - INFO - input data:username:阿斯顿但是我,password:,passwd:,phone:,code:,suc:0,assert:帐号6-10位数字或字母
2019-10-22 23:31:39,729 - selenium - INFO - Successful positioning of elements.Positioning method and values used：['id', 'username']
2019-10-22 23:31:39,836 - selenium - INFO - Input content：阿斯顿但是我
2019-10-22 23:31:39,852 - selenium - INFO - Successful positioning of elements.Positioning method and values used：['id', 'password']
2019-10-22 23:31:39,931 - selenium - INFO - Input content：
2019-10-22 23:31:39,946 - selenium - INFO - Successful positioning of elements.Positioning method and values used：['id', 'passwd']
2019-10-22 23:31:40,023 - selenium - INFO - Input content：
2019-10-22 23:31:40,054 - selenium - INFO - Successful positioning of elements.Positioning method and values used：['id', 'rmNum']
2019-10-22 23:31:40,125 - selenium - INFO - Input content：
2019-10-22 23:31:40,160 - selenium - INFO - Successful positioning of elements.Positioning method and values used：['css selector', 'span > input']
2019-10-22 23:31:40,236 - selenium - INFO - Input content：
2019-10-22 23:31:40,246 - selenium - INFO - Successful positioning of elements.Positioning method and values used：['id', 'OK2']
2019-10-22 23:31:40,291 - selenium - INFO - Click on the element success,location method and value used：['id', 'OK2']
2019-10-22 23:31:40,309 - selenium - INFO - Successful positioning of elements.Positioning method and values used：['css selector', '.err > span']
2019-10-22 23:31:40,328 - selenium - INFO - Obtained text：帐号6-10位数字或字母
2019-10-22 23:31:40,346 - selenium - INFO - Assert Verify success：expected outcome:{帐号6-10位数字或字母} == actual results:{帐号6-10位数字或字母}
2019-10-22 23:31:40,759 - selenium - INFO - Screenshot saved successfully!
2019-10-22 23:31:40,759 - selenium - INFO - Successful execution of test cases:注册页面，检测账号字段规则（是否不能包含中文）

2019-10-22 23:31:40,760 - selenium - INFO - Executing use test case:注册页面，检测账号字段规则（是否不能包含特殊字符）
2019-10-22 23:31:40,760 - selenium - INFO - input data:username:*&#123abc,password:,passwd:,phone:,code:,suc:0,assert:帐号6-10位数字或字母
2019-10-22 23:31:40,776 - selenium - INFO - Successful positioning of elements.Positioning method and values used：['id', 'username']
2019-10-22 23:31:40,887 - selenium - INFO - Input content：*&#123abc
2019-10-22 23:31:40,902 - selenium - INFO - Successful positioning of elements.Positioning method and values used：['id', 'password']
2019-10-22 23:31:40,979 - selenium - INFO - Input content：
2019-10-22 23:31:40,995 - selenium - INFO - Successful positioning of elements.Positioning method and values used：['id', 'passwd']
2019-10-22 23:31:41,096 - selenium - INFO - Input content：
2019-10-22 23:31:41,112 - selenium - INFO - Successful positioning of elements.Positioning method and values used：['id', 'rmNum']
2019-10-22 23:31:41,175 - selenium - INFO - Input content：
2019-10-22 23:31:41,195 - selenium - INFO - Successful positioning of elements.Positioning method and values used：['css selector', 'span > input']
2019-10-22 23:31:41,275 - selenium - INFO - Input content：
2019-10-22 23:31:41,289 - selenium - INFO - Successful positioning of elements.Positioning method and values used：['id', 'OK2']
2019-10-22 23:31:41,341 - selenium - INFO - Click on the element success,location method and value used：['id', 'OK2']
2019-10-22 23:31:41,358 - selenium - INFO - Successful positioning of elements.Positioning method and values used：['css selector', '.err > span']
2019-10-22 23:31:41,379 - selenium - INFO - Obtained text：帐号6-10位数字或字母
2019-10-22 23:31:41,392 - selenium - INFO - Assert Verify success：expected outcome:{帐号6-10位数字或字母} == actual results:{帐号6-10位数字或字母}
2019-10-22 23:31:41,768 - selenium - INFO - Screenshot saved successfully!
2019-10-22 23:31:41,768 - selenium - INFO - Successful execution of test cases:注册页面，检测账号字段规则（是否不能包含特殊字符）

2019-10-22 23:31:41,769 - selenium - INFO - Executing use test case:注册页面，检测账号字段规则（长度是否不能小于6位）
2019-10-22 23:31:41,769 - selenium - INFO - input data:username:123as,password:,passwd:,phone:,code:,suc:0,assert:帐号6-10位数字或字母
2019-10-22 23:31:41,781 - selenium - INFO - Successful positioning of elements.Positioning method and values used：['id', 'username']
2019-10-22 23:31:41,879 - selenium - INFO - Input content：123as
2019-10-22 23:31:41,894 - selenium - INFO - Successful positioning of elements.Positioning method and values used：['id', 'password']
2019-10-22 23:31:41,962 - selenium - INFO - Input content：
2019-10-22 23:31:41,979 - selenium - INFO - Successful positioning of elements.Positioning method and values used：['id', 'passwd']
2019-10-22 23:31:42,054 - selenium - INFO - Input content：
2019-10-22 23:31:42,064 - selenium - INFO - Successful positioning of elements.Positioning method and values used：['id', 'rmNum']
2019-10-22 23:31:42,128 - selenium - INFO - Input content：
2019-10-22 23:31:42,140 - selenium - INFO - Successful positioning of elements.Positioning method and values used：['css selector', 'span > input']
2019-10-22 23:31:42,239 - selenium - INFO - Input content：
2019-10-22 23:31:42,253 - selenium - INFO - Successful positioning of elements.Positioning method and values used：['id', 'OK2']
2019-10-22 23:31:42,313 - selenium - INFO - Click on the element success,location method and value used：['id', 'OK2']
2019-10-22 23:31:42,336 - selenium - INFO - Successful positioning of elements.Positioning method and values used：['css selector', '.err > span']
2019-10-22 23:31:42,355 - selenium - INFO - Obtained text：帐号6-10位数字或字母
2019-10-22 23:31:42,370 - selenium - INFO - Assert Verify success：expected outcome:{帐号6-10位数字或字母} == actual results:{帐号6-10位数字或字母}
2019-10-22 23:31:42,728 - selenium - INFO - Screenshot saved successfully!
2019-10-22 23:31:42,728 - selenium - INFO - Successful execution of test cases:注册页面，检测账号字段规则（长度是否不能小于6位）

2019-10-22 23:31:42,728 - selenium - INFO - Executing use test case:注册页面，检测密码字段规则（是否为必填项）
2019-10-22 23:31:42,728 - selenium - INFO - input data:username:Entech9999,password:,passwd:,phone:,code:,suc:0,assert:密码8-20位数字或字母
2019-10-22 23:31:42,744 - selenium - INFO - Successful positioning of elements.Positioning method and values used：['id', 'username']
2019-10-22 23:31:42,846 - selenium - INFO - Input content：Entech9999
2019-10-22 23:31:42,858 - selenium - INFO - Successful positioning of elements.Positioning method and values used：['id', 'password']
2019-10-22 23:31:42,922 - selenium - INFO - Input content：
2019-10-22 23:31:42,949 - selenium - INFO - Successful positioning of elements.Positioning method and values used：['id', 'passwd']
2019-10-22 23:31:43,040 - selenium - INFO - Input content：
2019-10-22 23:31:43,057 - selenium - INFO - Successful positioning of elements.Positioning method and values used：['id', 'rmNum']
2019-10-22 23:31:43,122 - selenium - INFO - Input content：
2019-10-22 23:31:43,138 - selenium - INFO - Successful positioning of elements.Positioning method and values used：['css selector', 'span > input']
2019-10-22 23:31:43,231 - selenium - INFO - Input content：
2019-10-22 23:31:43,245 - selenium - INFO - Successful positioning of elements.Positioning method and values used：['id', 'OK2']
2019-10-22 23:31:43,288 - selenium - INFO - Click on the element success,location method and value used：['id', 'OK2']
2019-10-22 23:31:43,306 - selenium - INFO - Successful positioning of elements.Positioning method and values used：['css selector', '.err > span']
2019-10-22 23:31:43,324 - selenium - INFO - Obtained text：密码8-20位数字或字母
2019-10-22 23:31:43,339 - selenium - INFO - Assert Verify success：expected outcome:{密码8-20位数字或字母} == actual results:{密码8-20位数字或字母}
2019-10-22 23:31:43,690 - selenium - INFO - Screenshot saved successfully!
2019-10-22 23:31:43,690 - selenium - INFO - Successful execution of test cases:注册页面，检测密码字段规则（是否为必填项）

2019-10-22 23:31:43,691 - selenium - INFO - Executing use test case:注册页面，检测验证码字段规则（是否为必填项）
2019-10-22 23:31:43,691 - selenium - INFO - input data:username:Entech9999,password:12345678,passwd:12345678,phone:,code:,suc:0,assert:请输入验证码
2019-10-22 23:31:43,704 - selenium - INFO - Successful positioning of elements.Positioning method and values used：['id', 'username']
2019-10-22 23:31:43,818 - selenium - INFO - Input content：Entech9999
2019-10-22 23:31:43,830 - selenium - INFO - Successful positioning of elements.Positioning method and values used：['id', 'password']
2019-10-22 23:31:43,928 - selenium - INFO - Input content：12345678
2019-10-22 23:31:43,959 - selenium - INFO - Successful positioning of elements.Positioning method and values used：['id', 'passwd']
2019-10-22 23:31:44,063 - selenium - INFO - Input content：12345678
2019-10-22 23:31:44,079 - selenium - INFO - Successful positioning of elements.Positioning method and values used：['id', 'rmNum']
2019-10-22 23:31:44,158 - selenium - INFO - Input content：
2019-10-22 23:31:44,186 - selenium - INFO - Successful positioning of elements.Positioning method and values used：['css selector', 'span > input']
2019-10-22 23:31:44,257 - selenium - INFO - Input content：
2019-10-22 23:31:44,284 - selenium - INFO - Successful positioning of elements.Positioning method and values used：['id', 'OK2']
2019-10-22 23:31:44,320 - selenium - INFO - Click on the element success,location method and value used：['id', 'OK2']
2019-10-22 23:31:44,331 - selenium - INFO - Successful positioning of elements.Positioning method and values used：['css selector', '.err > span']
2019-10-22 23:31:44,360 - selenium - INFO - Obtained text：请输入验证码
2019-10-22 23:31:44,394 - selenium - INFO - Assert Verify success：expected outcome:{请输入验证码} == actual results:{请输入验证码}
2019-10-22 23:31:44,752 - selenium - INFO - Screenshot saved successfully!
2019-10-22 23:31:44,753 - selenium - INFO - Successful execution of test cases:注册页面，检测验证码字段规则（是否为必填项）

2019-10-22 23:31:44,753 - selenium - INFO - Executing use test case:注册页面，检测手机号字段规则（是否为必填项）
2019-10-22 23:31:44,753 - selenium - INFO - input data:username:Entech9999,password:12345678,passwd:12345678,phone:1233,code:,suc:0,assert:请输入手机号
2019-10-22 23:31:44,764 - selenium - INFO - Successful positioning of elements.Positioning method and values used：['id', 'username']
2019-10-22 23:31:44,887 - selenium - INFO - Input content：Entech9999
2019-10-22 23:31:44,902 - selenium - INFO - Successful positioning of elements.Positioning method and values used：['id', 'password']
2019-10-22 23:31:45,009 - selenium - INFO - Input content：12345678
2019-10-22 23:31:45,036 - selenium - INFO - Successful positioning of elements.Positioning method and values used：['id', 'passwd']
2019-10-22 23:31:45,140 - selenium - INFO - Input content：12345678
2019-10-22 23:31:45,154 - selenium - INFO - Successful positioning of elements.Positioning method and values used：['id', 'rmNum']
2019-10-22 23:31:45,244 - selenium - INFO - Input content：1233
2019-10-22 23:31:45,259 - selenium - INFO - Successful positioning of elements.Positioning method and values used：['css selector', 'span > input']
2019-10-22 23:31:45,330 - selenium - INFO - Input content：
2019-10-22 23:31:45,345 - selenium - INFO - Successful positioning of elements.Positioning method and values used：['id', 'OK2']
2019-10-22 23:31:45,388 - selenium - INFO - Click on the element success,location method and value used：['id', 'OK2']
2019-10-22 23:31:45,405 - selenium - INFO - Successful positioning of elements.Positioning method and values used：['css selector', '.err > span']
2019-10-22 23:31:45,423 - selenium - INFO - Obtained text：请输入手机号
2019-10-22 23:31:45,440 - selenium - INFO - Assert Verify success：expected outcome:{请输入手机号} == actual results:{请输入手机号}
2019-10-22 23:31:45,815 - selenium - INFO - Screenshot saved successfully!
2019-10-22 23:31:45,815 - selenium - INFO - Successful execution of test cases:注册页面，检测手机号字段规则（是否为必填项）

2019-10-22 23:31:45,816 - selenium - INFO - Executing use test case:注册页面，检测密码字段规则（最小长度是否为8位）
2019-10-22 23:31:45,816 - selenium - INFO - input data:username:Entech9999,password:12345,passwd:12345,phone:1233,code:11144434443,suc:0,assert:密码 的最小长度为 8 字符
2019-10-22 23:31:45,829 - selenium - INFO - Successful positioning of elements.Positioning method and values used：['id', 'username']
2019-10-22 23:31:45,946 - selenium - INFO - Input content：Entech9999
2019-10-22 23:31:45,959 - selenium - INFO - Successful positioning of elements.Positioning method and values used：['id', 'password']
2019-10-22 23:31:46,083 - selenium - INFO - Input content：12345
2019-10-22 23:31:46,104 - selenium - INFO - Successful positioning of elements.Positioning method and values used：['id', 'passwd']
2019-10-22 23:31:46,210 - selenium - INFO - Input content：12345
2019-10-22 23:31:46,226 - selenium - INFO - Successful positioning of elements.Positioning method and values used：['id', 'rmNum']
2019-10-22 23:31:46,323 - selenium - INFO - Input content：1233
2019-10-22 23:31:46,342 - selenium - INFO - Successful positioning of elements.Positioning method and values used：['css selector', 'span > input']
2019-10-22 23:31:46,459 - selenium - INFO - Input content：11144434443
2019-10-22 23:31:46,475 - selenium - INFO - Successful positioning of elements.Positioning method and values used：['id', 'OK2']
2019-10-22 23:31:46,524 - selenium - INFO - Click on the element success,location method and value used：['id', 'OK2']
2019-10-22 23:31:46,711 - selenium - INFO - Successful positioning of elements.Positioning method and values used：['css selector', '.err > span']
2019-10-22 23:31:46,731 - selenium - INFO - Obtained text：密码 的最小长度为 8 字符
2019-10-22 23:31:46,743 - selenium - INFO - Assert Verify success：expected outcome:{密码的最小长度为8字符} == actual results:{密码的最小长度为8字符}
2019-10-22 23:31:47,079 - selenium - INFO - Screenshot saved successfully!
2019-10-22 23:31:47,079 - selenium - INFO - Successful execution of test cases:注册页面，检测密码字段规则（最小长度是否为8位）

2019-10-22 23:31:47,079 - selenium - INFO - Executing use test case:注册页面，检测密码字段规则（最小长度是否为8位）
2019-10-22 23:31:47,079 - selenium - INFO - input data:username:Entech9999,password:1234,passwd:1234,phone:1233,code:11144434443,suc:0,assert:密码8-20位数字或字母
2019-10-22 23:31:47,092 - selenium - INFO - Successful positioning of elements.Positioning method and values used：['id', 'username']
2019-10-22 23:31:47,208 - selenium - INFO - Input content：Entech9999
2019-10-22 23:31:47,220 - selenium - INFO - Successful positioning of elements.Positioning method and values used：['id', 'password']
2019-10-22 23:31:47,314 - selenium - INFO - Input content：1234
2019-10-22 23:31:47,329 - selenium - INFO - Successful positioning of elements.Positioning method and values used：['id', 'passwd']
2019-10-22 23:31:47,462 - selenium - INFO - Input content：1234
2019-10-22 23:31:47,476 - selenium - INFO - Successful positioning of elements.Positioning method and values used：['id', 'rmNum']
2019-10-22 23:31:47,578 - selenium - INFO - Input content：1233
2019-10-22 23:31:47,595 - selenium - INFO - Successful positioning of elements.Positioning method and values used：['css selector', 'span > input']
2019-10-22 23:31:47,709 - selenium - INFO - Input content：11144434443
2019-10-22 23:31:47,723 - selenium - INFO - Successful positioning of elements.Positioning method and values used：['id', 'OK2']
2019-10-22 23:31:47,757 - selenium - INFO - Click on the element success,location method and value used：['id', 'OK2']
2019-10-22 23:31:47,770 - selenium - INFO - Successful positioning of elements.Positioning method and values used：['css selector', '.err > span']
2019-10-22 23:31:47,799 - selenium - INFO - Obtained text：密码8-20位数字或字母
2019-10-22 23:31:47,809 - selenium - INFO - Assert Verify success：expected outcome:{密码8-20位数字或字母} == actual results:{密码8-20位数字或字母}
2019-10-22 23:31:48,163 - selenium - INFO - Screenshot saved successfully!
2019-10-22 23:31:48,163 - selenium - INFO - Successful execution of test cases:注册页面，检测密码字段规则（最小长度是否为8位）

2019-10-22 23:31:48,163 - selenium - INFO - Executing use test case:注册页面，检测手机号字段规则（手机格式）
2019-10-22 23:31:48,164 - selenium - INFO - input data:username:Entech9999,password:12345678,passwd:12345678,phone:1233,code:11144434443,suc:0,assert:请填写正确的手机号码.
2019-10-22 23:31:48,178 - selenium - INFO - Successful positioning of elements.Positioning method and values used：['id', 'username']
2019-10-22 23:31:48,295 - selenium - INFO - Input content：Entech9999
2019-10-22 23:31:48,310 - selenium - INFO - Successful positioning of elements.Positioning method and values used：['id', 'password']
2019-10-22 23:31:48,462 - selenium - INFO - Input content：12345678
2019-10-22 23:31:48,479 - selenium - INFO - Successful positioning of elements.Positioning method and values used：['id', 'passwd']
2019-10-22 23:31:48,575 - selenium - INFO - Input content：12345678
2019-10-22 23:31:48,588 - selenium - INFO - Successful positioning of elements.Positioning method and values used：['id', 'rmNum']
2019-10-22 23:31:48,710 - selenium - INFO - Input content：1233
2019-10-22 23:31:48,728 - selenium - INFO - Successful positioning of elements.Positioning method and values used：['css selector', 'span > input']
2019-10-22 23:31:48,831 - selenium - INFO - Input content：11144434443
2019-10-22 23:31:48,844 - selenium - INFO - Successful positioning of elements.Positioning method and values used：['id', 'OK2']
2019-10-22 23:31:48,889 - selenium - INFO - Click on the element success,location method and value used：['id', 'OK2']
2019-10-22 23:31:49,075 - selenium - INFO - Successful positioning of elements.Positioning method and values used：['css selector', '.err > span']
2019-10-22 23:31:49,103 - selenium - INFO - Obtained text：请填写正确的手机号码.
2019-10-22 23:31:49,117 - selenium - INFO - Assert Verify success：expected outcome:{请填写正确的手机号码.} == actual results:{请填写正确的手机号码.}
2019-10-22 23:31:49,461 - selenium - INFO - Screenshot saved successfully!
2019-10-22 23:31:49,462 - selenium - INFO - Successful execution of test cases:注册页面，检测手机号字段规则（手机格式）

2019-10-22 23:31:49,462 - selenium - INFO - Executing use test case:注册页面，检测密码字段规则（是否区分密码字母大小写）
2019-10-22 23:31:49,462 - selenium - INFO - input data:username:Entech9999,password:1234567a,passwd:1234567A,phone:1233,code:13944434443,suc:0,assert:两次密码不一致
2019-10-22 23:31:49,474 - selenium - INFO - Successful positioning of elements.Positioning method and values used：['id', 'username']
2019-10-22 23:31:49,613 - selenium - INFO - Input content：Entech9999
2019-10-22 23:31:49,637 - selenium - INFO - Successful positioning of elements.Positioning method and values used：['id', 'password']
2019-10-22 23:31:49,824 - selenium - INFO - Input content：1234567a
2019-10-22 23:31:49,844 - selenium - INFO - Successful positioning of elements.Positioning method and values used：['id', 'passwd']
2019-10-22 23:31:49,956 - selenium - INFO - Input content：1234567A
2019-10-22 23:31:49,971 - selenium - INFO - Successful positioning of elements.Positioning method and values used：['id', 'rmNum']
2019-10-22 23:31:50,069 - selenium - INFO - Input content：1233
2019-10-22 23:31:50,087 - selenium - INFO - Successful positioning of elements.Positioning method and values used：['css selector', 'span > input']
2019-10-22 23:31:50,196 - selenium - INFO - Input content：13944434443
2019-10-22 23:31:50,210 - selenium - INFO - Successful positioning of elements.Positioning method and values used：['id', 'OK2']
2019-10-22 23:31:50,263 - selenium - INFO - Click on the element success,location method and value used：['id', 'OK2']
2019-10-22 23:31:50,298 - selenium - INFO - Successful positioning of elements.Positioning method and values used：['css selector', '.err > span']
2019-10-22 23:31:50,321 - selenium - INFO - Obtained text：两次密码不一致
2019-10-22 23:31:50,334 - selenium - INFO - Assert Verify success：expected outcome:{两次密码不一致} == actual results:{两次密码不一致}
2019-10-22 23:31:50,668 - selenium - INFO - Screenshot saved successfully!
2019-10-22 23:31:50,669 - selenium - INFO - Successful execution of test cases:注册页面，检测密码字段规则（是否区分密码字母大小写）

2019-10-22 23:31:50,669 - selenium - INFO - Executing use test case:注册页面，检测是否能阻止重复注册
2019-10-22 23:31:50,669 - selenium - INFO - input data:username:enintech0,password:987456123,passwd:987456123,phone:1233,code:13944434443,suc:0,assert:帐号已存在
2019-10-22 23:31:50,686 - selenium - INFO - Successful positioning of elements.Positioning method and values used：['id', 'username']
2019-10-22 23:31:50,786 - selenium - INFO - Input content：enintech0
2019-10-22 23:31:50,797 - selenium - INFO - Successful positioning of elements.Positioning method and values used：['id', 'password']
2019-10-22 23:31:50,919 - selenium - INFO - Input content：987456123
2019-10-22 23:31:50,931 - selenium - INFO - Successful positioning of elements.Positioning method and values used：['id', 'passwd']
2019-10-22 23:31:51,045 - selenium - INFO - Input content：987456123
2019-10-22 23:31:51,057 - selenium - INFO - Successful positioning of elements.Positioning method and values used：['id', 'rmNum']
2019-10-22 23:31:51,145 - selenium - INFO - Input content：1233
2019-10-22 23:31:51,156 - selenium - INFO - Successful positioning of elements.Positioning method and values used：['css selector', 'span > input']
2019-10-22 23:31:51,264 - selenium - INFO - Input content：13944434443
2019-10-22 23:31:51,277 - selenium - INFO - Successful positioning of elements.Positioning method and values used：['id', 'OK2']
2019-10-22 23:31:51,321 - selenium - INFO - Click on the element success,location method and value used：['id', 'OK2']
2019-10-22 23:31:51,456 - selenium - INFO - Successful positioning of elements.Positioning method and values used：['css selector', '.err > span']
2019-10-22 23:31:51,473 - selenium - INFO - Obtained text：帐号已存在
2019-10-22 23:31:51,486 - selenium - INFO - Assert Verify success：expected outcome:{帐号已存在} == actual results:{帐号已存在}
2019-10-22 23:31:51,859 - selenium - INFO - Screenshot saved successfully!
2019-10-22 23:31:51,859 - selenium - INFO - Successful execution of test cases:注册页面，检测是否能阻止重复注册

2019-10-22 23:31:51,859 - selenium - INFO - Executing use test case:注册页面，检测验证码字段规则（错误验证码是否阻止注册）
2019-10-22 23:31:51,859 - selenium - INFO - input data:username:Entech9999,password:1234567a,passwd:1234567a,phone:1111,code:13944434443,suc:0,assert:验证码错误
2019-10-22 23:31:51,873 - selenium - INFO - Successful positioning of elements.Positioning method and values used：['id', 'username']
2019-10-22 23:31:51,988 - selenium - INFO - Input content：Entech9999
2019-10-22 23:31:52,004 - selenium - INFO - Successful positioning of elements.Positioning method and values used：['id', 'password']
2019-10-22 23:31:52,135 - selenium - INFO - Input content：1234567a
2019-10-22 23:31:52,146 - selenium - INFO - Successful positioning of elements.Positioning method and values used：['id', 'passwd']
2019-10-22 23:31:52,274 - selenium - INFO - Input content：1234567a
2019-10-22 23:31:52,287 - selenium - INFO - Successful positioning of elements.Positioning method and values used：['id', 'rmNum']
2019-10-22 23:31:52,417 - selenium - INFO - Input content：1111
2019-10-22 23:31:52,428 - selenium - INFO - Successful positioning of elements.Positioning method and values used：['css selector', 'span > input']
2019-10-22 23:31:52,574 - selenium - INFO - Input content：13944434443
2019-10-22 23:31:52,597 - selenium - INFO - Successful positioning of elements.Positioning method and values used：['id', 'OK2']
2019-10-22 23:31:52,656 - selenium - INFO - Click on the element success,location method and value used：['id', 'OK2']
2019-10-22 23:31:52,834 - selenium - INFO - Successful positioning of elements.Positioning method and values used：['css selector', '.err > span']
2019-10-22 23:31:52,858 - selenium - INFO - Obtained text：验证码错误
2019-10-22 23:31:52,880 - selenium - INFO - Assert Verify success：expected outcome:{验证码错误} == actual results:{验证码错误}
2019-10-22 23:31:53,251 - selenium - INFO - Screenshot saved successfully!
2019-10-22 23:31:53,251 - selenium - INFO - Successful execution of test cases:注册页面，检测验证码字段规则（错误验证码是否阻止注册）

2019-10-22 23:31:53,251 - selenium - INFO - Executing use test case:检测是否能够成功注册账号
2019-10-22 23:31:53,270 - selenium - INFO - Successful positioning of elements.Positioning method and values used：['id', 'username']
2019-10-22 23:31:53,391 - selenium - INFO - Input content：enintech15
2019-10-22 23:31:53,406 - selenium - INFO - Successful positioning of elements.Positioning method and values used：['id', 'password']
2019-10-22 23:31:53,544 - selenium - INFO - Input content：12345678
2019-10-22 23:31:53,556 - selenium - INFO - Successful positioning of elements.Positioning method and values used：['id', 'passwd']
2019-10-22 23:31:53,647 - selenium - INFO - Input content：12345678
2019-10-22 23:31:53,667 - selenium - INFO - Successful positioning of elements.Positioning method and values used：['css selector', 'span > input']
2019-10-22 23:31:53,799 - selenium - INFO - Input content：13988889999
2019-10-22 23:31:56,743 - selenium - INFO - Forced wait 2 second
2019-10-22 23:31:56,758 - selenium - INFO - Successful positioning of elements.Positioning method and values used：['id', 'rmNum']
2019-10-22 23:31:56,855 - selenium - INFO - Input content：1478
2019-10-22 23:31:56,873 - selenium - INFO - Successful positioning of elements.Positioning method and values used：['id', 'OK2']
2019-10-22 23:31:56,923 - selenium - INFO - Click on the element success,location method and value used：['id', 'OK2']
2019-10-22 23:31:58,926 - selenium - INFO - Forced wait 2 second
2019-10-22 23:31:58,956 - selenium - INFO - Successful positioning of elements.Positioning method and values used：['css selector', '.err > span']
2019-10-22 23:31:58,974 - selenium - INFO - Obtained text：帐号已存在
2019-10-22 23:31:59,003 - selenium - INFO - Successful positioning of elements.Positioning method and values used：['css selector', '.err > span']
2019-10-22 23:31:59,017 - selenium - INFO - Obtained text：帐号已存在
2019-10-22 23:31:59,046 - selenium - INFO - Successful positioning of elements.Positioning method and values used：['css selector', '.err > span']
2019-10-22 23:31:59,059 - selenium - INFO - Obtained text：帐号已存在
2019-10-22 23:31:59,085 - selenium - INFO - Successful positioning of elements.Positioning method and values used：['css selector', '.err > span']
2019-10-22 23:31:59,096 - selenium - INFO - Obtained text：帐号已存在
2019-10-22 23:31:59,125 - selenium - INFO - Successful positioning of elements.Positioning method and values used：['css selector', '.err > span']
2019-10-22 23:31:59,148 - selenium - INFO - Obtained text：帐号已存在
2019-10-22 23:31:59,178 - selenium - INFO - Successful positioning of elements.Positioning method and values used：['css selector', '.err > span']
2019-10-22 23:31:59,193 - selenium - INFO - Obtained text：帐号已存在
2019-10-22 23:31:59,225 - selenium - INFO - Successful positioning of elements.Positioning method and values used：['css selector', '.err > span']
2019-10-22 23:31:59,239 - selenium - INFO - Obtained text：帐号已存在
2019-10-22 23:31:59,261 - selenium - INFO - Successful positioning of elements.Positioning method and values used：['css selector', '.err > span']
2019-10-22 23:31:59,272 - selenium - INFO - Obtained text：帐号已存在
2019-10-22 23:31:59,296 - selenium - INFO - Successful positioning of elements.Positioning method and values used：['css selector', '.err > span']
2019-10-22 23:31:59,309 - selenium - INFO - Obtained text：帐号已存在
2019-10-22 23:31:59,362 - selenium - INFO - Successful positioning of elements.Positioning method and values used：['css selector', '.err > span']
2019-10-22 23:31:59,391 - selenium - INFO - Obtained text：帐号已存在
2019-10-22 23:31:59,430 - selenium - INFO - Successful positioning of elements.Positioning method and values used：['css selector', '.err > span']
2019-10-22 23:31:59,454 - selenium - INFO - Obtained text：帐号已存在
2019-10-22 23:31:59,474 - selenium - INFO - Successful positioning of elements.Positioning method and values used：['css selector', '.err > span']
2019-10-22 23:31:59,494 - selenium - INFO - Obtained text：帐号已存在
2019-10-22 23:31:59,523 - selenium - INFO - Successful positioning of elements.Positioning method and values used：['css selector', '.err > span']
2019-10-22 23:31:59,538 - selenium - INFO - Obtained text：帐号已存在
2019-10-22 23:31:59,567 - selenium - INFO - Successful positioning of elements.Positioning method and values used：['css selector', '.err > span']
2019-10-22 23:31:59,596 - selenium - INFO - Obtained text：帐号已存在
2019-10-22 23:31:59,641 - selenium - INFO - Successful positioning of elements.Positioning method and values used：['css selector', '.err > span']
2019-10-22 23:31:59,655 - selenium - INFO - Obtained text：帐号已存在
2019-10-22 23:31:59,689 - selenium - INFO - Successful positioning of elements.Positioning method and values used：['css selector', '.err > span']
2019-10-22 23:31:59,701 - selenium - INFO - Obtained text：帐号已存在
2019-10-22 23:31:59,727 - selenium - INFO - Successful positioning of elements.Positioning method and values used：['css selector', '.err > span']
2019-10-22 23:31:59,740 - selenium - INFO - Obtained text：帐号已存在
2019-10-22 23:31:59,768 - selenium - INFO - Successful positioning of elements.Positioning method and values used：['css selector', '.err > span']
2019-10-22 23:31:59,793 - selenium - INFO - Obtained text：帐号已存在
2019-10-22 23:31:59,846 - selenium - INFO - Successful positioning of elements.Positioning method and values used：['css selector', '.err > span']
2019-10-22 23:31:59,872 - selenium - INFO - Obtained text：帐号已存在
2019-10-22 23:31:59,897 - selenium - INFO - Successful positioning of elements.Positioning method and values used：['css selector', '.err > span']
2019-10-22 23:31:59,910 - selenium - INFO - Obtained text：帐号已存在
2019-10-22 23:31:59,935 - selenium - INFO - Successful positioning of elements.Positioning method and values used：['css selector', '.err > span']
2019-10-22 23:31:59,944 - selenium - INFO - Obtained text：帐号已存在
2019-10-22 23:31:59,973 - selenium - INFO - Successful positioning of elements.Positioning method and values used：['css selector', '.err > span']
2019-10-22 23:31:59,987 - selenium - INFO - Obtained text：帐号已存在
2019-10-22 23:32:00,034 - selenium - INFO - Successful positioning of elements.Positioning method and values used：['css selector', '.err > span']
2019-10-22 23:32:00,054 - selenium - INFO - Obtained text：帐号已存在
2019-10-22 23:32:00,093 - selenium - INFO - Successful positioning of elements.Positioning method and values used：['css selector', '.err > span']
2019-10-22 23:32:00,106 - selenium - INFO - Obtained text：帐号已存在
2019-10-22 23:32:00,155 - selenium - INFO - Successful positioning of elements.Positioning method and values used：['css selector', '.err > span']
2019-10-22 23:32:00,174 - selenium - INFO - Obtained text：帐号已存在
2019-10-22 23:32:00,203 - selenium - INFO - Successful positioning of elements.Positioning method and values used：['css selector', '.err > span']
2019-10-22 23:32:00,214 - selenium - INFO - Obtained text：帐号已存在
2019-10-22 23:32:00,252 - selenium - INFO - Successful positioning of elements.Positioning method and values used：['css selector', '.err > span']
2019-10-22 23:32:00,276 - selenium - INFO - Obtained text：帐号已存在
2019-10-22 23:32:00,310 - selenium - INFO - Successful positioning of elements.Positioning method and values used：['css selector', '.err > span']
2019-10-22 23:32:00,325 - selenium - INFO - Obtained text：帐号已存在
2019-10-22 23:32:00,378 - selenium - INFO - Successful positioning of elements.Positioning method and values used：['css selector', '.err > span']
2019-10-22 23:32:00,394 - selenium - INFO - Obtained text：帐号已存在
2019-10-22 23:32:00,423 - selenium - INFO - Successful positioning of elements.Positioning method and values used：['css selector', '.err > span']
2019-10-22 23:32:00,438 - selenium - INFO - Obtained text：帐号已存在
2019-10-22 23:32:00,474 - selenium - INFO - Successful positioning of elements.Positioning method and values used：['css selector', '.err > span']
2019-10-22 23:32:00,488 - selenium - INFO - Obtained text：帐号已存在
2019-10-22 23:32:00,520 - selenium - INFO - Successful positioning of elements.Positioning method and values used：['css selector', '.err > span']
2019-10-22 23:32:00,533 - selenium - INFO - Obtained text：帐号已存在
2019-10-22 23:32:00,568 - selenium - INFO - Successful positioning of elements.Positioning method and values used：['css selector', '.err > span']
2019-10-22 23:32:00,578 - selenium - INFO - Obtained text：帐号已存在
2019-10-22 23:32:00,604 - selenium - INFO - Successful positioning of elements.Positioning method and values used：['css selector', '.err > span']
2019-10-22 23:32:00,616 - selenium - INFO - Obtained text：帐号已存在
2019-10-22 23:32:00,642 - selenium - INFO - Successful positioning of elements.Positioning method and values used：['css selector', '.err > span']
2019-10-22 23:32:00,655 - selenium - INFO - Obtained text：帐号已存在
2019-10-22 23:32:00,680 - selenium - INFO - Successful positioning of elements.Positioning method and values used：['css selector', '.err > span']
2019-10-22 23:32:00,696 - selenium - INFO - Obtained text：帐号已存在
2019-10-22 23:32:00,738 - selenium - INFO - Successful positioning of elements.Positioning method and values used：['css selector', '.err > span']
2019-10-22 23:32:00,751 - selenium - INFO - Obtained text：帐号已存在
2019-10-22 23:32:00,789 - selenium - INFO - Successful positioning of elements.Positioning method and values used：['css selector', '.err > span']
2019-10-22 23:32:00,802 - selenium - INFO - Obtained text：帐号已存在
2019-10-22 23:32:00,826 - selenium - INFO - Successful positioning of elements.Positioning method and values used：['css selector', '.err > span']
2019-10-22 23:32:00,847 - selenium - INFO - Obtained text：帐号已存在
2019-10-22 23:32:00,874 - selenium - INFO - Successful positioning of elements.Positioning method and values used：['css selector', '.err > span']
2019-10-22 23:32:00,897 - selenium - INFO - Obtained text：帐号已存在
2019-10-22 23:32:00,928 - selenium - INFO - Successful positioning of elements.Positioning method and values used：['css selector', '.err > span']
2019-10-22 23:32:00,942 - selenium - INFO - Obtained text：帐号已存在
2019-10-22 23:32:00,974 - selenium - INFO - Successful positioning of elements.Positioning method and values used：['css selector', '.err > span']
2019-10-22 23:32:00,991 - selenium - INFO - Obtained text：帐号已存在
2019-10-22 23:32:01,019 - selenium - INFO - Successful positioning of elements.Positioning method and values used：['css selector', '.err > span']
2019-10-22 23:32:01,031 - selenium - INFO - Obtained text：帐号已存在
2019-10-22 23:32:01,060 - selenium - INFO - Successful positioning of elements.Positioning method and values used：['css selector', '.err > span']
2019-10-22 23:32:01,073 - selenium - INFO - Obtained text：帐号已存在
2019-10-22 23:32:01,097 - selenium - INFO - Successful positioning of elements.Positioning method and values used：['css selector', '.err > span']
2019-10-22 23:32:01,113 - selenium - INFO - Obtained text：帐号已存在
2019-10-22 23:32:01,161 - selenium - INFO - Successful positioning of elements.Positioning method and values used：['css selector', '.err > span']
2019-10-22 23:32:01,178 - selenium - INFO - Obtained text：帐号已存在
2019-10-22 23:32:01,209 - selenium - INFO - Successful positioning of elements.Positioning method and values used：['css selector', '.err > span']
2019-10-22 23:32:01,222 - selenium - INFO - Obtained text：帐号已存在
2019-10-22 23:32:01,243 - selenium - INFO - Successful positioning of elements.Positioning method and values used：['css selector', '.err > span']
2019-10-22 23:32:01,255 - selenium - INFO - Obtained text：帐号已存在
2019-10-22 23:32:01,280 - selenium - INFO - Successful positioning of elements.Positioning method and values used：['css selector', '.err > span']
2019-10-22 23:32:01,291 - selenium - INFO - Obtained text：帐号已存在
2019-10-22 23:32:01,320 - selenium - INFO - Successful positioning of elements.Positioning method and values used：['css selector', '.err > span']
2019-10-22 23:32:01,340 - selenium - INFO - Obtained text：帐号已存在
2019-10-22 23:32:01,389 - selenium - INFO - Successful positioning of elements.Positioning method and values used：['css selector', '.err > span']
2019-10-22 23:32:01,408 - selenium - INFO - Obtained text：帐号已存在
2019-10-22 23:32:01,454 - selenium - INFO - Successful positioning of elements.Positioning method and values used：['css selector', '.err > span']
2019-10-22 23:32:01,470 - selenium - INFO - Obtained text：帐号已存在
2019-10-22 23:32:01,503 - selenium - INFO - Successful positioning of elements.Positioning method and values used：['css selector', '.err > span']
2019-10-22 23:32:01,512 - selenium - INFO - Obtained text：帐号已存在
2019-10-22 23:32:01,541 - selenium - INFO - Successful positioning of elements.Positioning method and values used：['css selector', '.err > span']
2019-10-22 23:32:01,558 - selenium - INFO - Obtained text：帐号已存在
2019-10-22 23:32:01,602 - selenium - INFO - Successful positioning of elements.Positioning method and values used：['css selector', '.err > span']
2019-10-22 23:32:01,616 - selenium - INFO - Obtained text：帐号已存在
2019-10-22 23:32:01,643 - selenium - INFO - Successful positioning of elements.Positioning method and values used：['css selector', '.err > span']
2019-10-22 23:32:01,656 - selenium - INFO - Obtained text：帐号已存在
2019-10-22 23:32:01,678 - selenium - INFO - Successful positioning of elements.Positioning method and values used：['css selector', '.err > span']
2019-10-22 23:32:01,690 - selenium - INFO - Obtained text：帐号已存在
2019-10-22 23:32:01,712 - selenium - INFO - Successful positioning of elements.Positioning method and values used：['css selector', '.err > span']
2019-10-22 23:32:01,738 - selenium - INFO - Obtained text：帐号已存在
2019-10-22 23:32:01,801 - selenium - INFO - Successful positioning of elements.Positioning method and values used：['css selector', '.err > span']
2019-10-22 23:32:01,823 - selenium - INFO - Obtained text：帐号已存在
2019-10-22 23:32:01,859 - selenium - INFO - Successful positioning of elements.Positioning method and values used：['css selector', '.err > span']
2019-10-22 23:32:01,872 - selenium - INFO - Obtained text：帐号已存在
2019-10-22 23:32:01,896 - selenium - INFO - Successful positioning of elements.Positioning method and values used：['css selector', '.err > span']
2019-10-22 23:32:01,913 - selenium - INFO - Obtained text：帐号已存在
2019-10-22 23:32:01,940 - selenium - INFO - Successful positioning of elements.Positioning method and values used：['css selector', '.err > span']
2019-10-22 23:32:01,956 - selenium - INFO - Obtained text：帐号已存在
2019-10-22 23:32:01,984 - selenium - INFO - Successful positioning of elements.Positioning method and values used：['css selector', '.err > span']
2019-10-22 23:32:02,003 - selenium - INFO - Obtained text：帐号已存在
2019-10-22 23:32:02,043 - selenium - INFO - Successful positioning of elements.Positioning method and values used：['css selector', '.err > span']
2019-10-22 23:32:02,060 - selenium - INFO - Obtained text：帐号已存在
2019-10-22 23:32:02,104 - selenium - INFO - Successful positioning of elements.Positioning method and values used：['css selector', '.err > span']
2019-10-22 23:32:02,114 - selenium - INFO - Obtained text：帐号已存在
2019-10-22 23:32:02,158 - selenium - INFO - Successful positioning of elements.Positioning method and values used：['css selector', '.err > span']
2019-10-22 23:32:02,169 - selenium - INFO - Obtained text：帐号已存在
2019-10-22 23:32:02,205 - selenium - INFO - Successful positioning of elements.Positioning method and values used：['css selector', '.err > span']
2019-10-22 23:32:02,238 - selenium - INFO - Obtained text：帐号已存在
2019-10-22 23:32:02,276 - selenium - INFO - Successful positioning of elements.Positioning method and values used：['css selector', '.err > span']
2019-10-22 23:32:02,291 - selenium - INFO - Obtained text：帐号已存在
2019-10-22 23:32:02,325 - selenium - INFO - Successful positioning of elements.Positioning method and values used：['css selector', '.err > span']
2019-10-22 23:32:02,337 - selenium - INFO - Obtained text：帐号已存在
2019-10-22 23:32:02,374 - selenium - INFO - Successful positioning of elements.Positioning method and values used：['css selector', '.err > span']
2019-10-22 23:32:02,387 - selenium - INFO - Obtained text：帐号已存在
2019-10-22 23:32:02,420 - selenium - INFO - Successful positioning of elements.Positioning method and values used：['css selector', '.err > span']
2019-10-22 23:32:02,430 - selenium - INFO - Obtained text：帐号已存在
2019-10-22 23:32:02,469 - selenium - INFO - Successful positioning of elements.Positioning method and values used：['css selector', '.err > span']
2019-10-22 23:32:02,491 - selenium - INFO - Obtained text：帐号已存在
2019-10-22 23:32:02,529 - selenium - INFO - Successful positioning of elements.Positioning method and values used：['css selector', '.err > span']
2019-10-22 23:32:02,552 - selenium - INFO - Obtained text：帐号已存在
2019-10-22 23:32:02,574 - selenium - INFO - Successful positioning of elements.Positioning method and values used：['css selector', '.err > span']
2019-10-22 23:32:02,589 - selenium - INFO - Obtained text：帐号已存在
2019-10-22 23:32:02,626 - selenium - INFO - Successful positioning of elements.Positioning method and values used：['css selector', '.err > span']
2019-10-22 23:32:02,637 - selenium - INFO - Obtained text：帐号已存在
2019-10-22 23:32:02,662 - selenium - INFO - Successful positioning of elements.Positioning method and values used：['css selector', '.err > span']
2019-10-22 23:32:02,679 - selenium - INFO - Obtained text：帐号已存在
2019-10-22 23:32:02,707 - selenium - INFO - Successful positioning of elements.Positioning method and values used：['css selector', '.err > span']
2019-10-22 23:32:02,721 - selenium - INFO - Obtained text：帐号已存在
2019-10-22 23:32:02,757 - selenium - INFO - Successful positioning of elements.Positioning method and values used：['css selector', '.err > span']
2019-10-22 23:32:02,771 - selenium - INFO - Obtained text：帐号已存在
2019-10-22 23:32:02,801 - selenium - INFO - Successful positioning of elements.Positioning method and values used：['css selector', '.err > span']
2019-10-22 23:32:02,812 - selenium - INFO - Obtained text：帐号已存在
2019-10-22 23:32:02,841 - selenium - INFO - Successful positioning of elements.Positioning method and values used：['css selector', '.err > span']
2019-10-22 23:32:02,856 - selenium - INFO - Obtained text：帐号已存在
2019-10-22 23:32:02,890 - selenium - INFO - Successful positioning of elements.Positioning method and values used：['css selector', '.err > span']
2019-10-22 23:32:02,920 - selenium - INFO - Obtained text：帐号已存在
2019-10-22 23:32:02,958 - selenium - INFO - Successful positioning of elements.Positioning method and values used：['css selector', '.err > span']
2019-10-22 23:32:02,972 - selenium - INFO - Obtained text：帐号已存在
2019-10-22 23:32:03,004 - selenium - INFO - Successful positioning of elements.Positioning method and values used：['css selector', '.err > span']
2019-10-22 23:32:03,016 - selenium - INFO - Obtained text：帐号已存在
2019-10-22 23:32:03,038 - selenium - INFO - Successful positioning of elements.Positioning method and values used：['css selector', '.err > span']
2019-10-22 23:32:03,054 - selenium - INFO - Obtained text：帐号已存在
2019-10-22 23:32:03,086 - selenium - INFO - Successful positioning of elements.Positioning method and values used：['css selector', '.err > span']
2019-10-22 23:32:03,102 - selenium - INFO - Obtained text：帐号已存在
2019-10-22 23:32:03,138 - selenium - INFO - Successful positioning of elements.Positioning method and values used：['css selector', '.err > span']
2019-10-22 23:32:03,156 - selenium - INFO - Obtained text：帐号已存在
2019-10-22 23:32:03,204 - selenium - INFO - Successful positioning of elements.Positioning method and values used：['css selector', '.err > span']
2019-10-22 23:32:03,218 - selenium - INFO - Obtained text：帐号已存在
2019-10-22 23:32:03,243 - selenium - INFO - Successful positioning of elements.Positioning method and values used：['css selector', '.err > span']
2019-10-22 23:32:03,256 - selenium - INFO - Obtained text：帐号已存在
2019-10-22 23:32:03,283 - selenium - INFO - Successful positioning of elements.Positioning method and values used：['css selector', '.err > span']
2019-10-22 23:32:03,294 - selenium - INFO - Obtained text：帐号已存在
2019-10-22 23:32:03,336 - selenium - INFO - Successful positioning of elements.Positioning method and values used：['css selector', '.err > span']
2019-10-22 23:32:03,350 - selenium - INFO - Obtained text：帐号已存在
2019-10-22 23:32:03,384 - selenium - INFO - Successful positioning of elements.Positioning method and values used：['css selector', '.err > span']
2019-10-22 23:32:03,395 - selenium - INFO - Obtained text：帐号已存在
2019-10-22 23:32:03,420 - selenium - INFO - Successful positioning of elements.Positioning method and values used：['css selector', '.err > span']
2019-10-22 23:32:03,434 - selenium - INFO - Obtained text：帐号已存在
2019-10-22 23:32:03,456 - selenium - INFO - Successful positioning of elements.Positioning method and values used：['css selector', '.err > span']
2019-10-22 23:32:03,468 - selenium - INFO - Obtained text：帐号已存在
2019-10-22 23:32:03,491 - selenium - INFO - Successful positioning of elements.Positioning method and values used：['css selector', '.err > span']
2019-10-22 23:32:03,503 - selenium - INFO - Obtained text：帐号已存在
2019-10-22 23:32:03,531 - selenium - INFO - Successful positioning of elements.Positioning method and values used：['css selector', '.err > span']
2019-10-22 23:32:03,545 - selenium - INFO - Obtained text：帐号已存在
2019-10-22 23:32:03,573 - selenium - INFO - Successful positioning of elements.Positioning method and values used：['css selector', '.err > span']
2019-10-22 23:32:03,596 - selenium - INFO - Obtained text：帐号已存在
2019-10-22 23:32:03,641 - selenium - INFO - Successful positioning of elements.Positioning method and values used：['css selector', '.err > span']
2019-10-22 23:32:03,653 - selenium - INFO - Obtained text：帐号已存在
2019-10-22 23:32:03,674 - selenium - INFO - Successful positioning of elements.Positioning method and values used：['css selector', '.err > span']
2019-10-22 23:32:03,687 - selenium - INFO - Obtained text：帐号已存在
2019-10-22 23:32:03,708 - selenium - INFO - Successful positioning of elements.Positioning method and values used：['css selector', '.err > span']
2019-10-22 23:32:03,724 - selenium - INFO - Obtained text：帐号已存在
2019-10-22 23:32:03,760 - selenium - INFO - Successful positioning of elements.Positioning method and values used：['css selector', '.err > span']
2019-10-22 23:32:03,777 - selenium - INFO - Obtained text：帐号已存在
2019-10-22 23:32:03,808 - selenium - INFO - Successful positioning of elements.Positioning method and values used：['css selector', '.err > span']
2019-10-22 23:32:03,828 - selenium - INFO - Obtained text：帐号已存在
2019-10-22 23:32:03,863 - selenium - INFO - Successful positioning of elements.Positioning method and values used：['css selector', '.err > span']
2019-10-22 23:32:03,878 - selenium - INFO - Obtained text：帐号已存在
2019-10-22 23:32:03,907 - selenium - INFO - Successful positioning of elements.Positioning method and values used：['css selector', '.err > span']
2019-10-22 23:32:03,920 - selenium - INFO - Obtained text：帐号已存在
2019-10-22 23:32:03,942 - selenium - INFO - Successful positioning of elements.Positioning method and values used：['css selector', '.err > span']
2019-10-22 23:32:03,956 - selenium - INFO - Obtained text：帐号已存在
2019-10-22 23:32:03,994 - selenium - INFO - Successful positioning of elements.Positioning method and values used：['css selector', '.err > span']
2019-10-22 23:32:04,020 - selenium - INFO - Obtained text：帐号已存在
2019-10-22 23:32:04,068 - selenium - INFO - Successful positioning of elements.Positioning method and values used：['css selector', '.err > span']
2019-10-22 23:32:04,079 - selenium - INFO - Obtained text：帐号已存在
2019-10-22 23:32:04,107 - selenium - INFO - Successful positioning of elements.Positioning method and values used：['css selector', '.err > span']
2019-10-22 23:32:04,120 - selenium - INFO - Obtained text：帐号已存在
2019-10-22 23:32:04,145 - selenium - INFO - Successful positioning of elements.Positioning method and values used：['css selector', '.err > span']
2019-10-22 23:32:04,158 - selenium - INFO - Obtained text：帐号已存在
2019-10-22 23:32:04,186 - selenium - INFO - Successful positioning of elements.Positioning method and values used：['css selector', '.err > span']
2019-10-22 23:32:04,195 - selenium - INFO - Obtained text：帐号已存在
2019-10-22 23:32:04,255 - selenium - INFO - Successful positioning of elements.Positioning method and values used：['css selector', '.err > span']
2019-10-22 23:32:04,275 - selenium - INFO - Obtained text：帐号已存在
2019-10-22 23:32:04,310 - selenium - INFO - Successful positioning of elements.Positioning method and values used：['css selector', '.err > span']
2019-10-22 23:32:04,324 - selenium - INFO - Obtained text：帐号已存在
2019-10-22 23:32:04,350 - selenium - INFO - Successful positioning of elements.Positioning method and values used：['css selector', '.err > span']
2019-10-22 23:32:04,360 - selenium - INFO - Obtained text：帐号已存在
2019-10-22 23:32:04,388 - selenium - INFO - Successful positioning of elements.Positioning method and values used：['css selector', '.err > span']
2019-10-22 23:32:04,402 - selenium - INFO - Obtained text：帐号已存在
2019-10-22 23:32:04,438 - selenium - INFO - Successful positioning of elements.Positioning method and values used：['css selector', '.err > span']
2019-10-22 23:32:04,453 - selenium - INFO - Obtained text：帐号已存在
2019-10-22 23:32:04,487 - selenium - INFO - Successful positioning of elements.Positioning method and values used：['css selector', '.err > span']
2019-10-22 23:32:04,506 - selenium - INFO - Obtained text：帐号已存在
2019-10-22 23:32:04,529 - selenium - INFO - Successful positioning of elements.Positioning method and values used：['css selector', '.err > span']
2019-10-22 23:32:04,542 - selenium - INFO - Obtained text：帐号已存在
2019-10-22 23:32:04,569 - selenium - INFO - Successful positioning of elements.Positioning method and values used：['css selector', '.err > span']
2019-10-22 23:32:04,579 - selenium - INFO - Obtained text：帐号已存在
2019-10-22 23:32:04,606 - selenium - INFO - Successful positioning of elements.Positioning method and values used：['css selector', '.err > span']
2019-10-22 23:32:04,624 - selenium - INFO - Obtained text：帐号已存在
2019-10-22 23:32:04,662 - selenium - INFO - Successful positioning of elements.Positioning method and values used：['css selector', '.err > span']
2019-10-22 23:32:04,688 - selenium - INFO - Obtained text：帐号已存在
2019-10-22 23:32:04,724 - selenium - INFO - Successful positioning of elements.Positioning method and values used：['css selector', '.err > span']
2019-10-22 23:32:04,737 - selenium - INFO - Obtained text：帐号已存在
2019-10-22 23:32:04,761 - selenium - INFO - Successful positioning of elements.Positioning method and values used：['css selector', '.err > span']
2019-10-22 23:32:04,775 - selenium - INFO - Obtained text：帐号已存在
2019-10-22 23:32:04,798 - selenium - INFO - Successful positioning of elements.Positioning method and values used：['css selector', '.err > span']
2019-10-22 23:32:04,810 - selenium - INFO - Obtained text：帐号已存在
2019-10-22 23:32:04,846 - selenium - INFO - Successful positioning of elements.Positioning method and values used：['css selector', '.err > span']
2019-10-22 23:32:04,863 - selenium - INFO - Obtained text：帐号已存在
2019-10-22 23:32:04,908 - selenium - INFO - Successful positioning of elements.Positioning method and values used：['css selector', '.err > span']
2019-10-22 23:32:04,920 - selenium - INFO - Obtained text：帐号已存在
2019-10-22 23:32:04,941 - selenium - INFO - Successful positioning of elements.Positioning method and values used：['css selector', '.err > span']
2019-10-22 23:32:04,957 - selenium - INFO - Obtained text：帐号已存在
2019-10-22 23:32:04,979 - selenium - INFO - Successful positioning of elements.Positioning method and values used：['css selector', '.err > span']
2019-10-22 23:32:04,994 - selenium - INFO - Obtained text：帐号已存在
2019-10-22 23:32:05,035 - selenium - INFO - Successful positioning of elements.Positioning method and values used：['css selector', '.err > span']
2019-10-22 23:32:05,060 - selenium - INFO - Obtained text：帐号已存在
2019-10-22 23:32:05,091 - selenium - INFO - Successful positioning of elements.Positioning method and values used：['css selector', '.err > span']
2019-10-22 23:32:05,103 - selenium - INFO - Obtained text：帐号已存在
2019-10-22 23:32:05,131 - selenium - INFO - Successful positioning of elements.Positioning method and values used：['css selector', '.err > span']
2019-10-22 23:32:05,141 - selenium - INFO - Obtained text：帐号已存在
2019-10-22 23:32:05,165 - selenium - INFO - Successful positioning of elements.Positioning method and values used：['css selector', '.err > span']
2019-10-22 23:32:05,175 - selenium - INFO - Obtained text：帐号已存在
2019-10-22 23:32:05,195 - selenium - INFO - Successful positioning of elements.Positioning method and values used：['css selector', '.err > span']
2019-10-22 23:32:05,208 - selenium - INFO - Obtained text：帐号已存在
2019-10-22 23:32:05,231 - selenium - INFO - Successful positioning of elements.Positioning method and values used：['css selector', '.err > span']
2019-10-22 23:32:05,252 - selenium - INFO - Obtained text：帐号已存在
2019-10-22 23:32:05,296 - selenium - INFO - Successful positioning of elements.Positioning method and values used：['css selector', '.err > span']
2019-10-22 23:32:05,308 - selenium - INFO - Obtained text：帐号已存在
2019-10-22 23:32:05,337 - selenium - INFO - Successful positioning of elements.Positioning method and values used：['css selector', '.err > span']
2019-10-22 23:32:05,356 - selenium - INFO - Obtained text：帐号已存在
2019-10-22 23:32:05,387 - selenium - INFO - Successful positioning of elements.Positioning method and values used：['css selector', '.err > span']
2019-10-22 23:32:05,396 - selenium - INFO - Obtained text：帐号已存在
2019-10-22 23:32:05,421 - selenium - INFO - Successful positioning of elements.Positioning method and values used：['css selector', '.err > span']
2019-10-22 23:32:05,430 - selenium - INFO - Obtained text：帐号已存在
2019-10-22 23:32:05,458 - selenium - INFO - Successful positioning of elements.Positioning method and values used：['css selector', '.err > span']
2019-10-22 23:32:05,475 - selenium - INFO - Obtained text：帐号已存在
2019-10-22 23:32:05,507 - selenium - INFO - Successful positioning of elements.Positioning method and values used：['css selector', '.err > span']
2019-10-22 23:32:05,524 - selenium - INFO - Obtained text：帐号已存在
2019-10-22 23:32:05,553 - selenium - INFO - Successful positioning of elements.Positioning method and values used：['css selector', '.err > span']
2019-10-22 23:32:05,562 - selenium - INFO - Obtained text：帐号已存在
2019-10-22 23:32:05,591 - selenium - INFO - Successful positioning of elements.Positioning method and values used：['css selector', '.err > span']
2019-10-22 23:32:05,603 - selenium - INFO - Obtained text：帐号已存在
2019-10-22 23:32:05,635 - selenium - INFO - Successful positioning of elements.Positioning method and values used：['css selector', '.err > span']
2019-10-22 23:32:05,654 - selenium - INFO - Obtained text：帐号已存在
2019-10-22 23:32:05,689 - selenium - INFO - Successful positioning of elements.Positioning method and values used：['css selector', '.err > span']
2019-10-22 23:32:05,712 - selenium - INFO - Obtained text：帐号已存在
2019-10-22 23:32:05,748 - selenium - INFO - Successful positioning of elements.Positioning method and values used：['css selector', '.err > span']
2019-10-22 23:32:05,762 - selenium - INFO - Obtained text：帐号已存在
2019-10-22 23:32:05,791 - selenium - INFO - Successful positioning of elements.Positioning method and values used：['css selector', '.err > span']
2019-10-22 23:32:05,803 - selenium - INFO - Obtained text：帐号已存在
2019-10-22 23:32:05,825 - selenium - INFO - Successful positioning of elements.Positioning method and values used：['css selector', '.err > span']
2019-10-22 23:32:05,842 - selenium - INFO - Obtained text：帐号已存在
2019-10-22 23:32:05,870 - selenium - INFO - Successful positioning of elements.Positioning method and values used：['css selector', '.err > span']
2019-10-22 23:32:05,884 - selenium - INFO - Obtained text：帐号已存在
2019-10-22 23:32:05,909 - selenium - INFO - Successful positioning of elements.Positioning method and values used：['css selector', '.err > span']
2019-10-22 23:32:05,930 - selenium - INFO - Obtained text：帐号已存在
2019-10-22 23:32:05,971 - selenium - INFO - Successful positioning of elements.Positioning method and values used：['css selector', '.err > span']
2019-10-22 23:32:05,987 - selenium - INFO - Obtained text：帐号已存在
2019-10-22 23:32:06,011 - selenium - INFO - Successful positioning of elements.Positioning method and values used：['css selector', '.err > span']
2019-10-22 23:32:06,024 - selenium - INFO - Obtained text：帐号已存在
2019-10-22 23:32:06,051 - selenium - INFO - Successful positioning of elements.Positioning method and values used：['css selector', '.err > span']
2019-10-22 23:32:06,060 - selenium - INFO - Obtained text：帐号已存在
2019-10-22 23:32:06,085 - selenium - INFO - Successful positioning of elements.Positioning method and values used：['css selector', '.err > span']
2019-10-22 23:32:06,096 - selenium - INFO - Obtained text：帐号已存在
2019-10-22 23:32:06,129 - selenium - INFO - Successful positioning of elements.Positioning method and values used：['css selector', '.err > span']
2019-10-22 23:32:06,142 - selenium - INFO - Obtained text：帐号已存在
2019-10-22 23:32:06,179 - selenium - INFO - Successful positioning of elements.Positioning method and values used：['css selector', '.err > span']
2019-10-22 23:32:06,193 - selenium - INFO - Obtained text：帐号已存在
2019-10-22 23:32:06,268 - selenium - INFO - Successful positioning of elements.Positioning method and values used：['css selector', '.err > span']
2019-10-22 23:32:06,279 - selenium - INFO - Obtained text：帐号已存在
2019-10-22 23:32:06,321 - selenium - INFO - Successful positioning of elements.Positioning method and values used：['css selector', '.err > span']
2019-10-22 23:32:06,338 - selenium - INFO - Obtained text：帐号已存在
2019-10-22 23:32:06,392 - selenium - INFO - Successful positioning of elements.Positioning method and values used：['css selector', '.err > span']
2019-10-22 23:32:06,407 - selenium - INFO - Obtained text：帐号已存在
2019-10-22 23:32:06,438 - selenium - INFO - Successful positioning of elements.Positioning method and values used：['css selector', '.err > span']
2019-10-22 23:32:06,456 - selenium - INFO - Obtained text：帐号已存在
2019-10-22 23:32:06,478 - selenium - INFO - Successful positioning of elements.Positioning method and values used：['css selector', '.err > span']
2019-10-22 23:32:06,489 - selenium - INFO - Obtained text：帐号已存在
2019-10-22 23:32:06,520 - selenium - INFO - Successful positioning of elements.Positioning method and values used：['css selector', '.err > span']
2019-10-22 23:32:06,534 - selenium - INFO - Obtained text：帐号已存在
2019-10-22 23:32:06,567 - selenium - INFO - Successful positioning of elements.Positioning method and values used：['css selector', '.err > span']
2019-10-22 23:32:06,596 - selenium - INFO - Obtained text：帐号已存在
2019-10-22 23:32:06,627 - selenium - INFO - Successful positioning of elements.Positioning method and values used：['css selector', '.err > span']
2019-10-22 23:32:06,645 - selenium - INFO - Obtained text：帐号已存在
2019-10-22 23:32:06,670 - selenium - INFO - Successful positioning of elements.Positioning method and values used：['css selector', '.err > span']
2019-10-22 23:32:06,683 - selenium - INFO - Obtained text：帐号已存在
2019-10-22 23:32:06,708 - selenium - INFO - Successful positioning of elements.Positioning method and values used：['css selector', '.err > span']
2019-10-22 23:32:06,720 - selenium - INFO - Obtained text：帐号已存在
2019-10-22 23:32:06,741 - selenium - INFO - Successful positioning of elements.Positioning method and values used：['css selector', '.err > span']
2019-10-22 23:32:06,756 - selenium - INFO - Obtained text：帐号已存在
2019-10-22 23:32:06,786 - selenium - INFO - Successful positioning of elements.Positioning method and values used：['css selector', '.err > span']
2019-10-22 23:32:06,806 - selenium - INFO - Obtained text：帐号已存在
2019-10-22 23:32:06,844 - selenium - INFO - Successful positioning of elements.Positioning method and values used：['css selector', '.err > span']
2019-10-22 23:32:06,861 - selenium - INFO - Obtained text：帐号已存在
2019-10-22 23:32:06,890 - selenium - INFO - Successful positioning of elements.Positioning method and values used：['css selector', '.err > span']
2019-10-22 23:32:06,901 - selenium - INFO - Obtained text：帐号已存在
2019-10-22 23:32:06,922 - selenium - INFO - Successful positioning of elements.Positioning method and values used：['css selector', '.err > span']
2019-10-22 23:32:06,935 - selenium - INFO - Obtained text：帐号已存在
2019-10-22 23:32:06,958 - selenium - INFO - Successful positioning of elements.Positioning method and values used：['css selector', '.err > span']
2019-10-22 23:32:06,969 - selenium - INFO - Obtained text：帐号已存在
2019-10-22 23:32:07,004 - selenium - INFO - Successful positioning of elements.Positioning method and values used：['css selector', '.err > span']
2019-10-22 23:32:07,023 - selenium - INFO - Obtained text：帐号已存在
2019-10-22 23:32:07,069 - selenium - INFO - Successful positioning of elements.Positioning method and values used：['css selector', '.err > span']
2019-10-22 23:32:07,082 - selenium - INFO - Obtained text：帐号已存在
2019-10-22 23:32:07,111 - selenium - INFO - Successful positioning of elements.Positioning method and values used：['css selector', '.err > span']
2019-10-22 23:32:07,123 - selenium - INFO - Obtained text：帐号已存在
2019-10-22 23:32:07,144 - selenium - INFO - Successful positioning of elements.Positioning method and values used：['css selector', '.err > span']
2019-10-22 23:32:07,159 - selenium - INFO - Obtained text：帐号已存在
2019-10-22 23:32:07,183 - selenium - INFO - Successful positioning of elements.Positioning method and values used：['css selector', '.err > span']
2019-10-22 23:32:07,195 - selenium - INFO - Obtained text：帐号已存在
2019-10-22 23:32:07,230 - selenium - INFO - Successful positioning of elements.Positioning method and values used：['css selector', '.err > span']
2019-10-22 23:32:07,245 - selenium - INFO - Obtained text：帐号已存在
2019-10-22 23:32:07,292 - selenium - INFO - Successful positioning of elements.Positioning method and values used：['css selector', '.err > span']
2019-10-22 23:32:07,310 - selenium - INFO - Obtained text：帐号已存在
2019-10-22 23:32:07,337 - selenium - INFO - Successful positioning of elements.Positioning method and values used：['css selector', '.err > span']
2019-10-22 23:32:07,350 - selenium - INFO - Obtained text：帐号已存在
2019-10-22 23:32:07,377 - selenium - INFO - Successful positioning of elements.Positioning method and values used：['css selector', '.err > span']
2019-10-22 23:32:07,396 - selenium - INFO - Obtained text：帐号已存在
2019-10-22 23:32:07,440 - selenium - INFO - Successful positioning of elements.Positioning method and values used：['css selector', '.err > span']
2019-10-22 23:32:07,460 - selenium - INFO - Obtained text：帐号已存在
2019-10-22 23:32:07,492 - selenium - INFO - Successful positioning of elements.Positioning method and values used：['css selector', '.err > span']
2019-10-22 23:32:07,506 - selenium - INFO - Obtained text：帐号已存在
2019-10-22 23:32:07,546 - selenium - INFO - Successful positioning of elements.Positioning method and values used：['css selector', '.err > span']
2019-10-22 23:32:07,561 - selenium - INFO - Obtained text：帐号已存在
2019-10-22 23:32:07,588 - selenium - INFO - Successful positioning of elements.Positioning method and values used：['css selector', '.err > span']
2019-10-22 23:32:07,601 - selenium - INFO - Obtained text：帐号已存在
2019-10-22 23:32:07,629 - selenium - INFO - Successful positioning of elements.Positioning method and values used：['css selector', '.err > span']
2019-10-22 23:32:07,643 - selenium - INFO - Obtained text：帐号已存在
2019-10-22 23:32:07,684 - selenium - INFO - Successful positioning of elements.Positioning method and values used：['css selector', '.err > span']
2019-10-22 23:32:07,702 - selenium - INFO - Obtained text：帐号已存在
2019-10-22 23:32:07,735 - selenium - INFO - Successful positioning of elements.Positioning method and values used：['css selector', '.err > span']
2019-10-22 23:32:07,746 - selenium - INFO - Obtained text：帐号已存在
2019-10-22 23:32:07,772 - selenium - INFO - Successful positioning of elements.Positioning method and values used：['css selector', '.err > span']
2019-10-22 23:32:07,786 - selenium - INFO - Obtained text：帐号已存在
2019-10-22 23:32:07,811 - selenium - INFO - Successful positioning of elements.Positioning method and values used：['css selector', '.err > span']
2019-10-22 23:32:07,823 - selenium - INFO - Obtained text：帐号已存在
2019-10-22 23:32:07,855 - selenium - INFO - Successful positioning of elements.Positioning method and values used：['css selector', '.err > span']
2019-10-22 23:32:07,867 - selenium - INFO - Obtained text：帐号已存在
2019-10-22 23:32:07,893 - selenium - INFO - Successful positioning of elements.Positioning method and values used：['css selector', '.err > span']
2019-10-22 23:32:07,909 - selenium - INFO - Obtained text：帐号已存在
2019-10-22 23:32:07,951 - selenium - INFO - Successful positioning of elements.Positioning method and values used：['css selector', '.err > span']
2019-10-22 23:32:07,977 - selenium - INFO - Obtained text：帐号已存在
2019-10-22 23:32:08,022 - selenium - INFO - Successful positioning of elements.Positioning method and values used：['css selector', '.err > span']
2019-10-22 23:32:08,037 - selenium - INFO - Obtained text：帐号已存在
2019-10-22 23:32:08,060 - selenium - INFO - Successful positioning of elements.Positioning method and values used：['css selector', '.err > span']
2019-10-22 23:32:08,074 - selenium - INFO - Obtained text：帐号已存在
2019-10-22 23:32:08,107 - selenium - INFO - Successful positioning of elements.Positioning method and values used：['css selector', '.err > span']
2019-10-22 23:32:08,126 - selenium - INFO - Obtained text：帐号已存在
2019-10-22 23:32:08,162 - selenium - INFO - Successful positioning of elements.Positioning method and values used：['css selector', '.err > span']
2019-10-22 23:32:08,177 - selenium - INFO - Obtained text：帐号已存在
2019-10-22 23:32:08,208 - selenium - INFO - Successful positioning of elements.Positioning method and values used：['css selector', '.err > span']
2019-10-22 23:32:08,220 - selenium - INFO - Obtained text：帐号已存在
2019-10-22 23:32:08,246 - selenium - INFO - Successful positioning of elements.Positioning method and values used：['css selector', '.err > span']
2019-10-22 23:32:08,261 - selenium - INFO - Obtained text：帐号已存在
2019-10-22 23:32:08,288 - selenium - INFO - Successful positioning of elements.Positioning method and values used：['css selector', '.err > span']
2019-10-22 23:32:08,300 - selenium - INFO - Obtained text：帐号已存在
2019-10-22 23:32:08,329 - selenium - INFO - Successful positioning of elements.Positioning method and values used：['css selector', '.err > span']
2019-10-22 23:32:08,354 - selenium - INFO - Obtained text：帐号已存在
2019-10-22 23:32:08,401 - selenium - INFO - Successful positioning of elements.Positioning method and values used：['css selector', '.err > span']
2019-10-22 23:32:08,420 - selenium - INFO - Obtained text：帐号已存在
2019-10-22 23:32:08,445 - selenium - INFO - Successful positioning of elements.Positioning method and values used：['css selector', '.err > span']
2019-10-22 23:32:08,460 - selenium - INFO - Obtained text：帐号已存在
2019-10-22 23:32:08,485 - selenium - INFO - Successful positioning of elements.Positioning method and values used：['css selector', '.err > span']
2019-10-22 23:32:08,495 - selenium - INFO - Obtained text：帐号已存在
2019-10-22 23:32:08,525 - selenium - INFO - Successful positioning of elements.Positioning method and values used：['css selector', '.err > span']
2019-10-22 23:32:08,557 - selenium - INFO - Obtained text：帐号已存在
2019-10-22 23:32:08,589 - selenium - INFO - Successful positioning of elements.Positioning method and values used：['css selector', '.err > span']
2019-10-22 23:32:08,603 - selenium - INFO - Obtained text：帐号已存在
2019-10-22 23:32:08,641 - selenium - INFO - Successful positioning of elements.Positioning method and values used：['css selector', '.err > span']
2019-10-22 23:32:08,655 - selenium - INFO - Obtained text：帐号已存在
2019-10-22 23:32:08,678 - selenium - INFO - Successful positioning of elements.Positioning method and values used：['css selector', '.err > span']
2019-10-22 23:32:08,694 - selenium - INFO - Obtained text：帐号已存在
2019-10-22 23:32:08,725 - selenium - INFO - Successful positioning of elements.Positioning method and values used：['css selector', '.err > span']
2019-10-22 23:32:08,743 - selenium - INFO - Obtained text：帐号已存在
2019-10-22 23:32:08,776 - selenium - INFO - Successful positioning of elements.Positioning method and values used：['css selector', '.err > span']
2019-10-22 23:32:08,800 - selenium - INFO - Obtained text：帐号已存在
2019-10-22 23:32:08,826 - selenium - INFO - Successful positioning of elements.Positioning method and values used：['css selector', '.err > span']
2019-10-22 23:32:08,859 - selenium - INFO - Obtained text：帐号已存在
2019-10-22 23:32:08,890 - selenium - INFO - Successful positioning of elements.Positioning method and values used：['css selector', '.err > span']
2019-10-22 23:32:08,904 - selenium - INFO - Obtained text：帐号已存在
2019-10-22 23:32:08,927 - selenium - INFO - Successful positioning of elements.Positioning method and values used：['css selector', '.err > span']
2019-10-22 23:32:08,943 - selenium - INFO - Obtained text：帐号已存在
2019-10-22 23:32:08,972 - selenium - INFO - Successful positioning of elements.Positioning method and values used：['css selector', '.err > span']
2019-10-22 23:32:08,986 - selenium - INFO - Obtained text：帐号已存在
2019-10-22 23:32:09,028 - selenium - INFO - Successful positioning of elements.Positioning method and values used：['css selector', '.err > span']
2019-10-22 23:32:09,044 - selenium - INFO - Obtained text：帐号已存在
2019-10-22 23:32:09,106 - selenium - INFO - Successful positioning of elements.Positioning method and values used：['css selector', '.err > span']
2019-10-22 23:32:09,130 - selenium - INFO - Obtained text：帐号已存在
2019-10-22 23:32:09,157 - selenium - INFO - Successful positioning of elements.Positioning method and values used：['css selector', '.err > span']
2019-10-22 23:32:09,171 - selenium - INFO - Obtained text：帐号已存在
2019-10-22 23:32:09,204 - selenium - INFO - Successful positioning of elements.Positioning method and values used：['css selector', '.err > span']
2019-10-22 23:32:09,221 - selenium - INFO - Obtained text：帐号已存在
2019-10-22 23:32:09,259 - selenium - INFO - Successful positioning of elements.Positioning method and values used：['css selector', '.err > span']
2019-10-22 23:32:09,271 - selenium - INFO - Obtained text：帐号已存在
2019-10-22 23:32:09,305 - selenium - INFO - Successful positioning of elements.Positioning method and values used：['css selector', '.err > span']
2019-10-22 23:32:09,318 - selenium - INFO - Obtained text：帐号已存在
2019-10-22 23:32:09,343 - selenium - INFO - Successful positioning of elements.Positioning method and values used：['css selector', '.err > span']
2019-10-22 23:32:09,358 - selenium - INFO - Obtained text：帐号已存在
2019-10-22 23:32:09,388 - selenium - INFO - Successful positioning of elements.Positioning method and values used：['css selector', '.err > span']
2019-10-22 23:32:09,404 - selenium - INFO - Obtained text：帐号已存在
2019-10-22 23:32:09,457 - selenium - INFO - Successful positioning of elements.Positioning method and values used：['css selector', '.err > span']
2019-10-22 23:32:09,477 - selenium - INFO - Obtained text：帐号已存在
2019-10-22 23:32:09,511 - selenium - INFO - Successful positioning of elements.Positioning method and values used：['css selector', '.err > span']
2019-10-22 23:32:09,522 - selenium - INFO - Obtained text：帐号已存在
2019-10-22 23:32:09,545 - selenium - INFO - Successful positioning of elements.Positioning method and values used：['css selector', '.err > span']
2019-10-22 23:32:09,558 - selenium - INFO - Obtained text：帐号已存在
2019-10-22 23:32:09,588 - selenium - INFO - Successful positioning of elements.Positioning method and values used：['css selector', '.err > span']
2019-10-22 23:32:09,600 - selenium - INFO - Obtained text：帐号已存在
2019-10-22 23:32:09,627 - selenium - INFO - Successful positioning of elements.Positioning method and values used：['css selector', '.err > span']
2019-10-22 23:32:09,646 - selenium - INFO - Obtained text：帐号已存在
2019-10-22 23:32:09,685 - selenium - INFO - Successful positioning of elements.Positioning method and values used：['css selector', '.err > span']
2019-10-22 23:32:09,698 - selenium - INFO - Obtained text：帐号已存在
2019-10-22 23:32:09,735 - selenium - INFO - Successful positioning of elements.Positioning method and values used：['css selector', '.err > span']
2019-10-22 23:32:09,746 - selenium - INFO - Obtained text：帐号已存在
2019-10-22 23:32:09,781 - selenium - INFO - Successful positioning of elements.Positioning method and values used：['css selector', '.err > span']
2019-10-22 23:32:09,794 - selenium - INFO - Obtained text：帐号已存在
2019-10-22 23:32:09,825 - selenium - INFO - Successful positioning of elements.Positioning method and values used：['css selector', '.err > span']
2019-10-22 23:32:09,840 - selenium - INFO - Obtained text：帐号已存在
2019-10-22 23:32:09,878 - selenium - INFO - Successful positioning of elements.Positioning method and values used：['css selector', '.err > span']
2019-10-22 23:32:09,893 - selenium - INFO - Obtained text：帐号已存在
2019-10-22 23:32:09,924 - selenium - INFO - Successful positioning of elements.Positioning method and values used：['css selector', '.err > span']
2019-10-22 23:32:09,937 - selenium - INFO - Obtained text：帐号已存在
2019-10-22 23:32:09,961 - selenium - INFO - Successful positioning of elements.Positioning method and values used：['css selector', '.err > span']
2019-10-22 23:32:09,978 - selenium - INFO - Obtained text：帐号已存在
2019-10-22 23:32:10,023 - selenium - INFO - Successful positioning of elements.Positioning method and values used：['css selector', '.err > span']
2019-10-22 23:32:10,037 - selenium - INFO - Obtained text：帐号已存在
2019-10-22 23:32:10,072 - selenium - INFO - Successful positioning of elements.Positioning method and values used：['css selector', '.err > span']
2019-10-22 23:32:10,097 - selenium - INFO - Obtained text：帐号已存在
2019-10-22 23:32:10,124 - selenium - INFO - Successful positioning of elements.Positioning method and values used：['css selector', '.err > span']
2019-10-22 23:32:10,139 - selenium - INFO - Obtained text：帐号已存在
2019-10-22 23:32:10,165 - selenium - INFO - Successful positioning of elements.Positioning method and values used：['css selector', '.err > span']
2019-10-22 23:32:10,178 - selenium - INFO - Obtained text：帐号已存在
2019-10-22 23:32:10,203 - selenium - INFO - Successful positioning of elements.Positioning method and values used：['css selector', '.err > span']
2019-10-22 23:32:10,214 - selenium - INFO - Obtained text：帐号已存在
2019-10-22 23:32:10,238 - selenium - INFO - Successful positioning of elements.Positioning method and values used：['css selector', '.err > span']
2019-10-22 23:32:10,253 - selenium - INFO - Obtained text：帐号已存在
2019-10-22 23:32:10,272 - selenium - INFO - Successful positioning of elements.Positioning method and values used：['css selector', '.err > span']
2019-10-22 23:32:10,289 - selenium - INFO - Obtained text：帐号已存在
2019-10-22 23:32:10,331 - selenium - INFO - Successful positioning of elements.Positioning method and values used：['css selector', '.err > span']
