2019-10-22 07:25:39,635 - selenium - INFO - 在section：environment下读取browser的值
2019-10-22 07:25:39,635 - selenium - INFO - Read browser configuration, value：chrome
2019-10-22 07:25:39,635 - selenium - INFO - 在section：environment下读取url的值
2019-10-22 07:25:39,635 - selenium - INFO - Read url configuration, value：http://blr.9161252.com
2019-10-22 07:25:41,793 - selenium - INFO - Visit website：http://blr.9161252.com
2019-10-22 07:25:41,909 - selenium - INFO - Browser maximization
2019-10-22 07:25:41,917 - selenium - INFO - Set static wait time 10 seconds
2019-10-22 07:25:41,917 - selenium - INFO - Executing use test case:
2019-10-22 07:25:42,787 - selenium - INFO - Successful positioning of elements.Positioning method and values used：['css selector', '.close']
2019-10-22 07:25:42,857 - selenium - INFO - Successful positioning of elements.Positioning method and values used：['css selector', '.regBtn']
2019-10-22 07:25:42,960 - selenium - INFO - Click on the element success,location method and value used：['css selector', '.regBtn']
2019-10-22 07:25:43,937 - selenium - INFO - Successful positioning of elements.Positioning method and values used：['id', 'username']
2019-10-22 07:25:44,426 - selenium - INFO - Input content：enintech0
2019-10-22 07:25:44,442 - selenium - INFO - Successful positioning of elements.Positioning method and values used：['id', 'password']
2019-10-22 07:25:44,574 - selenium - INFO - Input content：12345678
2019-10-22 07:25:44,598 - selenium - INFO - Successful positioning of elements.Positioning method and values used：['id', 'passwd']
2019-10-22 07:25:44,754 - selenium - INFO - Input content：12345678
2019-10-22 07:25:44,773 - selenium - INFO - Successful positioning of elements.Positioning method and values used：['id', 'rmNum']
2019-10-22 07:25:44,883 - selenium - INFO - Input content：1234
2019-10-22 07:25:44,902 - selenium - INFO - Successful positioning of elements.Positioning method and values used：['css selector', 'span > input']
2019-10-22 07:25:45,040 - selenium - INFO - Input content：13898378887
2019-10-22 07:25:45,056 - selenium - INFO - Successful positioning of elements.Positioning method and values used：['id', 'CANCEL2']
2019-10-22 07:25:45,122 - selenium - INFO - Click on the element success,location method and value used：['id', 'CANCEL2']
2019-10-22 07:25:45,141 - selenium - INFO - Successful positioning of elements.Positioning method and values used：['id', 'OK2']
2019-10-22 07:25:45,219 - selenium - INFO - Click on the element success,location method and value used：['id', 'OK2']
2019-10-22 07:25:45,241 - selenium - INFO - Successful positioning of elements.Positioning method and values used：['css selector', '.err > span']
2019-10-22 07:25:45,286 - selenium - INFO - Obtained text：帐号6-10位数字或字母
2019-10-22 07:25:45,302 - selenium - INFO - Failure of test case execution! Reason: '帐号6-10位数字或字母' != None : Assert Verification fail：expected outcome{None} != actual results{帐号6-10位数字或字母}

2019-10-22 07:25:45,303 - selenium - INFO - Executing use test case:注册页面，检测账号字段规则（是否为必填项）
2019-10-22 07:25:45,303 - selenium - INFO - input data:username:,password:,passwd:,phone:,code:,suc:0,assert:帐号6-10位数字或字母
2019-10-22 07:25:45,318 - selenium - INFO - Successful positioning of elements.Positioning method and values used：['id', 'username']
2019-10-22 07:25:45,406 - selenium - INFO - Input content：
2019-10-22 07:25:45,420 - selenium - INFO - Successful positioning of elements.Positioning method and values used：['id', 'password']
2019-10-22 07:25:45,527 - selenium - INFO - Input content：
2019-10-22 07:25:45,548 - selenium - INFO - Successful positioning of elements.Positioning method and values used：['id', 'passwd']
2019-10-22 07:25:45,638 - selenium - INFO - Input content：
2019-10-22 07:25:45,655 - selenium - INFO - Successful positioning of elements.Positioning method and values used：['id', 'rmNum']
2019-10-22 07:25:45,741 - selenium - INFO - Input content：
2019-10-22 07:25:45,756 - selenium - INFO - Successful positioning of elements.Positioning method and values used：['css selector', 'span > input']
2019-10-22 07:25:45,843 - selenium - INFO - Input content：
2019-10-22 07:25:45,861 - selenium - INFO - Successful positioning of elements.Positioning method and values used：['id', 'OK2']
2019-10-22 07:25:45,905 - selenium - INFO - Click on the element success,location method and value used：['id', 'OK2']
2019-10-22 07:25:45,923 - selenium - INFO - Successful positioning of elements.Positioning method and values used：['css selector', '.err > span']
2019-10-22 07:25:45,941 - selenium - INFO - Obtained text：帐号6-10位数字或字母
2019-10-22 07:25:45,968 - selenium - INFO - Assert Verify success：expected outcome:{帐号6-10位数字或字母} == actual results:{帐号6-10位数字或字母}
2019-10-22 07:25:46,388 - selenium - INFO - Screenshot saved successfully!
2019-10-22 07:25:46,389 - selenium - INFO - Successful execution of test cases:注册页面，检测账号字段规则（是否为必填项）

2019-10-22 07:25:46,389 - selenium - INFO - Executing use test case:注册页面，检测账号字段规则（长度是否不能小于6位）
2019-10-22 07:25:46,389 - selenium - INFO - input data:username:12,password:,passwd:,phone:,code:,suc:0,assert:帐号6-10位数字或字母
2019-10-22 07:25:46,406 - selenium - INFO - Successful positioning of elements.Positioning method and values used：['id', 'username']
2019-10-22 07:25:46,491 - selenium - INFO - Input content：12
2019-10-22 07:25:46,505 - selenium - INFO - Successful positioning of elements.Positioning method and values used：['id', 'password']
2019-10-22 07:25:46,576 - selenium - INFO - Input content：
2019-10-22 07:25:46,590 - selenium - INFO - Successful positioning of elements.Positioning method and values used：['id', 'passwd']
2019-10-22 07:25:46,694 - selenium - INFO - Input content：
2019-10-22 07:25:46,709 - selenium - INFO - Successful positioning of elements.Positioning method and values used：['id', 'rmNum']
2019-10-22 07:25:46,776 - selenium - INFO - Input content：
2019-10-22 07:25:46,789 - selenium - INFO - Successful positioning of elements.Positioning method and values used：['css selector', 'span > input']
2019-10-22 07:25:46,869 - selenium - INFO - Input content：
2019-10-22 07:25:46,883 - selenium - INFO - Successful positioning of elements.Positioning method and values used：['id', 'OK2']
2019-10-22 07:25:46,936 - selenium - INFO - Click on the element success,location method and value used：['id', 'OK2']
2019-10-22 07:25:46,955 - selenium - INFO - Successful positioning of elements.Positioning method and values used：['css selector', '.err > span']
2019-10-22 07:25:46,975 - selenium - INFO - Obtained text：帐号6-10位数字或字母
2019-10-22 07:25:46,994 - selenium - INFO - Assert Verify success：expected outcome:{帐号6-10位数字或字母} == actual results:{帐号6-10位数字或字母}
2019-10-22 07:25:47,414 - selenium - INFO - Screenshot saved successfully!
2019-10-22 07:25:47,414 - selenium - INFO - Successful execution of test cases:注册页面，检测账号字段规则（长度是否不能小于6位）

2019-10-22 07:25:47,414 - selenium - INFO - Executing use test case:注册页面，检测账号字段规则（是否不能包含中文）
2019-10-22 07:25:47,414 - selenium - INFO - input data:username:阿斯顿但是我,password:,passwd:,phone:,code:,suc:0,assert:帐号6-10位数字或字母
2019-10-22 07:25:47,441 - selenium - INFO - Successful positioning of elements.Positioning method and values used：['id', 'username']
2019-10-22 07:25:47,558 - selenium - INFO - Input content：阿斯顿但是我
2019-10-22 07:25:47,574 - selenium - INFO - Successful positioning of elements.Positioning method and values used：['id', 'password']
2019-10-22 07:25:47,689 - selenium - INFO - Input content：
2019-10-22 07:25:47,709 - selenium - INFO - Successful positioning of elements.Positioning method and values used：['id', 'passwd']
2019-10-22 07:25:47,777 - selenium - INFO - Input content：
2019-10-22 07:25:47,790 - selenium - INFO - Successful positioning of elements.Positioning method and values used：['id', 'rmNum']
2019-10-22 07:25:47,865 - selenium - INFO - Input content：
2019-10-22 07:25:47,880 - selenium - INFO - Successful positioning of elements.Positioning method and values used：['css selector', 'span > input']
2019-10-22 07:25:47,973 - selenium - INFO - Input content：
2019-10-22 07:25:47,987 - selenium - INFO - Successful positioning of elements.Positioning method and values used：['id', 'OK2']
2019-10-22 07:25:48,033 - selenium - INFO - Click on the element success,location method and value used：['id', 'OK2']
2019-10-22 07:25:48,050 - selenium - INFO - Successful positioning of elements.Positioning method and values used：['css selector', '.err > span']
2019-10-22 07:25:48,067 - selenium - INFO - Obtained text：帐号6-10位数字或字母
2019-10-22 07:25:48,085 - selenium - INFO - Assert Verify success：expected outcome:{帐号6-10位数字或字母} == actual results:{帐号6-10位数字或字母}
2019-10-22 07:25:48,450 - selenium - INFO - Screenshot saved successfully!
2019-10-22 07:25:48,450 - selenium - INFO - Successful execution of test cases:注册页面，检测账号字段规则（是否不能包含中文）

2019-10-22 07:25:48,451 - selenium - INFO - Executing use test case:注册页面，检测账号字段规则（是否不能包含特殊字符）
2019-10-22 07:25:48,451 - selenium - INFO - input data:username:*&#123abc,password:,passwd:,phone:,code:,suc:0,assert:帐号6-10位数字或字母
2019-10-22 07:25:48,473 - selenium - INFO - Successful positioning of elements.Positioning method and values used：['id', 'username']
2019-10-22 07:25:48,594 - selenium - INFO - Input content：*&#123abc
2019-10-22 07:25:48,612 - selenium - INFO - Successful positioning of elements.Positioning method and values used：['id', 'password']
2019-10-22 07:25:48,724 - selenium - INFO - Input content：
2019-10-22 07:25:48,753 - selenium - INFO - Successful positioning of elements.Positioning method and values used：['id', 'passwd']
2019-10-22 07:25:48,841 - selenium - INFO - Input content：
2019-10-22 07:25:48,856 - selenium - INFO - Successful positioning of elements.Positioning method and values used：['id', 'rmNum']
2019-10-22 07:25:48,925 - selenium - INFO - Input content：
2019-10-22 07:25:48,946 - selenium - INFO - Successful positioning of elements.Positioning method and values used：['css selector', 'span > input']
2019-10-22 07:25:49,044 - selenium - INFO - Input content：
2019-10-22 07:25:49,058 - selenium - INFO - Successful positioning of elements.Positioning method and values used：['id', 'OK2']
2019-10-22 07:25:49,106 - selenium - INFO - Click on the element success,location method and value used：['id', 'OK2']
2019-10-22 07:25:49,126 - selenium - INFO - Successful positioning of elements.Positioning method and values used：['css selector', '.err > span']
2019-10-22 07:25:49,184 - selenium - INFO - Obtained text：帐号6-10位数字或字母
2019-10-22 07:25:49,216 - selenium - INFO - Assert Verify success：expected outcome:{帐号6-10位数字或字母} == actual results:{帐号6-10位数字或字母}
2019-10-22 07:25:49,557 - selenium - INFO - Screenshot saved successfully!
2019-10-22 07:25:49,557 - selenium - INFO - Successful execution of test cases:注册页面，检测账号字段规则（是否不能包含特殊字符）

2019-10-22 07:25:49,557 - selenium - INFO - Executing use test case:注册页面，检测账号字段规则（长度是否不能小于6位）
2019-10-22 07:25:49,557 - selenium - INFO - input data:username:123as,password:,passwd:,phone:,code:,suc:0,assert:帐号6-10位数字或字母
2019-10-22 07:25:49,572 - selenium - INFO - Successful positioning of elements.Positioning method and values used：['id', 'username']
2019-10-22 07:25:49,676 - selenium - INFO - Input content：123as
2019-10-22 07:25:49,690 - selenium - INFO - Successful positioning of elements.Positioning method and values used：['id', 'password']
2019-10-22 07:25:49,763 - selenium - INFO - Input content：
2019-10-22 07:25:49,778 - selenium - INFO - Successful positioning of elements.Positioning method and values used：['id', 'passwd']
2019-10-22 07:25:49,861 - selenium - INFO - Input content：
2019-10-22 07:25:49,874 - selenium - INFO - Successful positioning of elements.Positioning method and values used：['id', 'rmNum']
2019-10-22 07:25:49,977 - selenium - INFO - Input content：
2019-10-22 07:25:49,996 - selenium - INFO - Successful positioning of elements.Positioning method and values used：['css selector', 'span > input']
2019-10-22 07:25:50,075 - selenium - INFO - Input content：
2019-10-22 07:25:50,088 - selenium - INFO - Successful positioning of elements.Positioning method and values used：['id', 'OK2']
2019-10-22 07:25:50,136 - selenium - INFO - Click on the element success,location method and value used：['id', 'OK2']
2019-10-22 07:25:50,152 - selenium - INFO - Successful positioning of elements.Positioning method and values used：['css selector', '.err > span']
2019-10-22 07:25:50,172 - selenium - INFO - Obtained text：帐号6-10位数字或字母
2019-10-22 07:25:50,192 - selenium - INFO - Assert Verify success：expected outcome:{帐号6-10位数字或字母} == actual results:{帐号6-10位数字或字母}
2019-10-22 07:25:50,556 - selenium - INFO - Screenshot saved successfully!
2019-10-22 07:25:50,556 - selenium - INFO - Successful execution of test cases:注册页面，检测账号字段规则（长度是否不能小于6位）

2019-10-22 07:25:50,556 - selenium - INFO - Executing use test case:注册页面，检测密码字段规则（是否为必填项）
2019-10-22 07:25:50,556 - selenium - INFO - input data:username:Entech9999,password:,passwd:,phone:,code:,suc:0,assert:密码8-20位数字或字母
2019-10-22 07:25:50,570 - selenium - INFO - Successful positioning of elements.Positioning method and values used：['id', 'username']
2019-10-22 07:25:50,701 - selenium - INFO - Input content：Entech9999
2019-10-22 07:25:50,721 - selenium - INFO - Successful positioning of elements.Positioning method and values used：['id', 'password']
2019-10-22 07:25:50,823 - selenium - INFO - Input content：
2019-10-22 07:25:50,838 - selenium - INFO - Successful positioning of elements.Positioning method and values used：['id', 'passwd']
2019-10-22 07:25:50,918 - selenium - INFO - Input content：
2019-10-22 07:25:50,932 - selenium - INFO - Successful positioning of elements.Positioning method and values used：['id', 'rmNum']
2019-10-22 07:25:50,997 - selenium - INFO - Input content：
2019-10-22 07:25:51,019 - selenium - INFO - Successful positioning of elements.Positioning method and values used：['css selector', 'span > input']
2019-10-22 07:25:51,107 - selenium - INFO - Input content：
2019-10-22 07:25:51,118 - selenium - INFO - Successful positioning of elements.Positioning method and values used：['id', 'OK2']
2019-10-22 07:25:51,166 - selenium - INFO - Click on the element success,location method and value used：['id', 'OK2']
2019-10-22 07:25:51,177 - selenium - INFO - Successful positioning of elements.Positioning method and values used：['css selector', '.err > span']
2019-10-22 07:25:51,193 - selenium - INFO - Obtained text：密码8-20位数字或字母
2019-10-22 07:25:51,207 - selenium - INFO - Assert Verify success：expected outcome:{密码8-20位数字或字母} == actual results:{密码8-20位数字或字母}
2019-10-22 07:25:51,596 - selenium - INFO - Screenshot saved successfully!
2019-10-22 07:25:51,596 - selenium - INFO - Successful execution of test cases:注册页面，检测密码字段规则（是否为必填项）

2019-10-22 07:25:51,596 - selenium - INFO - Executing use test case:注册页面，检测验证码字段规则（是否为必填项）
2019-10-22 07:25:51,596 - selenium - INFO - input data:username:Entech9999,password:12345678,passwd:12345678,phone:,code:,suc:0,assert:请输入验证码
2019-10-22 07:25:51,623 - selenium - INFO - Successful positioning of elements.Positioning method and values used：['id', 'username']
2019-10-22 07:25:51,755 - selenium - INFO - Input content：Entech9999
2019-10-22 07:25:51,770 - selenium - INFO - Successful positioning of elements.Positioning method and values used：['id', 'password']
2019-10-22 07:25:51,914 - selenium - INFO - Input content：12345678
2019-10-22 07:25:51,931 - selenium - INFO - Successful positioning of elements.Positioning method and values used：['id', 'passwd']
2019-10-22 07:25:52,043 - selenium - INFO - Input content：12345678
2019-10-22 07:25:52,057 - selenium - INFO - Successful positioning of elements.Positioning method and values used：['id', 'rmNum']
2019-10-22 07:25:52,127 - selenium - INFO - Input content：
2019-10-22 07:25:52,141 - selenium - INFO - Successful positioning of elements.Positioning method and values used：['css selector', 'span > input']
2019-10-22 07:25:52,215 - selenium - INFO - Input content：
2019-10-22 07:25:52,232 - selenium - INFO - Successful positioning of elements.Positioning method and values used：['id', 'OK2']
2019-10-22 07:25:52,269 - selenium - INFO - Click on the element success,location method and value used：['id', 'OK2']
2019-10-22 07:25:52,289 - selenium - INFO - Successful positioning of elements.Positioning method and values used：['css selector', '.err > span']
2019-10-22 07:25:52,306 - selenium - INFO - Obtained text：请输入验证码
2019-10-22 07:25:52,328 - selenium - INFO - Assert Verify success：expected outcome:{请输入验证码} == actual results:{请输入验证码}
2019-10-22 07:25:52,714 - selenium - INFO - Screenshot saved successfully!
2019-10-22 07:25:52,714 - selenium - INFO - Successful execution of test cases:注册页面，检测验证码字段规则（是否为必填项）

2019-10-22 07:25:52,715 - selenium - INFO - Executing use test case:注册页面，检测手机号字段规则（是否为必填项）
2019-10-22 07:25:52,715 - selenium - INFO - input data:username:Entech9999,password:12345678,passwd:12345678,phone:1233,code:,suc:0,assert:请输入手机号
2019-10-22 07:25:52,728 - selenium - INFO - Successful positioning of elements.Positioning method and values used：['id', 'username']
2019-10-22 07:25:52,858 - selenium - INFO - Input content：Entech9999
2019-10-22 07:25:52,874 - selenium - INFO - Successful positioning of elements.Positioning method and values used：['id', 'password']
2019-10-22 07:25:53,001 - selenium - INFO - Input content：12345678
2019-10-22 07:25:53,015 - selenium - INFO - Successful positioning of elements.Positioning method and values used：['id', 'passwd']
2019-10-22 07:25:53,124 - selenium - INFO - Input content：12345678
2019-10-22 07:25:53,140 - selenium - INFO - Successful positioning of elements.Positioning method and values used：['id', 'rmNum']
2019-10-22 07:25:53,273 - selenium - INFO - Input content：1233
2019-10-22 07:25:53,291 - selenium - INFO - Successful positioning of elements.Positioning method and values used：['css selector', 'span > input']
2019-10-22 07:25:53,367 - selenium - INFO - Input content：
2019-10-22 07:25:53,381 - selenium - INFO - Successful positioning of elements.Positioning method and values used：['id', 'OK2']
2019-10-22 07:25:53,426 - selenium - INFO - Click on the element success,location method and value used：['id', 'OK2']
2019-10-22 07:25:53,447 - selenium - INFO - Successful positioning of elements.Positioning method and values used：['css selector', '.err > span']
2019-10-22 07:25:53,469 - selenium - INFO - Obtained text：请输入手机号
2019-10-22 07:25:53,506 - selenium - INFO - Assert Verify success：expected outcome:{请输入手机号} == actual results:{请输入手机号}
2019-10-22 07:25:53,862 - selenium - INFO - Screenshot saved successfully!
2019-10-22 07:25:53,862 - selenium - INFO - Successful execution of test cases:注册页面，检测手机号字段规则（是否为必填项）

2019-10-22 07:25:53,862 - selenium - INFO - Executing use test case:注册页面，检测密码字段规则（最小长度是否为8位）
2019-10-22 07:25:53,862 - selenium - INFO - input data:username:Entech9999,password:12345,passwd:12345,phone:1233,code:11144434443,suc:0,assert:密码 的最小长度为 8 字符
2019-10-22 07:25:53,874 - selenium - INFO - Successful positioning of elements.Positioning method and values used：['id', 'username']
2019-10-22 07:25:53,987 - selenium - INFO - Input content：Entech9999
2019-10-22 07:25:54,005 - selenium - INFO - Successful positioning of elements.Positioning method and values used：['id', 'password']
2019-10-22 07:25:54,145 - selenium - INFO - Input content：12345
2019-10-22 07:25:54,168 - selenium - INFO - Successful positioning of elements.Positioning method and values used：['id', 'passwd']
2019-10-22 07:25:54,265 - selenium - INFO - Input content：12345
2019-10-22 07:25:54,282 - selenium - INFO - Successful positioning of elements.Positioning method and values used：['id', 'rmNum']
2019-10-22 07:25:54,383 - selenium - INFO - Input content：1233
2019-10-22 07:25:54,407 - selenium - INFO - Successful positioning of elements.Positioning method and values used：['css selector', 'span > input']
2019-10-22 07:25:54,523 - selenium - INFO - Input content：11144434443
2019-10-22 07:25:54,539 - selenium - INFO - Successful positioning of elements.Positioning method and values used：['id', 'OK2']
2019-10-22 07:25:54,585 - selenium - INFO - Click on the element success,location method and value used：['id', 'OK2']
2019-10-22 07:25:54,782 - selenium - INFO - Successful positioning of elements.Positioning method and values used：['css selector', '.err > span']
2019-10-22 07:25:54,800 - selenium - INFO - Obtained text：密码 的最小长度为 8 字符
2019-10-22 07:25:54,814 - selenium - INFO - Assert Verify success：expected outcome:{密码的最小长度为8字符} == actual results:{密码的最小长度为8字符}
2019-10-22 07:25:55,182 - selenium - INFO - Screenshot saved successfully!
2019-10-22 07:25:55,182 - selenium - INFO - Successful execution of test cases:注册页面，检测密码字段规则（最小长度是否为8位）

2019-10-22 07:25:55,182 - selenium - INFO - Executing use test case:注册页面，检测密码字段规则（最小长度是否为8位）
2019-10-22 07:25:55,182 - selenium - INFO - input data:username:Entech9999,password:1234,passwd:1234,phone:1233,code:11144434443,suc:0,assert:密码8-20位数字或字母
2019-10-22 07:25:55,199 - selenium - INFO - Successful positioning of elements.Positioning method and values used：['id', 'username']
2019-10-22 07:25:55,320 - selenium - INFO - Input content：Entech9999
2019-10-22 07:25:55,333 - selenium - INFO - Successful positioning of elements.Positioning method and values used：['id', 'password']
2019-10-22 07:25:55,453 - selenium - INFO - Input content：1234
2019-10-22 07:25:55,480 - selenium - INFO - Successful positioning of elements.Positioning method and values used：['id', 'passwd']
2019-10-22 07:25:55,585 - selenium - INFO - Input content：1234
2019-10-22 07:25:55,601 - selenium - INFO - Successful positioning of elements.Positioning method and values used：['id', 'rmNum']
2019-10-22 07:25:55,725 - selenium - INFO - Input content：1233
2019-10-22 07:25:55,739 - selenium - INFO - Successful positioning of elements.Positioning method and values used：['css selector', 'span > input']
2019-10-22 07:25:55,868 - selenium - INFO - Input content：11144434443
2019-10-22 07:25:55,881 - selenium - INFO - Successful positioning of elements.Positioning method and values used：['id', 'OK2']
2019-10-22 07:25:55,934 - selenium - INFO - Click on the element success,location method and value used：['id', 'OK2']
2019-10-22 07:25:55,958 - selenium - INFO - Successful positioning of elements.Positioning method and values used：['css selector', '.err > span']
2019-10-22 07:25:55,975 - selenium - INFO - Obtained text：密码8-20位数字或字母
2019-10-22 07:25:55,991 - selenium - INFO - Assert Verify success：expected outcome:{密码8-20位数字或字母} == actual results:{密码8-20位数字或字母}
2019-10-22 07:25:56,330 - selenium - INFO - Screenshot saved successfully!
2019-10-22 07:25:56,331 - selenium - INFO - Successful execution of test cases:注册页面，检测密码字段规则（最小长度是否为8位）

2019-10-22 07:25:56,331 - selenium - INFO - Executing use test case:注册页面，检测手机号字段规则（手机格式）
2019-10-22 07:25:56,331 - selenium - INFO - input data:username:Entech9999,password:12345678,passwd:12345678,phone:1233,code:11144434443,suc:0,assert:请填写正确的手机号码.
2019-10-22 07:25:56,347 - selenium - INFO - Successful positioning of elements.Positioning method and values used：['id', 'username']
2019-10-22 07:25:56,510 - selenium - INFO - Input content：Entech9999
2019-10-22 07:25:56,524 - selenium - INFO - Successful positioning of elements.Positioning method and values used：['id', 'password']
2019-10-22 07:25:56,689 - selenium - INFO - Input content：12345678
2019-10-22 07:25:56,702 - selenium - INFO - Successful positioning of elements.Positioning method and values used：['id', 'passwd']
2019-10-22 07:25:56,827 - selenium - INFO - Input content：12345678
2019-10-22 07:25:56,842 - selenium - INFO - Successful positioning of elements.Positioning method and values used：['id', 'rmNum']
2019-10-22 07:25:56,938 - selenium - INFO - Input content：1233
2019-10-22 07:25:56,955 - selenium - INFO - Successful positioning of elements.Positioning method and values used：['css selector', 'span > input']
2019-10-22 07:25:57,106 - selenium - INFO - Input content：11144434443
2019-10-22 07:25:57,119 - selenium - INFO - Successful positioning of elements.Positioning method and values used：['id', 'OK2']
2019-10-22 07:25:57,167 - selenium - INFO - Click on the element success,location method and value used：['id', 'OK2']
2019-10-22 07:25:57,348 - selenium - INFO - Successful positioning of elements.Positioning method and values used：['css selector', '.err > span']
2019-10-22 07:25:57,365 - selenium - INFO - Obtained text：请填写正确的手机号码.
2019-10-22 07:25:57,385 - selenium - INFO - Assert Verify success：expected outcome:{请填写正确的手机号码.} == actual results:{请填写正确的手机号码.}
2019-10-22 07:25:57,741 - selenium - INFO - Screenshot saved successfully!
2019-10-22 07:25:57,741 - selenium - INFO - Successful execution of test cases:注册页面，检测手机号字段规则（手机格式）

2019-10-22 07:25:57,741 - selenium - INFO - Executing use test case:注册页面，检测密码字段规则（是否区分密码字母大小写）
2019-10-22 07:25:57,741 - selenium - INFO - input data:username:Entech9999,password:1234567a,passwd:1234567A,phone:1233,code:13944434443,suc:0,assert:两次密码不一致
2019-10-22 07:25:57,754 - selenium - INFO - Successful positioning of elements.Positioning method and values used：['id', 'username']
2019-10-22 07:25:57,894 - selenium - INFO - Input content：Entech9999
2019-10-22 07:25:57,910 - selenium - INFO - Successful positioning of elements.Positioning method and values used：['id', 'password']
2019-10-22 07:25:58,086 - selenium - INFO - Input content：1234567a
2019-10-22 07:25:58,109 - selenium - INFO - Successful positioning of elements.Positioning method and values used：['id', 'passwd']
2019-10-22 07:25:58,223 - selenium - INFO - Input content：1234567A
2019-10-22 07:25:58,240 - selenium - INFO - Successful positioning of elements.Positioning method and values used：['id', 'rmNum']
2019-10-22 07:25:58,340 - selenium - INFO - Input content：1233
2019-10-22 07:25:58,355 - selenium - INFO - Successful positioning of elements.Positioning method and values used：['css selector', 'span > input']
2019-10-22 07:25:58,477 - selenium - INFO - Input content：13944434443
2019-10-22 07:25:58,490 - selenium - INFO - Successful positioning of elements.Positioning method and values used：['id', 'OK2']
2019-10-22 07:25:58,534 - selenium - INFO - Click on the element success,location method and value used：['id', 'OK2']
2019-10-22 07:25:58,555 - selenium - INFO - Successful positioning of elements.Positioning method and values used：['css selector', '.err > span']
2019-10-22 07:25:58,572 - selenium - INFO - Obtained text：两次密码不一致
2019-10-22 07:25:58,590 - selenium - INFO - Assert Verify success：expected outcome:{两次密码不一致} == actual results:{两次密码不一致}
2019-10-22 07:25:58,966 - selenium - INFO - Screenshot saved successfully!
2019-10-22 07:25:58,966 - selenium - INFO - Successful execution of test cases:注册页面，检测密码字段规则（是否区分密码字母大小写）

2019-10-22 07:25:58,967 - selenium - INFO - Executing use test case:注册页面，检测是否能阻止重复注册
2019-10-22 07:25:58,967 - selenium - INFO - input data:username:enintech0,password:987456123,passwd:987456123,phone:1233,code:13944434443,suc:0,assert:帐号已存在
2019-10-22 07:25:58,981 - selenium - INFO - Successful positioning of elements.Positioning method and values used：['id', 'username']
2019-10-22 07:25:59,117 - selenium - INFO - Input content：enintech0
2019-10-22 07:25:59,131 - selenium - INFO - Successful positioning of elements.Positioning method and values used：['id', 'password']
2019-10-22 07:25:59,301 - selenium - INFO - Input content：987456123
2019-10-22 07:25:59,313 - selenium - INFO - Successful positioning of elements.Positioning method and values used：['id', 'passwd']
2019-10-22 07:25:59,436 - selenium - INFO - Input content：987456123
2019-10-22 07:25:59,450 - selenium - INFO - Successful positioning of elements.Positioning method and values used：['id', 'rmNum']
2019-10-22 07:25:59,557 - selenium - INFO - Input content：1233
2019-10-22 07:25:59,574 - selenium - INFO - Successful positioning of elements.Positioning method and values used：['css selector', 'span > input']
2019-10-22 07:25:59,694 - selenium - INFO - Input content：13944434443
2019-10-22 07:25:59,708 - selenium - INFO - Successful positioning of elements.Positioning method and values used：['id', 'OK2']
2019-10-22 07:25:59,756 - selenium - INFO - Click on the element success,location method and value used：['id', 'OK2']
2019-10-22 07:25:59,853 - selenium - INFO - Successful positioning of elements.Positioning method and values used：['css selector', '.err > span']
2019-10-22 07:25:59,873 - selenium - INFO - Obtained text：帐号已存在
2019-10-22 07:25:59,889 - selenium - INFO - Assert Verify success：expected outcome:{帐号已存在} == actual results:{帐号已存在}
2019-10-22 07:26:00,292 - selenium - INFO - Screenshot saved successfully!
2019-10-22 07:26:00,292 - selenium - INFO - Successful execution of test cases:注册页面，检测是否能阻止重复注册

2019-10-22 07:26:00,292 - selenium - INFO - Executing use test case:注册页面，检测验证码字段规则（错误验证码是否阻止注册）
2019-10-22 07:26:00,292 - selenium - INFO - input data:username:Entech9999,password:1234567a,passwd:1234567a,phone:1111,code:13944434443,suc:0,assert:验证码错误
2019-10-22 07:26:00,306 - selenium - INFO - Successful positioning of elements.Positioning method and values used：['id', 'username']
2019-10-22 07:26:00,434 - selenium - INFO - Input content：Entech9999
2019-10-22 07:26:00,451 - selenium - INFO - Successful positioning of elements.Positioning method and values used：['id', 'password']
2019-10-22 07:26:00,641 - selenium - INFO - Input content：1234567a
2019-10-22 07:26:00,656 - selenium - INFO - Successful positioning of elements.Positioning method and values used：['id', 'passwd']
2019-10-22 07:26:00,765 - selenium - INFO - Input content：1234567a
2019-10-22 07:26:00,783 - selenium - INFO - Successful positioning of elements.Positioning method and values used：['id', 'rmNum']
2019-10-22 07:26:00,865 - selenium - INFO - Input content：1111
2019-10-22 07:26:00,882 - selenium - INFO - Successful positioning of elements.Positioning method and values used：['css selector', 'span > input']
2019-10-22 07:26:00,998 - selenium - INFO - Input content：13944434443
2019-10-22 07:26:01,013 - selenium - INFO - Successful positioning of elements.Positioning method and values used：['id', 'OK2']
2019-10-22 07:26:01,051 - selenium - INFO - Click on the element success,location method and value used：['id', 'OK2']
2019-10-22 07:26:01,261 - selenium - INFO - Successful positioning of elements.Positioning method and values used：['css selector', '.err > span']
2019-10-22 07:26:01,284 - selenium - INFO - Obtained text：验证码错误
2019-10-22 07:26:01,299 - selenium - INFO - Assert Verify success：expected outcome:{验证码错误} == actual results:{验证码错误}
2019-10-22 07:26:01,659 - selenium - INFO - Screenshot saved successfully!
2019-10-22 07:26:01,659 - selenium - INFO - Successful execution of test cases:注册页面，检测验证码字段规则（错误验证码是否阻止注册）

2019-10-22 07:26:01,659 - selenium - INFO - Executing use test case:检测是否能够成功注册账号
2019-10-22 07:26:01,677 - selenium - INFO - Successful positioning of elements.Positioning method and values used：['id', 'username']
2019-10-22 07:26:01,806 - selenium - INFO - Input content：enintech12
2019-10-22 07:26:01,821 - selenium - INFO - Successful positioning of elements.Positioning method and values used：['id', 'password']
2019-10-22 07:26:01,986 - selenium - INFO - Input content：12345678
2019-10-22 07:26:01,999 - selenium - INFO - Successful positioning of elements.Positioning method and values used：['id', 'passwd']
2019-10-22 07:26:02,119 - selenium - INFO - Input content：12345678
2019-10-22 07:26:02,137 - selenium - INFO - Successful positioning of elements.Positioning method and values used：['css selector', 'span > input']
2019-10-22 07:26:02,283 - selenium - INFO - Input content：13988889999
2019-10-22 07:26:06,034 - selenium - INFO - Forced wait 2 second
2019-10-22 07:26:06,047 - selenium - INFO - Successful positioning of elements.Positioning method and values used：['id', 'rmNum']
2019-10-22 07:26:06,149 - selenium - INFO - Input content：7573
2019-10-22 07:26:06,176 - selenium - INFO - Successful positioning of elements.Positioning method and values used：['id', 'OK2']
2019-10-22 07:26:06,218 - selenium - INFO - Click on the element success,location method and value used：['id', 'OK2']
2019-10-22 07:26:08,220 - selenium - INFO - Forced wait 2 second
2019-10-22 07:26:08,232 - selenium - INFO - Successful positioning of elements.Positioning method and values used：['css selector', '.err > span']
2019-10-22 07:26:08,250 - selenium - INFO - Obtained text：帐号已存在
2019-10-22 07:26:08,275 - selenium - INFO - Successful positioning of elements.Positioning method and values used：['css selector', '.err > span']
2019-10-22 07:26:08,291 - selenium - INFO - Obtained text：帐号已存在
2019-10-22 07:26:09,305 - selenium - INFO - Forced wait 1 second
2019-10-22 07:26:11,616 - selenium - INFO - Forced wait 2 second
2019-10-22 07:26:11,630 - selenium - INFO - Successful positioning of elements.Positioning method and values used：['id', 'username']
2019-10-22 07:26:11,757 - selenium - INFO - Input content：enintech13
2019-10-22 07:26:13,759 - selenium - INFO - Forced wait 2 second
2019-10-22 07:26:13,786 - selenium - INFO - Successful positioning of elements.Positioning method and values used：['css selector', '.checkLoginCodeImage']
2019-10-22 07:26:13,852 - selenium - INFO - Click on the element success,location method and value used：['css selector', '.checkLoginCodeImage']
2019-10-22 07:26:15,854 - selenium - INFO - Forced wait 2 second
2019-10-22 07:26:19,336 - selenium - INFO - Forced wait 2 second
2019-10-22 07:26:19,352 - selenium - INFO - Successful positioning of elements.Positioning method and values used：['id', 'rmNum']
2019-10-22 07:26:19,436 - selenium - INFO - Input content：2978
2019-10-22 07:26:19,450 - selenium - INFO - Successful positioning of elements.Positioning method and values used：['id', 'OK2']
2019-10-22 07:26:19,505 - selenium - INFO - Click on the element success,location method and value used：['id', 'OK2']
2019-10-22 07:26:21,507 - selenium - INFO - Forced wait 2 second
2019-10-22 07:26:32,998 - selenium - INFO - 在section：environment下读取browser的值
2019-10-22 07:26:32,998 - selenium - INFO - Read browser configuration, value：chrome
2019-10-22 07:26:32,999 - selenium - INFO - 在section：environment下读取url的值
2019-10-22 07:26:32,999 - selenium - INFO - Read url configuration, value：http://blr.9161252.com
2019-10-22 07:26:34,275 - selenium - INFO - Visit website：http://blr.9161252.com
2019-10-22 07:26:34,386 - selenium - INFO - Browser maximization
2019-10-22 07:26:34,393 - selenium - INFO - Set static wait time 10 seconds
2019-10-22 07:26:34,394 - selenium - INFO - Executing test cases：新注册会员，验证系统消息是否正确
2019-10-22 07:26:35,175 - selenium - INFO - Successful positioning of elements.Positioning method and values used：['css selector', '.close']
2019-10-22 07:26:35,300 - selenium - INFO - Successful positioning of elements.Positioning method and values used：['css selector', '.input-bg:nth-child(1)']
2019-10-22 07:26:35,490 - selenium - INFO - Input content：enintech12
2019-10-22 07:26:35,506 - selenium - INFO - Successful positioning of elements.Positioning method and values used：['id', 'txtFacade']
2019-10-22 07:26:35,721 - selenium - INFO - Input content：12345678
