2019-10-22 07:22:57,068 - selenium - INFO - 在section：environment下读取browser的值
2019-10-22 07:22:57,068 - selenium - INFO - Read browser configuration, value：chrome
2019-10-22 07:22:57,068 - selenium - INFO - 在section：environment下读取url的值
2019-10-22 07:22:57,068 - selenium - INFO - Read url configuration, value：http://blr.9161252.com
2019-10-22 07:22:59,259 - selenium - INFO - Visit website：http://blr.9161252.com
2019-10-22 07:22:59,374 - selenium - INFO - Browser maximization
2019-10-22 07:22:59,382 - selenium - INFO - Set static wait time 10 seconds
2019-10-22 07:22:59,382 - selenium - INFO - Executing use test case:
2019-10-22 07:23:00,141 - selenium - INFO - Successful positioning of elements.Positioning method and values used：['css selector', '.close']
2019-10-22 07:23:00,195 - selenium - INFO - Successful positioning of elements.Positioning method and values used：['css selector', '.regBtn']
2019-10-22 07:23:00,261 - selenium - INFO - Click on the element success,location method and value used：['css selector', '.regBtn']
2019-10-22 07:23:01,159 - selenium - INFO - Successful positioning of elements.Positioning method and values used：['id', 'username']
2019-10-22 07:23:01,330 - selenium - INFO - Input content：enintech0
2019-10-22 07:23:01,349 - selenium - INFO - Successful positioning of elements.Positioning method and values used：['id', 'password']
2019-10-22 07:23:01,644 - selenium - INFO - Input content：12345678
2019-10-22 07:23:01,659 - selenium - INFO - Successful positioning of elements.Positioning method and values used：['id', 'passwd']
2019-10-22 07:23:01,766 - selenium - INFO - Input content：12345678
2019-10-22 07:23:01,788 - selenium - INFO - Successful positioning of elements.Positioning method and values used：['id', 'rmNum']
2019-10-22 07:23:01,900 - selenium - INFO - Input content：1234
2019-10-22 07:23:01,917 - selenium - INFO - Successful positioning of elements.Positioning method and values used：['css selector', 'span > input']
2019-10-22 07:23:02,047 - selenium - INFO - Input content：13898378887
2019-10-22 07:23:02,067 - selenium - INFO - Successful positioning of elements.Positioning method and values used：['id', 'CANCEL2']
2019-10-22 07:23:02,127 - selenium - INFO - Click on the element success,location method and value used：['id', 'CANCEL2']
2019-10-22 07:23:02,145 - selenium - INFO - Successful positioning of elements.Positioning method and values used：['id', 'OK2']
2019-10-22 07:23:02,193 - selenium - INFO - Click on the element success,location method and value used：['id', 'OK2']
2019-10-22 07:23:02,213 - selenium - INFO - Successful positioning of elements.Positioning method and values used：['css selector', '.err > span']
2019-10-22 07:23:02,245 - selenium - INFO - Obtained text：帐号6-10位数字或字母
2019-10-22 07:23:02,259 - selenium - INFO - Failure of test case execution! Reason: '帐号6-10位数字或字母' != None : Assert Verification fail：expected outcome{None} != actual results{帐号6-10位数字或字母}

2019-10-22 07:23:02,259 - selenium - INFO - Executing use test case:注册页面，检测账号字段规则（是否为必填项）
2019-10-22 07:23:02,259 - selenium - INFO - input data:username:,password:,passwd:,phone:,code:,suc:0,assert:帐号6-10位数字或字母
2019-10-22 07:23:02,275 - selenium - INFO - Successful positioning of elements.Positioning method and values used：['id', 'username']
2019-10-22 07:23:02,375 - selenium - INFO - Input content：
2019-10-22 07:23:02,407 - selenium - INFO - Successful positioning of elements.Positioning method and values used：['id', 'password']
2019-10-22 07:23:02,516 - selenium - INFO - Input content：
2019-10-22 07:23:02,543 - selenium - INFO - Successful positioning of elements.Positioning method and values used：['id', 'passwd']
2019-10-22 07:23:02,657 - selenium - INFO - Input content：
2019-10-22 07:23:02,673 - selenium - INFO - Successful positioning of elements.Positioning method and values used：['id', 'rmNum']
2019-10-22 07:23:02,752 - selenium - INFO - Input content：
2019-10-22 07:23:02,768 - selenium - INFO - Successful positioning of elements.Positioning method and values used：['css selector', 'span > input']
2019-10-22 07:23:02,877 - selenium - INFO - Input content：
2019-10-22 07:23:02,892 - selenium - INFO - Successful positioning of elements.Positioning method and values used：['id', 'OK2']
2019-10-22 07:23:02,927 - selenium - INFO - Click on the element success,location method and value used：['id', 'OK2']
2019-10-22 07:23:02,941 - selenium - INFO - Successful positioning of elements.Positioning method and values used：['css selector', '.err > span']
2019-10-22 07:23:02,957 - selenium - INFO - Obtained text：帐号6-10位数字或字母
2019-10-22 07:23:02,970 - selenium - INFO - Assert Verify success：expected outcome:{帐号6-10位数字或字母} == actual results:{帐号6-10位数字或字母}
2019-10-22 07:23:03,345 - selenium - INFO - Screenshot saved successfully!
2019-10-22 07:23:03,345 - selenium - INFO - Successful execution of test cases:注册页面，检测账号字段规则（是否为必填项）

2019-10-22 07:23:03,345 - selenium - INFO - Executing use test case:注册页面，检测账号字段规则（长度是否不能小于6位）
2019-10-22 07:23:03,346 - selenium - INFO - input data:username:12,password:,passwd:,phone:,code:,suc:0,assert:帐号6-10位数字或字母
2019-10-22 07:23:03,360 - selenium - INFO - Successful positioning of elements.Positioning method and values used：['id', 'username']
2019-10-22 07:23:03,440 - selenium - INFO - Input content：12
2019-10-22 07:23:03,451 - selenium - INFO - Successful positioning of elements.Positioning method and values used：['id', 'password']
2019-10-22 07:23:03,527 - selenium - INFO - Input content：
2019-10-22 07:23:03,542 - selenium - INFO - Successful positioning of elements.Positioning method and values used：['id', 'passwd']
2019-10-22 07:23:03,649 - selenium - INFO - Input content：
2019-10-22 07:23:03,663 - selenium - INFO - Successful positioning of elements.Positioning method and values used：['id', 'rmNum']
2019-10-22 07:23:03,731 - selenium - INFO - Input content：
2019-10-22 07:23:03,745 - selenium - INFO - Successful positioning of elements.Positioning method and values used：['css selector', 'span > input']
2019-10-22 07:23:03,814 - selenium - INFO - Input content：
2019-10-22 07:23:03,831 - selenium - INFO - Successful positioning of elements.Positioning method and values used：['id', 'OK2']
2019-10-22 07:23:03,874 - selenium - INFO - Click on the element success,location method and value used：['id', 'OK2']
2019-10-22 07:23:03,890 - selenium - INFO - Successful positioning of elements.Positioning method and values used：['css selector', '.err > span']
2019-10-22 07:23:03,907 - selenium - INFO - Obtained text：帐号6-10位数字或字母
2019-10-22 07:23:03,921 - selenium - INFO - Assert Verify success：expected outcome:{帐号6-10位数字或字母} == actual results:{帐号6-10位数字或字母}
2019-10-22 07:23:04,276 - selenium - INFO - Screenshot saved successfully!
2019-10-22 07:23:04,276 - selenium - INFO - Successful execution of test cases:注册页面，检测账号字段规则（长度是否不能小于6位）

2019-10-22 07:23:04,277 - selenium - INFO - Executing use test case:注册页面，检测账号字段规则（是否不能包含中文）
2019-10-22 07:23:04,277 - selenium - INFO - input data:username:阿斯顿但是我,password:,passwd:,phone:,code:,suc:0,assert:帐号6-10位数字或字母
2019-10-22 07:23:04,296 - selenium - INFO - Successful positioning of elements.Positioning method and values used：['id', 'username']
2019-10-22 07:23:04,387 - selenium - INFO - Input content：阿斯顿但是我
2019-10-22 07:23:04,399 - selenium - INFO - Successful positioning of elements.Positioning method and values used：['id', 'password']
2019-10-22 07:23:04,477 - selenium - INFO - Input content：
2019-10-22 07:23:04,495 - selenium - INFO - Successful positioning of elements.Positioning method and values used：['id', 'passwd']
2019-10-22 07:23:04,585 - selenium - INFO - Input content：
2019-10-22 07:23:04,600 - selenium - INFO - Successful positioning of elements.Positioning method and values used：['id', 'rmNum']
2019-10-22 07:23:04,662 - selenium - INFO - Input content：
2019-10-22 07:23:04,681 - selenium - INFO - Successful positioning of elements.Positioning method and values used：['css selector', 'span > input']
2019-10-22 07:23:04,749 - selenium - INFO - Input content：
2019-10-22 07:23:04,764 - selenium - INFO - Successful positioning of elements.Positioning method and values used：['id', 'OK2']
2019-10-22 07:23:04,808 - selenium - INFO - Click on the element success,location method and value used：['id', 'OK2']
2019-10-22 07:23:04,851 - selenium - INFO - Successful positioning of elements.Positioning method and values used：['css selector', '.err > span']
2019-10-22 07:23:04,880 - selenium - INFO - Obtained text：帐号6-10位数字或字母
2019-10-22 07:23:04,899 - selenium - INFO - Assert Verify success：expected outcome:{帐号6-10位数字或字母} == actual results:{帐号6-10位数字或字母}
2019-10-22 07:23:05,258 - selenium - INFO - Screenshot saved successfully!
2019-10-22 07:23:05,259 - selenium - INFO - Successful execution of test cases:注册页面，检测账号字段规则（是否不能包含中文）

2019-10-22 07:23:05,259 - selenium - INFO - Executing use test case:注册页面，检测账号字段规则（是否不能包含特殊字符）
2019-10-22 07:23:05,259 - selenium - INFO - input data:username:*&#123abc,password:,passwd:,phone:,code:,suc:0,assert:帐号6-10位数字或字母
2019-10-22 07:23:05,277 - selenium - INFO - Successful positioning of elements.Positioning method and values used：['id', 'username']
2019-10-22 07:23:05,394 - selenium - INFO - Input content：*&#123abc
2019-10-22 07:23:05,410 - selenium - INFO - Successful positioning of elements.Positioning method and values used：['id', 'password']
2019-10-22 07:23:05,479 - selenium - INFO - Input content：
2019-10-22 07:23:05,494 - selenium - INFO - Successful positioning of elements.Positioning method and values used：['id', 'passwd']
2019-10-22 07:23:05,579 - selenium - INFO - Input content：
2019-10-22 07:23:05,596 - selenium - INFO - Successful positioning of elements.Positioning method and values used：['id', 'rmNum']
2019-10-22 07:23:05,664 - selenium - INFO - Input content：
2019-10-22 07:23:05,676 - selenium - INFO - Successful positioning of elements.Positioning method and values used：['css selector', 'span > input']
2019-10-22 07:23:05,745 - selenium - INFO - Input content：
2019-10-22 07:23:05,759 - selenium - INFO - Successful positioning of elements.Positioning method and values used：['id', 'OK2']
2019-10-22 07:23:05,789 - selenium - INFO - Click on the element success,location method and value used：['id', 'OK2']
2019-10-22 07:23:05,802 - selenium - INFO - Successful positioning of elements.Positioning method and values used：['css selector', '.err > span']
2019-10-22 07:23:05,822 - selenium - INFO - Obtained text：帐号6-10位数字或字母
2019-10-22 07:23:05,836 - selenium - INFO - Assert Verify success：expected outcome:{帐号6-10位数字或字母} == actual results:{帐号6-10位数字或字母}
2019-10-22 07:23:06,183 - selenium - INFO - Screenshot saved successfully!
2019-10-22 07:23:06,183 - selenium - INFO - Successful execution of test cases:注册页面，检测账号字段规则（是否不能包含特殊字符）

2019-10-22 07:23:06,183 - selenium - INFO - Executing use test case:注册页面，检测账号字段规则（长度是否不能小于6位）
2019-10-22 07:23:06,183 - selenium - INFO - input data:username:123as,password:,passwd:,phone:,code:,suc:0,assert:帐号6-10位数字或字母
2019-10-22 07:23:06,197 - selenium - INFO - Successful positioning of elements.Positioning method and values used：['id', 'username']
2019-10-22 07:23:06,293 - selenium - INFO - Input content：123as
2019-10-22 07:23:06,308 - selenium - INFO - Successful positioning of elements.Positioning method and values used：['id', 'password']
2019-10-22 07:23:06,380 - selenium - INFO - Input content：
2019-10-22 07:23:06,410 - selenium - INFO - Successful positioning of elements.Positioning method and values used：['id', 'passwd']
2019-10-22 07:23:06,500 - selenium - INFO - Input content：
2019-10-22 07:23:06,515 - selenium - INFO - Successful positioning of elements.Positioning method and values used：['id', 'rmNum']
2019-10-22 07:23:06,584 - selenium - INFO - Input content：
2019-10-22 07:23:06,610 - selenium - INFO - Successful positioning of elements.Positioning method and values used：['css selector', 'span > input']
2019-10-22 07:23:06,699 - selenium - INFO - Input content：
2019-10-22 07:23:06,710 - selenium - INFO - Successful positioning of elements.Positioning method and values used：['id', 'OK2']
2019-10-22 07:23:06,758 - selenium - INFO - Click on the element success,location method and value used：['id', 'OK2']
2019-10-22 07:23:06,773 - selenium - INFO - Successful positioning of elements.Positioning method and values used：['css selector', '.err > span']
2019-10-22 07:23:06,790 - selenium - INFO - Obtained text：帐号6-10位数字或字母
2019-10-22 07:23:06,803 - selenium - INFO - Assert Verify success：expected outcome:{帐号6-10位数字或字母} == actual results:{帐号6-10位数字或字母}
2019-10-22 07:23:07,132 - selenium - INFO - Screenshot saved successfully!
2019-10-22 07:23:07,132 - selenium - INFO - Successful execution of test cases:注册页面，检测账号字段规则（长度是否不能小于6位）

2019-10-22 07:23:07,132 - selenium - INFO - Executing use test case:注册页面，检测密码字段规则（是否为必填项）
2019-10-22 07:23:07,133 - selenium - INFO - input data:username:Entech9999,password:,passwd:,phone:,code:,suc:0,assert:密码8-20位数字或字母
2019-10-22 07:23:07,145 - selenium - INFO - Successful positioning of elements.Positioning method and values used：['id', 'username']
2019-10-22 07:23:07,261 - selenium - INFO - Input content：Entech9999
2019-10-22 07:23:07,278 - selenium - INFO - Successful positioning of elements.Positioning method and values used：['id', 'password']
2019-10-22 07:23:07,348 - selenium - INFO - Input content：
2019-10-22 07:23:07,372 - selenium - INFO - Successful positioning of elements.Positioning method and values used：['id', 'passwd']
2019-10-22 07:23:07,447 - selenium - INFO - Input content：
2019-10-22 07:23:07,460 - selenium - INFO - Successful positioning of elements.Positioning method and values used：['id', 'rmNum']
2019-10-22 07:23:07,543 - selenium - INFO - Input content：
2019-10-22 07:23:07,566 - selenium - INFO - Successful positioning of elements.Positioning method and values used：['css selector', 'span > input']
2019-10-22 07:23:07,633 - selenium - INFO - Input content：
2019-10-22 07:23:07,650 - selenium - INFO - Successful positioning of elements.Positioning method and values used：['id', 'OK2']
2019-10-22 07:23:07,692 - selenium - INFO - Click on the element success,location method and value used：['id', 'OK2']
2019-10-22 07:23:07,707 - selenium - INFO - Successful positioning of elements.Positioning method and values used：['css selector', '.err > span']
2019-10-22 07:23:07,722 - selenium - INFO - Obtained text：密码8-20位数字或字母
2019-10-22 07:23:07,736 - selenium - INFO - Assert Verify success：expected outcome:{密码8-20位数字或字母} == actual results:{密码8-20位数字或字母}
2019-10-22 07:23:08,072 - selenium - INFO - Screenshot saved successfully!
2019-10-22 07:23:08,072 - selenium - INFO - Successful execution of test cases:注册页面，检测密码字段规则（是否为必填项）

2019-10-22 07:23:08,072 - selenium - INFO - Executing use test case:注册页面，检测验证码字段规则（是否为必填项）
2019-10-22 07:23:08,072 - selenium - INFO - input data:username:Entech9999,password:12345678,passwd:12345678,phone:,code:,suc:0,assert:请输入验证码
2019-10-22 07:23:08,091 - selenium - INFO - Successful positioning of elements.Positioning method and values used：['id', 'username']
2019-10-22 07:23:08,243 - selenium - INFO - Input content：Entech9999
2019-10-22 07:23:08,258 - selenium - INFO - Successful positioning of elements.Positioning method and values used：['id', 'password']
2019-10-22 07:23:08,387 - selenium - INFO - Input content：12345678
2019-10-22 07:23:08,401 - selenium - INFO - Successful positioning of elements.Positioning method and values used：['id', 'passwd']
2019-10-22 07:23:08,499 - selenium - INFO - Input content：12345678
2019-10-22 07:23:08,512 - selenium - INFO - Successful positioning of elements.Positioning method and values used：['id', 'rmNum']
2019-10-22 07:23:08,584 - selenium - INFO - Input content：
2019-10-22 07:23:08,607 - selenium - INFO - Successful positioning of elements.Positioning method and values used：['css selector', 'span > input']
2019-10-22 07:23:08,681 - selenium - INFO - Input content：
2019-10-22 07:23:08,695 - selenium - INFO - Successful positioning of elements.Positioning method and values used：['id', 'OK2']
2019-10-22 07:23:08,742 - selenium - INFO - Click on the element success,location method and value used：['id', 'OK2']
2019-10-22 07:23:08,759 - selenium - INFO - Successful positioning of elements.Positioning method and values used：['css selector', '.err > span']
2019-10-22 07:23:08,774 - selenium - INFO - Obtained text：请输入验证码
2019-10-22 07:23:08,787 - selenium - INFO - Assert Verify success：expected outcome:{请输入验证码} == actual results:{请输入验证码}
2019-10-22 07:23:09,136 - selenium - INFO - Screenshot saved successfully!
2019-10-22 07:23:09,136 - selenium - INFO - Successful execution of test cases:注册页面，检测验证码字段规则（是否为必填项）

2019-10-22 07:23:09,136 - selenium - INFO - Executing use test case:注册页面，检测手机号字段规则（是否为必填项）
2019-10-22 07:23:09,136 - selenium - INFO - input data:username:Entech9999,password:12345678,passwd:12345678,phone:1233,code:,suc:0,assert:请输入手机号
2019-10-22 07:23:09,149 - selenium - INFO - Successful positioning of elements.Positioning method and values used：['id', 'username']
2019-10-22 07:23:09,266 - selenium - INFO - Input content：Entech9999
2019-10-22 07:23:09,278 - selenium - INFO - Successful positioning of elements.Positioning method and values used：['id', 'password']
2019-10-22 07:23:09,458 - selenium - INFO - Input content：12345678
2019-10-22 07:23:09,473 - selenium - INFO - Successful positioning of elements.Positioning method and values used：['id', 'passwd']
2019-10-22 07:23:09,591 - selenium - INFO - Input content：12345678
2019-10-22 07:23:09,611 - selenium - INFO - Successful positioning of elements.Positioning method and values used：['id', 'rmNum']
2019-10-22 07:23:09,708 - selenium - INFO - Input content：1233
2019-10-22 07:23:09,724 - selenium - INFO - Successful positioning of elements.Positioning method and values used：['css selector', 'span > input']
2019-10-22 07:23:09,787 - selenium - INFO - Input content：
2019-10-22 07:23:09,799 - selenium - INFO - Successful positioning of elements.Positioning method and values used：['id', 'OK2']
2019-10-22 07:23:09,849 - selenium - INFO - Click on the element success,location method and value used：['id', 'OK2']
2019-10-22 07:23:09,864 - selenium - INFO - Successful positioning of elements.Positioning method and values used：['css selector', '.err > span']
2019-10-22 07:23:09,890 - selenium - INFO - Obtained text：请输入手机号
2019-10-22 07:23:09,907 - selenium - INFO - Assert Verify success：expected outcome:{请输入手机号} == actual results:{请输入手机号}
2019-10-22 07:23:10,277 - selenium - INFO - Screenshot saved successfully!
2019-10-22 07:23:10,278 - selenium - INFO - Successful execution of test cases:注册页面，检测手机号字段规则（是否为必填项）

2019-10-22 07:23:10,278 - selenium - INFO - Executing use test case:注册页面，检测密码字段规则（最小长度是否为8位）
2019-10-22 07:23:10,278 - selenium - INFO - input data:username:Entech9999,password:12345,passwd:12345,phone:1233,code:11144434443,suc:0,assert:密码 的最小长度为 8 字符
2019-10-22 07:23:10,293 - selenium - INFO - Successful positioning of elements.Positioning method and values used：['id', 'username']
2019-10-22 07:23:10,401 - selenium - INFO - Input content：Entech9999
2019-10-22 07:23:10,414 - selenium - INFO - Successful positioning of elements.Positioning method and values used：['id', 'password']
2019-10-22 07:23:10,537 - selenium - INFO - Input content：12345
2019-10-22 07:23:10,554 - selenium - INFO - Successful positioning of elements.Positioning method and values used：['id', 'passwd']
2019-10-22 07:23:10,657 - selenium - INFO - Input content：12345
2019-10-22 07:23:10,671 - selenium - INFO - Successful positioning of elements.Positioning method and values used：['id', 'rmNum']
2019-10-22 07:23:10,774 - selenium - INFO - Input content：1233
2019-10-22 07:23:10,788 - selenium - INFO - Successful positioning of elements.Positioning method and values used：['css selector', 'span > input']
2019-10-22 07:23:10,926 - selenium - INFO - Input content：11144434443
2019-10-22 07:23:10,941 - selenium - INFO - Successful positioning of elements.Positioning method and values used：['id', 'OK2']
2019-10-22 07:23:10,979 - selenium - INFO - Click on the element success,location method and value used：['id', 'OK2']
2019-10-22 07:23:11,160 - selenium - INFO - Successful positioning of elements.Positioning method and values used：['css selector', '.err > span']
2019-10-22 07:23:11,176 - selenium - INFO - Obtained text：密码 的最小长度为 8 字符
2019-10-22 07:23:11,190 - selenium - INFO - Assert Verify success：expected outcome:{密码的最小长度为8字符} == actual results:{密码的最小长度为8字符}
2019-10-22 07:23:11,528 - selenium - INFO - Screenshot saved successfully!
2019-10-22 07:23:11,528 - selenium - INFO - Successful execution of test cases:注册页面，检测密码字段规则（最小长度是否为8位）

2019-10-22 07:23:11,528 - selenium - INFO - Executing use test case:注册页面，检测密码字段规则（最小长度是否为8位）
2019-10-22 07:23:11,528 - selenium - INFO - input data:username:Entech9999,password:1234,passwd:1234,phone:1233,code:11144434443,suc:0,assert:密码8-20位数字或字母
2019-10-22 07:23:11,541 - selenium - INFO - Successful positioning of elements.Positioning method and values used：['id', 'username']
2019-10-22 07:23:11,666 - selenium - INFO - Input content：Entech9999
2019-10-22 07:23:11,678 - selenium - INFO - Successful positioning of elements.Positioning method and values used：['id', 'password']
2019-10-22 07:23:11,775 - selenium - INFO - Input content：1234
2019-10-22 07:23:11,811 - selenium - INFO - Successful positioning of elements.Positioning method and values used：['id', 'passwd']
2019-10-22 07:23:11,900 - selenium - INFO - Input content：1234
2019-10-22 07:23:11,913 - selenium - INFO - Successful positioning of elements.Positioning method and values used：['id', 'rmNum']
2019-10-22 07:23:12,003 - selenium - INFO - Input content：1233
2019-10-22 07:23:12,014 - selenium - INFO - Successful positioning of elements.Positioning method and values used：['css selector', 'span > input']
2019-10-22 07:23:12,135 - selenium - INFO - Input content：11144434443
2019-10-22 07:23:12,147 - selenium - INFO - Successful positioning of elements.Positioning method and values used：['id', 'OK2']
2019-10-22 07:23:12,191 - selenium - INFO - Click on the element success,location method and value used：['id', 'OK2']
2019-10-22 07:23:12,204 - selenium - INFO - Successful positioning of elements.Positioning method and values used：['css selector', '.err > span']
2019-10-22 07:23:12,229 - selenium - INFO - Obtained text：密码8-20位数字或字母
2019-10-22 07:23:12,245 - selenium - INFO - Assert Verify success：expected outcome:{密码8-20位数字或字母} == actual results:{密码8-20位数字或字母}
2019-10-22 07:23:12,594 - selenium - INFO - Screenshot saved successfully!
2019-10-22 07:23:12,595 - selenium - INFO - Successful execution of test cases:注册页面，检测密码字段规则（最小长度是否为8位）

2019-10-22 07:23:12,595 - selenium - INFO - Executing use test case:注册页面，检测手机号字段规则（手机格式）
2019-10-22 07:23:12,595 - selenium - INFO - input data:username:Entech9999,password:12345678,passwd:12345678,phone:1233,code:11144434443,suc:0,assert:请填写正确的手机号码.
2019-10-22 07:23:12,615 - selenium - INFO - Successful positioning of elements.Positioning method and values used：['id', 'username']
2019-10-22 07:23:12,718 - selenium - INFO - Input content：Entech9999
2019-10-22 07:23:12,729 - selenium - INFO - Successful positioning of elements.Positioning method and values used：['id', 'password']
2019-10-22 07:23:12,866 - selenium - INFO - Input content：12345678
2019-10-22 07:23:12,879 - selenium - INFO - Successful positioning of elements.Positioning method and values used：['id', 'passwd']
2019-10-22 07:23:12,982 - selenium - INFO - Input content：12345678
2019-10-22 07:23:12,996 - selenium - INFO - Successful positioning of elements.Positioning method and values used：['id', 'rmNum']
2019-10-22 07:23:13,095 - selenium - INFO - Input content：1233
2019-10-22 07:23:13,108 - selenium - INFO - Successful positioning of elements.Positioning method and values used：['css selector', 'span > input']
2019-10-22 07:23:13,225 - selenium - INFO - Input content：11144434443
2019-10-22 07:23:13,241 - selenium - INFO - Successful positioning of elements.Positioning method and values used：['id', 'OK2']
2019-10-22 07:23:13,275 - selenium - INFO - Click on the element success,location method and value used：['id', 'OK2']
2019-10-22 07:23:13,462 - selenium - INFO - Successful positioning of elements.Positioning method and values used：['css selector', '.err > span']
2019-10-22 07:23:13,480 - selenium - INFO - Obtained text：请填写正确的手机号码.
2019-10-22 07:23:13,492 - selenium - INFO - Assert Verify success：expected outcome:{请填写正确的手机号码.} == actual results:{请填写正确的手机号码.}
2019-10-22 07:23:13,817 - selenium - INFO - Screenshot saved successfully!
2019-10-22 07:23:13,817 - selenium - INFO - Successful execution of test cases:注册页面，检测手机号字段规则（手机格式）

2019-10-22 07:23:13,817 - selenium - INFO - Executing use test case:注册页面，检测密码字段规则（是否区分密码字母大小写）
2019-10-22 07:23:13,817 - selenium - INFO - input data:username:Entech9999,password:1234567a,passwd:1234567A,phone:1233,code:13944434443,suc:0,assert:两次密码不一致
2019-10-22 07:23:13,833 - selenium - INFO - Successful positioning of elements.Positioning method and values used：['id', 'username']
2019-10-22 07:23:13,950 - selenium - INFO - Input content：Entech9999
2019-10-22 07:23:13,964 - selenium - INFO - Successful positioning of elements.Positioning method and values used：['id', 'password']
2019-10-22 07:23:14,115 - selenium - INFO - Input content：1234567a
2019-10-22 07:23:14,127 - selenium - INFO - Successful positioning of elements.Positioning method and values used：['id', 'passwd']
2019-10-22 07:23:14,232 - selenium - INFO - Input content：1234567A
2019-10-22 07:23:14,246 - selenium - INFO - Successful positioning of elements.Positioning method and values used：['id', 'rmNum']
2019-10-22 07:23:14,337 - selenium - INFO - Input content：1233
2019-10-22 07:23:14,347 - selenium - INFO - Successful positioning of elements.Positioning method and values used：['css selector', 'span > input']
2019-10-22 07:23:14,466 - selenium - INFO - Input content：13944434443
2019-10-22 07:23:14,479 - selenium - INFO - Successful positioning of elements.Positioning method and values used：['id', 'OK2']
2019-10-22 07:23:14,523 - selenium - INFO - Click on the element success,location method and value used：['id', 'OK2']
2019-10-22 07:23:14,539 - selenium - INFO - Successful positioning of elements.Positioning method and values used：['css selector', '.err > span']
2019-10-22 07:23:14,561 - selenium - INFO - Obtained text：两次密码不一致
2019-10-22 07:23:14,573 - selenium - INFO - Assert Verify success：expected outcome:{两次密码不一致} == actual results:{两次密码不一致}
2019-10-22 07:23:14,906 - selenium - INFO - Screenshot saved successfully!
2019-10-22 07:23:14,906 - selenium - INFO - Successful execution of test cases:注册页面，检测密码字段规则（是否区分密码字母大小写）

2019-10-22 07:23:14,906 - selenium - INFO - Executing use test case:注册页面，检测是否能阻止重复注册
2019-10-22 07:23:14,906 - selenium - INFO - input data:username:enintech0,password:987456123,passwd:987456123,phone:1233,code:13944434443,suc:0,assert:帐号已存在
2019-10-22 07:23:14,919 - selenium - INFO - Successful positioning of elements.Positioning method and values used：['id', 'username']
2019-10-22 07:23:15,028 - selenium - INFO - Input content：enintech0
2019-10-22 07:23:15,042 - selenium - INFO - Successful positioning of elements.Positioning method and values used：['id', 'password']
2019-10-22 07:23:15,167 - selenium - INFO - Input content：987456123
2019-10-22 07:23:15,184 - selenium - INFO - Successful positioning of elements.Positioning method and values used：['id', 'passwd']
2019-10-22 07:23:15,285 - selenium - INFO - Input content：987456123
2019-10-22 07:23:15,298 - selenium - INFO - Successful positioning of elements.Positioning method and values used：['id', 'rmNum']
2019-10-22 07:23:15,394 - selenium - INFO - Input content：1233
2019-10-22 07:23:15,408 - selenium - INFO - Successful positioning of elements.Positioning method and values used：['css selector', 'span > input']
2019-10-22 07:23:15,532 - selenium - INFO - Input content：13944434443
2019-10-22 07:23:15,544 - selenium - INFO - Successful positioning of elements.Positioning method and values used：['id', 'OK2']
2019-10-22 07:23:15,593 - selenium - INFO - Click on the element success,location method and value used：['id', 'OK2']
2019-10-22 07:23:15,675 - selenium - INFO - Successful positioning of elements.Positioning method and values used：['css selector', '.err > span']
2019-10-22 07:23:15,692 - selenium - INFO - Obtained text：帐号已存在
2019-10-22 07:23:15,706 - selenium - INFO - Assert Verify success：expected outcome:{帐号已存在} == actual results:{帐号已存在}
2019-10-22 07:23:16,060 - selenium - INFO - Screenshot saved successfully!
2019-10-22 07:23:16,061 - selenium - INFO - Successful execution of test cases:注册页面，检测是否能阻止重复注册

2019-10-22 07:23:16,061 - selenium - INFO - Executing use test case:注册页面，检测验证码字段规则（错误验证码是否阻止注册）
2019-10-22 07:23:16,061 - selenium - INFO - input data:username:Entech9999,password:1234567a,passwd:1234567a,phone:1111,code:13944434443,suc:0,assert:验证码错误
2019-10-22 07:23:16,073 - selenium - INFO - Successful positioning of elements.Positioning method and values used：['id', 'username']
2019-10-22 07:23:16,178 - selenium - INFO - Input content：Entech9999
2019-10-22 07:23:16,191 - selenium - INFO - Successful positioning of elements.Positioning method and values used：['id', 'password']
2019-10-22 07:23:16,355 - selenium - INFO - Input content：1234567a
2019-10-22 07:23:16,373 - selenium - INFO - Successful positioning of elements.Positioning method and values used：['id', 'passwd']
2019-10-22 07:23:16,463 - selenium - INFO - Input content：1234567a
2019-10-22 07:23:16,477 - selenium - INFO - Successful positioning of elements.Positioning method and values used：['id', 'rmNum']
2019-10-22 07:23:16,564 - selenium - INFO - Input content：1111
2019-10-22 07:23:16,581 - selenium - INFO - Successful positioning of elements.Positioning method and values used：['css selector', 'span > input']
2019-10-22 07:23:16,706 - selenium - INFO - Input content：13944434443
2019-10-22 07:23:16,718 - selenium - INFO - Successful positioning of elements.Positioning method and values used：['id', 'OK2']
2019-10-22 07:23:16,756 - selenium - INFO - Click on the element success,location method and value used：['id', 'OK2']
2019-10-22 07:23:16,942 - selenium - INFO - Successful positioning of elements.Positioning method and values used：['css selector', '.err > span']
2019-10-22 07:23:16,959 - selenium - INFO - Obtained text：验证码错误
2019-10-22 07:23:16,971 - selenium - INFO - Assert Verify success：expected outcome:{验证码错误} == actual results:{验证码错误}
2019-10-22 07:23:17,313 - selenium - INFO - Screenshot saved successfully!
2019-10-22 07:23:17,313 - selenium - INFO - Successful execution of test cases:注册页面，检测验证码字段规则（错误验证码是否阻止注册）

2019-10-22 07:23:17,313 - selenium - INFO - Executing use test case:检测是否能够成功注册账号
2019-10-22 07:23:17,326 - selenium - INFO - Successful positioning of elements.Positioning method and values used：['id', 'username']
2019-10-22 07:23:17,440 - selenium - INFO - Input content：enintech12
2019-10-22 07:23:17,452 - selenium - INFO - Successful positioning of elements.Positioning method and values used：['id', 'password']
2019-10-22 07:23:17,555 - selenium - INFO - Input content：12345678
2019-10-22 07:23:17,575 - selenium - INFO - Successful positioning of elements.Positioning method and values used：['id', 'passwd']
2019-10-22 07:23:17,681 - selenium - INFO - Input content：12345678
2019-10-22 07:23:17,697 - selenium - INFO - Successful positioning of elements.Positioning method and values used：['css selector', 'span > input']
2019-10-22 07:23:17,824 - selenium - INFO - Input content：13988889999
2019-10-22 07:23:25,865 - selenium - INFO - Forced wait 2 second
2019-10-22 07:23:26,265 - selenium - INFO - 在section：environment下读取browser的值
2019-10-22 07:23:26,265 - selenium - INFO - Read browser configuration, value：chrome
2019-10-22 07:23:26,265 - selenium - INFO - 在section：environment下读取url的值
2019-10-22 07:23:26,265 - selenium - INFO - Read url configuration, value：http://blr.9161252.com
2019-10-22 07:23:27,498 - selenium - INFO - Visit website：http://blr.9161252.com
2019-10-22 07:23:27,612 - selenium - INFO - Browser maximization
2019-10-22 07:23:27,617 - selenium - INFO - Set static wait time 10 seconds
2019-10-22 07:23:27,617 - selenium - INFO - Executing test cases：新注册会员，验证系统消息是否正确
2019-10-22 07:23:28,307 - selenium - INFO - Successful positioning of elements.Positioning method and values used：['css selector', '.close']
2019-10-22 07:23:28,435 - selenium - INFO - Successful positioning of elements.Positioning method and values used：['css selector', '.input-bg:nth-child(1)']
2019-10-22 07:23:28,650 - selenium - INFO - Input content：enintech11
2019-10-22 07:23:28,668 - selenium - INFO - Successful positioning of elements.Positioning method and values used：['id', 'txtFacade']
2019-10-22 07:23:28,900 - selenium - INFO - Input content：12345678
