2019-10-22 07:20:35,100 - selenium - INFO - 在section：environment下读取browser的值
2019-10-22 07:20:35,101 - selenium - INFO - Read browser configuration, value：chrome
2019-10-22 07:20:35,101 - selenium - INFO - 在section：environment下读取url的值
2019-10-22 07:20:35,101 - selenium - INFO - Read url configuration, value：http://blr.9161252.com
2019-10-22 07:20:36,358 - selenium - INFO - Visit website：http://blr.9161252.com
2019-10-22 07:20:36,476 - selenium - INFO - Browser maximization
2019-10-22 07:20:36,484 - selenium - INFO - Set static wait time 10 seconds
2019-10-22 07:20:36,484 - selenium - INFO - Executing use test case:
2019-10-22 07:20:37,245 - selenium - INFO - Successful positioning of elements.Positioning method and values used：['css selector', '.close']
2019-10-22 07:20:37,303 - selenium - INFO - Successful positioning of elements.Positioning method and values used：['css selector', '.regBtn']
2019-10-22 07:20:37,369 - selenium - INFO - Click on the element success,location method and value used：['css selector', '.regBtn']
2019-10-22 07:20:38,273 - selenium - INFO - Successful positioning of elements.Positioning method and values used：['id', 'username']
2019-10-22 07:20:38,434 - selenium - INFO - Input content：enintech0
2019-10-22 07:20:38,459 - selenium - INFO - Successful positioning of elements.Positioning method and values used：['id', 'password']
2019-10-22 07:20:38,608 - selenium - INFO - Input content：12345678
2019-10-22 07:20:38,661 - selenium - INFO - Successful positioning of elements.Positioning method and values used：['id', 'passwd']
2019-10-22 07:20:38,944 - selenium - INFO - Input content：12345678
2019-10-22 07:20:38,959 - selenium - INFO - Successful positioning of elements.Positioning method and values used：['id', 'rmNum']
2019-10-22 07:20:39,050 - selenium - INFO - Input content：1234
2019-10-22 07:20:39,066 - selenium - INFO - Successful positioning of elements.Positioning method and values used：['css selector', 'span > input']
2019-10-22 07:20:39,183 - selenium - INFO - Input content：13898378887
2019-10-22 07:20:39,200 - selenium - INFO - Successful positioning of elements.Positioning method and values used：['id', 'CANCEL2']
2019-10-22 07:20:39,246 - selenium - INFO - Click on the element success,location method and value used：['id', 'CANCEL2']
2019-10-22 07:20:39,263 - selenium - INFO - Successful positioning of elements.Positioning method and values used：['id', 'OK2']
2019-10-22 07:20:39,316 - selenium - INFO - Click on the element success,location method and value used：['id', 'OK2']
2019-10-22 07:20:39,352 - selenium - INFO - Successful positioning of elements.Positioning method and values used：['css selector', '.err > span']
2019-10-22 07:20:39,375 - selenium - INFO - Obtained text：帐号6-10位数字或字母
2019-10-22 07:20:39,388 - selenium - INFO - Failure of test case execution! Reason: '帐号6-10位数字或字母' != None : Assert Verification fail：expected outcome{None} != actual results{帐号6-10位数字或字母}

2019-10-22 07:20:39,389 - selenium - INFO - Executing use test case:注册页面，检测账号字段规则（是否为必填项）
2019-10-22 07:20:39,389 - selenium - INFO - input data:username:,password:,passwd:,phone:,code:,suc:0,assert:帐号6-10位数字或字母
2019-10-22 07:20:39,402 - selenium - INFO - Successful positioning of elements.Positioning method and values used：['id', 'username']
2019-10-22 07:20:39,481 - selenium - INFO - Input content：
2019-10-22 07:20:39,498 - selenium - INFO - Successful positioning of elements.Positioning method and values used：['id', 'password']
2019-10-22 07:20:39,573 - selenium - INFO - Input content：
2019-10-22 07:20:39,586 - selenium - INFO - Successful positioning of elements.Positioning method and values used：['id', 'passwd']
2019-10-22 07:20:39,679 - selenium - INFO - Input content：
2019-10-22 07:20:39,700 - selenium - INFO - Successful positioning of elements.Positioning method and values used：['id', 'rmNum']
2019-10-22 07:20:39,765 - selenium - INFO - Input content：
2019-10-22 07:20:39,779 - selenium - INFO - Successful positioning of elements.Positioning method and values used：['css selector', 'span > input']
2019-10-22 07:20:39,850 - selenium - INFO - Input content：
2019-10-22 07:20:39,869 - selenium - INFO - Successful positioning of elements.Positioning method and values used：['id', 'OK2']
2019-10-22 07:20:39,918 - selenium - INFO - Click on the element success,location method and value used：['id', 'OK2']
2019-10-22 07:20:39,969 - selenium - INFO - Successful positioning of elements.Positioning method and values used：['css selector', '.err > span']
2019-10-22 07:20:39,993 - selenium - INFO - Obtained text：帐号6-10位数字或字母
2019-10-22 07:20:40,007 - selenium - INFO - Assert Verify success：expected outcome:{帐号6-10位数字或字母} == actual results:{帐号6-10位数字或字母}
2019-10-22 07:20:40,377 - selenium - INFO - Screenshot saved successfully!
2019-10-22 07:20:40,378 - selenium - INFO - Successful execution of test cases:注册页面，检测账号字段规则（是否为必填项）

2019-10-22 07:20:40,378 - selenium - INFO - Executing use test case:注册页面，检测账号字段规则（长度是否不能小于6位）
2019-10-22 07:20:40,378 - selenium - INFO - input data:username:12,password:,passwd:,phone:,code:,suc:0,assert:帐号6-10位数字或字母
2019-10-22 07:20:40,395 - selenium - INFO - Successful positioning of elements.Positioning method and values used：['id', 'username']
2019-10-22 07:20:40,477 - selenium - INFO - Input content：12
2019-10-22 07:20:40,493 - selenium - INFO - Successful positioning of elements.Positioning method and values used：['id', 'password']
2019-10-22 07:20:40,584 - selenium - INFO - Input content：
2019-10-22 07:20:40,599 - selenium - INFO - Successful positioning of elements.Positioning method and values used：['id', 'passwd']
2019-10-22 07:20:40,685 - selenium - INFO - Input content：
2019-10-22 07:20:40,701 - selenium - INFO - Successful positioning of elements.Positioning method and values used：['id', 'rmNum']
2019-10-22 07:20:40,766 - selenium - INFO - Input content：
2019-10-22 07:20:40,779 - selenium - INFO - Successful positioning of elements.Positioning method and values used：['css selector', 'span > input']
2019-10-22 07:20:40,861 - selenium - INFO - Input content：
2019-10-22 07:20:40,881 - selenium - INFO - Successful positioning of elements.Positioning method and values used：['id', 'OK2']
2019-10-22 07:20:40,929 - selenium - INFO - Click on the element success,location method and value used：['id', 'OK2']
2019-10-22 07:20:40,944 - selenium - INFO - Successful positioning of elements.Positioning method and values used：['css selector', '.err > span']
2019-10-22 07:20:40,963 - selenium - INFO - Obtained text：帐号6-10位数字或字母
2019-10-22 07:20:40,977 - selenium - INFO - Assert Verify success：expected outcome:{帐号6-10位数字或字母} == actual results:{帐号6-10位数字或字母}
2019-10-22 07:20:41,323 - selenium - INFO - Screenshot saved successfully!
2019-10-22 07:20:41,323 - selenium - INFO - Successful execution of test cases:注册页面，检测账号字段规则（长度是否不能小于6位）

2019-10-22 07:20:41,323 - selenium - INFO - Executing use test case:注册页面，检测账号字段规则（是否不能包含中文）
2019-10-22 07:20:41,323 - selenium - INFO - input data:username:阿斯顿但是我,password:,passwd:,phone:,code:,suc:0,assert:帐号6-10位数字或字母
2019-10-22 07:20:41,343 - selenium - INFO - Successful positioning of elements.Positioning method and values used：['id', 'username']
2019-10-22 07:20:41,442 - selenium - INFO - Input content：阿斯顿但是我
2019-10-22 07:20:41,457 - selenium - INFO - Successful positioning of elements.Positioning method and values used：['id', 'password']
2019-10-22 07:20:41,528 - selenium - INFO - Input content：
2019-10-22 07:20:41,550 - selenium - INFO - Successful positioning of elements.Positioning method and values used：['id', 'passwd']
2019-10-22 07:20:41,647 - selenium - INFO - Input content：
2019-10-22 07:20:41,661 - selenium - INFO - Successful positioning of elements.Positioning method and values used：['id', 'rmNum']
2019-10-22 07:20:41,726 - selenium - INFO - Input content：
2019-10-22 07:20:41,742 - selenium - INFO - Successful positioning of elements.Positioning method and values used：['css selector', 'span > input']
2019-10-22 07:20:41,817 - selenium - INFO - Input content：
2019-10-22 07:20:41,831 - selenium - INFO - Successful positioning of elements.Positioning method and values used：['id', 'OK2']
2019-10-22 07:20:41,862 - selenium - INFO - Click on the element success,location method and value used：['id', 'OK2']
2019-10-22 07:20:41,873 - selenium - INFO - Successful positioning of elements.Positioning method and values used：['css selector', '.err > span']
2019-10-22 07:20:41,896 - selenium - INFO - Obtained text：帐号6-10位数字或字母
2019-10-22 07:20:41,918 - selenium - INFO - Assert Verify success：expected outcome:{帐号6-10位数字或字母} == actual results:{帐号6-10位数字或字母}
2019-10-22 07:20:42,278 - selenium - INFO - Screenshot saved successfully!
2019-10-22 07:20:42,278 - selenium - INFO - Successful execution of test cases:注册页面，检测账号字段规则（是否不能包含中文）

2019-10-22 07:20:42,278 - selenium - INFO - Executing use test case:注册页面，检测账号字段规则（是否不能包含特殊字符）
2019-10-22 07:20:42,278 - selenium - INFO - input data:username:*&#123abc,password:,passwd:,phone:,code:,suc:0,assert:帐号6-10位数字或字母
2019-10-22 07:20:42,298 - selenium - INFO - Successful positioning of elements.Positioning method and values used：['id', 'username']
2019-10-22 07:20:42,411 - selenium - INFO - Input content：*&#123abc
2019-10-22 07:20:42,423 - selenium - INFO - Successful positioning of elements.Positioning method and values used：['id', 'password']
2019-10-22 07:20:42,498 - selenium - INFO - Input content：
2019-10-22 07:20:42,514 - selenium - INFO - Successful positioning of elements.Positioning method and values used：['id', 'passwd']
2019-10-22 07:20:42,606 - selenium - INFO - Input content：
2019-10-22 07:20:42,618 - selenium - INFO - Successful positioning of elements.Positioning method and values used：['id', 'rmNum']
2019-10-22 07:20:42,685 - selenium - INFO - Input content：
2019-10-22 07:20:42,698 - selenium - INFO - Successful positioning of elements.Positioning method and values used：['css selector', 'span > input']
2019-10-22 07:20:42,782 - selenium - INFO - Input content：
2019-10-22 07:20:42,798 - selenium - INFO - Successful positioning of elements.Positioning method and values used：['id', 'OK2']
2019-10-22 07:20:42,830 - selenium - INFO - Click on the element success,location method and value used：['id', 'OK2']
2019-10-22 07:20:42,844 - selenium - INFO - Successful positioning of elements.Positioning method and values used：['css selector', '.err > span']
2019-10-22 07:20:42,862 - selenium - INFO - Obtained text：帐号6-10位数字或字母
2019-10-22 07:20:42,873 - selenium - INFO - Assert Verify success：expected outcome:{帐号6-10位数字或字母} == actual results:{帐号6-10位数字或字母}
2019-10-22 07:20:43,206 - selenium - INFO - Screenshot saved successfully!
2019-10-22 07:20:43,206 - selenium - INFO - Successful execution of test cases:注册页面，检测账号字段规则（是否不能包含特殊字符）

2019-10-22 07:20:43,207 - selenium - INFO - Executing use test case:注册页面，检测账号字段规则（长度是否不能小于6位）
2019-10-22 07:20:43,207 - selenium - INFO - input data:username:123as,password:,passwd:,phone:,code:,suc:0,assert:帐号6-10位数字或字母
2019-10-22 07:20:43,218 - selenium - INFO - Successful positioning of elements.Positioning method and values used：['id', 'username']
2019-10-22 07:20:43,326 - selenium - INFO - Input content：123as
2019-10-22 07:20:43,338 - selenium - INFO - Successful positioning of elements.Positioning method and values used：['id', 'password']
2019-10-22 07:20:43,421 - selenium - INFO - Input content：
2019-10-22 07:20:43,444 - selenium - INFO - Successful positioning of elements.Positioning method and values used：['id', 'passwd']
2019-10-22 07:20:43,533 - selenium - INFO - Input content：
2019-10-22 07:20:43,546 - selenium - INFO - Successful positioning of elements.Positioning method and values used：['id', 'rmNum']
2019-10-22 07:20:43,614 - selenium - INFO - Input content：
2019-10-22 07:20:43,632 - selenium - INFO - Successful positioning of elements.Positioning method and values used：['css selector', 'span > input']
2019-10-22 07:20:43,714 - selenium - INFO - Input content：
2019-10-22 07:20:43,730 - selenium - INFO - Successful positioning of elements.Positioning method and values used：['id', 'OK2']
2019-10-22 07:20:43,762 - selenium - INFO - Click on the element success,location method and value used：['id', 'OK2']
2019-10-22 07:20:43,790 - selenium - INFO - Successful positioning of elements.Positioning method and values used：['css selector', '.err > span']
2019-10-22 07:20:43,813 - selenium - INFO - Obtained text：帐号6-10位数字或字母
2019-10-22 07:20:43,827 - selenium - INFO - Assert Verify success：expected outcome:{帐号6-10位数字或字母} == actual results:{帐号6-10位数字或字母}
2019-10-22 07:20:44,151 - selenium - INFO - Screenshot saved successfully!
2019-10-22 07:20:44,151 - selenium - INFO - Successful execution of test cases:注册页面，检测账号字段规则（长度是否不能小于6位）

2019-10-22 07:20:44,152 - selenium - INFO - Executing use test case:注册页面，检测密码字段规则（是否为必填项）
2019-10-22 07:20:44,152 - selenium - INFO - input data:username:Entech9999,password:,passwd:,phone:,code:,suc:0,assert:密码8-20位数字或字母
2019-10-22 07:20:44,166 - selenium - INFO - Successful positioning of elements.Positioning method and values used：['id', 'username']
2019-10-22 07:20:44,272 - selenium - INFO - Input content：Entech9999
2019-10-22 07:20:44,286 - selenium - INFO - Successful positioning of elements.Positioning method and values used：['id', 'password']
2019-10-22 07:20:44,361 - selenium - INFO - Input content：
2019-10-22 07:20:44,378 - selenium - INFO - Successful positioning of elements.Positioning method and values used：['id', 'passwd']
2019-10-22 07:20:44,455 - selenium - INFO - Input content：
2019-10-22 07:20:44,468 - selenium - INFO - Successful positioning of elements.Positioning method and values used：['id', 'rmNum']
2019-10-22 07:20:44,535 - selenium - INFO - Input content：
2019-10-22 07:20:44,548 - selenium - INFO - Successful positioning of elements.Positioning method and values used：['css selector', 'span > input']
2019-10-22 07:20:44,628 - selenium - INFO - Input content：
2019-10-22 07:20:44,649 - selenium - INFO - Successful positioning of elements.Positioning method and values used：['id', 'OK2']
2019-10-22 07:20:44,694 - selenium - INFO - Click on the element success,location method and value used：['id', 'OK2']
2019-10-22 07:20:44,705 - selenium - INFO - Successful positioning of elements.Positioning method and values used：['css selector', '.err > span']
2019-10-22 07:20:44,722 - selenium - INFO - Obtained text：密码8-20位数字或字母
2019-10-22 07:20:44,734 - selenium - INFO - Assert Verify success：expected outcome:{密码8-20位数字或字母} == actual results:{密码8-20位数字或字母}
2019-10-22 07:20:45,098 - selenium - INFO - Screenshot saved successfully!
2019-10-22 07:20:45,099 - selenium - INFO - Successful execution of test cases:注册页面，检测密码字段规则（是否为必填项）

2019-10-22 07:20:45,099 - selenium - INFO - Executing use test case:注册页面，检测验证码字段规则（是否为必填项）
2019-10-22 07:20:45,099 - selenium - INFO - input data:username:Entech9999,password:12345678,passwd:12345678,phone:,code:,suc:0,assert:请输入验证码
2019-10-22 07:20:45,111 - selenium - INFO - Successful positioning of elements.Positioning method and values used：['id', 'username']
2019-10-22 07:20:45,219 - selenium - INFO - Input content：Entech9999
2019-10-22 07:20:45,233 - selenium - INFO - Successful positioning of elements.Positioning method and values used：['id', 'password']
2019-10-22 07:20:45,356 - selenium - INFO - Input content：12345678
2019-10-22 07:20:45,372 - selenium - INFO - Successful positioning of elements.Positioning method and values used：['id', 'passwd']
2019-10-22 07:20:45,474 - selenium - INFO - Input content：12345678
2019-10-22 07:20:45,491 - selenium - INFO - Successful positioning of elements.Positioning method and values used：['id', 'rmNum']
2019-10-22 07:20:45,561 - selenium - INFO - Input content：
2019-10-22 07:20:45,577 - selenium - INFO - Successful positioning of elements.Positioning method and values used：['css selector', 'span > input']
2019-10-22 07:20:45,651 - selenium - INFO - Input content：
2019-10-22 07:20:45,664 - selenium - INFO - Successful positioning of elements.Positioning method and values used：['id', 'OK2']
2019-10-22 07:20:45,713 - selenium - INFO - Click on the element success,location method and value used：['id', 'OK2']
2019-10-22 07:20:45,726 - selenium - INFO - Successful positioning of elements.Positioning method and values used：['css selector', '.err > span']
2019-10-22 07:20:45,742 - selenium - INFO - Obtained text：请输入验证码
2019-10-22 07:20:45,755 - selenium - INFO - Assert Verify success：expected outcome:{请输入验证码} == actual results:{请输入验证码}
2019-10-22 07:20:46,145 - selenium - INFO - Screenshot saved successfully!
2019-10-22 07:20:46,145 - selenium - INFO - Successful execution of test cases:注册页面，检测验证码字段规则（是否为必填项）

2019-10-22 07:20:46,146 - selenium - INFO - Executing use test case:注册页面，检测手机号字段规则（是否为必填项）
2019-10-22 07:20:46,146 - selenium - INFO - input data:username:Entech9999,password:12345678,passwd:12345678,phone:1233,code:,suc:0,assert:请输入手机号
2019-10-22 07:20:46,160 - selenium - INFO - Successful positioning of elements.Positioning method and values used：['id', 'username']
2019-10-22 07:20:46,282 - selenium - INFO - Input content：Entech9999
2019-10-22 07:20:46,296 - selenium - INFO - Successful positioning of elements.Positioning method and values used：['id', 'password']
2019-10-22 07:20:46,447 - selenium - INFO - Input content：12345678
2019-10-22 07:20:46,461 - selenium - INFO - Successful positioning of elements.Positioning method and values used：['id', 'passwd']
2019-10-22 07:20:46,565 - selenium - INFO - Input content：12345678
2019-10-22 07:20:46,578 - selenium - INFO - Successful positioning of elements.Positioning method and values used：['id', 'rmNum']
2019-10-22 07:20:46,678 - selenium - INFO - Input content：1233
2019-10-22 07:20:46,695 - selenium - INFO - Successful positioning of elements.Positioning method and values used：['css selector', 'span > input']
2019-10-22 07:20:46,764 - selenium - INFO - Input content：
2019-10-22 07:20:46,784 - selenium - INFO - Successful positioning of elements.Positioning method and values used：['id', 'OK2']
2019-10-22 07:20:46,830 - selenium - INFO - Click on the element success,location method and value used：['id', 'OK2']
2019-10-22 07:20:46,848 - selenium - INFO - Successful positioning of elements.Positioning method and values used：['css selector', '.err > span']
2019-10-22 07:20:46,863 - selenium - INFO - Obtained text：请输入手机号
2019-10-22 07:20:46,877 - selenium - INFO - Assert Verify success：expected outcome:{请输入手机号} == actual results:{请输入手机号}
2019-10-22 07:20:47,229 - selenium - INFO - Screenshot saved successfully!
2019-10-22 07:20:47,229 - selenium - INFO - Successful execution of test cases:注册页面，检测手机号字段规则（是否为必填项）

2019-10-22 07:20:47,230 - selenium - INFO - Executing use test case:注册页面，检测密码字段规则（最小长度是否为8位）
2019-10-22 07:20:47,230 - selenium - INFO - input data:username:Entech9999,password:12345,passwd:12345,phone:1233,code:11144434443,suc:0,assert:密码 的最小长度为 8 字符
2019-10-22 07:20:47,245 - selenium - INFO - Successful positioning of elements.Positioning method and values used：['id', 'username']
2019-10-22 07:20:47,360 - selenium - INFO - Input content：Entech9999
2019-10-22 07:20:47,372 - selenium - INFO - Successful positioning of elements.Positioning method and values used：['id', 'password']
2019-10-22 07:20:47,497 - selenium - INFO - Input content：12345
2019-10-22 07:20:47,513 - selenium - INFO - Successful positioning of elements.Positioning method and values used：['id', 'passwd']
2019-10-22 07:20:47,612 - selenium - INFO - Input content：12345
2019-10-22 07:20:47,623 - selenium - INFO - Successful positioning of elements.Positioning method and values used：['id', 'rmNum']
2019-10-22 07:20:47,715 - selenium - INFO - Input content：1233
2019-10-22 07:20:47,730 - selenium - INFO - Successful positioning of elements.Positioning method and values used：['css selector', 'span > input']
2019-10-22 07:20:47,835 - selenium - INFO - Input content：11144434443
2019-10-22 07:20:47,849 - selenium - INFO - Successful positioning of elements.Positioning method and values used：['id', 'OK2']
2019-10-22 07:20:47,897 - selenium - INFO - Click on the element success,location method and value used：['id', 'OK2']
2019-10-22 07:20:48,317 - selenium - INFO - Successful positioning of elements.Positioning method and values used：['css selector', '.err > span']
2019-10-22 07:20:48,333 - selenium - INFO - Obtained text：密码 的最小长度为 8 字符
2019-10-22 07:20:48,349 - selenium - INFO - Assert Verify success：expected outcome:{密码的最小长度为8字符} == actual results:{密码的最小长度为8字符}
2019-10-22 07:20:48,705 - selenium - INFO - Screenshot saved successfully!
2019-10-22 07:20:48,705 - selenium - INFO - Successful execution of test cases:注册页面，检测密码字段规则（最小长度是否为8位）

2019-10-22 07:20:48,706 - selenium - INFO - Executing use test case:注册页面，检测密码字段规则（最小长度是否为8位）
2019-10-22 07:20:48,706 - selenium - INFO - input data:username:Entech9999,password:1234,passwd:1234,phone:1233,code:11144434443,suc:0,assert:密码8-20位数字或字母
2019-10-22 07:20:48,720 - selenium - INFO - Successful positioning of elements.Positioning method and values used：['id', 'username']
2019-10-22 07:20:48,831 - selenium - INFO - Input content：Entech9999
2019-10-22 07:20:48,844 - selenium - INFO - Successful positioning of elements.Positioning method and values used：['id', 'password']
2019-10-22 07:20:48,943 - selenium - INFO - Input content：1234
2019-10-22 07:20:48,962 - selenium - INFO - Successful positioning of elements.Positioning method and values used：['id', 'passwd']
2019-10-22 07:20:49,046 - selenium - INFO - Input content：1234
2019-10-22 07:20:49,059 - selenium - INFO - Successful positioning of elements.Positioning method and values used：['id', 'rmNum']
2019-10-22 07:20:49,151 - selenium - INFO - Input content：1233
2019-10-22 07:20:49,165 - selenium - INFO - Successful positioning of elements.Positioning method and values used：['css selector', 'span > input']
2019-10-22 07:20:49,281 - selenium - INFO - Input content：11144434443
2019-10-22 07:20:49,294 - selenium - INFO - Successful positioning of elements.Positioning method and values used：['id', 'OK2']
2019-10-22 07:20:49,344 - selenium - INFO - Click on the element success,location method and value used：['id', 'OK2']
2019-10-22 07:20:49,360 - selenium - INFO - Successful positioning of elements.Positioning method and values used：['css selector', '.err > span']
2019-10-22 07:20:49,375 - selenium - INFO - Obtained text：密码8-20位数字或字母
2019-10-22 07:20:49,389 - selenium - INFO - Assert Verify success：expected outcome:{密码8-20位数字或字母} == actual results:{密码8-20位数字或字母}
2019-10-22 07:20:49,726 - selenium - INFO - Screenshot saved successfully!
2019-10-22 07:20:49,727 - selenium - INFO - Successful execution of test cases:注册页面，检测密码字段规则（最小长度是否为8位）

2019-10-22 07:20:49,727 - selenium - INFO - Executing use test case:注册页面，检测手机号字段规则（手机格式）
2019-10-22 07:20:49,727 - selenium - INFO - input data:username:Entech9999,password:12345678,passwd:12345678,phone:1233,code:11144434443,suc:0,assert:请填写正确的手机号码.
2019-10-22 07:20:49,742 - selenium - INFO - Successful positioning of elements.Positioning method and values used：['id', 'username']
2019-10-22 07:20:49,860 - selenium - INFO - Input content：Entech9999
2019-10-22 07:20:49,879 - selenium - INFO - Successful positioning of elements.Positioning method and values used：['id', 'password']
2019-10-22 07:20:50,015 - selenium - INFO - Input content：12345678
2019-10-22 07:20:50,029 - selenium - INFO - Successful positioning of elements.Positioning method and values used：['id', 'passwd']
2019-10-22 07:20:50,133 - selenium - INFO - Input content：12345678
2019-10-22 07:20:50,149 - selenium - INFO - Successful positioning of elements.Positioning method and values used：['id', 'rmNum']
2019-10-22 07:20:50,230 - selenium - INFO - Input content：1233
2019-10-22 07:20:50,247 - selenium - INFO - Successful positioning of elements.Positioning method and values used：['css selector', 'span > input']
2019-10-22 07:20:50,365 - selenium - INFO - Input content：11144434443
2019-10-22 07:20:50,379 - selenium - INFO - Successful positioning of elements.Positioning method and values used：['id', 'OK2']
2019-10-22 07:20:50,429 - selenium - INFO - Click on the element success,location method and value used：['id', 'OK2']
2019-10-22 07:20:50,837 - selenium - INFO - Successful positioning of elements.Positioning method and values used：['css selector', '.err > span']
2019-10-22 07:20:50,865 - selenium - INFO - Obtained text：请填写正确的手机号码.
2019-10-22 07:20:50,878 - selenium - INFO - Assert Verify success：expected outcome:{请填写正确的手机号码.} == actual results:{请填写正确的手机号码.}
2019-10-22 07:20:51,225 - selenium - INFO - Screenshot saved successfully!
2019-10-22 07:20:51,226 - selenium - INFO - Successful execution of test cases:注册页面，检测手机号字段规则（手机格式）

2019-10-22 07:20:51,226 - selenium - INFO - Executing use test case:注册页面，检测密码字段规则（是否区分密码字母大小写）
2019-10-22 07:20:51,226 - selenium - INFO - input data:username:Entech9999,password:1234567a,passwd:1234567A,phone:1233,code:13944434443,suc:0,assert:两次密码不一致
2019-10-22 07:20:51,238 - selenium - INFO - Successful positioning of elements.Positioning method and values used：['id', 'username']
2019-10-22 07:20:51,359 - selenium - INFO - Input content：Entech9999
2019-10-22 07:20:51,381 - selenium - INFO - Successful positioning of elements.Positioning method and values used：['id', 'password']
2019-10-22 07:20:51,533 - selenium - INFO - Input content：1234567a
2019-10-22 07:20:51,563 - selenium - INFO - Successful positioning of elements.Positioning method and values used：['id', 'passwd']
2019-10-22 07:20:51,682 - selenium - INFO - Input content：1234567A
2019-10-22 07:20:51,697 - selenium - INFO - Successful positioning of elements.Positioning method and values used：['id', 'rmNum']
2019-10-22 07:20:51,813 - selenium - INFO - Input content：1233
2019-10-22 07:20:51,825 - selenium - INFO - Successful positioning of elements.Positioning method and values used：['css selector', 'span > input']
2019-10-22 07:20:51,959 - selenium - INFO - Input content：13944434443
2019-10-22 07:20:51,970 - selenium - INFO - Successful positioning of elements.Positioning method and values used：['id', 'OK2']
2019-10-22 07:20:52,012 - selenium - INFO - Click on the element success,location method and value used：['id', 'OK2']
2019-10-22 07:20:52,030 - selenium - INFO - Successful positioning of elements.Positioning method and values used：['css selector', '.err > span']
2019-10-22 07:20:52,046 - selenium - INFO - Obtained text：两次密码不一致
2019-10-22 07:20:52,061 - selenium - INFO - Assert Verify success：expected outcome:{两次密码不一致} == actual results:{两次密码不一致}
2019-10-22 07:20:52,421 - selenium - INFO - Screenshot saved successfully!
2019-10-22 07:20:52,422 - selenium - INFO - Successful execution of test cases:注册页面，检测密码字段规则（是否区分密码字母大小写）

2019-10-22 07:20:52,422 - selenium - INFO - Executing use test case:注册页面，检测是否能阻止重复注册
2019-10-22 07:20:52,422 - selenium - INFO - input data:username:enintech0,password:987456123,passwd:987456123,phone:1233,code:13944434443,suc:0,assert:帐号已存在
2019-10-22 07:20:52,435 - selenium - INFO - Successful positioning of elements.Positioning method and values used：['id', 'username']
2019-10-22 07:20:52,540 - selenium - INFO - Input content：enintech0
2019-10-22 07:20:52,551 - selenium - INFO - Successful positioning of elements.Positioning method and values used：['id', 'password']
2019-10-22 07:20:52,685 - selenium - INFO - Input content：987456123
2019-10-22 07:20:52,705 - selenium - INFO - Successful positioning of elements.Positioning method and values used：['id', 'passwd']
2019-10-22 07:20:52,827 - selenium - INFO - Input content：987456123
2019-10-22 07:20:52,844 - selenium - INFO - Successful positioning of elements.Positioning method and values used：['id', 'rmNum']
2019-10-22 07:20:52,935 - selenium - INFO - Input content：1233
2019-10-22 07:20:52,951 - selenium - INFO - Successful positioning of elements.Positioning method and values used：['css selector', 'span > input']
2019-10-22 07:20:53,076 - selenium - INFO - Input content：13944434443
2019-10-22 07:20:53,088 - selenium - INFO - Successful positioning of elements.Positioning method and values used：['id', 'OK2']
2019-10-22 07:20:53,142 - selenium - INFO - Click on the element success,location method and value used：['id', 'OK2']
2019-10-22 07:20:53,213 - selenium - INFO - Successful positioning of elements.Positioning method and values used：['css selector', '.err > span']
2019-10-22 07:20:53,229 - selenium - INFO - Obtained text：帐号已存在
2019-10-22 07:20:53,243 - selenium - INFO - Assert Verify success：expected outcome:{帐号已存在} == actual results:{帐号已存在}
2019-10-22 07:20:53,619 - selenium - INFO - Screenshot saved successfully!
2019-10-22 07:20:53,619 - selenium - INFO - Successful execution of test cases:注册页面，检测是否能阻止重复注册

2019-10-22 07:20:53,619 - selenium - INFO - Executing use test case:注册页面，检测验证码字段规则（错误验证码是否阻止注册）
2019-10-22 07:20:53,619 - selenium - INFO - input data:username:Entech9999,password:1234567a,passwd:1234567a,phone:1111,code:13944434443,suc:0,assert:验证码错误
2019-10-22 07:20:53,634 - selenium - INFO - Successful positioning of elements.Positioning method and values used：['id', 'username']
2019-10-22 07:20:53,764 - selenium - INFO - Input content：Entech9999
2019-10-22 07:20:53,779 - selenium - INFO - Successful positioning of elements.Positioning method and values used：['id', 'password']
2019-10-22 07:20:53,930 - selenium - INFO - Input content：1234567a
2019-10-22 07:20:53,945 - selenium - INFO - Successful positioning of elements.Positioning method and values used：['id', 'passwd']
2019-10-22 07:20:54,049 - selenium - INFO - Input content：1234567a
2019-10-22 07:20:54,061 - selenium - INFO - Successful positioning of elements.Positioning method and values used：['id', 'rmNum']
2019-10-22 07:20:54,165 - selenium - INFO - Input content：1111
2019-10-22 07:20:54,178 - selenium - INFO - Successful positioning of elements.Positioning method and values used：['css selector', 'span > input']
2019-10-22 07:20:54,295 - selenium - INFO - Input content：13944434443
2019-10-22 07:20:54,308 - selenium - INFO - Successful positioning of elements.Positioning method and values used：['id', 'OK2']
2019-10-22 07:20:54,351 - selenium - INFO - Click on the element success,location method and value used：['id', 'OK2']
2019-10-22 07:20:54,533 - selenium - INFO - Successful positioning of elements.Positioning method and values used：['css selector', '.err > span']
2019-10-22 07:20:54,549 - selenium - INFO - Obtained text：验证码错误
2019-10-22 07:20:54,563 - selenium - INFO - Assert Verify success：expected outcome:{验证码错误} == actual results:{验证码错误}
2019-10-22 07:20:54,897 - selenium - INFO - Screenshot saved successfully!
2019-10-22 07:20:54,898 - selenium - INFO - Successful execution of test cases:注册页面，检测验证码字段规则（错误验证码是否阻止注册）

2019-10-22 07:20:54,898 - selenium - INFO - Executing use test case:检测是否能够成功注册账号
2019-10-22 07:20:54,914 - selenium - INFO - Successful positioning of elements.Positioning method and values used：['id', 'username']
2019-10-22 07:20:55,044 - selenium - INFO - Input content：enintech12
2019-10-22 07:20:55,058 - selenium - INFO - Successful positioning of elements.Positioning method and values used：['id', 'password']
2019-10-22 07:20:55,191 - selenium - INFO - Input content：12345678
2019-10-22 07:20:55,207 - selenium - INFO - Successful positioning of elements.Positioning method and values used：['id', 'passwd']
2019-10-22 07:20:55,303 - selenium - INFO - Input content：12345678
2019-10-22 07:20:55,318 - selenium - INFO - Successful positioning of elements.Positioning method and values used：['css selector', 'span > input']
2019-10-22 07:20:55,430 - selenium - INFO - Input content：13988889999
2019-10-22 07:20:58,923 - selenium - INFO - Forced wait 2 second
2019-10-22 07:20:58,934 - selenium - INFO - Successful positioning of elements.Positioning method and values used：['id', 'rmNum']
2019-10-22 07:20:59,037 - selenium - INFO - Input content：5360
2019-10-22 07:20:59,050 - selenium - INFO - Successful positioning of elements.Positioning method and values used：['id', 'OK2']
2019-10-22 07:20:59,097 - selenium - INFO - Click on the element success,location method and value used：['id', 'OK2']
2019-10-22 07:21:01,099 - selenium - INFO - Forced wait 2 second
2019-10-22 07:21:01,113 - selenium - INFO - Successful positioning of elements.Positioning method and values used：['css selector', '.err > span']
2019-10-22 07:21:01,131 - selenium - INFO - Obtained text：帐号已存在
2019-10-22 07:21:01,158 - selenium - INFO - Successful positioning of elements.Positioning method and values used：['css selector', '.err > span']
2019-10-22 07:21:01,171 - selenium - INFO - Obtained text：帐号已存在
2019-10-22 07:21:03,185 - selenium - INFO - Forced wait 2 second
2019-10-22 07:21:03,204 - selenium - INFO - Successful positioning of elements.Positioning method and values used：['css selector', '.vp-all-tipModel-wrap .ivu-icon']
2019-10-22 07:21:13,666 - selenium - INFO - 在section：environment下读取browser的值
2019-10-22 07:21:13,666 - selenium - INFO - Read browser configuration, value：chrome
2019-10-22 07:21:13,666 - selenium - INFO - 在section：environment下读取url的值
2019-10-22 07:21:13,666 - selenium - INFO - Read url configuration, value：http://blr.9161252.com
2019-10-22 07:21:13,749 - selenium - ERROR - Browser open error
Traceback (most recent call last):
  File "/root/PycharmProjects/blr.9161252.com/venv/lib/python3.7/site-packages/urllib3/connectionpool.py", line 377, in _make_request
    httplib_response = conn.getresponse(buffering=True)
TypeError: getresponse() got an unexpected keyword argument 'buffering'

During handling of the above exception, another exception occurred:

Traceback (most recent call last):
  File "/root/PycharmProjects/blr.9161252.com/Common/basePage.py", line 113, in open_browser
    'javascriptEnabled': True})
  File "/root/PycharmProjects/blr.9161252.com/venv/lib/python3.7/site-packages/selenium/webdriver/remote/webdriver.py", line 157, in __init__
    self.start_session(capabilities, browser_profile)
  File "/root/PycharmProjects/blr.9161252.com/venv/lib/python3.7/site-packages/selenium/webdriver/remote/webdriver.py", line 252, in start_session
    response = self.execute(Command.NEW_SESSION, parameters)
  File "/root/PycharmProjects/blr.9161252.com/venv/lib/python3.7/site-packages/selenium/webdriver/remote/webdriver.py", line 319, in execute
    response = self.command_executor.execute(driver_command, params)
  File "/root/PycharmProjects/blr.9161252.com/venv/lib/python3.7/site-packages/selenium/webdriver/remote/remote_connection.py", line 374, in execute
    return self._request(command_info[0], url, body=data)
  File "/root/PycharmProjects/blr.9161252.com/venv/lib/python3.7/site-packages/selenium/webdriver/remote/remote_connection.py", line 402, in _request
    resp = http.request(method, url, body=body, headers=headers)
  File "/root/PycharmProjects/blr.9161252.com/venv/lib/python3.7/site-packages/urllib3/request.py", line 72, in request
    **urlopen_kw)
  File "/root/PycharmProjects/blr.9161252.com/venv/lib/python3.7/site-packages/urllib3/request.py", line 150, in request_encode_body
    return self.urlopen(method, url, **extra_kw)
  File "/root/PycharmProjects/blr.9161252.com/venv/lib/python3.7/site-packages/urllib3/poolmanager.py", line 324, in urlopen
    response = conn.urlopen(method, u.request_uri, **kw)
  File "/root/PycharmProjects/blr.9161252.com/venv/lib/python3.7/site-packages/urllib3/connectionpool.py", line 600, in urlopen
    chunked=chunked)
  File "/root/PycharmProjects/blr.9161252.com/venv/lib/python3.7/site-packages/urllib3/connectionpool.py", line 380, in _make_request
    httplib_response = conn.getresponse()
  File "/usr/lib/python3.7/http/client.py", line 1336, in getresponse
    response.begin()
  File "/usr/lib/python3.7/http/client.py", line 306, in begin
    version, status, reason = self._read_status()
  File "/usr/lib/python3.7/http/client.py", line 267, in _read_status
    line = str(self.fp.readline(_MAXLINE + 1), "iso-8859-1")
  File "/usr/lib/python3.7/socket.py", line 589, in readinto
    return self._sock.recv_into(b)
KeyboardInterrupt
2019-10-22 07:21:13,752 - selenium - INFO - 在section：environment下读取browser的值
2019-10-22 07:21:13,752 - selenium - INFO - Read browser configuration, value：chrome
2019-10-22 07:21:13,752 - selenium - INFO - 在section：environment下读取url的值
2019-10-22 07:21:13,752 - selenium - INFO - Read url configuration, value：http://blr.9161252.com
