2019-10-22 23:50:43,595 - selenium - INFO - 在section：environment下读取browser的值
2019-10-22 23:50:43,595 - selenium - INFO - Read browser configuration, value：chrome
2019-10-22 23:50:43,595 - selenium - INFO - 在section：environment下读取url的值
2019-10-22 23:50:43,595 - selenium - INFO - Read url configuration, value：http://blr.9161252.com
2019-10-22 23:50:45,316 - selenium - INFO - Visit website：http://blr.9161252.com
2019-10-22 23:50:45,441 - selenium - INFO - Browser maximization
2019-10-22 23:50:45,457 - selenium - INFO - Set static wait time 10 seconds
2019-10-22 23:50:45,457 - selenium - INFO - Executing use test case:
2019-10-22 23:50:47,161 - selenium - INFO - Successful positioning of elements.Positioning method and values used：['css selector', '.close']
2019-10-22 23:50:47,231 - selenium - INFO - Successful positioning of elements.Positioning method and values used：['css selector', '.regBtn']
2019-10-22 23:50:47,359 - selenium - INFO - Click on the element success,location method and value used：['css selector', '.regBtn']
2019-10-22 23:50:48,326 - selenium - INFO - Successful positioning of elements.Positioning method and values used：['id', 'username']
2019-10-22 23:50:48,711 - selenium - INFO - Input content：enintech0
2019-10-22 23:50:48,739 - selenium - INFO - Successful positioning of elements.Positioning method and values used：['id', 'password']
2019-10-22 23:50:49,143 - selenium - INFO - Input content：12345678
2019-10-22 23:50:49,162 - selenium - INFO - Successful positioning of elements.Positioning method and values used：['id', 'passwd']
2019-10-22 23:50:49,355 - selenium - INFO - Input content：12345678
2019-10-22 23:50:49,375 - selenium - INFO - Successful positioning of elements.Positioning method and values used：['id', 'rmNum']
2019-10-22 23:50:49,497 - selenium - INFO - Input content：1234
2019-10-22 23:50:49,515 - selenium - INFO - Successful positioning of elements.Positioning method and values used：['css selector', 'span > input']
2019-10-22 23:50:49,718 - selenium - INFO - Input content：13898378887
2019-10-22 23:50:49,747 - selenium - INFO - Successful positioning of elements.Positioning method and values used：['id', 'CANCEL2']
2019-10-22 23:50:49,813 - selenium - INFO - Click on the element success,location method and value used：['id', 'CANCEL2']
2019-10-22 23:50:49,837 - selenium - INFO - Successful positioning of elements.Positioning method and values used：['id', 'OK2']
2019-10-22 23:50:49,915 - selenium - INFO - Click on the element success,location method and value used：['id', 'OK2']
2019-10-22 23:50:49,959 - selenium - INFO - Successful positioning of elements.Positioning method and values used：['css selector', '.err > span']
2019-10-22 23:50:50,018 - selenium - INFO - Obtained text：帐号6-10位数字或字母
2019-10-22 23:50:50,041 - selenium - INFO - Failure of test case execution! Reason: '帐号6-10位数字或字母' != None : Assert Verification fail：expected outcome{None} != actual results{帐号6-10位数字或字母}

2019-10-22 23:50:50,041 - selenium - INFO - Executing use test case:注册页面，检测账号字段规则（是否为必填项）
2019-10-22 23:50:50,041 - selenium - INFO - input data:username:,password:,passwd:,phone:,code:,suc:0,assert:帐号6-10位数字或字母
2019-10-22 23:50:50,060 - selenium - INFO - Successful positioning of elements.Positioning method and values used：['id', 'username']
2019-10-22 23:50:50,193 - selenium - INFO - Input content：
2019-10-22 23:50:50,212 - selenium - INFO - Successful positioning of elements.Positioning method and values used：['id', 'password']
2019-10-22 23:50:50,342 - selenium - INFO - Input content：
2019-10-22 23:50:50,364 - selenium - INFO - Successful positioning of elements.Positioning method and values used：['id', 'passwd']
2019-10-22 23:50:50,478 - selenium - INFO - Input content：
2019-10-22 23:50:50,495 - selenium - INFO - Successful positioning of elements.Positioning method and values used：['id', 'rmNum']
2019-10-22 23:50:50,629 - selenium - INFO - Input content：
2019-10-22 23:50:50,658 - selenium - INFO - Successful positioning of elements.Positioning method and values used：['css selector', 'span > input']
2019-10-22 23:50:50,820 - selenium - INFO - Input content：
2019-10-22 23:50:50,852 - selenium - INFO - Successful positioning of elements.Positioning method and values used：['id', 'OK2']
2019-10-22 23:50:50,947 - selenium - INFO - Click on the element success,location method and value used：['id', 'OK2']
2019-10-22 23:50:50,969 - selenium - INFO - Successful positioning of elements.Positioning method and values used：['css selector', '.err > span']
2019-10-22 23:50:51,010 - selenium - INFO - Obtained text：帐号6-10位数字或字母
2019-10-22 23:50:51,031 - selenium - INFO - Assert Verify success：expected outcome:{帐号6-10位数字或字母} == actual results:{帐号6-10位数字或字母}
2019-10-22 23:50:51,498 - selenium - INFO - Screenshot saved successfully!
2019-10-22 23:50:51,498 - selenium - INFO - Successful execution of test cases:注册页面，检测账号字段规则（是否为必填项）

2019-10-22 23:50:51,499 - selenium - INFO - Executing use test case:注册页面，检测账号字段规则（长度是否不能小于6位）
2019-10-22 23:50:51,499 - selenium - INFO - input data:username:12,password:,passwd:,phone:,code:,suc:0,assert:帐号6-10位数字或字母
2019-10-22 23:50:51,518 - selenium - INFO - Successful positioning of elements.Positioning method and values used：['id', 'username']
2019-10-22 23:50:51,634 - selenium - INFO - Input content：12
2019-10-22 23:50:51,649 - selenium - INFO - Successful positioning of elements.Positioning method and values used：['id', 'password']
2019-10-22 23:50:51,803 - selenium - INFO - Input content：
2019-10-22 23:50:51,823 - selenium - INFO - Successful positioning of elements.Positioning method and values used：['id', 'passwd']
2019-10-22 23:50:51,916 - selenium - INFO - Input content：
2019-10-22 23:50:51,934 - selenium - INFO - Successful positioning of elements.Positioning method and values used：['id', 'rmNum']
2019-10-22 23:50:52,067 - selenium - INFO - Input content：
2019-10-22 23:50:52,083 - selenium - INFO - Successful positioning of elements.Positioning method and values used：['css selector', 'span > input']
2019-10-22 23:50:52,179 - selenium - INFO - Input content：
2019-10-22 23:50:52,198 - selenium - INFO - Successful positioning of elements.Positioning method and values used：['id', 'OK2']
2019-10-22 23:50:52,246 - selenium - INFO - Click on the element success,location method and value used：['id', 'OK2']
2019-10-22 23:50:52,271 - selenium - INFO - Successful positioning of elements.Positioning method and values used：['css selector', '.err > span']
2019-10-22 23:50:52,304 - selenium - INFO - Obtained text：帐号6-10位数字或字母
2019-10-22 23:50:52,332 - selenium - INFO - Assert Verify success：expected outcome:{帐号6-10位数字或字母} == actual results:{帐号6-10位数字或字母}
2019-10-22 23:50:52,814 - selenium - INFO - Screenshot saved successfully!
2019-10-22 23:50:52,814 - selenium - INFO - Successful execution of test cases:注册页面，检测账号字段规则（长度是否不能小于6位）

2019-10-22 23:50:52,814 - selenium - INFO - Executing use test case:注册页面，检测账号字段规则（是否不能包含中文）
2019-10-22 23:50:52,814 - selenium - INFO - input data:username:阿斯顿但是我,password:,passwd:,phone:,code:,suc:0,assert:帐号6-10位数字或字母
2019-10-22 23:50:52,835 - selenium - INFO - Successful positioning of elements.Positioning method and values used：['id', 'username']
2019-10-22 23:50:53,013 - selenium - INFO - Input content：阿斯顿但是我
2019-10-22 23:50:53,035 - selenium - INFO - Successful positioning of elements.Positioning method and values used：['id', 'password']
2019-10-22 23:50:53,145 - selenium - INFO - Input content：
2019-10-22 23:50:53,168 - selenium - INFO - Successful positioning of elements.Positioning method and values used：['id', 'passwd']
2019-10-22 23:50:53,297 - selenium - INFO - Input content：
2019-10-22 23:50:53,312 - selenium - INFO - Successful positioning of elements.Positioning method and values used：['id', 'rmNum']
2019-10-22 23:50:53,408 - selenium - INFO - Input content：
2019-10-22 23:50:53,428 - selenium - INFO - Successful positioning of elements.Positioning method and values used：['css selector', 'span > input']
2019-10-22 23:50:53,534 - selenium - INFO - Input content：
2019-10-22 23:50:53,548 - selenium - INFO - Successful positioning of elements.Positioning method and values used：['id', 'OK2']
2019-10-22 23:50:53,612 - selenium - INFO - Click on the element success,location method and value used：['id', 'OK2']
2019-10-22 23:50:53,643 - selenium - INFO - Successful positioning of elements.Positioning method and values used：['css selector', '.err > span']
2019-10-22 23:50:53,663 - selenium - INFO - Obtained text：帐号6-10位数字或字母
2019-10-22 23:50:53,684 - selenium - INFO - Assert Verify success：expected outcome:{帐号6-10位数字或字母} == actual results:{帐号6-10位数字或字母}
2019-10-22 23:50:54,111 - selenium - INFO - Screenshot saved successfully!
2019-10-22 23:50:54,111 - selenium - INFO - Successful execution of test cases:注册页面，检测账号字段规则（是否不能包含中文）

2019-10-22 23:50:54,112 - selenium - INFO - Executing use test case:注册页面，检测账号字段规则（是否不能包含特殊字符）
2019-10-22 23:50:54,112 - selenium - INFO - input data:username:*&#123abc,password:,passwd:,phone:,code:,suc:0,assert:帐号6-10位数字或字母
2019-10-22 23:50:54,128 - selenium - INFO - Successful positioning of elements.Positioning method and values used：['id', 'username']
2019-10-22 23:50:54,269 - selenium - INFO - Input content：*&#123abc
2019-10-22 23:50:54,289 - selenium - INFO - Successful positioning of elements.Positioning method and values used：['id', 'password']
2019-10-22 23:50:54,431 - selenium - INFO - Input content：
2019-10-22 23:50:54,450 - selenium - INFO - Successful positioning of elements.Positioning method and values used：['id', 'passwd']
2019-10-22 23:50:54,562 - selenium - INFO - Input content：
2019-10-22 23:50:54,579 - selenium - INFO - Successful positioning of elements.Positioning method and values used：['id', 'rmNum']
2019-10-22 23:50:54,677 - selenium - INFO - Input content：
2019-10-22 23:50:54,695 - selenium - INFO - Successful positioning of elements.Positioning method and values used：['css selector', 'span > input']
2019-10-22 23:50:54,802 - selenium - INFO - Input content：
2019-10-22 23:50:54,820 - selenium - INFO - Successful positioning of elements.Positioning method and values used：['id', 'OK2']
2019-10-22 23:50:54,877 - selenium - INFO - Click on the element success,location method and value used：['id', 'OK2']
2019-10-22 23:50:54,899 - selenium - INFO - Successful positioning of elements.Positioning method and values used：['css selector', '.err > span']
2019-10-22 23:50:54,925 - selenium - INFO - Obtained text：帐号6-10位数字或字母
2019-10-22 23:50:54,941 - selenium - INFO - Assert Verify success：expected outcome:{帐号6-10位数字或字母} == actual results:{帐号6-10位数字或字母}
2019-10-22 23:50:55,355 - selenium - INFO - Screenshot saved successfully!
2019-10-22 23:50:55,355 - selenium - INFO - Successful execution of test cases:注册页面，检测账号字段规则（是否不能包含特殊字符）

2019-10-22 23:50:55,355 - selenium - INFO - Executing use test case:注册页面，检测账号字段规则（长度是否不能小于6位）
2019-10-22 23:50:55,355 - selenium - INFO - input data:username:123as,password:,passwd:,phone:,code:,suc:0,assert:帐号6-10位数字或字母
2019-10-22 23:50:55,375 - selenium - INFO - Successful positioning of elements.Positioning method and values used：['id', 'username']
2019-10-22 23:50:55,502 - selenium - INFO - Input content：123as
2019-10-22 23:50:55,518 - selenium - INFO - Successful positioning of elements.Positioning method and values used：['id', 'password']
2019-10-22 23:50:55,707 - selenium - INFO - Input content：
2019-10-22 23:50:55,726 - selenium - INFO - Successful positioning of elements.Positioning method and values used：['id', 'passwd']
2019-10-22 23:50:55,837 - selenium - INFO - Input content：
2019-10-22 23:50:55,852 - selenium - INFO - Successful positioning of elements.Positioning method and values used：['id', 'rmNum']
2019-10-22 23:50:55,973 - selenium - INFO - Input content：
2019-10-22 23:50:55,994 - selenium - INFO - Successful positioning of elements.Positioning method and values used：['css selector', 'span > input']
2019-10-22 23:50:56,093 - selenium - INFO - Input content：
2019-10-22 23:50:56,109 - selenium - INFO - Successful positioning of elements.Positioning method and values used：['id', 'OK2']
2019-10-22 23:50:56,177 - selenium - INFO - Click on the element success,location method and value used：['id', 'OK2']
2019-10-22 23:50:56,212 - selenium - INFO - Successful positioning of elements.Positioning method and values used：['css selector', '.err > span']
2019-10-22 23:50:56,252 - selenium - INFO - Obtained text：帐号6-10位数字或字母
2019-10-22 23:50:56,273 - selenium - INFO - Assert Verify success：expected outcome:{帐号6-10位数字或字母} == actual results:{帐号6-10位数字或字母}
2019-10-22 23:50:56,732 - selenium - INFO - Screenshot saved successfully!
2019-10-22 23:50:56,732 - selenium - INFO - Successful execution of test cases:注册页面，检测账号字段规则（长度是否不能小于6位）

2019-10-22 23:50:56,733 - selenium - INFO - Executing use test case:注册页面，检测密码字段规则（是否为必填项）
2019-10-22 23:50:56,733 - selenium - INFO - input data:username:Entech9999,password:,passwd:,phone:,code:,suc:0,assert:密码8-20位数字或字母
2019-10-22 23:50:56,750 - selenium - INFO - Successful positioning of elements.Positioning method and values used：['id', 'username']
2019-10-22 23:50:56,949 - selenium - INFO - Input content：Entech9999
2019-10-22 23:50:56,981 - selenium - INFO - Successful positioning of elements.Positioning method and values used：['id', 'password']
2019-10-22 23:50:57,099 - selenium - INFO - Input content：
2019-10-22 23:50:57,113 - selenium - INFO - Successful positioning of elements.Positioning method and values used：['id', 'passwd']
2019-10-22 23:50:57,243 - selenium - INFO - Input content：
2019-10-22 23:50:57,264 - selenium - INFO - Successful positioning of elements.Positioning method and values used：['id', 'rmNum']
2019-10-22 23:50:57,376 - selenium - INFO - Input content：
2019-10-22 23:50:57,397 - selenium - INFO - Successful positioning of elements.Positioning method and values used：['css selector', 'span > input']
2019-10-22 23:50:57,492 - selenium - INFO - Input content：
2019-10-22 23:50:57,514 - selenium - INFO - Successful positioning of elements.Positioning method and values used：['id', 'OK2']
2019-10-22 23:50:57,565 - selenium - INFO - Click on the element success,location method and value used：['id', 'OK2']
2019-10-22 23:50:57,583 - selenium - INFO - Successful positioning of elements.Positioning method and values used：['css selector', '.err > span']
2019-10-22 23:50:57,602 - selenium - INFO - Obtained text：密码8-20位数字或字母
2019-10-22 23:50:57,624 - selenium - INFO - Assert Verify success：expected outcome:{密码8-20位数字或字母} == actual results:{密码8-20位数字或字母}
2019-10-22 23:50:58,076 - selenium - INFO - Screenshot saved successfully!
2019-10-22 23:50:58,077 - selenium - INFO - Successful execution of test cases:注册页面，检测密码字段规则（是否为必填项）

2019-10-22 23:50:58,077 - selenium - INFO - Executing use test case:注册页面，检测验证码字段规则（是否为必填项）
2019-10-22 23:50:58,077 - selenium - INFO - input data:username:Entech9999,password:12345678,passwd:12345678,phone:,code:,suc:0,assert:请输入验证码
2019-10-22 23:50:58,093 - selenium - INFO - Successful positioning of elements.Positioning method and values used：['id', 'username']
2019-10-22 23:50:58,275 - selenium - INFO - Input content：Entech9999
2019-10-22 23:50:58,299 - selenium - INFO - Successful positioning of elements.Positioning method and values used：['id', 'password']
2019-10-22 23:50:58,468 - selenium - INFO - Input content：12345678
2019-10-22 23:50:58,493 - selenium - INFO - Successful positioning of elements.Positioning method and values used：['id', 'passwd']
2019-10-22 23:50:58,650 - selenium - INFO - Input content：12345678
2019-10-22 23:50:58,674 - selenium - INFO - Successful positioning of elements.Positioning method and values used：['id', 'rmNum']
2019-10-22 23:50:58,801 - selenium - INFO - Input content：
2019-10-22 23:50:58,815 - selenium - INFO - Successful positioning of elements.Positioning method and values used：['css selector', 'span > input']
2019-10-22 23:50:58,921 - selenium - INFO - Input content：
2019-10-22 23:50:58,942 - selenium - INFO - Successful positioning of elements.Positioning method and values used：['id', 'OK2']
2019-10-22 23:50:59,024 - selenium - INFO - Click on the element success,location method and value used：['id', 'OK2']
2019-10-22 23:50:59,047 - selenium - INFO - Successful positioning of elements.Positioning method and values used：['css selector', '.err > span']
2019-10-22 23:50:59,082 - selenium - INFO - Obtained text：请输入验证码
2019-10-22 23:50:59,107 - selenium - INFO - Assert Verify success：expected outcome:{请输入验证码} == actual results:{请输入验证码}
2019-10-22 23:50:59,494 - selenium - INFO - Screenshot saved successfully!
2019-10-22 23:50:59,494 - selenium - INFO - Successful execution of test cases:注册页面，检测验证码字段规则（是否为必填项）

2019-10-22 23:50:59,495 - selenium - INFO - Executing use test case:注册页面，检测手机号字段规则（是否为必填项）
2019-10-22 23:50:59,495 - selenium - INFO - input data:username:Entech9999,password:12345678,passwd:12345678,phone:1233,code:,suc:0,assert:请输入手机号
2019-10-22 23:50:59,511 - selenium - INFO - Successful positioning of elements.Positioning method and values used：['id', 'username']
2019-10-22 23:50:59,684 - selenium - INFO - Input content：Entech9999
2019-10-22 23:50:59,726 - selenium - INFO - Successful positioning of elements.Positioning method and values used：['id', 'password']
2019-10-22 23:50:59,952 - selenium - INFO - Input content：12345678
2019-10-22 23:50:59,983 - selenium - INFO - Successful positioning of elements.Positioning method and values used：['id', 'passwd']
2019-10-22 23:51:00,133 - selenium - INFO - Input content：12345678
2019-10-22 23:51:00,149 - selenium - INFO - Successful positioning of elements.Positioning method and values used：['id', 'rmNum']
2019-10-22 23:51:00,297 - selenium - INFO - Input content：1233
2019-10-22 23:51:00,312 - selenium - INFO - Successful positioning of elements.Positioning method and values used：['css selector', 'span > input']
2019-10-22 23:51:00,409 - selenium - INFO - Input content：
2019-10-22 23:51:00,426 - selenium - INFO - Successful positioning of elements.Positioning method and values used：['id', 'OK2']
2019-10-22 23:51:00,505 - selenium - INFO - Click on the element success,location method and value used：['id', 'OK2']
2019-10-22 23:51:00,528 - selenium - INFO - Successful positioning of elements.Positioning method and values used：['css selector', '.err > span']
2019-10-22 23:51:00,555 - selenium - INFO - Obtained text：请输入手机号
2019-10-22 23:51:00,575 - selenium - INFO - Assert Verify success：expected outcome:{请输入手机号} == actual results:{请输入手机号}
2019-10-22 23:51:01,001 - selenium - INFO - Screenshot saved successfully!
2019-10-22 23:51:01,001 - selenium - INFO - Successful execution of test cases:注册页面，检测手机号字段规则（是否为必填项）

2019-10-22 23:51:01,001 - selenium - INFO - Executing use test case:注册页面，检测密码字段规则（最小长度是否为8位）
2019-10-22 23:51:01,001 - selenium - INFO - input data:username:Entech9999,password:12345,passwd:12345,phone:1233,code:11144434443,suc:0,assert:密码 的最小长度为 8 字符
2019-10-22 23:51:01,022 - selenium - INFO - Successful positioning of elements.Positioning method and values used：['id', 'username']
2019-10-22 23:51:01,248 - selenium - INFO - Input content：Entech9999
2019-10-22 23:51:01,273 - selenium - INFO - Successful positioning of elements.Positioning method and values used：['id', 'password']
2019-10-22 23:51:01,441 - selenium - INFO - Input content：12345
2019-10-22 23:51:01,463 - selenium - INFO - Successful positioning of elements.Positioning method and values used：['id', 'passwd']
2019-10-22 23:51:01,601 - selenium - INFO - Input content：12345
2019-10-22 23:51:01,628 - selenium - INFO - Successful positioning of elements.Positioning method and values used：['id', 'rmNum']
2019-10-22 23:51:01,774 - selenium - INFO - Input content：1233
2019-10-22 23:51:01,792 - selenium - INFO - Successful positioning of elements.Positioning method and values used：['css selector', 'span > input']
2019-10-22 23:51:01,968 - selenium - INFO - Input content：11144434443
2019-10-22 23:51:01,995 - selenium - INFO - Successful positioning of elements.Positioning method and values used：['id', 'OK2']
2019-10-22 23:51:02,057 - selenium - INFO - Click on the element success,location method and value used：['id', 'OK2']
2019-10-22 23:51:02,242 - selenium - INFO - Successful positioning of elements.Positioning method and values used：['css selector', '.err > span']
2019-10-22 23:51:02,262 - selenium - INFO - Obtained text：密码 的最小长度为 8 字符
2019-10-22 23:51:02,279 - selenium - INFO - Assert Verify success：expected outcome:{密码的最小长度为8字符} == actual results:{密码的最小长度为8字符}
2019-10-22 23:51:02,676 - selenium - INFO - Screenshot saved successfully!
2019-10-22 23:51:02,677 - selenium - INFO - Successful execution of test cases:注册页面，检测密码字段规则（最小长度是否为8位）

2019-10-22 23:51:02,677 - selenium - INFO - Executing use test case:注册页面，检测密码字段规则（最小长度是否为8位）
2019-10-22 23:51:02,677 - selenium - INFO - input data:username:Entech9999,password:1234,passwd:1234,phone:1233,code:11144434443,suc:0,assert:密码8-20位数字或字母
2019-10-22 23:51:02,691 - selenium - INFO - Successful positioning of elements.Positioning method and values used：['id', 'username']
2019-10-22 23:51:02,876 - selenium - INFO - Input content：Entech9999
2019-10-22 23:51:02,916 - selenium - INFO - Successful positioning of elements.Positioning method and values used：['id', 'password']
2019-10-22 23:51:03,065 - selenium - INFO - Input content：1234
2019-10-22 23:51:03,090 - selenium - INFO - Successful positioning of elements.Positioning method and values used：['id', 'passwd']
2019-10-22 23:51:03,234 - selenium - INFO - Input content：1234
2019-10-22 23:51:03,251 - selenium - INFO - Successful positioning of elements.Positioning method and values used：['id', 'rmNum']
2019-10-22 23:51:03,380 - selenium - INFO - Input content：1233
2019-10-22 23:51:03,399 - selenium - INFO - Successful positioning of elements.Positioning method and values used：['css selector', 'span > input']
2019-10-22 23:51:03,560 - selenium - INFO - Input content：11144434443
2019-10-22 23:51:03,576 - selenium - INFO - Successful positioning of elements.Positioning method and values used：['id', 'OK2']
2019-10-22 23:51:03,661 - selenium - INFO - Click on the element success,location method and value used：['id', 'OK2']
2019-10-22 23:51:03,679 - selenium - INFO - Successful positioning of elements.Positioning method and values used：['css selector', '.err > span']
2019-10-22 23:51:03,696 - selenium - INFO - Obtained text：密码8-20位数字或字母
2019-10-22 23:51:03,709 - selenium - INFO - Assert Verify success：expected outcome:{密码8-20位数字或字母} == actual results:{密码8-20位数字或字母}
2019-10-22 23:51:04,140 - selenium - INFO - Screenshot saved successfully!
2019-10-22 23:51:04,141 - selenium - INFO - Successful execution of test cases:注册页面，检测密码字段规则（最小长度是否为8位）

2019-10-22 23:51:04,141 - selenium - INFO - Executing use test case:注册页面，检测手机号字段规则（手机格式）
2019-10-22 23:51:04,141 - selenium - INFO - input data:username:Entech9999,password:12345678,passwd:12345678,phone:1233,code:11144434443,suc:0,assert:请填写正确的手机号码.
2019-10-22 23:51:04,158 - selenium - INFO - Successful positioning of elements.Positioning method and values used：['id', 'username']
2019-10-22 23:51:04,360 - selenium - INFO - Input content：Entech9999
2019-10-22 23:51:04,386 - selenium - INFO - Successful positioning of elements.Positioning method and values used：['id', 'password']
2019-10-22 23:51:04,547 - selenium - INFO - Input content：12345678
2019-10-22 23:51:04,582 - selenium - INFO - Successful positioning of elements.Positioning method and values used：['id', 'passwd']
2019-10-22 23:51:04,780 - selenium - INFO - Input content：12345678
2019-10-22 23:51:04,828 - selenium - INFO - Successful positioning of elements.Positioning method and values used：['id', 'rmNum']
2019-10-22 23:51:04,967 - selenium - INFO - Input content：1233
2019-10-22 23:51:04,997 - selenium - INFO - Successful positioning of elements.Positioning method and values used：['css selector', 'span > input']
2019-10-22 23:51:05,170 - selenium - INFO - Input content：11144434443
2019-10-22 23:51:05,192 - selenium - INFO - Successful positioning of elements.Positioning method and values used：['id', 'OK2']
2019-10-22 23:51:05,255 - selenium - INFO - Click on the element success,location method and value used：['id', 'OK2']
2019-10-22 23:51:05,449 - selenium - INFO - Successful positioning of elements.Positioning method and values used：['css selector', '.err > span']
2019-10-22 23:51:05,473 - selenium - INFO - Obtained text：请填写正确的手机号码.
2019-10-22 23:51:05,491 - selenium - INFO - Assert Verify success：expected outcome:{请填写正确的手机号码.} == actual results:{请填写正确的手机号码.}
2019-10-22 23:51:05,888 - selenium - INFO - Screenshot saved successfully!
2019-10-22 23:51:05,889 - selenium - INFO - Successful execution of test cases:注册页面，检测手机号字段规则（手机格式）

2019-10-22 23:51:05,889 - selenium - INFO - Executing use test case:注册页面，检测密码字段规则（是否区分密码字母大小写）
2019-10-22 23:51:05,889 - selenium - INFO - input data:username:Entech9999,password:1234567a,passwd:1234567A,phone:1233,code:13944434443,suc:0,assert:两次密码不一致
2019-10-22 23:51:05,914 - selenium - INFO - Successful positioning of elements.Positioning method and values used：['id', 'username']
2019-10-22 23:51:06,199 - selenium - INFO - Input content：Entech9999
2019-10-22 23:51:06,217 - selenium - INFO - Successful positioning of elements.Positioning method and values used：['id', 'password']
2019-10-22 23:51:06,465 - selenium - INFO - Input content：1234567a
2019-10-22 23:51:06,483 - selenium - INFO - Successful positioning of elements.Positioning method and values used：['id', 'passwd']
2019-10-22 23:51:06,642 - selenium - INFO - Input content：1234567A
2019-10-22 23:51:06,667 - selenium - INFO - Successful positioning of elements.Positioning method and values used：['id', 'rmNum']
2019-10-22 23:51:06,806 - selenium - INFO - Input content：1233
2019-10-22 23:51:06,824 - selenium - INFO - Successful positioning of elements.Positioning method and values used：['css selector', 'span > input']
2019-10-22 23:51:07,044 - selenium - INFO - Input content：13944434443
2019-10-22 23:51:07,075 - selenium - INFO - Successful positioning of elements.Positioning method and values used：['id', 'OK2']
2019-10-22 23:51:07,133 - selenium - INFO - Click on the element success,location method and value used：['id', 'OK2']
2019-10-22 23:51:07,157 - selenium - INFO - Successful positioning of elements.Positioning method and values used：['css selector', '.err > span']
2019-10-22 23:51:07,181 - selenium - INFO - Obtained text：两次密码不一致
2019-10-22 23:51:07,199 - selenium - INFO - Assert Verify success：expected outcome:{两次密码不一致} == actual results:{两次密码不一致}
2019-10-22 23:51:07,588 - selenium - INFO - Screenshot saved successfully!
2019-10-22 23:51:07,588 - selenium - INFO - Successful execution of test cases:注册页面，检测密码字段规则（是否区分密码字母大小写）

2019-10-22 23:51:07,589 - selenium - INFO - Executing use test case:注册页面，检测是否能阻止重复注册
2019-10-22 23:51:07,589 - selenium - INFO - input data:username:enintech0,password:987456123,passwd:987456123,phone:1233,code:13944434443,suc:0,assert:帐号已存在
2019-10-22 23:51:07,606 - selenium - INFO - Successful positioning of elements.Positioning method and values used：['id', 'username']
2019-10-22 23:51:07,790 - selenium - INFO - Input content：enintech0
2019-10-22 23:51:07,816 - selenium - INFO - Successful positioning of elements.Positioning method and values used：['id', 'password']
2019-10-22 23:51:08,042 - selenium - INFO - Input content：987456123
2019-10-22 23:51:08,060 - selenium - INFO - Successful positioning of elements.Positioning method and values used：['id', 'passwd']
2019-10-22 23:51:08,225 - selenium - INFO - Input content：987456123
2019-10-22 23:51:08,244 - selenium - INFO - Successful positioning of elements.Positioning method and values used：['id', 'rmNum']
2019-10-22 23:51:08,437 - selenium - INFO - Input content：1233
2019-10-22 23:51:08,453 - selenium - INFO - Successful positioning of elements.Positioning method and values used：['css selector', 'span > input']
2019-10-22 23:51:08,624 - selenium - INFO - Input content：13944434443
2019-10-22 23:51:08,641 - selenium - INFO - Successful positioning of elements.Positioning method and values used：['id', 'OK2']
2019-10-22 23:51:08,711 - selenium - INFO - Click on the element success,location method and value used：['id', 'OK2']
2019-10-22 23:51:08,798 - selenium - INFO - Successful positioning of elements.Positioning method and values used：['css selector', '.err > span']
2019-10-22 23:51:08,821 - selenium - INFO - Obtained text：帐号已存在
2019-10-22 23:51:08,835 - selenium - INFO - Assert Verify success：expected outcome:{帐号已存在} == actual results:{帐号已存在}
2019-10-22 23:51:10,510 - selenium - INFO - Screenshot saved successfully!
2019-10-22 23:51:10,510 - selenium - INFO - Successful execution of test cases:注册页面，检测是否能阻止重复注册

2019-10-22 23:51:10,510 - selenium - INFO - Executing use test case:注册页面，检测验证码字段规则（错误验证码是否阻止注册）
2019-10-22 23:51:10,511 - selenium - INFO - input data:username:Entech9999,password:1234567a,passwd:1234567a,phone:1111,code:13944434443,suc:0,assert:验证码错误
2019-10-22 23:51:10,526 - selenium - INFO - Successful positioning of elements.Positioning method and values used：['id', 'username']
2019-10-22 23:51:10,745 - selenium - INFO - Input content：Entech9999
2019-10-22 23:51:10,759 - selenium - INFO - Successful positioning of elements.Positioning method and values used：['id', 'password']
2019-10-22 23:51:10,915 - selenium - INFO - Input content：1234567a
2019-10-22 23:51:10,941 - selenium - INFO - Successful positioning of elements.Positioning method and values used：['id', 'passwd']
2019-10-22 23:51:11,132 - selenium - INFO - Input content：1234567a
2019-10-22 23:51:11,149 - selenium - INFO - Successful positioning of elements.Positioning method and values used：['id', 'rmNum']
2019-10-22 23:51:11,291 - selenium - INFO - Input content：1111
2019-10-22 23:51:11,370 - selenium - INFO - Successful positioning of elements.Positioning method and values used：['css selector', 'span > input']
2019-10-22 23:51:11,608 - selenium - INFO - Input content：13944434443
2019-10-22 23:51:11,641 - selenium - INFO - Successful positioning of elements.Positioning method and values used：['id', 'OK2']
2019-10-22 23:51:11,698 - selenium - INFO - Click on the element success,location method and value used：['id', 'OK2']
2019-10-22 23:51:11,895 - selenium - INFO - Successful positioning of elements.Positioning method and values used：['css selector', '.err > span']
2019-10-22 23:51:11,916 - selenium - INFO - Obtained text：验证码错误
2019-10-22 23:51:11,946 - selenium - INFO - Assert Verify success：expected outcome:{验证码错误} == actual results:{验证码错误}
2019-10-22 23:51:14,053 - selenium - INFO - Screenshot saved successfully!
2019-10-22 23:51:14,053 - selenium - INFO - Successful execution of test cases:注册页面，检测验证码字段规则（错误验证码是否阻止注册）

2019-10-22 23:51:14,053 - selenium - INFO - Executing use test case:检测是否能够成功注册账号
2019-10-22 23:51:14,076 - selenium - INFO - Successful positioning of elements.Positioning method and values used：['id', 'username']
2019-10-22 23:51:14,263 - selenium - INFO - Input content：enintech16
2019-10-22 23:51:14,281 - selenium - INFO - Successful positioning of elements.Positioning method and values used：['id', 'password']
2019-10-22 23:51:14,467 - selenium - INFO - Input content：12345678
2019-10-22 23:51:14,493 - selenium - INFO - Successful positioning of elements.Positioning method and values used：['id', 'passwd']
2019-10-22 23:51:14,735 - selenium - INFO - Input content：12345678
2019-10-22 23:51:14,761 - selenium - INFO - Successful positioning of elements.Positioning method and values used：['css selector', 'span > input']
2019-10-22 23:51:14,964 - selenium - INFO - Input content：13988889999
2019-10-22 23:51:18,758 - selenium - INFO - Forced wait 2 second
2019-10-22 23:51:18,779 - selenium - INFO - Successful positioning of elements.Positioning method and values used：['id', 'rmNum']
2019-10-22 23:51:18,916 - selenium - INFO - Input content：7083
2019-10-22 23:51:18,932 - selenium - INFO - Successful positioning of elements.Positioning method and values used：['id', 'OK2']
2019-10-22 23:51:19,024 - selenium - INFO - Click on the element success,location method and value used：['id', 'OK2']
2019-10-22 23:51:21,026 - selenium - INFO - Forced wait 2 second
2019-10-22 23:51:21,046 - selenium - INFO - Successful positioning of elements.Positioning method and values used：['css selector', '.err > span']
2019-10-22 23:51:21,065 - selenium - INFO - Obtained text：帐号已存在
2019-10-22 23:51:21,098 - selenium - INFO - Successful positioning of elements.Positioning method and values used：['css selector', '.err > span']
2019-10-22 23:51:21,113 - selenium - INFO - Obtained text：帐号已存在
2019-10-22 23:51:21,149 - selenium - INFO - Successful positioning of elements.Positioning method and values used：['css selector', '.err > span']
2019-10-22 23:51:21,184 - selenium - INFO - Obtained text：帐号已存在
2019-10-22 23:51:22,201 - selenium - INFO - Forced wait 1 second
2019-10-22 23:51:24,516 - selenium - INFO - Forced wait 2 second
2019-10-22 23:51:24,533 - selenium - INFO - Successful positioning of elements.Positioning method and values used：['id', 'username']
2019-10-22 23:51:24,717 - selenium - INFO - Input content：enintech17
2019-10-22 23:51:26,718 - selenium - INFO - Forced wait 2 second
2019-10-22 23:51:26,745 - selenium - INFO - Successful positioning of elements.Positioning method and values used：['css selector', '.checkLoginCodeImage']
2019-10-22 23:51:26,812 - selenium - INFO - Click on the element success,location method and value used：['css selector', '.checkLoginCodeImage']
2019-10-22 23:51:28,813 - selenium - INFO - Forced wait 2 second
2019-10-22 23:51:33,579 - selenium - INFO - Forced wait 2 second
2019-10-22 23:51:33,599 - selenium - INFO - Successful positioning of elements.Positioning method and values used：['id', 'rmNum']
2019-10-22 23:51:33,706 - selenium - INFO - Input content：9350
2019-10-22 23:51:33,730 - selenium - INFO - Successful positioning of elements.Positioning method and values used：['id', 'OK2']
2019-10-22 23:51:33,807 - selenium - INFO - Click on the element success,location method and value used：['id', 'OK2']
2019-10-22 23:51:35,810 - selenium - INFO - Forced wait 2 second
2019-10-22 23:51:47,611 - selenium - INFO - 在section：environment下读取browser的值
2019-10-22 23:51:47,611 - selenium - INFO - Read browser configuration, value：chrome
2019-10-22 23:51:47,611 - selenium - INFO - 在section：environment下读取url的值
2019-10-22 23:51:47,611 - selenium - INFO - Read url configuration, value：http://blr.9161252.com
2019-10-22 23:51:48,491 - selenium - ERROR - Browser open error
Traceback (most recent call last):
  File "/root/PycharmProjects/blr.9161252.com/venv/lib/python3.7/site-packages/urllib3/connectionpool.py", line 377, in _make_request
    httplib_response = conn.getresponse(buffering=True)
TypeError: getresponse() got an unexpected keyword argument 'buffering'

During handling of the above exception, another exception occurred:

Traceback (most recent call last):
  File "/root/PycharmProjects/blr.9161252.com/Common/basePage.py", line 115, in open_browser
    self.navigate(url)
  File "/root/PycharmProjects/blr.9161252.com/Common/basePage.py", line 252, in navigate
    self.driver.get(url)
  File "/root/PycharmProjects/blr.9161252.com/venv/lib/python3.7/site-packages/selenium/webdriver/remote/webdriver.py", line 333, in get
    self.execute(Command.GET, {'url': url})
  File "/root/PycharmProjects/blr.9161252.com/venv/lib/python3.7/site-packages/selenium/webdriver/remote/webdriver.py", line 319, in execute
    response = self.command_executor.execute(driver_command, params)
  File "/root/PycharmProjects/blr.9161252.com/venv/lib/python3.7/site-packages/selenium/webdriver/remote/remote_connection.py", line 374, in execute
    return self._request(command_info[0], url, body=data)
  File "/root/PycharmProjects/blr.9161252.com/venv/lib/python3.7/site-packages/selenium/webdriver/remote/remote_connection.py", line 402, in _request
    resp = http.request(method, url, body=body, headers=headers)
  File "/root/PycharmProjects/blr.9161252.com/venv/lib/python3.7/site-packages/urllib3/request.py", line 72, in request
    **urlopen_kw)
  File "/root/PycharmProjects/blr.9161252.com/venv/lib/python3.7/site-packages/urllib3/request.py", line 150, in request_encode_body
    return self.urlopen(method, url, **extra_kw)
  File "/root/PycharmProjects/blr.9161252.com/venv/lib/python3.7/site-packages/urllib3/poolmanager.py", line 324, in urlopen
    response = conn.urlopen(method, u.request_uri, **kw)
  File "/root/PycharmProjects/blr.9161252.com/venv/lib/python3.7/site-packages/urllib3/connectionpool.py", line 600, in urlopen
    chunked=chunked)
  File "/root/PycharmProjects/blr.9161252.com/venv/lib/python3.7/site-packages/urllib3/connectionpool.py", line 380, in _make_request
    httplib_response = conn.getresponse()
  File "/usr/lib/python3.7/http/client.py", line 1336, in getresponse
    response.begin()
  File "/usr/lib/python3.7/http/client.py", line 306, in begin
    version, status, reason = self._read_status()
  File "/usr/lib/python3.7/http/client.py", line 267, in _read_status
    line = str(self.fp.readline(_MAXLINE + 1), "iso-8859-1")
  File "/usr/lib/python3.7/socket.py", line 589, in readinto
    return self._sock.recv_into(b)
KeyboardInterrupt
2019-10-22 23:51:49,181 - selenium - INFO - Executing test cases：新注册会员，验证系统消息是否正确
2019-10-22 23:51:49,182 - selenium - INFO - Executing test cases：新注册会员，验证是否能够成功发送投诉建议
2019-10-22 23:51:49,182 - selenium - ERROR - Failure of test case execution! Reason: 'NoneType' object has no attribute 'find_element'
2019-10-22 23:51:49,183 - selenium - INFO - Executing test cases：新注册会员，验证是否能够成功发送投诉建议
2019-10-22 23:51:49,183 - selenium - ERROR - Failure of test case execution! Reason: 'NoneType' object has no attribute 'find_element'
2019-10-22 23:51:49,183 - selenium - INFO - Executing test cases：新注册会员，验证是否能够成功发送投诉建议
2019-10-22 23:51:49,183 - selenium - ERROR - Failure of test case execution! Reason: 'NoneType' object has no attribute 'find_element'
2019-10-22 23:51:49,184 - selenium - INFO - Executing test cases：新注册会员，验证已发投注信息的内容是否正确
2019-10-22 23:51:49,185 - selenium - INFO - 在section：environment下读取browser的值
2019-10-22 23:51:49,185 - selenium - INFO - Read browser configuration, value：chrome
2019-10-22 23:51:49,186 - selenium - INFO - 在section：environment下读取url的值
2019-10-22 23:51:49,186 - selenium - INFO - Read url configuration, value：http://blr.9161252.com
