2019-10-24 05:07:08,390 - selenium - INFO - 在section：environment下读取browser的值
2019-10-24 05:07:08,390 - selenium - INFO - Read browser configuration, value：chrome
2019-10-24 05:07:08,390 - selenium - INFO - 在section：environment下读取url的值
2019-10-24 05:07:08,390 - selenium - INFO - Read url configuration, value：http://blr.9161252.com/#/home
2019-10-24 05:07:09,654 - selenium - INFO - Visit website：http://blr.9161252.com/#/home
2019-10-24 05:07:09,773 - selenium - INFO - Browser maximization
2019-10-24 05:07:09,785 - selenium - INFO - Set static wait time 10 seconds
2019-10-24 05:07:09,785 - selenium - INFO - Executing use test case:
2019-10-24 05:07:10,466 - selenium - INFO - Successful positioning of elements.Positioning method and values used：['css selector', '.close']
2019-10-24 05:07:10,514 - selenium - INFO - Successful positioning of elements.Positioning method and values used：['css selector', '.close']
2019-10-24 05:07:10,748 - selenium - INFO - Click on the element success,location method and value used：['css selector', '.close']
2019-10-24 05:07:10,772 - selenium - INFO - Successful positioning of elements.Positioning method and values used：['css selector', '.regBtn']
2019-10-24 05:07:10,861 - selenium - INFO - Click on the element success,location method and value used：['css selector', '.regBtn']
2019-10-24 05:07:11,676 - selenium - INFO - Successful positioning of elements.Positioning method and values used：['id', 'username']
2019-10-24 05:07:11,833 - selenium - INFO - Input content：enintech0
2019-10-24 05:07:11,854 - selenium - INFO - Successful positioning of elements.Positioning method and values used：['id', 'password']
2019-10-24 05:07:11,958 - selenium - INFO - Input content：12345678
2019-10-24 05:07:11,975 - selenium - INFO - Successful positioning of elements.Positioning method and values used：['id', 'passwd']
2019-10-24 05:07:12,066 - selenium - INFO - Input content：12345678
2019-10-24 05:07:12,082 - selenium - INFO - Successful positioning of elements.Positioning method and values used：['id', 'rmNum']
2019-10-24 05:07:12,162 - selenium - INFO - Input content：1234
2019-10-24 05:07:12,178 - selenium - INFO - Successful positioning of elements.Positioning method and values used：['css selector', 'span > input']
2019-10-24 05:07:12,285 - selenium - INFO - Input content：13898378887
2019-10-24 05:07:12,301 - selenium - INFO - Successful positioning of elements.Positioning method and values used：['id', 'CANCEL2']
2019-10-24 05:07:12,361 - selenium - INFO - Click on the element success,location method and value used：['id', 'CANCEL2']
2019-10-24 05:07:12,385 - selenium - INFO - Successful positioning of elements.Positioning method and values used：['id', 'OK2']
2019-10-24 05:07:12,442 - selenium - INFO - Click on the element success,location method and value used：['id', 'OK2']
2019-10-24 05:07:12,459 - selenium - INFO - Successful positioning of elements.Positioning method and values used：['css selector', '.err > span']
2019-10-24 05:07:12,499 - selenium - INFO - Obtained text：帐号6-10位数字或字母
2019-10-24 05:07:12,511 - selenium - INFO - Failure of test case execution! Reason: '帐号6-10位数字或字母' != None : Assert Verification fail：expected outcome{None} != actual results{帐号6-10位数字或字母}

2019-10-24 05:07:12,511 - selenium - INFO - Executing use test case:注册页面，检测账号字段规则（是否为必填项）
2019-10-24 05:07:12,511 - selenium - INFO - input data:username:,password:,passwd:,phone:,code:,suc:0,assert:帐号6-10位数字或字母
2019-10-24 05:07:12,525 - selenium - INFO - Successful positioning of elements.Positioning method and values used：['id', 'username']
2019-10-24 05:07:12,601 - selenium - INFO - Input content：
2019-10-24 05:07:12,614 - selenium - INFO - Successful positioning of elements.Positioning method and values used：['id', 'password']
2019-10-24 05:07:12,676 - selenium - INFO - Input content：
2019-10-24 05:07:12,692 - selenium - INFO - Successful positioning of elements.Positioning method and values used：['id', 'passwd']
2019-10-24 05:07:12,757 - selenium - INFO - Input content：
2019-10-24 05:07:12,772 - selenium - INFO - Successful positioning of elements.Positioning method and values used：['id', 'rmNum']
2019-10-24 05:07:12,831 - selenium - INFO - Input content：
2019-10-24 05:07:12,847 - selenium - INFO - Successful positioning of elements.Positioning method and values used：['css selector', 'span > input']
2019-10-24 05:07:12,926 - selenium - INFO - Input content：
2019-10-24 05:07:12,937 - selenium - INFO - Successful positioning of elements.Positioning method and values used：['id', 'OK2']
2019-10-24 05:07:12,970 - selenium - INFO - Click on the element success,location method and value used：['id', 'OK2']
2019-10-24 05:07:12,983 - selenium - INFO - Successful positioning of elements.Positioning method and values used：['css selector', '.err > span']
2019-10-24 05:07:13,002 - selenium - INFO - Obtained text：帐号6-10位数字或字母
2019-10-24 05:07:13,013 - selenium - INFO - Assert Verify success：expected outcome:{帐号6-10位数字或字母} == actual results:{帐号6-10位数字或字母}
2019-10-24 05:07:13,378 - selenium - INFO - Screenshot saved successfully!
2019-10-24 05:07:13,378 - selenium - INFO - Successful execution of test cases:注册页面，检测账号字段规则（是否为必填项）

2019-10-24 05:07:13,378 - selenium - INFO - Executing use test case:注册页面，检测账号字段规则（长度是否不能小于6位）
2019-10-24 05:07:13,378 - selenium - INFO - input data:username:12,password:,passwd:,phone:,code:,suc:0,assert:帐号6-10位数字或字母
2019-10-24 05:07:13,393 - selenium - INFO - Successful positioning of elements.Positioning method and values used：['id', 'username']
2019-10-24 05:07:13,477 - selenium - INFO - Input content：12
2019-10-24 05:07:13,489 - selenium - INFO - Successful positioning of elements.Positioning method and values used：['id', 'password']
2019-10-24 05:07:13,549 - selenium - INFO - Input content：
2019-10-24 05:07:13,560 - selenium - INFO - Successful positioning of elements.Positioning method and values used：['id', 'passwd']
2019-10-24 05:07:13,643 - selenium - INFO - Input content：
2019-10-24 05:07:13,658 - selenium - INFO - Successful positioning of elements.Positioning method and values used：['id', 'rmNum']
2019-10-24 05:07:13,721 - selenium - INFO - Input content：
2019-10-24 05:07:13,735 - selenium - INFO - Successful positioning of elements.Positioning method and values used：['css selector', 'span > input']
2019-10-24 05:07:13,799 - selenium - INFO - Input content：
2019-10-24 05:07:13,811 - selenium - INFO - Successful positioning of elements.Positioning method and values used：['id', 'OK2']
2019-10-24 05:07:13,858 - selenium - INFO - Click on the element success,location method and value used：['id', 'OK2']
2019-10-24 05:07:13,881 - selenium - INFO - Successful positioning of elements.Positioning method and values used：['css selector', '.err > span']
2019-10-24 05:07:13,895 - selenium - INFO - Obtained text：帐号6-10位数字或字母
2019-10-24 05:07:13,912 - selenium - INFO - Assert Verify success：expected outcome:{帐号6-10位数字或字母} == actual results:{帐号6-10位数字或字母}
2019-10-24 05:07:14,265 - selenium - INFO - Screenshot saved successfully!
2019-10-24 05:07:14,266 - selenium - INFO - Successful execution of test cases:注册页面，检测账号字段规则（长度是否不能小于6位）

2019-10-24 05:07:14,266 - selenium - INFO - Executing use test case:注册页面，检测账号字段规则（是否不能包含中文）
2019-10-24 05:07:14,266 - selenium - INFO - input data:username:阿斯顿但是我,password:,passwd:,phone:,code:,suc:0,assert:帐号6-10位数字或字母
2019-10-24 05:07:14,280 - selenium - INFO - Successful positioning of elements.Positioning method and values used：['id', 'username']
2019-10-24 05:07:14,357 - selenium - INFO - Input content：阿斯顿但是我
2019-10-24 05:07:14,371 - selenium - INFO - Successful positioning of elements.Positioning method and values used：['id', 'password']
2019-10-24 05:07:14,436 - selenium - INFO - Input content：
2019-10-24 05:07:14,447 - selenium - INFO - Successful positioning of elements.Positioning method and values used：['id', 'passwd']
2019-10-24 05:07:14,537 - selenium - INFO - Input content：
2019-10-24 05:07:14,557 - selenium - INFO - Successful positioning of elements.Positioning method and values used：['id', 'rmNum']
2019-10-24 05:07:14,625 - selenium - INFO - Input content：
2019-10-24 05:07:14,637 - selenium - INFO - Successful positioning of elements.Positioning method and values used：['css selector', 'span > input']
2019-10-24 05:07:14,692 - selenium - INFO - Input content：
2019-10-24 05:07:14,705 - selenium - INFO - Successful positioning of elements.Positioning method and values used：['id', 'OK2']
2019-10-24 05:07:14,757 - selenium - INFO - Click on the element success,location method and value used：['id', 'OK2']
2019-10-24 05:07:14,778 - selenium - INFO - Successful positioning of elements.Positioning method and values used：['css selector', '.err > span']
2019-10-24 05:07:14,792 - selenium - INFO - Obtained text：帐号6-10位数字或字母
2019-10-24 05:07:14,809 - selenium - INFO - Assert Verify success：expected outcome:{帐号6-10位数字或字母} == actual results:{帐号6-10位数字或字母}
2019-10-24 05:07:15,148 - selenium - INFO - Screenshot saved successfully!
2019-10-24 05:07:15,148 - selenium - INFO - Successful execution of test cases:注册页面，检测账号字段规则（是否不能包含中文）

2019-10-24 05:07:15,149 - selenium - INFO - Executing use test case:注册页面，检测账号字段规则（是否不能包含特殊字符）
2019-10-24 05:07:15,149 - selenium - INFO - input data:username:*&#123abc,password:,passwd:,phone:,code:,suc:0,assert:帐号6-10位数字或字母
2019-10-24 05:07:15,161 - selenium - INFO - Successful positioning of elements.Positioning method and values used：['id', 'username']
2019-10-24 05:07:15,281 - selenium - INFO - Input content：*&#123abc
2019-10-24 05:07:15,294 - selenium - INFO - Successful positioning of elements.Positioning method and values used：['id', 'password']
2019-10-24 05:07:15,366 - selenium - INFO - Input content：
2019-10-24 05:07:15,381 - selenium - INFO - Successful positioning of elements.Positioning method and values used：['id', 'passwd']
2019-10-24 05:07:15,459 - selenium - INFO - Input content：
2019-10-24 05:07:15,476 - selenium - INFO - Successful positioning of elements.Positioning method and values used：['id', 'rmNum']
2019-10-24 05:07:15,536 - selenium - INFO - Input content：
2019-10-24 05:07:15,548 - selenium - INFO - Successful positioning of elements.Positioning method and values used：['css selector', 'span > input']
2019-10-24 05:07:15,614 - selenium - INFO - Input content：
2019-10-24 05:07:15,628 - selenium - INFO - Successful positioning of elements.Positioning method and values used：['id', 'OK2']
2019-10-24 05:07:15,670 - selenium - INFO - Click on the element success,location method and value used：['id', 'OK2']
2019-10-24 05:07:15,682 - selenium - INFO - Successful positioning of elements.Positioning method and values used：['css selector', '.err > span']
2019-10-24 05:07:15,695 - selenium - INFO - Obtained text：帐号6-10位数字或字母
2019-10-24 05:07:15,708 - selenium - INFO - Assert Verify success：expected outcome:{帐号6-10位数字或字母} == actual results:{帐号6-10位数字或字母}
2019-10-24 05:07:16,063 - selenium - INFO - Screenshot saved successfully!
2019-10-24 05:07:16,064 - selenium - INFO - Successful execution of test cases:注册页面，检测账号字段规则（是否不能包含特殊字符）

2019-10-24 05:07:16,064 - selenium - INFO - Executing use test case:注册页面，检测账号字段规则（长度是否不能小于6位）
2019-10-24 05:07:16,064 - selenium - INFO - input data:username:123as,password:,passwd:,phone:,code:,suc:0,assert:帐号6-10位数字或字母
2019-10-24 05:07:16,076 - selenium - INFO - Successful positioning of elements.Positioning method and values used：['id', 'username']
2019-10-24 05:07:16,178 - selenium - INFO - Input content：123as
2019-10-24 05:07:16,190 - selenium - INFO - Successful positioning of elements.Positioning method and values used：['id', 'password']
2019-10-24 05:07:16,279 - selenium - INFO - Input content：
2019-10-24 05:07:16,299 - selenium - INFO - Successful positioning of elements.Positioning method and values used：['id', 'passwd']
2019-10-24 05:07:16,379 - selenium - INFO - Input content：
2019-10-24 05:07:16,392 - selenium - INFO - Successful positioning of elements.Positioning method and values used：['id', 'rmNum']
2019-10-24 05:07:16,454 - selenium - INFO - Input content：
2019-10-24 05:07:16,466 - selenium - INFO - Successful positioning of elements.Positioning method and values used：['css selector', 'span > input']
2019-10-24 05:07:16,531 - selenium - INFO - Input content：
2019-10-24 05:07:16,554 - selenium - INFO - Successful positioning of elements.Positioning method and values used：['id', 'OK2']
2019-10-24 05:07:16,587 - selenium - INFO - Click on the element success,location method and value used：['id', 'OK2']
2019-10-24 05:07:16,598 - selenium - INFO - Successful positioning of elements.Positioning method and values used：['css selector', '.err > span']
2019-10-24 05:07:16,612 - selenium - INFO - Obtained text：帐号6-10位数字或字母
2019-10-24 05:07:16,622 - selenium - INFO - Assert Verify success：expected outcome:{帐号6-10位数字或字母} == actual results:{帐号6-10位数字或字母}
2019-10-24 05:07:16,953 - selenium - INFO - Screenshot saved successfully!
2019-10-24 05:07:16,954 - selenium - INFO - Successful execution of test cases:注册页面，检测账号字段规则（长度是否不能小于6位）

2019-10-24 05:07:16,954 - selenium - INFO - Executing use test case:注册页面，检测密码字段规则（是否为必填项）
2019-10-24 05:07:16,954 - selenium - INFO - input data:username:Entech9998,password:,passwd:,phone:,code:,suc:0,assert:密码8-20位数字或字母
2019-10-24 05:07:16,969 - selenium - INFO - Successful positioning of elements.Positioning method and values used：['id', 'username']
2019-10-24 05:07:17,063 - selenium - INFO - Input content：Entech9998
2019-10-24 05:07:17,078 - selenium - INFO - Successful positioning of elements.Positioning method and values used：['id', 'password']
2019-10-24 05:07:17,141 - selenium - INFO - Input content：
2019-10-24 05:07:17,153 - selenium - INFO - Successful positioning of elements.Positioning method and values used：['id', 'passwd']
2019-10-24 05:07:17,262 - selenium - INFO - Input content：
2019-10-24 05:07:17,273 - selenium - INFO - Successful positioning of elements.Positioning method and values used：['id', 'rmNum']
2019-10-24 05:07:17,335 - selenium - INFO - Input content：
2019-10-24 05:07:17,347 - selenium - INFO - Successful positioning of elements.Positioning method and values used：['css selector', 'span > input']
2019-10-24 05:07:17,417 - selenium - INFO - Input content：
2019-10-24 05:07:17,428 - selenium - INFO - Successful positioning of elements.Positioning method and values used：['id', 'OK2']
2019-10-24 05:07:17,477 - selenium - INFO - Click on the element success,location method and value used：['id', 'OK2']
2019-10-24 05:07:17,502 - selenium - INFO - Successful positioning of elements.Positioning method and values used：['css selector', '.err > span']
2019-10-24 05:07:17,518 - selenium - INFO - Obtained text：密码8-20位数字或字母
2019-10-24 05:07:17,535 - selenium - INFO - Assert Verify success：expected outcome:{密码8-20位数字或字母} == actual results:{密码8-20位数字或字母}
2019-10-24 05:07:17,868 - selenium - INFO - Screenshot saved successfully!
2019-10-24 05:07:17,868 - selenium - INFO - Successful execution of test cases:注册页面，检测密码字段规则（是否为必填项）

2019-10-24 05:07:17,868 - selenium - INFO - Executing use test case:注册页面，检测验证码字段规则（是否为必填项）
2019-10-24 05:07:17,869 - selenium - INFO - input data:username:Entech9998,password:12345678,passwd:12345678,phone:,code:,suc:0,assert:请输入验证码
2019-10-24 05:07:17,881 - selenium - INFO - Successful positioning of elements.Positioning method and values used：['id', 'username']
2019-10-24 05:07:17,988 - selenium - INFO - Input content：Entech9998
2019-10-24 05:07:18,001 - selenium - INFO - Successful positioning of elements.Positioning method and values used：['id', 'password']
2019-10-24 05:07:18,090 - selenium - INFO - Input content：12345678
2019-10-24 05:07:18,114 - selenium - INFO - Successful positioning of elements.Positioning method and values used：['id', 'passwd']
2019-10-24 05:07:18,212 - selenium - INFO - Input content：12345678
2019-10-24 05:07:18,224 - selenium - INFO - Successful positioning of elements.Positioning method and values used：['id', 'rmNum']
2019-10-24 05:07:18,286 - selenium - INFO - Input content：
2019-10-24 05:07:18,299 - selenium - INFO - Successful positioning of elements.Positioning method and values used：['css selector', 'span > input']
2019-10-24 05:07:18,357 - selenium - INFO - Input content：
2019-10-24 05:07:18,381 - selenium - INFO - Successful positioning of elements.Positioning method and values used：['id', 'OK2']
2019-10-24 05:07:18,421 - selenium - INFO - Click on the element success,location method and value used：['id', 'OK2']
2019-10-24 05:07:18,431 - selenium - INFO - Successful positioning of elements.Positioning method and values used：['css selector', '.err > span']
2019-10-24 05:07:18,447 - selenium - INFO - Obtained text：请输入验证码
2019-10-24 05:07:18,458 - selenium - INFO - Assert Verify success：expected outcome:{请输入验证码} == actual results:{请输入验证码}
2019-10-24 05:07:18,781 - selenium - INFO - Screenshot saved successfully!
2019-10-24 05:07:18,782 - selenium - INFO - Successful execution of test cases:注册页面，检测验证码字段规则（是否为必填项）

2019-10-24 05:07:18,782 - selenium - INFO - Executing use test case:注册页面，检测手机号字段规则（是否为必填项）
2019-10-24 05:07:18,782 - selenium - INFO - input data:username:Entech9998,password:12345678,passwd:12345678,phone:1233,code:,suc:0,assert:请输入手机号
2019-10-24 05:07:18,793 - selenium - INFO - Successful positioning of elements.Positioning method and values used：['id', 'username']
2019-10-24 05:07:18,886 - selenium - INFO - Input content：Entech9998
2019-10-24 05:07:18,897 - selenium - INFO - Successful positioning of elements.Positioning method and values used：['id', 'password']
2019-10-24 05:07:18,978 - selenium - INFO - Input content：12345678
2019-10-24 05:07:18,996 - selenium - INFO - Successful positioning of elements.Positioning method and values used：['id', 'passwd']
2019-10-24 05:07:19,104 - selenium - INFO - Input content：12345678
2019-10-24 05:07:19,115 - selenium - INFO - Successful positioning of elements.Positioning method and values used：['id', 'rmNum']
2019-10-24 05:07:19,194 - selenium - INFO - Input content：1233
2019-10-24 05:07:19,213 - selenium - INFO - Successful positioning of elements.Positioning method and values used：['css selector', 'span > input']
2019-10-24 05:07:19,292 - selenium - INFO - Input content：
2019-10-24 05:07:19,305 - selenium - INFO - Successful positioning of elements.Positioning method and values used：['id', 'OK2']
2019-10-24 05:07:19,347 - selenium - INFO - Click on the element success,location method and value used：['id', 'OK2']
2019-10-24 05:07:19,368 - selenium - INFO - Successful positioning of elements.Positioning method and values used：['css selector', '.err > span']
2019-10-24 05:07:19,382 - selenium - INFO - Obtained text：请输入手机号
2019-10-24 05:07:19,392 - selenium - INFO - Assert Verify success：expected outcome:{请输入手机号} == actual results:{请输入手机号}
2019-10-24 05:07:19,741 - selenium - INFO - Screenshot saved successfully!
2019-10-24 05:07:19,741 - selenium - INFO - Successful execution of test cases:注册页面，检测手机号字段规则（是否为必填项）

2019-10-24 05:07:19,741 - selenium - INFO - Executing use test case:注册页面，检测密码字段规则（最小长度是否为8位）
2019-10-24 05:07:19,741 - selenium - INFO - input data:username:Entech9998,password:12345,passwd:12345,phone:1233,code:11144434443,suc:0,assert:密码 的最小长度为 8 字符
2019-10-24 05:07:19,758 - selenium - INFO - Successful positioning of elements.Positioning method and values used：['id', 'username']
2019-10-24 05:07:19,846 - selenium - INFO - Input content：Entech9998
2019-10-24 05:07:19,859 - selenium - INFO - Successful positioning of elements.Positioning method and values used：['id', 'password']
2019-10-24 05:07:19,938 - selenium - INFO - Input content：12345
2019-10-24 05:07:19,968 - selenium - INFO - Successful positioning of elements.Positioning method and values used：['id', 'passwd']
2019-10-24 05:07:20,077 - selenium - INFO - Input content：12345
2019-10-24 05:07:20,090 - selenium - INFO - Successful positioning of elements.Positioning method and values used：['id', 'rmNum']
2019-10-24 05:07:20,172 - selenium - INFO - Input content：1233
2019-10-24 05:07:20,190 - selenium - INFO - Successful positioning of elements.Positioning method and values used：['css selector', 'span > input']
2019-10-24 05:07:20,282 - selenium - INFO - Input content：11144434443
2019-10-24 05:07:20,293 - selenium - INFO - Successful positioning of elements.Positioning method and values used：['id', 'OK2']
2019-10-24 05:07:20,322 - selenium - INFO - Click on the element success,location method and value used：['id', 'OK2']
2019-10-24 05:07:20,501 - selenium - INFO - Successful positioning of elements.Positioning method and values used：['css selector', '.err > span']
2019-10-24 05:07:20,518 - selenium - INFO - Obtained text：密码 的最小长度为 8 字符
2019-10-24 05:07:20,528 - selenium - INFO - Assert Verify success：expected outcome:{密码的最小长度为8字符} == actual results:{密码的最小长度为8字符}
2019-10-24 05:07:20,856 - selenium - INFO - Screenshot saved successfully!
2019-10-24 05:07:20,856 - selenium - INFO - Successful execution of test cases:注册页面，检测密码字段规则（最小长度是否为8位）

2019-10-24 05:07:20,857 - selenium - INFO - Executing use test case:注册页面，检测密码字段规则（最小长度是否为8位）
2019-10-24 05:07:20,857 - selenium - INFO - input data:username:Entech9998,password:1234,passwd:1234,phone:1233,code:11144434443,suc:0,assert:密码8-20位数字或字母
2019-10-24 05:07:20,868 - selenium - INFO - Successful positioning of elements.Positioning method and values used：['id', 'username']
2019-10-24 05:07:20,959 - selenium - INFO - Input content：Entech9998
2019-10-24 05:07:20,970 - selenium - INFO - Successful positioning of elements.Positioning method and values used：['id', 'password']
2019-10-24 05:07:21,070 - selenium - INFO - Input content：1234
2019-10-24 05:07:21,089 - selenium - INFO - Successful positioning of elements.Positioning method and values used：['id', 'passwd']
2019-10-24 05:07:21,179 - selenium - INFO - Input content：1234
2019-10-24 05:07:21,194 - selenium - INFO - Successful positioning of elements.Positioning method and values used：['id', 'rmNum']
2019-10-24 05:07:21,263 - selenium - INFO - Input content：1233
2019-10-24 05:07:21,279 - selenium - INFO - Successful positioning of elements.Positioning method and values used：['css selector', 'span > input']
2019-10-24 05:07:21,407 - selenium - INFO - Input content：11144434443
2019-10-24 05:07:21,418 - selenium - INFO - Successful positioning of elements.Positioning method and values used：['id', 'OK2']
2019-10-24 05:07:21,454 - selenium - INFO - Click on the element success,location method and value used：['id', 'OK2']
2019-10-24 05:07:21,465 - selenium - INFO - Successful positioning of elements.Positioning method and values used：['css selector', '.err > span']
2019-10-24 05:07:21,487 - selenium - INFO - Obtained text：密码8-20位数字或字母
2019-10-24 05:07:21,504 - selenium - INFO - Assert Verify success：expected outcome:{密码8-20位数字或字母} == actual results:{密码8-20位数字或字母}
2019-10-24 05:07:21,831 - selenium - INFO - Screenshot saved successfully!
2019-10-24 05:07:21,831 - selenium - INFO - Successful execution of test cases:注册页面，检测密码字段规则（最小长度是否为8位）

2019-10-24 05:07:21,831 - selenium - INFO - Executing use test case:注册页面，检测手机号字段规则（手机格式）
2019-10-24 05:07:21,831 - selenium - INFO - input data:username:Entech9998,password:12345678,passwd:12345678,phone:1233,code:11144434443,suc:0,assert:请填写正确的手机号码.
2019-10-24 05:07:21,845 - selenium - INFO - Successful positioning of elements.Positioning method and values used：['id', 'username']
2019-10-24 05:07:21,943 - selenium - INFO - Input content：Entech9998
2019-10-24 05:07:21,954 - selenium - INFO - Successful positioning of elements.Positioning method and values used：['id', 'password']
2019-10-24 05:07:22,044 - selenium - INFO - Input content：12345678
2019-10-24 05:07:22,064 - selenium - INFO - Successful positioning of elements.Positioning method and values used：['id', 'passwd']
2019-10-24 05:07:22,179 - selenium - INFO - Input content：12345678
2019-10-24 05:07:22,191 - selenium - INFO - Successful positioning of elements.Positioning method and values used：['id', 'rmNum']
2019-10-24 05:07:22,289 - selenium - INFO - Input content：1233
2019-10-24 05:07:22,302 - selenium - INFO - Successful positioning of elements.Positioning method and values used：['css selector', 'span > input']
2019-10-24 05:07:22,418 - selenium - INFO - Input content：11144434443
2019-10-24 05:07:22,430 - selenium - INFO - Successful positioning of elements.Positioning method and values used：['id', 'OK2']
2019-10-24 05:07:22,479 - selenium - INFO - Click on the element success,location method and value used：['id', 'OK2']
2019-10-24 05:07:22,659 - selenium - INFO - Successful positioning of elements.Positioning method and values used：['css selector', '.err > span']
2019-10-24 05:07:22,673 - selenium - INFO - Obtained text：请填写正确的手机号码.
2019-10-24 05:07:22,684 - selenium - INFO - Assert Verify success：expected outcome:{请填写正确的手机号码.} == actual results:{请填写正确的手机号码.}
2019-10-24 05:07:23,016 - selenium - INFO - Screenshot saved successfully!
2019-10-24 05:07:23,016 - selenium - INFO - Successful execution of test cases:注册页面，检测手机号字段规则（手机格式）

2019-10-24 05:07:23,016 - selenium - INFO - Executing use test case:注册页面，检测密码字段规则（是否区分密码字母大小写）
2019-10-24 05:07:23,017 - selenium - INFO - input data:username:Entech9998,password:1234567a,passwd:1234567A,phone:1233,code:13944434443,suc:0,assert:两次密码不一致
2019-10-24 05:07:23,028 - selenium - INFO - Successful positioning of elements.Positioning method and values used：['id', 'username']
2019-10-24 05:07:23,145 - selenium - INFO - Input content：Entech9998
2019-10-24 05:07:23,159 - selenium - INFO - Successful positioning of elements.Positioning method and values used：['id', 'password']
2019-10-24 05:07:23,280 - selenium - INFO - Input content：1234567a
2019-10-24 05:07:23,297 - selenium - INFO - Successful positioning of elements.Positioning method and values used：['id', 'passwd']
2019-10-24 05:07:23,395 - selenium - INFO - Input content：1234567A
2019-10-24 05:07:23,406 - selenium - INFO - Successful positioning of elements.Positioning method and values used：['id', 'rmNum']
2019-10-24 05:07:23,480 - selenium - INFO - Input content：1233
2019-10-24 05:07:23,499 - selenium - INFO - Successful positioning of elements.Positioning method and values used：['css selector', 'span > input']
2019-10-24 05:07:23,600 - selenium - INFO - Input content：13944434443
2019-10-24 05:07:23,611 - selenium - INFO - Successful positioning of elements.Positioning method and values used：['id', 'OK2']
2019-10-24 05:07:23,653 - selenium - INFO - Click on the element success,location method and value used：['id', 'OK2']
2019-10-24 05:07:23,665 - selenium - INFO - Successful positioning of elements.Positioning method and values used：['css selector', '.err > span']
2019-10-24 05:07:23,680 - selenium - INFO - Obtained text：两次密码不一致
2019-10-24 05:07:23,694 - selenium - INFO - Assert Verify success：expected outcome:{两次密码不一致} == actual results:{两次密码不一致}
2019-10-24 05:07:24,020 - selenium - INFO - Screenshot saved successfully!
2019-10-24 05:07:24,021 - selenium - INFO - Successful execution of test cases:注册页面，检测密码字段规则（是否区分密码字母大小写）

2019-10-24 05:07:24,021 - selenium - INFO - Executing use test case:注册页面，检测是否能阻止重复注册
2019-10-24 05:07:24,021 - selenium - INFO - input data:username:enintech0,password:987456123,passwd:987456123,phone:1233,code:13944434443,suc:0,assert:帐号已存在
2019-10-24 05:07:24,031 - selenium - INFO - Successful positioning of elements.Positioning method and values used：['id', 'username']
2019-10-24 05:07:24,118 - selenium - INFO - Input content：enintech0
2019-10-24 05:07:24,129 - selenium - INFO - Successful positioning of elements.Positioning method and values used：['id', 'password']
2019-10-24 05:07:24,223 - selenium - INFO - Input content：987456123
2019-10-24 05:07:24,249 - selenium - INFO - Successful positioning of elements.Positioning method and values used：['id', 'passwd']
2019-10-24 05:07:24,375 - selenium - INFO - Input content：987456123
2019-10-24 05:07:24,386 - selenium - INFO - Successful positioning of elements.Positioning method and values used：['id', 'rmNum']
2019-10-24 05:07:24,465 - selenium - INFO - Input content：1233
2019-10-24 05:07:24,479 - selenium - INFO - Successful positioning of elements.Positioning method and values used：['css selector', 'span > input']
2019-10-24 05:07:24,594 - selenium - INFO - Input content：13944434443
2019-10-24 05:07:24,605 - selenium - INFO - Successful positioning of elements.Positioning method and values used：['id', 'OK2']
2019-10-24 05:07:24,637 - selenium - INFO - Click on the element success,location method and value used：['id', 'OK2']
2019-10-24 05:07:24,757 - selenium - INFO - Successful positioning of elements.Positioning method and values used：['css selector', '.err > span']
2019-10-24 05:07:24,770 - selenium - INFO - Obtained text：帐号已存在
2019-10-24 05:07:24,780 - selenium - INFO - Assert Verify success：expected outcome:{帐号已存在} == actual results:{帐号已存在}
2019-10-24 05:07:25,123 - selenium - INFO - Screenshot saved successfully!
2019-10-24 05:07:25,124 - selenium - INFO - Successful execution of test cases:注册页面，检测是否能阻止重复注册

2019-10-24 05:07:25,124 - selenium - INFO - Executing use test case:注册页面，检测验证码字段规则（错误验证码是否阻止注册）
2019-10-24 05:07:25,124 - selenium - INFO - input data:username:Entech9998,password:1234567a,passwd:1234567a,phone:1111,code:13944434443,suc:0,assert:验证码错误
2019-10-24 05:07:25,135 - selenium - INFO - Successful positioning of elements.Positioning method and values used：['id', 'username']
2019-10-24 05:07:25,253 - selenium - INFO - Input content：Entech9998
2019-10-24 05:07:25,265 - selenium - INFO - Successful positioning of elements.Positioning method and values used：['id', 'password']
2019-10-24 05:07:25,371 - selenium - INFO - Input content：1234567a
2019-10-24 05:07:25,391 - selenium - INFO - Successful positioning of elements.Positioning method and values used：['id', 'passwd']
2019-10-24 05:07:25,482 - selenium - INFO - Input content：1234567a
2019-10-24 05:07:25,494 - selenium - INFO - Successful positioning of elements.Positioning method and values used：['id', 'rmNum']
2019-10-24 05:07:25,569 - selenium - INFO - Input content：1111
2019-10-24 05:07:25,586 - selenium - INFO - Successful positioning of elements.Positioning method and values used：['css selector', 'span > input']
2019-10-24 05:07:25,686 - selenium - INFO - Input content：13944434443
2019-10-24 05:07:25,696 - selenium - INFO - Successful positioning of elements.Positioning method and values used：['id', 'OK2']
2019-10-24 05:07:25,749 - selenium - INFO - Click on the element success,location method and value used：['id', 'OK2']
2019-10-24 05:07:25,932 - selenium - INFO - Successful positioning of elements.Positioning method and values used：['css selector', '.err > span']
2019-10-24 05:07:25,946 - selenium - INFO - Obtained text：验证码错误
2019-10-24 05:07:25,959 - selenium - INFO - Assert Verify success：expected outcome:{验证码错误} == actual results:{验证码错误}
2019-10-24 05:07:26,297 - selenium - INFO - Screenshot saved successfully!
2019-10-24 05:07:26,297 - selenium - INFO - Successful execution of test cases:注册页面，检测验证码字段规则（错误验证码是否阻止注册）

2019-10-24 05:07:26,297 - selenium - INFO - Executing use test case:检测是否能够成功注册账号
2019-10-24 05:07:26,311 - selenium - INFO - Successful positioning of elements.Positioning method and values used：['id', 'username']
2019-10-24 05:07:26,421 - selenium - INFO - Input content：enintech36
2019-10-24 05:07:26,432 - selenium - INFO - Successful positioning of elements.Positioning method and values used：['id', 'password']
2019-10-24 05:07:26,541 - selenium - INFO - Input content：12345678
2019-10-24 05:07:26,555 - selenium - INFO - Successful positioning of elements.Positioning method and values used：['id', 'passwd']
2019-10-24 05:07:26,660 - selenium - INFO - Input content：12345678
2019-10-24 05:07:26,671 - selenium - INFO - Successful positioning of elements.Positioning method and values used：['css selector', 'span > input']
2019-10-24 05:07:26,798 - selenium - INFO - Input content：13988889999
2019-10-24 05:07:29,770 - selenium - INFO - Forced wait 2 second
2019-10-24 05:07:29,786 - selenium - INFO - Successful positioning of elements.Positioning method and values used：['id', 'rmNum']
2019-10-24 05:07:29,863 - selenium - INFO - Input content：5582
2019-10-24 05:07:29,874 - selenium - INFO - Successful positioning of elements.Positioning method and values used：['id', 'OK2']
2019-10-24 05:07:29,920 - selenium - INFO - Click on the element success,location method and value used：['id', 'OK2']
2019-10-24 05:07:31,922 - selenium - INFO - Forced wait 2 second
2019-10-24 05:07:31,935 - selenium - INFO - Successful positioning of elements.Positioning method and values used：['css selector', '.err > span']
2019-10-24 05:07:31,952 - selenium - INFO - Obtained text：帐号已存在
2019-10-24 05:07:31,976 - selenium - INFO - Successful positioning of elements.Positioning method and values used：['css selector', '.err > span']
2019-10-24 05:07:31,986 - selenium - INFO - Obtained text：帐号已存在
2019-10-24 05:07:33,997 - selenium - INFO - Forced wait 2 second
2019-10-24 05:07:36,278 - selenium - INFO - Forced wait 2 second
2019-10-24 05:07:36,293 - selenium - INFO - Successful positioning of elements.Positioning method and values used：['id', 'username']
2019-10-24 05:07:36,407 - selenium - INFO - Input content：enintech37
2019-10-24 05:07:38,409 - selenium - INFO - Forced wait 2 second
2019-10-24 05:07:38,421 - selenium - INFO - Successful positioning of elements.Positioning method and values used：['css selector', '.checkLoginCodeImage']
2019-10-24 05:07:38,473 - selenium - INFO - Click on the element success,location method and value used：['css selector', '.checkLoginCodeImage']
2019-10-24 05:07:40,473 - selenium - INFO - Forced wait 2 second
2019-10-24 05:07:43,875 - selenium - INFO - Forced wait 2 second
2019-10-24 05:07:43,889 - selenium - INFO - Successful positioning of elements.Positioning method and values used：['id', 'rmNum']
2019-10-24 05:07:43,968 - selenium - INFO - Input content：7933
2019-10-24 05:07:43,979 - selenium - INFO - Successful positioning of elements.Positioning method and values used：['id', 'OK2']
2019-10-24 05:07:44,028 - selenium - INFO - Click on the element success,location method and value used：['id', 'OK2']
2019-10-24 05:07:46,030 - selenium - INFO - Forced wait 2 second
2019-10-24 05:07:59,667 - selenium - INFO - 在section：copy下读取pro_copy的值
2019-10-24 05:07:59,670 - selenium - INFO - 在section：reports下读取pro的值
2019-10-24 05:08:02,911 - selenium - INFO - 在section：title下读取pro的值
2019-10-24 05:08:02,911 - selenium - INFO - 在section：environment下读取url的值
2019-10-24 05:08:02,963 - selenium - INFO - 在section：telegram下读取token的值
2019-10-24 05:08:02,963 - selenium - INFO - 在section：telegram下读取chat_id的值
