2019-10-24 06:47:25,661 - selenium - INFO - 在section：environment下读取browser的值
2019-10-24 06:47:25,662 - selenium - INFO - Read browser configuration, value：chrome
2019-10-24 06:47:25,662 - selenium - INFO - 在section：environment下读取url的值
2019-10-24 06:47:25,662 - selenium - INFO - Read url configuration, value：http://blr.9161252.com/#/home
2019-10-24 06:47:26,887 - selenium - INFO - Visit website：http://blr.9161252.com/#/home
2019-10-24 06:47:26,998 - selenium - INFO - Browser maximization
2019-10-24 06:47:27,005 - selenium - INFO - Set static wait time 10 seconds
2019-10-24 06:47:27,005 - selenium - INFO - Executing use test cases: 未登录情况下，访问体育赛事中的皇冠体育
2019-10-24 06:47:27,005 - selenium - INFO - input data:suc:0,assert:未登录
2019-10-24 06:47:27,761 - selenium - INFO - Successful positioning of elements.Positioning method and values used：['css selector', '.close']
2019-10-24 06:47:27,799 - selenium - INFO - Successful positioning of elements.Positioning method and values used：['css selector', '.close']
2019-10-24 06:47:27,984 - selenium - INFO - Click on the element success,location method and value used：['css selector', '.close']
2019-10-24 06:47:28,014 - selenium - INFO - Successful positioning of elements.Positioning method and values used：['css selector', '.navLi:nth-child(4) > .navA']
2019-10-24 06:47:29,302 - selenium - INFO - Forced wait 1 second
2019-10-24 06:47:29,330 - selenium - INFO - Successful positioning of elements.Positioning method and values used：['link text', '皇冠体育']
2019-10-24 06:47:29,680 - selenium - INFO - Click on the element success,location method and value used：['link text', '皇冠体育']
2019-10-24 06:47:30,681 - selenium - INFO - Forced wait 1 second
2019-10-24 06:47:30,724 - selenium - INFO - Successful positioning of elements.Positioning method and values used：['css selector', '.tipModel-box > span:nth-child(2)']
2019-10-24 06:47:30,739 - selenium - INFO - Obtained text：未登录
2019-10-24 06:47:30,755 - selenium - INFO - Assert Verify success：expected outcome:{未登录} == actual results:{未登录}
2019-10-24 06:47:31,334 - selenium - INFO - Screenshot saved successfully!
2019-10-24 06:47:31,335 - selenium - INFO - Successful execution of test cases:未登录情况下，访问体育赛事中的皇冠体育

2019-10-24 06:47:31,335 - selenium - INFO - Executing use test cases: 未登录情况下，访问体育赛事中的沙巴体育
2019-10-24 06:47:31,335 - selenium - INFO - input data:suc:0,assert:未登录
2019-10-24 06:47:31,353 - selenium - INFO - Successful positioning of elements.Positioning method and values used：['css selector', '.navLi:nth-child(4) > .navA']
2019-10-24 06:47:32,631 - selenium - INFO - Forced wait 1 second
2019-10-24 06:47:32,651 - selenium - INFO - Successful positioning of elements.Positioning method and values used：['link text', '沙巴体育']
2019-10-24 06:47:32,702 - selenium - INFO - Click on the element success,location method and value used：['link text', '沙巴体育']
2019-10-24 06:47:33,704 - selenium - INFO - Forced wait 1 second
2019-10-24 06:47:33,755 - selenium - INFO - Successful positioning of elements.Positioning method and values used：['css selector', '.tipModel-box > span:nth-child(2)']
2019-10-24 06:47:33,770 - selenium - INFO - Obtained text：未登录
2019-10-24 06:47:33,790 - selenium - INFO - Assert Verify success：expected outcome:{未登录} == actual results:{未登录}
2019-10-24 06:47:34,229 - selenium - INFO - Screenshot saved successfully!
2019-10-24 06:47:34,230 - selenium - INFO - Successful execution of test cases:未登录情况下，访问体育赛事中的沙巴体育

2019-10-24 06:47:34,230 - selenium - INFO - Executing use test cases: 未登录情况下，访问体育赛事中的BBin体育
2019-10-24 06:47:34,230 - selenium - INFO - input data:suc:0,assert:未登录
2019-10-24 06:47:34,246 - selenium - INFO - Successful positioning of elements.Positioning method and values used：['css selector', '.navLi:nth-child(4) > .navA']
2019-10-24 06:47:35,517 - selenium - INFO - Forced wait 1 second
2019-10-24 06:47:35,547 - selenium - INFO - Successful positioning of elements.Positioning method and values used：['link text', 'BB体育']
2019-10-24 06:47:35,603 - selenium - INFO - Click on the element success,location method and value used：['link text', 'BB体育']
2019-10-24 06:47:36,604 - selenium - INFO - Forced wait 1 second
2019-10-24 06:47:36,648 - selenium - INFO - Successful positioning of elements.Positioning method and values used：['css selector', '.tipModel-box > span:nth-child(2)']
2019-10-24 06:47:36,663 - selenium - INFO - Obtained text：未登录
2019-10-24 06:47:36,675 - selenium - INFO - Assert Verify success：expected outcome:{未登录} == actual results:{未登录}
2019-10-24 06:47:37,079 - selenium - INFO - Screenshot saved successfully!
2019-10-24 06:47:37,079 - selenium - INFO - Successful execution of test cases:未登录情况下，访问体育赛事中的BBin体育

2019-10-24 06:47:37,080 - selenium - INFO - Executing use test case:未登录情况下，访问体育赛事中的AG体育
2019-10-24 06:47:37,080 - selenium - INFO - input data:suc:0,assert:未登录
2019-10-24 06:47:37,100 - selenium - INFO - Successful positioning of elements.Positioning method and values used：['css selector', '.navLi:nth-child(4) > .navA']
2019-10-24 06:47:38,386 - selenium - INFO - Forced wait 1 second
2019-10-24 06:47:38,423 - selenium - INFO - Successful positioning of elements.Positioning method and values used：['link text', 'AG体育']
2019-10-24 06:47:38,470 - selenium - INFO - Click on the element success,location method and value used：['link text', 'AG体育']
2019-10-24 06:47:39,472 - selenium - INFO - Forced wait 1 second
2019-10-24 06:47:39,559 - selenium - INFO - Successful positioning of elements.Positioning method and values used：['css selector', '.tipModel-box > span:nth-child(2)']
2019-10-24 06:47:39,572 - selenium - INFO - Obtained text：未登录
2019-10-24 06:47:39,587 - selenium - INFO - Assert Verify success：expected outcome:{未登录} == actual results:{未登录}
2019-10-24 06:47:39,980 - selenium - INFO - Screenshot saved successfully!
2019-10-24 06:47:39,981 - selenium - INFO - Successful execution of test cases:未登录情况下，访问体育赛事中的AG体育

2019-10-24 06:47:39,981 - selenium - INFO - Executing use test case:未登录情况下，在视讯直播中启动AG场馆
2019-10-24 06:47:39,981 - selenium - INFO - input data:suc:0,assert:未登录
2019-10-24 06:47:40,005 - selenium - INFO - Successful positioning of elements.Positioning method and values used：['css selector', '.navLi:nth-child(3) > .navA']
2019-10-24 06:47:40,298 - selenium - INFO - Click on the element success,location method and value used：['css selector', '.navLi:nth-child(3) > .navA']
2019-10-24 06:47:41,300 - selenium - INFO - Forced wait 1 second
2019-10-24 06:47:41,315 - selenium - INFO - Successful positioning of elements.Positioning method and values used：['css selector', '.ag']
2019-10-24 06:47:41,376 - selenium - INFO - Click on the element success,location method and value used：['css selector', '.ag']
2019-10-24 06:47:42,378 - selenium - INFO - Forced wait 1 second
2019-10-24 06:47:42,415 - selenium - INFO - Successful positioning of elements.Positioning method and values used：['css selector', '.tipModel-box > span:nth-child(2)']
2019-10-24 06:47:42,428 - selenium - INFO - Obtained text：未登录
2019-10-24 06:47:42,440 - selenium - INFO - Assert Verify success：expected outcome:{未登录} == actual results:{未登录}
2019-10-24 06:47:42,948 - selenium - INFO - Screenshot saved successfully!
2019-10-24 06:47:42,948 - selenium - INFO - Successful execution of test cases:未登录情况下，在视讯直播中启动AG场馆

2019-10-24 06:47:42,948 - selenium - INFO - Executing use test case:未登录情况下，在电子游艺中启动[游戏xxx]
2019-10-24 06:47:42,948 - selenium - INFO - input data:suc:0,assert:未登录
2019-10-24 06:47:42,963 - selenium - INFO - Successful positioning of elements.Positioning method and values used：['css selector', '.navLi:nth-child(2) > .navA']
2019-10-24 06:47:44,320 - selenium - INFO - Click on the element success,location method and value used：['css selector', '.navLi:nth-child(2) > .navA']
2019-10-24 06:47:45,321 - selenium - INFO - Forced wait 1 second
2019-10-24 06:47:45,340 - selenium - INFO - Successful positioning of elements.Positioning method and values used：['css selector', '.ipt']
2019-10-24 06:47:45,505 - selenium - INFO - Input content：老虎机
2019-10-24 06:47:46,507 - selenium - INFO - Forced wait 1 second
2019-10-24 06:47:46,534 - selenium - INFO - Successful positioning of elements.Positioning method and values used：['css selector', '.btn-search']
2019-10-24 06:47:46,635 - selenium - INFO - Click on the element success,location method and value used：['css selector', '.btn-search']
2019-10-24 06:47:47,636 - selenium - INFO - Forced wait 1 second
2019-10-24 06:47:48,647 - selenium - INFO - Forced wait 1 second
2019-10-24 06:47:48,663 - selenium - INFO - Successful positioning of elements.Positioning method and values used：['xpath', "//img[@data-src='https://blr.8581333.com/images/default/pc/2177.png']"]
2019-10-24 06:47:48,721 - selenium - INFO - Click on the element success,location method and value used：['xpath', "//img[@data-src='https://blr.8581333.com/images/default/pc/2177.png']"]
2019-10-24 06:47:49,722 - selenium - INFO - Forced wait 1 second
2019-10-24 06:47:49,761 - selenium - INFO - Successful positioning of elements.Positioning method and values used：['css selector', '.tipModel-box > span:nth-child(2)']
2019-10-24 06:47:49,773 - selenium - INFO - Obtained text：未登录
2019-10-24 06:47:49,787 - selenium - INFO - Successful execution of test cases:未登录情况下，在电子游艺中启动[游戏xxx]

2019-10-24 06:47:49,787 - selenium - INFO - Executing use test cases:未登录情况下，访问棋牌游戏中的乐游棋牌
2019-10-24 06:47:49,788 - selenium - INFO - input data:suc:0,assert:未登录
2019-10-24 06:47:50,802 - selenium - INFO - Forced wait 1 second
2019-10-24 06:47:50,802 - selenium - INFO - JavaScript execution is successful，JavaScript content is：var q=document.documentElement.scrollTop=0
2019-10-24 06:47:51,803 - selenium - INFO - Forced wait 1 second
2019-10-24 06:47:51,838 - selenium - INFO - Successful positioning of elements.Positioning method and values used：['css selector', '.navLi:nth-child(6) > .navA']
2019-10-24 06:47:53,118 - selenium - INFO - Forced wait 1 second
2019-10-24 06:47:53,139 - selenium - INFO - Successful positioning of elements.Positioning method and values used：['link text', '乐游棋牌']
2019-10-24 06:47:53,180 - selenium - INFO - Click on the element success,location method and value used：['link text', '乐游棋牌']
2019-10-24 06:47:54,181 - selenium - INFO - Forced wait 1 second
2019-10-24 06:47:54,221 - selenium - INFO - Successful positioning of elements.Positioning method and values used：['css selector', '.tipModel-box > span:nth-child(2)']
2019-10-24 06:47:54,234 - selenium - INFO - Obtained text：未登录
2019-10-24 06:47:54,248 - selenium - INFO - Assert Verify success：expected outcome:{未登录} == actual results:{未登录}
2019-10-24 06:47:54,679 - selenium - INFO - Screenshot saved successfully!
2019-10-24 06:47:54,679 - selenium - INFO - Successful execution of test cases:未登录情况下，访问棋牌游戏中的乐游棋牌

2019-10-24 06:47:54,679 - selenium - INFO - Executing use test cases:未登录情况下，访问棋牌游戏中的开元棋牌
2019-10-24 06:47:54,680 - selenium - INFO - input data:suc:0,assert:未登录
2019-10-24 06:47:55,693 - selenium - INFO - Forced wait 1 second
2019-10-24 06:47:55,693 - selenium - INFO - JavaScript execution is successful，JavaScript content is：var q=document.documentElement.scrollTop=0
2019-10-24 06:47:56,694 - selenium - INFO - Forced wait 1 second
2019-10-24 06:47:56,719 - selenium - INFO - Successful positioning of elements.Positioning method and values used：['css selector', '.navLi:nth-child(6) > .navA']
2019-10-24 06:47:57,996 - selenium - INFO - Forced wait 1 second
2019-10-24 06:47:58,019 - selenium - INFO - Successful positioning of elements.Positioning method and values used：['link text', '开元棋牌']
2019-10-24 06:47:58,067 - selenium - INFO - Click on the element success,location method and value used：['link text', '开元棋牌']
2019-10-24 06:47:59,068 - selenium - INFO - Forced wait 1 second
2019-10-24 06:47:59,102 - selenium - INFO - Successful positioning of elements.Positioning method and values used：['css selector', '.tipModel-box > span:nth-child(2)']
2019-10-24 06:47:59,115 - selenium - INFO - Obtained text：未登录
2019-10-24 06:47:59,130 - selenium - INFO - Assert Verify success：expected outcome:{未登录} == actual results:{未登录}
2019-10-24 06:47:59,559 - selenium - INFO - Screenshot saved successfully!
2019-10-24 06:47:59,559 - selenium - INFO - Successful execution of test cases:未登录情况下，访问棋牌游戏中的开元棋牌

2019-10-24 06:47:59,559 - selenium - INFO - Executing use test cases:未登录情况下，访问棋牌游戏中的VG棋牌
2019-10-24 06:47:59,559 - selenium - INFO - input data:suc:0,assert:未登录
2019-10-24 06:48:00,569 - selenium - INFO - Forced wait 1 second
2019-10-24 06:48:00,569 - selenium - INFO - JavaScript execution is successful，JavaScript content is：var q=document.documentElement.scrollTop=0
2019-10-24 06:48:01,570 - selenium - INFO - Forced wait 1 second
2019-10-24 06:48:01,584 - selenium - INFO - Successful positioning of elements.Positioning method and values used：['css selector', '.navLi:nth-child(6) > .navA']
2019-10-24 06:48:02,863 - selenium - INFO - Forced wait 1 second
2019-10-24 06:48:02,884 - selenium - INFO - Successful positioning of elements.Positioning method and values used：['link text', 'VG棋牌']
2019-10-24 06:48:02,949 - selenium - INFO - Click on the element success,location method and value used：['link text', 'VG棋牌']
2019-10-24 06:48:03,950 - selenium - INFO - Forced wait 1 second
2019-10-24 06:48:04,003 - selenium - INFO - Successful positioning of elements.Positioning method and values used：['css selector', '.tipModel-box > span:nth-child(2)']
2019-10-24 06:48:04,016 - selenium - INFO - Obtained text：未登录
2019-10-24 06:48:04,031 - selenium - INFO - Assert Verify success：expected outcome:{未登录} == actual results:{未登录}
2019-10-24 06:48:04,462 - selenium - INFO - Screenshot saved successfully!
2019-10-24 06:48:04,462 - selenium - INFO - Successful execution of test cases:未登录情况下，访问棋牌游戏中的VG棋牌

2019-10-24 06:48:04,462 - selenium - INFO - Executing use test case:未登录情况下，访问棋牌游戏中的天豪棋牌
2019-10-24 06:48:04,462 - selenium - INFO - input data:suc:0,assert:未登录
2019-10-24 06:48:05,474 - selenium - INFO - Forced wait 1 second
2019-10-24 06:48:05,474 - selenium - INFO - JavaScript execution is successful，JavaScript content is：var q=document.documentElement.scrollTop=0
2019-10-24 06:48:06,476 - selenium - INFO - Forced wait 1 second
2019-10-24 06:48:06,503 - selenium - INFO - Successful positioning of elements.Positioning method and values used：['css selector', '.navLi:nth-child(6) > .navA']
2019-10-24 06:48:07,800 - selenium - INFO - Forced wait 1 second
2019-10-24 06:48:07,824 - selenium - INFO - Successful positioning of elements.Positioning method and values used：['link text', '天豪棋牌']
2019-10-24 06:48:07,864 - selenium - INFO - Click on the element success,location method and value used：['link text', '天豪棋牌']
2019-10-24 06:48:08,865 - selenium - INFO - Forced wait 1 second
2019-10-24 06:48:08,904 - selenium - INFO - Successful positioning of elements.Positioning method and values used：['css selector', '.tipModel-box > span:nth-child(2)']
2019-10-24 06:48:08,917 - selenium - INFO - Obtained text：未登录
2019-10-24 06:48:08,933 - selenium - INFO - Assert Verify success：expected outcome:{未登录} == actual results:{未登录}
2019-10-24 06:48:09,369 - selenium - INFO - Screenshot saved successfully!
2019-10-24 06:48:09,369 - selenium - INFO - Successful execution of test cases:未登录情况下，访问棋牌游戏中的天豪棋牌

2019-10-24 06:48:09,428 - selenium - INFO - 在section：environment下读取browser的值
2019-10-24 06:48:09,428 - selenium - INFO - Read browser configuration, value：chrome
2019-10-24 06:48:09,428 - selenium - INFO - 在section：environment下读取url的值
2019-10-24 06:48:09,428 - selenium - INFO - Read url configuration, value：http://blr.9161252.com/#/home
2019-10-24 06:48:15,911 - selenium - INFO - Visit website：http://blr.9161252.com/#/home
2019-10-24 06:48:16,023 - selenium - INFO - Browser maximization
2019-10-24 06:48:16,027 - selenium - INFO - Set static wait time 10 seconds
2019-10-24 06:48:16,028 - selenium - INFO - Executing test cases：未登录情况下，访问右侧悬浮窗口的APP下载页面
2019-10-24 06:48:16,770 - selenium - INFO - Successful positioning of elements.Positioning method and values used：['css selector', '.close']
2019-10-24 06:48:16,805 - selenium - INFO - Successful positioning of elements.Positioning method and values used：['css selector', '.close']
2019-10-24 06:48:16,956 - selenium - INFO - Click on the element success,location method and value used：['css selector', '.close']
2019-10-24 06:48:16,999 - selenium - INFO - Successful positioning of elements.Positioning method and values used：['css selector', '.download']
2019-10-24 06:48:17,698 - selenium - INFO - Obtained title：澳门巴黎人APP下载
2019-10-24 06:48:17,698 - selenium - INFO - Assert Verify success：expected outcome:{澳门巴黎人APP下载} == actual results:{澳门巴黎人APP下载}
2019-10-24 06:48:18,112 - selenium - INFO - Screenshot saved successfully!
2019-10-24 06:48:18,112 - selenium - INFO - Successful execution of test cases：未登录情况下，访问右侧悬浮窗口的APP下载页面

2019-10-24 06:48:18,112 - selenium - INFO - Executing test cases：在APP下载页面，访问ios教程页面
2019-10-24 06:48:18,128 - selenium - INFO - Successful positioning of elements.Positioning method and values used：['css selector', '.ios_help']
2019-10-24 06:48:18,199 - selenium - INFO - Click on the element success,location method and value used：['css selector', '.ios_help']
2019-10-24 06:48:18,218 - selenium - INFO - Successful positioning of elements.Positioning method and values used：['css selector', '.layui-layer-title']
2019-10-24 06:48:18,235 - selenium - INFO - Obtained text：ios安装教程
2019-10-24 06:48:18,258 - selenium - INFO - Assert Verify success：expected outcome:{ios安装教程} == actual results:{ios安装教程}
2019-10-24 06:48:19,086 - selenium - INFO - Screenshot saved successfully!
2019-10-24 06:48:19,101 - selenium - INFO - Successful positioning of elements.Positioning method and values used：['css selector', '.layui-layer-close']
2019-10-24 06:48:19,151 - selenium - INFO - Click on the element success,location method and value used：['css selector', '.layui-layer-close']
2019-10-24 06:48:20,152 - selenium - INFO - Forced wait 1 second
2019-10-24 06:48:20,152 - selenium - INFO - Successful execution of test cases：在APP下载页面，访问ios教程页面

2019-10-24 06:48:20,153 - selenium - INFO - Executing test cases：从APP下载页面，点击进入PC网页版，访问网站首页
2019-10-24 06:48:20,170 - selenium - INFO - Successful positioning of elements.Positioning method and values used：['css selector', '.pc']
2019-10-24 06:48:20,385 - selenium - INFO - Obtained title：Welcome
2019-10-24 06:48:20,385 - selenium - INFO - Assert Verify success：expected outcome:{Welcome} == actual results:{Welcome}
2019-10-24 06:48:20,874 - selenium - INFO - Screenshot saved successfully!
2019-10-24 06:48:20,874 - selenium - INFO - Successful execution of test cases：从APP下载页面，点击进入PC网页版，访问网站首页

2019-10-24 06:48:20,937 - selenium - INFO - 在section：environment下读取browser的值
2019-10-24 06:48:20,937 - selenium - INFO - Read browser configuration, value：chrome
2019-10-24 06:48:20,937 - selenium - INFO - 在section：environment下读取url的值
2019-10-24 06:48:20,937 - selenium - INFO - Read url configuration, value：http://blr.9161252.com/#/home
2019-10-24 06:48:22,227 - selenium - INFO - Visit website：http://blr.9161252.com/#/home
2019-10-24 06:48:22,336 - selenium - INFO - Browser maximization
2019-10-24 06:48:22,341 - selenium - INFO - Set static wait time 10 seconds
2019-10-24 06:48:22,341 - selenium - INFO - Executing use test case：未登录情况下，访问金管家页面
2019-10-24 06:48:23,105 - selenium - INFO - Successful positioning of elements.Positioning method and values used：['css selector', '.close']
2019-10-24 06:48:23,139 - selenium - INFO - Successful positioning of elements.Positioning method and values used：['css selector', '.close']
2019-10-24 06:48:23,353 - selenium - INFO - Click on the element success,location method and value used：['css selector', '.close']
2019-10-24 06:48:23,405 - selenium - INFO - Successful positioning of elements.Positioning method and values used：['link text', '金管家']
2019-10-24 06:48:24,273 - selenium - INFO - Obtained title：澳门巴黎人 - 彩票金管家等级查询
2019-10-24 06:48:24,273 - selenium - INFO - Assert Verify success：expected outcome:{澳门巴黎人 - 彩票金管家等级查询} == actual results:{澳门巴黎人 - 彩票金管家等级查询}
2019-10-24 06:48:24,647 - selenium - INFO - Screenshot saved successfully!
2019-10-24 06:48:24,647 - selenium - INFO - Successful execution of test cases：未登录情况下，访问金管家页面

2019-10-24 06:48:24,647 - selenium - INFO - Executing use test case:未登录情况下，在金管家页面访问免息借呗页面
2019-10-24 06:48:24,665 - selenium - INFO - Successful positioning of elements.Positioning method and values used：['css selector', '.hot .icon2']
2019-10-24 06:48:25,642 - selenium - INFO - Obtained title：澳门巴黎人 - 借呗
2019-10-24 06:48:25,642 - selenium - INFO - Assert Verify success：expected outcome:{澳门巴黎人 - 借呗} == actual results:{澳门巴黎人 - 借呗}
2019-10-24 06:48:26,078 - selenium - INFO - Screenshot saved successfully!
2019-10-24 06:48:26,211 - selenium - INFO - Successful execution of test cases:未登录情况下，在金管家页面访问免息借呗页面

2019-10-24 06:48:26,211 - selenium - INFO - Executing use test case:未登录情况下，在金管家页面访问APP下载页面
2019-10-24 06:48:26,230 - selenium - INFO - Successful positioning of elements.Positioning method and values used：['css selector', '.tui .icons']
2019-10-24 06:48:27,038 - selenium - INFO - Obtained title：澳门巴黎人APP下载
2019-10-24 06:48:27,038 - selenium - INFO - Assert Verify success：expected outcome:{澳门巴黎人APP下载} == actual results:{澳门巴黎人APP下载}
2019-10-24 06:48:27,462 - selenium - INFO - Screenshot saved successfully!
2019-10-24 06:48:27,604 - selenium - INFO - Successful execution of test cases:未登录情况下，在金管家页面访问APP下载页面

2019-10-24 06:48:27,604 - selenium - INFO - Executing use test case:未登录情况下，在金管家页面访问在线客服页面
2019-10-24 06:48:27,625 - selenium - INFO - Successful positioning of elements.Positioning method and values used：['xpath', '/html/body/div/div/div[2]/div[2]/ul/li[5]/a/span[2]']
2019-10-24 06:48:28,948 - selenium - INFO - Obtained title：在线客服-Chat window
2019-10-24 06:48:28,948 - selenium - INFO - Assert Verify success：expected outcome:{在线客服-Chat window} == actual results:{在线客服-Chat window}
2019-10-24 06:48:29,028 - selenium - INFO - Screenshot saved successfully!
2019-10-24 06:48:29,198 - selenium - INFO - Successful execution of test cases:未登录情况下，在金管家页面访问在线客服页面

2019-10-24 06:48:29,198 - selenium - INFO - Executing use test case:未登录情况下，在金管家页面访问官方首页
2019-10-24 06:48:29,223 - selenium - INFO - Successful positioning of elements.Positioning method and values used：['css selector', '.menu .icon1']
2019-10-24 06:48:29,462 - selenium - INFO - Obtained title：Welcome
2019-10-24 06:48:29,462 - selenium - INFO - Assert Verify success：expected outcome:{Welcome} == actual results:{Welcome}
2019-10-24 06:48:29,556 - selenium - INFO - Screenshot saved successfully!
2019-10-24 06:48:29,697 - selenium - INFO - Successful execution of test cases:未登录情况下，在金管家页面访问官方首页

2019-10-24 06:48:29,698 - selenium - INFO - Executing use test case:未登录情况下，在金管家页面访问账号交易
2019-10-24 06:48:29,717 - selenium - INFO - Successful positioning of elements.Positioning method and values used：['css selector', '.hot .icon3']
2019-10-24 06:48:29,754 - selenium - INFO - Click on the element success,location method and value used：['css selector', '.hot .icon3']
2019-10-24 06:48:30,167 - selenium - INFO - Screenshot saved successfully!
2019-10-24 06:48:30,167 - selenium - INFO - Successful execution of test cases:未登录情况下，在金管家页面访问账号交易

2019-10-24 06:48:30,167 - selenium - INFO - Executing use test case：未登录情况下，金管家页面，验证额度查询功能(无效账号，长度小于6)
2019-10-24 06:48:30,167 - selenium - INFO - input data:name:12,suc:0,assert:请登录
2019-10-24 06:48:30,181 - selenium - INFO - Successful positioning of elements.Positioning method and values used：['id', 'search1']
2019-10-24 06:48:30,281 - selenium - INFO - Input content：12
2019-10-24 06:48:30,298 - selenium - INFO - Successful positioning of elements.Positioning method and values used：['id', 'submit']
2019-10-24 06:48:30,347 - selenium - INFO - Click on the element success,location method and value used：['id', 'submit']
2019-10-24 06:48:31,348 - selenium - INFO - Forced wait 1 second
2019-10-24 06:48:31,364 - selenium - INFO - Successful positioning of elements.Positioning method and values used：['css selector', '.layui-layer-content']
2019-10-24 06:48:31,378 - selenium - INFO - Obtained text：请登录
2019-10-24 06:48:31,388 - selenium - INFO - Assert Verify success：expected outcome:{请登录} == actual results:{请登录}
2019-10-24 06:48:32,389 - selenium - INFO - Forced wait 1 second
2019-10-24 06:48:32,864 - selenium - INFO - Screenshot saved successfully!
2019-10-24 06:48:32,864 - selenium - INFO - Successful execution of test case:未登录情况下，金管家页面，验证额度查询功能(无效账号，长度小于6)

2019-10-24 06:48:32,864 - selenium - INFO - Executing use test case：未登录情况下，金管家页面，验证额度查询功能(无效账号，特殊字符)
2019-10-24 06:48:32,864 - selenium - INFO - input data:name:######,suc:0,assert:请登录
2019-10-24 06:48:32,876 - selenium - INFO - Successful positioning of elements.Positioning method and values used：['id', 'search1']
2019-10-24 06:48:32,946 - selenium - INFO - Input content：######
2019-10-24 06:48:32,959 - selenium - INFO - Successful positioning of elements.Positioning method and values used：['id', 'submit']
2019-10-24 06:48:32,990 - selenium - INFO - Click on the element success,location method and value used：['id', 'submit']
2019-10-24 06:48:33,991 - selenium - INFO - Forced wait 1 second
2019-10-24 06:48:34,003 - selenium - INFO - Successful positioning of elements.Positioning method and values used：['css selector', '.layui-layer-content']
2019-10-24 06:48:34,017 - selenium - INFO - Obtained text：页面未找到:http://blr.9161252.com/api/v1/preferential/jinGuanJia/
2019-10-24 06:48:34,030 - selenium - ERROR - Failure of test case execution! Reason: '页面未找到:http://blr.9161252.com/api/v1/preferential/jinGuanJia/' != '请登录'
- 页面未找到:http://blr.9161252.com/api/v1/preferential/jinGuanJia/
+ 请登录
 : Assert Verification fail：expected outcome{请登录} != actual results{页面未找到:http://blr.9161252.com/api/v1/preferential/jinGuanJia/}

2019-10-24 06:48:34,414 - selenium - INFO - Executing use test case：未登录情况下，金管家页面，验证额度查询功能(有效账号)
2019-10-24 06:48:34,415 - selenium - INFO - input data:name:yusheng,suc:0,assert:请登录
2019-10-24 06:48:34,426 - selenium - INFO - Successful positioning of elements.Positioning method and values used：['id', 'search1']
2019-10-24 06:48:34,495 - selenium - INFO - Input content：yusheng
2019-10-24 06:48:34,506 - selenium - INFO - Successful positioning of elements.Positioning method and values used：['id', 'submit']
2019-10-24 06:48:34,534 - selenium - INFO - Click on the element success,location method and value used：['id', 'submit']
2019-10-24 06:48:35,535 - selenium - INFO - Forced wait 1 second
2019-10-24 06:48:35,548 - selenium - INFO - Successful positioning of elements.Positioning method and values used：['css selector', '.layui-layer-content']
2019-10-24 06:48:35,562 - selenium - INFO - Obtained text：请登录
2019-10-24 06:48:35,574 - selenium - INFO - Assert Verify success：expected outcome:{请登录} == actual results:{请登录}
2019-10-24 06:48:36,575 - selenium - INFO - Forced wait 1 second
2019-10-24 06:48:36,945 - selenium - INFO - Screenshot saved successfully!
2019-10-24 06:48:36,945 - selenium - INFO - Successful execution of test case:未登录情况下，金管家页面，验证额度查询功能(有效账号)

2019-10-24 06:48:36,946 - selenium - INFO - Executing use test case：未登录情况下，金管家页面，验证额度查询功能(无效账号，长度超过10)
2019-10-24 06:48:36,946 - selenium - INFO - input data:name:yusheng4944*H@yyyyyyyyyyyyyyyyyyyyyyyyyyyyyyy,suc:0,assert:请登录
2019-10-24 06:48:36,957 - selenium - INFO - Successful positioning of elements.Positioning method and values used：['id', 'search1']
2019-10-24 06:48:37,159 - selenium - INFO - Input content：yusheng4944*H@yyyyyyyyyyyyyyyyyyyyyyyyyyyyyyy
2019-10-24 06:48:37,172 - selenium - INFO - Successful positioning of elements.Positioning method and values used：['id', 'submit']
2019-10-24 06:48:37,212 - selenium - INFO - Click on the element success,location method and value used：['id', 'submit']
2019-10-24 06:48:38,214 - selenium - INFO - Forced wait 1 second
2019-10-24 06:48:38,226 - selenium - INFO - Successful positioning of elements.Positioning method and values used：['css selector', '.layui-layer-content']
2019-10-24 06:48:38,240 - selenium - INFO - Obtained text：请登录
2019-10-24 06:48:38,249 - selenium - INFO - Assert Verify success：expected outcome:{请登录} == actual results:{请登录}
2019-10-24 06:48:39,250 - selenium - INFO - Forced wait 1 second
2019-10-24 06:48:39,627 - selenium - INFO - Screenshot saved successfully!
2019-10-24 06:48:39,627 - selenium - INFO - Successful execution of test case:未登录情况下，金管家页面，验证额度查询功能(无效账号，长度超过10)

2019-10-24 06:48:39,627 - selenium - INFO - Executing use test case：未登录情况下，金管家页面，验证额度查询功能(无效账号，中文)
2019-10-24 06:48:39,628 - selenium - INFO - input data:name:中文,suc:0,assert:请登录
2019-10-24 06:48:39,642 - selenium - INFO - Successful positioning of elements.Positioning method and values used：['id', 'search1']
2019-10-24 06:48:39,711 - selenium - INFO - Input content：中文
2019-10-24 06:48:39,727 - selenium - INFO - Successful positioning of elements.Positioning method and values used：['id', 'submit']
2019-10-24 06:48:39,768 - selenium - INFO - Click on the element success,location method and value used：['id', 'submit']
2019-10-24 06:48:40,770 - selenium - INFO - Forced wait 1 second
2019-10-24 06:48:40,800 - selenium - INFO - Successful positioning of elements.Positioning method and values used：['css selector', '.layui-layer-content']
2019-10-24 06:48:40,817 - selenium - INFO - Obtained text：请登录
2019-10-24 06:48:40,827 - selenium - INFO - Assert Verify success：expected outcome:{请登录} == actual results:{请登录}
2019-10-24 06:48:41,830 - selenium - INFO - Forced wait 1 second
2019-10-24 06:48:42,184 - selenium - INFO - Screenshot saved successfully!
2019-10-24 06:48:42,184 - selenium - INFO - Successful execution of test case:未登录情况下，金管家页面，验证额度查询功能(无效账号，中文)

2019-10-24 06:48:42,242 - selenium - INFO - 在section：environment下读取browser的值
2019-10-24 06:48:42,242 - selenium - INFO - Read browser configuration, value：chrome
2019-10-24 06:48:42,242 - selenium - INFO - 在section：environment下读取url的值
2019-10-24 06:48:42,243 - selenium - INFO - Read url configuration, value：http://blr.9161252.com/#/home
2019-10-24 06:48:43,568 - selenium - INFO - Visit website：http://blr.9161252.com/#/home
2019-10-24 06:48:43,683 - selenium - INFO - Browser maximization
2019-10-24 06:48:43,687 - selenium - INFO - Set static wait time 10 seconds
2019-10-24 06:48:43,688 - selenium - INFO - Executing use test case:未登录情况下，访问免息借呗页面
2019-10-24 06:48:44,452 - selenium - INFO - Successful positioning of elements.Positioning method and values used：['css selector', '.close']
2019-10-24 06:48:44,516 - selenium - INFO - Successful positioning of elements.Positioning method and values used：['css selector', '.close']
2019-10-24 06:48:44,740 - selenium - INFO - Click on the element success,location method and value used：['css selector', '.close']
2019-10-24 06:48:44,815 - selenium - INFO - Successful positioning of elements.Positioning method and values used：['link text', '免息借呗']
2019-10-24 06:48:46,108 - selenium - INFO - Obtained title：澳门巴黎人 - 借呗
2019-10-24 06:48:46,109 - selenium - INFO - Assert Verify success：expected outcome:{澳门巴黎人 - 借呗} == actual results:{澳门巴黎人 - 借呗}
2019-10-24 06:48:46,509 - selenium - INFO - Screenshot saved successfully!
2019-10-24 06:48:46,509 - selenium - INFO - Successful execution of test cases:未登录情况下，访问免息借呗页面

2019-10-24 06:48:46,509 - selenium - INFO - Executing use test case:未登录情况下，在免息借呗页面点击[我要借款]
2019-10-24 06:48:46,524 - selenium - INFO - Successful positioning of elements.Positioning method and values used：['css selector', '.swiper-active:nth-child(1) > span:nth-child(2)']
2019-10-24 06:48:46,730 - selenium - INFO - Click on the element success,location method and value used：['css selector', '.swiper-active:nth-child(1) > span:nth-child(2)']
2019-10-24 06:48:47,732 - selenium - INFO - Forced wait 1 second
2019-10-24 06:48:47,747 - selenium - INFO - Successful positioning of elements.Positioning method and values used：['class name', 'jacky-modal-content']
2019-10-24 06:48:47,762 - selenium - INFO - Obtained text：请登录后操作！
2019-10-24 06:48:47,787 - selenium - INFO - Successful positioning of elements.Positioning method and values used：['css selector', '.jacky-modal-btn-red']
2019-10-24 06:48:47,845 - selenium - INFO - Click on the element success,location method and value used：['css selector', '.jacky-modal-btn-red']
2019-10-24 06:48:47,845 - selenium - INFO - Assert Verify success：expected outcome:{请登录后操作！} == actual results:{请登录后操作！}
2019-10-24 06:48:47,862 - selenium - INFO - Successful positioning of elements.Positioning method and values used：['id', 'user']
2019-10-24 06:48:47,887 - selenium - INFO - Successful positioning of elements.Positioning method and values used：['id', 'jk']
2019-10-24 06:48:48,200 - selenium - INFO - Screenshot saved successfully!
2019-10-24 06:48:48,200 - selenium - INFO - Successful execution of test cases:未登录情况下，在免息借呗页面点击[我要借款]

2019-10-24 06:48:48,201 - selenium - INFO - Executing use test case:未登录情况下，在免息借呗页面点击[我要还款]
2019-10-24 06:48:48,228 - selenium - INFO - Successful positioning of elements.Positioning method and values used：['css selector', '.swiper-active:nth-child(2) > span:nth-child(2)']
2019-10-24 06:48:48,469 - selenium - INFO - Click on the element success,location method and value used：['css selector', '.swiper-active:nth-child(2) > span:nth-child(2)']
2019-10-24 06:48:49,470 - selenium - INFO - Forced wait 1 second
2019-10-24 06:48:49,483 - selenium - INFO - Successful positioning of elements.Positioning method and values used：['class name', 'jacky-modal-content']
2019-10-24 06:48:49,503 - selenium - INFO - Obtained text：请登录后操作！
2019-10-24 06:48:49,527 - selenium - INFO - Successful positioning of elements.Positioning method and values used：['css selector', '.jacky-modal-btn-red']
2019-10-24 06:48:49,578 - selenium - INFO - Click on the element success,location method and value used：['css selector', '.jacky-modal-btn-red']
2019-10-24 06:48:49,578 - selenium - INFO - Assert Verify success：expected outcome:{请登录后操作！} == actual results:{请登录后操作！}
2019-10-24 06:48:49,591 - selenium - INFO - Successful positioning of elements.Positioning method and values used：['id', 'user']
2019-10-24 06:48:49,616 - selenium - INFO - Successful positioning of elements.Positioning method and values used：['id', 'amount']
2019-10-24 06:48:49,964 - selenium - INFO - Screenshot saved successfully!
2019-10-24 06:48:49,984 - selenium - INFO - Successful positioning of elements.Positioning method and values used：['link text', '首页']
2019-10-24 06:48:50,136 - selenium - INFO - Click on the element success,location method and value used：['link text', '首页']
2019-10-24 06:48:50,137 - selenium - INFO - Successful execution of test case:未登录情况下，在免息借呗页面点击[我要还款]

2019-10-24 06:48:50,137 - selenium - INFO - Executing use test case:未登录情况下，免息借呗页面，验证额度查询功能(无效账号，长度小于6)
2019-10-24 06:48:50,137 - selenium - INFO - input data:name:12,suc:0,assert:请输入正确的会员账号
2019-10-24 06:48:50,157 - selenium - INFO - Successful positioning of elements.Positioning method and values used：['id', 'search-text']
2019-10-24 06:48:50,272 - selenium - INFO - Input content：12
2019-10-24 06:48:50,289 - selenium - INFO - Successful positioning of elements.Positioning method and values used：['id', 'btn-search-text']
2019-10-24 06:48:50,400 - selenium - INFO - Click on the element success,location method and value used：['id', 'btn-search-text']
2019-10-24 06:48:51,401 - selenium - INFO - Forced wait 1 second
2019-10-24 06:48:51,416 - selenium - INFO - Successful positioning of elements.Positioning method and values used：['class name', 'jacky-modal-content']
2019-10-24 06:48:51,434 - selenium - INFO - Obtained text：请输入正确的会员账号
2019-10-24 06:48:51,460 - selenium - INFO - Successful positioning of elements.Positioning method and values used：['css selector', '.jacky-modal-btn-red']
2019-10-24 06:48:51,511 - selenium - INFO - Click on the element success,location method and value used：['css selector', '.jacky-modal-btn-red']
2019-10-24 06:48:51,511 - selenium - INFO - Assert Verify success：expected outcome:{请输入正确的会员账号} == actual results:{请输入正确的会员账号}
2019-10-24 06:48:51,859 - selenium - INFO - Screenshot saved successfully!
2019-10-24 06:48:51,860 - selenium - INFO - Successful execution of test case:未登录情况下，免息借呗页面，验证额度查询功能(无效账号，长度小于6)

2019-10-24 06:48:51,860 - selenium - INFO - Executing use test case:未登录情况下，免息借呗页面，验证额度查询功能(无效账号，特殊字符)
2019-10-24 06:48:51,860 - selenium - INFO - input data:name:######,suc:0,assert:请输入正确的会员账号
2019-10-24 06:48:51,874 - selenium - INFO - Successful positioning of elements.Positioning method and values used：['id', 'search-text']
2019-10-24 06:48:51,958 - selenium - INFO - Input content：######
2019-10-24 06:48:51,969 - selenium - INFO - Successful positioning of elements.Positioning method and values used：['id', 'btn-search-text']
2019-10-24 06:48:52,037 - selenium - INFO - Click on the element success,location method and value used：['id', 'btn-search-text']
2019-10-24 06:48:53,038 - selenium - INFO - Forced wait 1 second
2019-10-24 06:48:53,050 - selenium - INFO - Successful positioning of elements.Positioning method and values used：['class name', 'jacky-modal-content']
2019-10-24 06:48:53,063 - selenium - INFO - Obtained text：请输入正确的会员账号
2019-10-24 06:48:53,087 - selenium - INFO - Successful positioning of elements.Positioning method and values used：['css selector', '.jacky-modal-btn-red']
2019-10-24 06:48:53,129 - selenium - INFO - Click on the element success,location method and value used：['css selector', '.jacky-modal-btn-red']
2019-10-24 06:48:53,129 - selenium - INFO - Assert Verify success：expected outcome:{请输入正确的会员账号} == actual results:{请输入正确的会员账号}
2019-10-24 06:48:53,447 - selenium - INFO - Screenshot saved successfully!
2019-10-24 06:48:53,447 - selenium - INFO - Successful execution of test case:未登录情况下，免息借呗页面，验证额度查询功能(无效账号，特殊字符)

2019-10-24 06:48:53,448 - selenium - INFO - Executing use test case:未登录情况下，免息借呗页面，验证额度查询功能(无效账号，特殊字符)
2019-10-24 06:48:53,448 - selenium - INFO - input data:name:yusheng,suc:1,assert:请登录后操作
2019-10-24 06:48:53,462 - selenium - INFO - Successful positioning of elements.Positioning method and values used：['id', 'search-text']
2019-10-24 06:48:53,542 - selenium - INFO - Input content：yusheng
2019-10-24 06:48:53,557 - selenium - INFO - Successful positioning of elements.Positioning method and values used：['id', 'btn-search-text']
2019-10-24 06:48:53,601 - selenium - INFO - Click on the element success,location method and value used：['id', 'btn-search-text']
2019-10-24 06:48:54,602 - selenium - INFO - Forced wait 1 second
2019-10-24 06:48:54,614 - selenium - INFO - Successful positioning of elements.Positioning method and values used：['class name', 'jacky-modal-content']
2019-10-24 06:48:54,627 - selenium - INFO - Obtained text：请登录后操作
2019-10-24 06:48:54,652 - selenium - INFO - Successful positioning of elements.Positioning method and values used：['css selector', '.jacky-modal-btn-red']
2019-10-24 06:48:54,684 - selenium - INFO - Click on the element success,location method and value used：['css selector', '.jacky-modal-btn-red']
2019-10-24 06:48:54,684 - selenium - INFO - Assert Verify success：expected outcome:{请登录后操作} == actual results:{请登录后操作}
2019-10-24 06:48:55,028 - selenium - INFO - Screenshot saved successfully!
2019-10-24 06:48:55,028 - selenium - INFO - Successful execution of test case:未登录情况下，免息借呗页面，验证额度查询功能(无效账号，特殊字符)

2019-10-24 06:48:55,028 - selenium - INFO - Executing use test case:未登录情况下，免息借呗页面，验证额度查询功能(无效账号，长度超过10)
2019-10-24 06:48:55,028 - selenium - INFO - input data:name:yusheng4944*H@yyyyyyyyyyyyyyyyyyyyyyyyyyyyyyy,suc:1,assert:请登录后操作
2019-10-24 06:48:55,043 - selenium - INFO - Successful positioning of elements.Positioning method and values used：['id', 'search-text']
2019-10-24 06:48:55,279 - selenium - INFO - Input content：yusheng4944*H@yyyyyyyyyyyyyyyyyyyyyyyyyyyyyyy
2019-10-24 06:48:55,299 - selenium - INFO - Successful positioning of elements.Positioning method and values used：['id', 'btn-search-text']
2019-10-24 06:48:55,356 - selenium - INFO - Click on the element success,location method and value used：['id', 'btn-search-text']
2019-10-24 06:48:56,357 - selenium - INFO - Forced wait 1 second
2019-10-24 06:48:56,377 - selenium - INFO - Successful positioning of elements.Positioning method and values used：['class name', 'jacky-modal-content']
2019-10-24 06:48:56,392 - selenium - INFO - Obtained text：请登录后操作
2019-10-24 06:48:56,414 - selenium - INFO - Successful positioning of elements.Positioning method and values used：['css selector', '.jacky-modal-btn-red']
2019-10-24 06:48:56,446 - selenium - INFO - Click on the element success,location method and value used：['css selector', '.jacky-modal-btn-red']
2019-10-24 06:48:56,446 - selenium - INFO - Assert Verify success：expected outcome:{请登录后操作} == actual results:{请登录后操作}
2019-10-24 06:48:56,770 - selenium - INFO - Screenshot saved successfully!
2019-10-24 06:48:56,770 - selenium - INFO - Successful execution of test case:未登录情况下，免息借呗页面，验证额度查询功能(无效账号，长度超过10)

2019-10-24 06:48:56,770 - selenium - INFO - Executing use test case:未登录情况下，免息借呗页面，验证额度查询功能(无效账号，中文)
2019-10-24 06:48:56,770 - selenium - INFO - input data:name:中文,suc:0,assert:请输入正确的会员账号
2019-10-24 06:48:56,783 - selenium - INFO - Successful positioning of elements.Positioning method and values used：['id', 'search-text']
2019-10-24 06:48:56,834 - selenium - INFO - Input content：中文
2019-10-24 06:48:56,847 - selenium - INFO - Successful positioning of elements.Positioning method and values used：['id', 'btn-search-text']
2019-10-24 06:48:56,887 - selenium - INFO - Click on the element success,location method and value used：['id', 'btn-search-text']
2019-10-24 06:48:57,889 - selenium - INFO - Forced wait 1 second
2019-10-24 06:48:57,903 - selenium - INFO - Successful positioning of elements.Positioning method and values used：['class name', 'jacky-modal-content']
2019-10-24 06:48:57,914 - selenium - INFO - Obtained text：请输入正确的会员账号
2019-10-24 06:48:57,938 - selenium - INFO - Successful positioning of elements.Positioning method and values used：['css selector', '.jacky-modal-btn-red']
2019-10-24 06:48:57,979 - selenium - INFO - Click on the element success,location method and value used：['css selector', '.jacky-modal-btn-red']
2019-10-24 06:48:57,980 - selenium - INFO - Assert Verify success：expected outcome:{请输入正确的会员账号} == actual results:{请输入正确的会员账号}
2019-10-24 06:48:58,331 - selenium - INFO - Screenshot saved successfully!
2019-10-24 06:48:58,332 - selenium - INFO - Successful execution of test case:未登录情况下，免息借呗页面，验证额度查询功能(无效账号，中文)

2019-10-24 06:48:58,332 - selenium - INFO - Executing use test case:未登录情况下，在免息借呗首页，通过立即查看访问视讯额度页面
2019-10-24 06:48:58,347 - selenium - INFO - Successful positioning of elements.Positioning method and values used：['css selector', '.search-type:nth-child(1) > .search-type-button']
2019-10-24 06:48:58,624 - selenium - INFO - Click on the element success,location method and value used：['css selector', '.search-type:nth-child(1) > .search-type-button']
2019-10-24 06:48:58,649 - selenium - INFO - Obtained title：澳门巴黎人 - 视讯额度
2019-10-24 06:48:58,650 - selenium - INFO - Assert Verify success：expected outcome:{澳门巴黎人 - 视讯额度} == actual results:{澳门巴黎人 - 视讯额度}
2019-10-24 06:48:59,040 - selenium - INFO - Screenshot saved successfully!
2019-10-24 06:48:59,182 - selenium - INFO - Successful execution of test case:未登录情况下，在免息借呗首页，通过立即查看访问视讯额度页面

2019-10-24 06:48:59,182 - selenium - INFO - Executing use test case:未登录情况下，在免息借呗首页，通过立即查看访问棋牌额度页面
2019-10-24 06:48:59,202 - selenium - INFO - Successful positioning of elements.Positioning method and values used：['css selector', '.search-type:nth-child(2) > .search-type-button']
2019-10-24 06:48:59,458 - selenium - INFO - Click on the element success,location method and value used：['css selector', '.search-type:nth-child(2) > .search-type-button']
2019-10-24 06:48:59,464 - selenium - INFO - Obtained title：澳门巴黎人 - 棋牌额度
2019-10-24 06:48:59,464 - selenium - INFO - Assert Verify success：expected outcome:{澳门巴黎人 - 棋牌额度} == actual results:{澳门巴黎人 - 棋牌额度}
2019-10-24 06:48:59,878 - selenium - INFO - Screenshot saved successfully!
2019-10-24 06:49:00,043 - selenium - INFO - Successful execution of test case:未登录情况下，在免息借呗首页，通过立即查看访问棋牌额度页面

2019-10-24 06:49:00,043 - selenium - INFO - Executing use test case:未登录情况下，在免息借呗首页，通过立即查看访问彩票额度页面
2019-10-24 06:49:00,088 - selenium - INFO - Successful positioning of elements.Positioning method and values used：['css selector', '.search-type:nth-child(3) > .search-type-button']
2019-10-24 06:49:00,685 - selenium - INFO - Click on the element success,location method and value used：['css selector', '.search-type:nth-child(3) > .search-type-button']
2019-10-24 06:49:00,699 - selenium - INFO - Obtained title：澳门巴黎人 - 彩票额度
2019-10-24 06:49:00,699 - selenium - INFO - Assert Verify success：expected outcome:{澳门巴黎人 - 彩票额度} == actual results:{澳门巴黎人 - 彩票额度}
2019-10-24 06:49:01,188 - selenium - INFO - Screenshot saved successfully!
2019-10-24 06:49:01,293 - selenium - INFO - Successful execution of test case:未登录情况下，在免息借呗首页，通过立即查看访问彩票额度页面

2019-10-24 06:49:01,293 - selenium - INFO - Executing use test case:未登录情况下，在免息借呗首页，通过立即查看访问电子额度页面
2019-10-24 06:49:01,344 - selenium - INFO - Successful positioning of elements.Positioning method and values used：['css selector', '.search-type:nth-child(4) > .search-type-button']
2019-10-24 06:49:01,614 - selenium - INFO - Click on the element success,location method and value used：['css selector', '.search-type:nth-child(4) > .search-type-button']
2019-10-24 06:49:01,620 - selenium - INFO - Obtained title：澳门巴黎人 - 电子额度
2019-10-24 06:49:01,621 - selenium - INFO - Assert Verify success：expected outcome:{澳门巴黎人 - 电子额度} == actual results:{澳门巴黎人 - 电子额度}
2019-10-24 06:49:02,020 - selenium - INFO - Screenshot saved successfully!
2019-10-24 06:49:02,140 - selenium - INFO - Successful execution of test case:未登录情况下，在免息借呗首页，通过立即查看访问电子额度页面

2019-10-24 06:49:02,141 - selenium - INFO - Executing use test case:未登录情况下，在免息借呗首页，通过导航栏访问视讯额度页面
2019-10-24 06:49:02,166 - selenium - INFO - Successful positioning of elements.Positioning method and values used：['link text', '视讯额度']
2019-10-24 06:49:02,354 - selenium - INFO - Click on the element success,location method and value used：['link text', '视讯额度']
2019-10-24 06:49:02,367 - selenium - INFO - Obtained title：澳门巴黎人 - 视讯额度
2019-10-24 06:49:02,368 - selenium - INFO - Assert Verify success：expected outcome:{澳门巴黎人 - 视讯额度} == actual results:{澳门巴黎人 - 视讯额度}
2019-10-24 06:49:02,728 - selenium - INFO - Screenshot saved successfully!
2019-10-24 06:49:02,729 - selenium - INFO - Successful execution of test case:未登录情况下，在免息借呗首页，通过导航栏访问视讯额度页面

2019-10-24 06:49:02,729 - selenium - INFO - Executing use test case:未登录情况下，在免息借呗首页，通过导航栏访问棋牌额度页面
2019-10-24 06:49:02,748 - selenium - INFO - Successful positioning of elements.Positioning method and values used：['link text', '棋牌额度']
2019-10-24 06:49:02,902 - selenium - INFO - Click on the element success,location method and value used：['link text', '棋牌额度']
2019-10-24 06:49:02,920 - selenium - INFO - Obtained title：澳门巴黎人 - 棋牌额度
2019-10-24 06:49:02,920 - selenium - INFO - Assert Verify success：expected outcome:{澳门巴黎人 - 棋牌额度} == actual results:{澳门巴黎人 - 棋牌额度}
2019-10-24 06:49:03,349 - selenium - INFO - Screenshot saved successfully!
2019-10-24 06:49:03,350 - selenium - INFO - Successful execution of test case:未登录情况下，在免息借呗首页，通过导航栏访问棋牌额度页面

2019-10-24 06:49:03,350 - selenium - INFO - Executing use test case:未登录情况下，在免息借呗首页，通过导航栏访问彩票额度页面
2019-10-24 06:49:03,393 - selenium - INFO - Successful positioning of elements.Positioning method and values used：['link text', '彩票额度']
2019-10-24 06:49:03,657 - selenium - INFO - Click on the element success,location method and value used：['link text', '彩票额度']
2019-10-24 06:49:03,669 - selenium - INFO - Obtained title：澳门巴黎人 - 彩票额度
2019-10-24 06:49:03,669 - selenium - INFO - Assert Verify success：expected outcome:{澳门巴黎人 - 彩票额度} == actual results:{澳门巴黎人 - 彩票额度}
2019-10-24 06:49:04,134 - selenium - INFO - Screenshot saved successfully!
2019-10-24 06:49:04,134 - selenium - INFO - Successful execution of test case:未登录情况下，在免息借呗首页，通过导航栏访问彩票额度页面

2019-10-24 06:49:04,134 - selenium - INFO - Executing use test case:未登录情况下，在免息借呗首页，通过导航栏访问电子额度页面
2019-10-24 06:49:04,158 - selenium - INFO - Successful positioning of elements.Positioning method and values used：['link text', '电子额度']
2019-10-24 06:49:04,326 - selenium - INFO - Click on the element success,location method and value used：['link text', '电子额度']
2019-10-24 06:49:04,356 - selenium - INFO - Obtained title：澳门巴黎人 - 电子额度
2019-10-24 06:49:04,356 - selenium - INFO - Assert Verify success：expected outcome:{澳门巴黎人 - 电子额度} == actual results:{澳门巴黎人 - 电子额度}
2019-10-24 06:49:04,739 - selenium - INFO - Screenshot saved successfully!
2019-10-24 06:49:04,739 - selenium - INFO - Successful execution of test case:未登录情况下，在免息借呗首页，通过导航栏访问电子额度页面

2019-10-24 06:49:04,740 - selenium - INFO - Executing use test case:未登录情况下，在免息借呗首页，通过导航栏访问借还款记录页面
2019-10-24 06:49:04,763 - selenium - INFO - Successful positioning of elements.Positioning method and values used：['link text', '借还款记录']
2019-10-24 06:49:04,988 - selenium - INFO - Click on the element success,location method and value used：['link text', '借还款记录']
2019-10-24 06:49:05,009 - selenium - INFO - Obtained title：澳门巴黎人 - 借/还款记录
2019-10-24 06:49:05,010 - selenium - INFO - Assert Verify success：expected outcome:{澳门巴黎人 - 借/还款记录} == actual results:{澳门巴黎人 - 借/还款记录}
2019-10-24 06:49:05,417 - selenium - INFO - Screenshot saved successfully!
2019-10-24 06:49:05,417 - selenium - INFO - Successful execution of test case:未登录情况下，在免息借呗首页，通过导航栏访问借还款记录页面

2019-10-24 06:49:05,417 - selenium - INFO - Executing use test case:未登录情况下，在免息借呗首页，通过导航栏访问账号买卖
2019-10-24 06:49:05,456 - selenium - INFO - Successful positioning of elements.Positioning method and values used：['link text', '账号买卖']
2019-10-24 06:49:05,627 - selenium - INFO - Click on the element success,location method and value used：['link text', '账号买卖']
2019-10-24 06:49:05,665 - selenium - INFO - Successful positioning of elements.Positioning method and values used：['class name', 'jacky-modal-content']
2019-10-24 06:49:05,683 - selenium - INFO - Obtained text：精彩活动,敬请期待
2019-10-24 06:49:05,697 - selenium - INFO - Assert Verify success：expected outcome:{精彩活动,敬请期待} == actual results:{精彩活动,敬请期待}
2019-10-24 06:49:05,958 - selenium - INFO - Screenshot saved successfully!
2019-10-24 06:49:05,975 - selenium - INFO - Successful positioning of elements.Positioning method and values used：['css selector', '.jacky-modal-btn-red']
2019-10-24 06:49:06,029 - selenium - INFO - Click on the element success,location method and value used：['css selector', '.jacky-modal-btn-red']
2019-10-24 06:49:06,029 - selenium - INFO - Successful execution of test case:未登录情况下，在免息借呗首页，通过导航栏访问账号买卖

2019-10-24 06:49:06,029 - selenium - INFO - Executing use test case:未登录情况下，在免息借呗首页，通过导航栏访问在线客服
2019-10-24 06:49:06,053 - selenium - INFO - Successful positioning of elements.Positioning method and values used：['link text', '在线客服']
2019-10-24 06:49:07,499 - selenium - INFO - Obtained title：在线客服-Chat window
2019-10-24 06:49:07,499 - selenium - INFO - Assert Verify success：expected outcome:{在线客服-Chat window} == actual results:{在线客服-Chat window}
2019-10-24 06:49:07,607 - selenium - INFO - Screenshot saved successfully!
2019-10-24 06:49:07,801 - selenium - INFO - Successful execution of test case:未登录情况下，在免息借呗首页，通过导航栏访问在线客服

2019-10-24 06:49:07,801 - selenium - INFO - Executing use test case:未登录情况下，在免息借呗首页访问视讯金管家页面
2019-10-24 06:49:07,833 - selenium - INFO - Successful positioning of elements.Positioning method and values used：['css selector', '.hot img']
2019-10-24 06:49:08,427 - selenium - INFO - Obtained title：澳门巴黎人 - 视讯金管家等级查询
2019-10-24 06:49:08,427 - selenium - INFO - Assert Verify success：expected outcome:{澳门巴黎人 - 视讯金管家等级查询} == actual results:{澳门巴黎人 - 视讯金管家等级查询}
2019-10-24 06:49:08,879 - selenium - INFO - Screenshot saved successfully!
2019-10-24 06:49:09,008 - selenium - INFO - Successful execution of test case:未登录情况下，在免息借呗首页访问视讯金管家页面

2019-10-24 06:49:09,008 - selenium - INFO - Executing use test case:未登录情况下，在免息借呗首页访问棋牌金管家页面
2019-10-24 06:49:09,046 - selenium - INFO - Successful positioning of elements.Positioning method and values used：['css selector', '.recommend img']
2019-10-24 06:49:09,743 - selenium - INFO - Obtained title：澳门巴黎人 - 棋牌金管家等级查询
2019-10-24 06:49:09,743 - selenium - INFO - Assert Verify success：expected outcome:{澳门巴黎人 - 棋牌金管家等级查询} == actual results:{澳门巴黎人 - 棋牌金管家等级查询}
2019-10-24 06:49:10,193 - selenium - INFO - Screenshot saved successfully!
2019-10-24 06:49:10,270 - selenium - INFO - Successful execution of test case:未登录情况下，在免息借呗首页访问棋牌金管家页面

2019-10-24 06:49:10,271 - selenium - INFO - Executing use test case:未登录情况下，在免息借呗首页访问彩票金管家页面
2019-10-24 06:49:10,294 - selenium - INFO - Successful positioning of elements.Positioning method and values used：['css selector', '.float-left:nth-child(3) > a > img']
2019-10-24 06:49:11,100 - selenium - INFO - Obtained title：澳门巴黎人 - 彩票金管家等级查询
2019-10-24 06:49:11,101 - selenium - INFO - Assert Verify success：expected outcome:{澳门巴黎人 - 彩票金管家等级查询} == actual results:{澳门巴黎人 - 彩票金管家等级查询}
2019-10-24 06:49:11,486 - selenium - INFO - Screenshot saved successfully!
2019-10-24 06:49:11,616 - selenium - INFO - Successful execution of test case:未登录情况下，在免息借呗首页访问彩票金管家页面

2019-10-24 06:49:11,616 - selenium - INFO - Executing use test case:未登录情况下，在免息借呗首页访问电子金管家页面
2019-10-24 06:49:11,654 - selenium - INFO - Successful positioning of elements.Positioning method and values used：['css selector', '.float-left:nth-child(4) img']
2019-10-24 06:49:12,266 - selenium - INFO - Obtained title：澳门巴黎人 - 电子金管家等级查询
2019-10-24 06:49:12,266 - selenium - INFO - Assert Verify success：expected outcome:{澳门巴黎人 - 电子金管家等级查询} == actual results:{澳门巴黎人 - 电子金管家等级查询}
2019-10-24 06:49:12,724 - selenium - INFO - Screenshot saved successfully!
2019-10-24 06:49:12,831 - selenium - INFO - Successful execution of test case:未登录情况下，在免息借呗首页访问电子金管家页面

2019-10-24 06:49:12,892 - selenium - INFO - 在section：environment下读取browser的值
2019-10-24 06:49:12,892 - selenium - INFO - Read browser configuration, value：chrome
2019-10-24 06:49:12,892 - selenium - INFO - 在section：environment下读取url的值
2019-10-24 06:49:12,892 - selenium - INFO - Read url configuration, value：http://blr.9161252.com/#/home
2019-10-24 06:49:14,383 - selenium - INFO - Visit website：http://blr.9161252.com/#/home
2019-10-24 06:49:14,497 - selenium - INFO - Browser maximization
2019-10-24 06:49:14,501 - selenium - INFO - Set static wait time 10 seconds
2019-10-24 06:49:14,501 - selenium - INFO - Executing test cases：未登录情况下，访问右侧悬浮窗口的加入会员页面
2019-10-24 06:49:15,262 - selenium - INFO - Successful positioning of elements.Positioning method and values used：['css selector', '.close']
2019-10-24 06:49:15,327 - selenium - INFO - Successful positioning of elements.Positioning method and values used：['css selector', '.close']
2019-10-24 06:49:15,555 - selenium - INFO - Click on the element success,location method and value used：['css selector', '.close']
2019-10-24 06:49:15,597 - selenium - INFO - Successful positioning of elements.Positioning method and values used：['xpath', '/html/body/div/div/div/div/div[2]/div[2]/a[2]/div']
2019-10-24 06:49:16,512 - selenium - INFO - Click on the element success,location method and value used：['xpath', '/html/body/div/div/div/div/div[2]/div[2]/a[2]/div']
2019-10-24 06:49:16,532 - selenium - INFO - Successful positioning of elements.Positioning method and values used：['id', 'OK2']
2019-10-24 06:49:16,603 - selenium - INFO - Click on the element success,location method and value used：['id', 'OK2']
2019-10-24 06:49:16,633 - selenium - INFO - Successful positioning of elements.Positioning method and values used：['css selector', '.err > span']
2019-10-24 06:49:16,668 - selenium - INFO - Obtained text：帐号6-10位数字或字母
2019-10-24 06:49:16,686 - selenium - INFO - Assert Verify success：expected outcome:{帐号6-10位数字或字母} == actual results:{帐号6-10位数字或字母}
2019-10-24 06:49:17,136 - selenium - INFO - Screenshot saved successfully!
2019-10-24 06:49:17,136 - selenium - INFO - Successful execution of test cases：未登录情况下，访问右侧悬浮窗口的加入会员页面

2019-10-24 06:49:17,136 - selenium - INFO - Executing use test case:未登录情况下，访问右侧悬浮窗口的在线客服页面
2019-10-24 06:49:17,153 - selenium - INFO - Successful positioning of elements.Positioning method and values used：['css selector', '.kefu']
2019-10-24 06:49:18,686 - selenium - INFO - Obtained title：在线客服-Chat window
2019-10-24 06:49:18,686 - selenium - INFO - Assert Verify success：expected outcome:{在线客服-Chat window} == actual results:{在线客服-Chat window}
2019-10-24 06:49:18,811 - selenium - INFO - Screenshot saved successfully!
2019-10-24 06:49:18,871 - selenium - INFO - Successful execution of test case:未登录情况下，访问右侧悬浮窗口的在线客服页面

2019-10-24 06:49:18,871 - selenium - INFO - Executing test cases：未登录情况下，访问右侧悬浮窗口的支付秒到帐页面
2019-10-24 06:49:18,893 - selenium - INFO - Successful positioning of elements.Positioning method and values used：['css selector', '.close']
2019-10-24 06:49:18,935 - selenium - INFO - Successful positioning of elements.Positioning method and values used：['css selector', '.close']
2019-10-24 06:49:29,309 - selenium - INFO - Executing test cases：未登录情况下，访问左侧悬浮窗口的金管家页面
2019-10-24 06:49:29,326 - selenium - INFO - Successful positioning of elements.Positioning method and values used：['css selector', '.close']
2019-10-24 06:49:29,351 - selenium - INFO - Successful positioning of elements.Positioning method and values used：['css selector', '.close']
2019-10-24 06:49:39,765 - selenium - INFO - Executing test cases：未登录情况下，访问左侧悬浮窗口的免息借呗页面
2019-10-24 06:49:39,780 - selenium - INFO - Successful positioning of elements.Positioning method and values used：['css selector', '.close']
2019-10-24 06:49:39,805 - selenium - INFO - Successful positioning of elements.Positioning method and values used：['css selector', '.close']
