2019-10-24 04:42:42,293 - selenium - INFO - 在section：environment下读取browser的值
2019-10-24 04:42:42,294 - selenium - INFO - Read browser configuration, value：chrome
2019-10-24 04:42:42,294 - selenium - INFO - 在section：environment下读取url的值
2019-10-24 04:42:42,294 - selenium - INFO - Read url configuration, value：http://blr.9161252.com/#/home
2019-10-24 04:42:43,758 - selenium - INFO - Visit website：http://blr.9161252.com/#/home
2019-10-24 04:42:43,876 - selenium - INFO - Browser maximization
2019-10-24 04:42:43,889 - selenium - INFO - Set static wait time 10 seconds
2019-10-24 04:42:43,889 - selenium - INFO - Executing use test case:
2019-10-24 04:42:44,970 - selenium - INFO - Successful positioning of elements.Positioning method and values used：['css selector', '.close']
2019-10-24 04:42:45,015 - selenium - INFO - Successful positioning of elements.Positioning method and values used：['css selector', '.close']
2019-10-24 04:42:45,156 - selenium - INFO - Click on the element success,location method and value used：['css selector', '.close']
2019-10-24 04:42:45,174 - selenium - INFO - Successful positioning of elements.Positioning method and values used：['css selector', '.regBtn']
2019-10-24 04:42:45,255 - selenium - INFO - Click on the element success,location method and value used：['css selector', '.regBtn']
2019-10-24 04:42:47,263 - selenium - INFO - Successful positioning of elements.Positioning method and values used：['id', 'username']
2019-10-24 04:42:47,402 - selenium - INFO - Input content：enintech0
2019-10-24 04:42:47,425 - selenium - INFO - Successful positioning of elements.Positioning method and values used：['id', 'password']
2019-10-24 04:42:47,552 - selenium - INFO - Input content：12345678
2019-10-24 04:42:47,567 - selenium - INFO - Successful positioning of elements.Positioning method and values used：['id', 'passwd']
2019-10-24 04:42:47,670 - selenium - INFO - Input content：12345678
2019-10-24 04:42:47,704 - selenium - INFO - Successful positioning of elements.Positioning method and values used：['id', 'rmNum']
2019-10-24 04:42:47,799 - selenium - INFO - Input content：1234
2019-10-24 04:42:47,815 - selenium - INFO - Successful positioning of elements.Positioning method and values used：['css selector', 'span > input']
2019-10-24 04:42:47,936 - selenium - INFO - Input content：13898378887
2019-10-24 04:42:47,953 - selenium - INFO - Successful positioning of elements.Positioning method and values used：['id', 'CANCEL2']
2019-10-24 04:42:48,028 - selenium - INFO - Click on the element success,location method and value used：['id', 'CANCEL2']
2019-10-24 04:42:48,053 - selenium - INFO - Successful positioning of elements.Positioning method and values used：['id', 'OK2']
2019-10-24 04:42:48,122 - selenium - INFO - Click on the element success,location method and value used：['id', 'OK2']
2019-10-24 04:42:48,140 - selenium - INFO - Successful positioning of elements.Positioning method and values used：['css selector', '.err > span']
2019-10-24 04:42:48,171 - selenium - INFO - Obtained text：帐号6-10位数字或字母
2019-10-24 04:42:48,188 - selenium - INFO - Failure of test case execution! Reason: '帐号6-10位数字或字母' != None : Assert Verification fail：expected outcome{None} != actual results{帐号6-10位数字或字母}

2019-10-24 04:42:48,188 - selenium - INFO - Executing use test case:注册页面，检测账号字段规则（是否为必填项）
2019-10-24 04:42:48,188 - selenium - INFO - input data:username:,password:,passwd:,phone:,code:,suc:0,assert:帐号6-10位数字或字母
2019-10-24 04:42:48,201 - selenium - INFO - Successful positioning of elements.Positioning method and values used：['id', 'username']
2019-10-24 04:42:48,302 - selenium - INFO - Input content：
2019-10-24 04:42:48,317 - selenium - INFO - Successful positioning of elements.Positioning method and values used：['id', 'password']
2019-10-24 04:42:48,383 - selenium - INFO - Input content：
2019-10-24 04:42:48,407 - selenium - INFO - Successful positioning of elements.Positioning method and values used：['id', 'passwd']
2019-10-24 04:42:48,477 - selenium - INFO - Input content：
2019-10-24 04:42:48,489 - selenium - INFO - Successful positioning of elements.Positioning method and values used：['id', 'rmNum']
2019-10-24 04:42:48,568 - selenium - INFO - Input content：
2019-10-24 04:42:48,583 - selenium - INFO - Successful positioning of elements.Positioning method and values used：['css selector', 'span > input']
2019-10-24 04:42:48,650 - selenium - INFO - Input content：
2019-10-24 04:42:48,672 - selenium - INFO - Successful positioning of elements.Positioning method and values used：['id', 'OK2']
2019-10-24 04:42:48,720 - selenium - INFO - Click on the element success,location method and value used：['id', 'OK2']
2019-10-24 04:42:48,738 - selenium - INFO - Successful positioning of elements.Positioning method and values used：['css selector', '.err > span']
2019-10-24 04:42:48,753 - selenium - INFO - Obtained text：帐号6-10位数字或字母
2019-10-24 04:42:48,768 - selenium - INFO - Assert Verify success：expected outcome:{帐号6-10位数字或字母} == actual results:{帐号6-10位数字或字母}
2019-10-24 04:42:49,130 - selenium - INFO - Screenshot saved successfully!
2019-10-24 04:42:49,131 - selenium - INFO - Successful execution of test cases:注册页面，检测账号字段规则（是否为必填项）

2019-10-24 04:42:49,131 - selenium - INFO - Executing use test case:注册页面，检测账号字段规则（长度是否不能小于6位）
2019-10-24 04:42:49,131 - selenium - INFO - input data:username:12,password:,passwd:,phone:,code:,suc:0,assert:帐号6-10位数字或字母
2019-10-24 04:42:49,148 - selenium - INFO - Successful positioning of elements.Positioning method and values used：['id', 'username']
2019-10-24 04:42:49,237 - selenium - INFO - Input content：12
2019-10-24 04:42:49,250 - selenium - INFO - Successful positioning of elements.Positioning method and values used：['id', 'password']
2019-10-24 04:42:49,313 - selenium - INFO - Input content：
2019-10-24 04:42:49,329 - selenium - INFO - Successful positioning of elements.Positioning method and values used：['id', 'passwd']
2019-10-24 04:42:49,444 - selenium - INFO - Input content：
2019-10-24 04:42:49,461 - selenium - INFO - Successful positioning of elements.Positioning method and values used：['id', 'rmNum']
2019-10-24 04:42:49,527 - selenium - INFO - Input content：
2019-10-24 04:42:49,540 - selenium - INFO - Successful positioning of elements.Positioning method and values used：['css selector', 'span > input']
2019-10-24 04:42:49,620 - selenium - INFO - Input content：
2019-10-24 04:42:49,632 - selenium - INFO - Successful positioning of elements.Positioning method and values used：['id', 'OK2']
2019-10-24 04:42:49,662 - selenium - INFO - Click on the element success,location method and value used：['id', 'OK2']
2019-10-24 04:42:49,683 - selenium - INFO - Successful positioning of elements.Positioning method and values used：['css selector', '.err > span']
2019-10-24 04:42:49,700 - selenium - INFO - Obtained text：帐号6-10位数字或字母
2019-10-24 04:42:49,713 - selenium - INFO - Assert Verify success：expected outcome:{帐号6-10位数字或字母} == actual results:{帐号6-10位数字或字母}
2019-10-24 04:42:50,062 - selenium - INFO - Screenshot saved successfully!
2019-10-24 04:42:50,062 - selenium - INFO - Successful execution of test cases:注册页面，检测账号字段规则（长度是否不能小于6位）

2019-10-24 04:42:50,062 - selenium - INFO - Executing use test case:注册页面，检测账号字段规则（是否不能包含中文）
2019-10-24 04:42:50,062 - selenium - INFO - input data:username:阿斯顿但是我,password:,passwd:,phone:,code:,suc:0,assert:帐号6-10位数字或字母
2019-10-24 04:42:50,081 - selenium - INFO - Successful positioning of elements.Positioning method and values used：['id', 'username']
2019-10-24 04:42:50,183 - selenium - INFO - Input content：阿斯顿但是我
2019-10-24 04:42:50,199 - selenium - INFO - Successful positioning of elements.Positioning method and values used：['id', 'password']
2019-10-24 04:42:50,271 - selenium - INFO - Input content：
2019-10-24 04:42:50,291 - selenium - INFO - Successful positioning of elements.Positioning method and values used：['id', 'passwd']
2019-10-24 04:42:50,379 - selenium - INFO - Input content：
2019-10-24 04:42:50,391 - selenium - INFO - Successful positioning of elements.Positioning method and values used：['id', 'rmNum']
2019-10-24 04:42:50,456 - selenium - INFO - Input content：
2019-10-24 04:42:50,470 - selenium - INFO - Successful positioning of elements.Positioning method and values used：['css selector', 'span > input']
2019-10-24 04:42:50,563 - selenium - INFO - Input content：
2019-10-24 04:42:50,576 - selenium - INFO - Successful positioning of elements.Positioning method and values used：['id', 'OK2']
2019-10-24 04:42:50,613 - selenium - INFO - Click on the element success,location method and value used：['id', 'OK2']
2019-10-24 04:42:50,624 - selenium - INFO - Successful positioning of elements.Positioning method and values used：['css selector', '.err > span']
2019-10-24 04:42:50,643 - selenium - INFO - Obtained text：帐号6-10位数字或字母
2019-10-24 04:42:50,654 - selenium - INFO - Assert Verify success：expected outcome:{帐号6-10位数字或字母} == actual results:{帐号6-10位数字或字母}
2019-10-24 04:42:51,006 - selenium - INFO - Screenshot saved successfully!
2019-10-24 04:42:51,006 - selenium - INFO - Successful execution of test cases:注册页面，检测账号字段规则（是否不能包含中文）

2019-10-24 04:42:51,006 - selenium - INFO - Executing use test case:注册页面，检测账号字段规则（是否不能包含特殊字符）
2019-10-24 04:42:51,006 - selenium - INFO - input data:username:*&#123abc,password:,passwd:,phone:,code:,suc:0,assert:帐号6-10位数字或字母
2019-10-24 04:42:51,021 - selenium - INFO - Successful positioning of elements.Positioning method and values used：['id', 'username']
2019-10-24 04:42:51,154 - selenium - INFO - Input content：*&#123abc
2019-10-24 04:42:51,168 - selenium - INFO - Successful positioning of elements.Positioning method and values used：['id', 'password']
2019-10-24 04:42:51,243 - selenium - INFO - Input content：
2019-10-24 04:42:51,260 - selenium - INFO - Successful positioning of elements.Positioning method and values used：['id', 'passwd']
2019-10-24 04:42:51,345 - selenium - INFO - Input content：
2019-10-24 04:42:51,360 - selenium - INFO - Successful positioning of elements.Positioning method and values used：['id', 'rmNum']
2019-10-24 04:42:51,418 - selenium - INFO - Input content：
2019-10-24 04:42:51,432 - selenium - INFO - Successful positioning of elements.Positioning method and values used：['css selector', 'span > input']
2019-10-24 04:42:51,515 - selenium - INFO - Input content：
2019-10-24 04:42:51,533 - selenium - INFO - Successful positioning of elements.Positioning method and values used：['id', 'OK2']
2019-10-24 04:42:51,580 - selenium - INFO - Click on the element success,location method and value used：['id', 'OK2']
2019-10-24 04:42:51,610 - selenium - INFO - Successful positioning of elements.Positioning method and values used：['css selector', '.err > span']
2019-10-24 04:42:51,634 - selenium - INFO - Obtained text：帐号6-10位数字或字母
2019-10-24 04:42:51,646 - selenium - INFO - Assert Verify success：expected outcome:{帐号6-10位数字或字母} == actual results:{帐号6-10位数字或字母}
2019-10-24 04:42:51,970 - selenium - INFO - Screenshot saved successfully!
2019-10-24 04:42:51,970 - selenium - INFO - Successful execution of test cases:注册页面，检测账号字段规则（是否不能包含特殊字符）

2019-10-24 04:42:51,971 - selenium - INFO - Executing use test case:注册页面，检测账号字段规则（长度是否不能小于6位）
2019-10-24 04:42:51,971 - selenium - INFO - input data:username:123as,password:,passwd:,phone:,code:,suc:0,assert:帐号6-10位数字或字母
2019-10-24 04:42:51,983 - selenium - INFO - Successful positioning of elements.Positioning method and values used：['id', 'username']
2019-10-24 04:42:52,083 - selenium - INFO - Input content：123as
2019-10-24 04:42:52,112 - selenium - INFO - Successful positioning of elements.Positioning method and values used：['id', 'password']
2019-10-24 04:42:52,190 - selenium - INFO - Input content：
2019-10-24 04:42:52,214 - selenium - INFO - Successful positioning of elements.Positioning method and values used：['id', 'passwd']
2019-10-24 04:42:52,288 - selenium - INFO - Input content：
2019-10-24 04:42:52,298 - selenium - INFO - Successful positioning of elements.Positioning method and values used：['id', 'rmNum']
2019-10-24 04:42:52,362 - selenium - INFO - Input content：
2019-10-24 04:42:52,376 - selenium - INFO - Successful positioning of elements.Positioning method and values used：['css selector', 'span > input']
2019-10-24 04:42:52,454 - selenium - INFO - Input content：
2019-10-24 04:42:52,465 - selenium - INFO - Successful positioning of elements.Positioning method and values used：['id', 'OK2']
2019-10-24 04:42:52,513 - selenium - INFO - Click on the element success,location method and value used：['id', 'OK2']
2019-10-24 04:42:52,528 - selenium - INFO - Successful positioning of elements.Positioning method and values used：['css selector', '.err > span']
2019-10-24 04:42:52,545 - selenium - INFO - Obtained text：帐号6-10位数字或字母
2019-10-24 04:42:52,562 - selenium - INFO - Assert Verify success：expected outcome:{帐号6-10位数字或字母} == actual results:{帐号6-10位数字或字母}
2019-10-24 04:42:52,877 - selenium - INFO - Screenshot saved successfully!
2019-10-24 04:42:52,877 - selenium - INFO - Successful execution of test cases:注册页面，检测账号字段规则（长度是否不能小于6位）

2019-10-24 04:42:52,878 - selenium - INFO - Executing use test case:注册页面，检测密码字段规则（是否为必填项）
2019-10-24 04:42:52,878 - selenium - INFO - input data:username:Entech9999,password:,passwd:,phone:,code:,suc:0,assert:密码8-20位数字或字母
2019-10-24 04:42:52,891 - selenium - INFO - Successful positioning of elements.Positioning method and values used：['id', 'username']
2019-10-24 04:42:53,012 - selenium - INFO - Input content：Entech9999
2019-10-24 04:42:53,023 - selenium - INFO - Successful positioning of elements.Positioning method and values used：['id', 'password']
2019-10-24 04:42:53,098 - selenium - INFO - Input content：
2019-10-24 04:42:53,116 - selenium - INFO - Successful positioning of elements.Positioning method and values used：['id', 'passwd']
2019-10-24 04:42:53,198 - selenium - INFO - Input content：
2019-10-24 04:42:53,212 - selenium - INFO - Successful positioning of elements.Positioning method and values used：['id', 'rmNum']
2019-10-24 04:42:53,269 - selenium - INFO - Input content：
2019-10-24 04:42:53,281 - selenium - INFO - Successful positioning of elements.Positioning method and values used：['css selector', 'span > input']
2019-10-24 04:42:53,365 - selenium - INFO - Input content：
2019-10-24 04:42:53,385 - selenium - INFO - Successful positioning of elements.Positioning method and values used：['id', 'OK2']
2019-10-24 04:42:53,429 - selenium - INFO - Click on the element success,location method and value used：['id', 'OK2']
2019-10-24 04:42:53,440 - selenium - INFO - Successful positioning of elements.Positioning method and values used：['css selector', '.err > span']
2019-10-24 04:42:53,457 - selenium - INFO - Obtained text：密码8-20位数字或字母
2019-10-24 04:42:53,471 - selenium - INFO - Assert Verify success：expected outcome:{密码8-20位数字或字母} == actual results:{密码8-20位数字或字母}
2019-10-24 04:42:53,810 - selenium - INFO - Screenshot saved successfully!
2019-10-24 04:42:53,810 - selenium - INFO - Successful execution of test cases:注册页面，检测密码字段规则（是否为必填项）

2019-10-24 04:42:53,810 - selenium - INFO - Executing use test case:注册页面，检测验证码字段规则（是否为必填项）
2019-10-24 04:42:53,811 - selenium - INFO - input data:username:Entech9999,password:12345678,passwd:12345678,phone:,code:,suc:0,assert:请输入验证码
2019-10-24 04:42:53,826 - selenium - INFO - Successful positioning of elements.Positioning method and values used：['id', 'username']
2019-10-24 04:42:53,922 - selenium - INFO - Input content：Entech9999
2019-10-24 04:42:53,933 - selenium - INFO - Successful positioning of elements.Positioning method and values used：['id', 'password']
2019-10-24 04:42:54,034 - selenium - INFO - Input content：12345678
2019-10-24 04:42:54,051 - selenium - INFO - Successful positioning of elements.Positioning method and values used：['id', 'passwd']
2019-10-24 04:42:54,149 - selenium - INFO - Input content：12345678
2019-10-24 04:42:54,164 - selenium - INFO - Successful positioning of elements.Positioning method and values used：['id', 'rmNum']
2019-10-24 04:42:54,227 - selenium - INFO - Input content：
2019-10-24 04:42:54,240 - selenium - INFO - Successful positioning of elements.Positioning method and values used：['css selector', 'span > input']
2019-10-24 04:42:54,320 - selenium - INFO - Input content：
2019-10-24 04:42:54,332 - selenium - INFO - Successful positioning of elements.Positioning method and values used：['id', 'OK2']
2019-10-24 04:42:54,362 - selenium - INFO - Click on the element success,location method and value used：['id', 'OK2']
2019-10-24 04:42:54,373 - selenium - INFO - Successful positioning of elements.Positioning method and values used：['css selector', '.err > span']
2019-10-24 04:42:54,392 - selenium - INFO - Obtained text：请输入验证码
2019-10-24 04:42:54,403 - selenium - INFO - Assert Verify success：expected outcome:{请输入验证码} == actual results:{请输入验证码}
2019-10-24 04:42:54,759 - selenium - INFO - Screenshot saved successfully!
2019-10-24 04:42:54,760 - selenium - INFO - Successful execution of test cases:注册页面，检测验证码字段规则（是否为必填项）

2019-10-24 04:42:54,760 - selenium - INFO - Executing use test case:注册页面，检测手机号字段规则（是否为必填项）
2019-10-24 04:42:54,760 - selenium - INFO - input data:username:Entech9999,password:12345678,passwd:12345678,phone:1233,code:,suc:0,assert:请输入手机号
2019-10-24 04:42:54,770 - selenium - INFO - Successful positioning of elements.Positioning method and values used：['id', 'username']
2019-10-24 04:42:54,873 - selenium - INFO - Input content：Entech9999
2019-10-24 04:42:54,884 - selenium - INFO - Successful positioning of elements.Positioning method and values used：['id', 'password']
2019-10-24 04:42:54,995 - selenium - INFO - Input content：12345678
2019-10-24 04:42:55,013 - selenium - INFO - Successful positioning of elements.Positioning method and values used：['id', 'passwd']
2019-10-24 04:42:55,114 - selenium - INFO - Input content：12345678
2019-10-24 04:42:55,126 - selenium - INFO - Successful positioning of elements.Positioning method and values used：['id', 'rmNum']
2019-10-24 04:42:55,209 - selenium - INFO - Input content：1233
2019-10-24 04:42:55,222 - selenium - INFO - Successful positioning of elements.Positioning method and values used：['css selector', 'span > input']
2019-10-24 04:42:55,300 - selenium - INFO - Input content：
2019-10-24 04:42:55,312 - selenium - INFO - Successful positioning of elements.Positioning method and values used：['id', 'OK2']
2019-10-24 04:42:55,346 - selenium - INFO - Click on the element success,location method and value used：['id', 'OK2']
2019-10-24 04:42:55,377 - selenium - INFO - Successful positioning of elements.Positioning method and values used：['css selector', '.err > span']
2019-10-24 04:42:55,393 - selenium - INFO - Obtained text：请输入手机号
2019-10-24 04:42:55,404 - selenium - INFO - Assert Verify success：expected outcome:{请输入手机号} == actual results:{请输入手机号}
2019-10-24 04:42:55,754 - selenium - INFO - Screenshot saved successfully!
2019-10-24 04:42:55,754 - selenium - INFO - Successful execution of test cases:注册页面，检测手机号字段规则（是否为必填项）

2019-10-24 04:42:55,754 - selenium - INFO - Executing use test case:注册页面，检测密码字段规则（最小长度是否为8位）
2019-10-24 04:42:55,755 - selenium - INFO - input data:username:Entech9999,password:12345,passwd:12345,phone:1233,code:11144434443,suc:0,assert:密码 的最小长度为 8 字符
2019-10-24 04:42:55,767 - selenium - INFO - Successful positioning of elements.Positioning method and values used：['id', 'username']
2019-10-24 04:42:55,870 - selenium - INFO - Input content：Entech9999
2019-10-24 04:42:55,882 - selenium - INFO - Successful positioning of elements.Positioning method and values used：['id', 'password']
2019-10-24 04:42:55,994 - selenium - INFO - Input content：12345
2019-10-24 04:42:56,011 - selenium - INFO - Successful positioning of elements.Positioning method and values used：['id', 'passwd']
2019-10-24 04:42:56,106 - selenium - INFO - Input content：12345
2019-10-24 04:42:56,119 - selenium - INFO - Successful positioning of elements.Positioning method and values used：['id', 'rmNum']
2019-10-24 04:42:56,208 - selenium - INFO - Input content：1233
2019-10-24 04:42:56,226 - selenium - INFO - Successful positioning of elements.Positioning method and values used：['css selector', 'span > input']
2019-10-24 04:42:56,316 - selenium - INFO - Input content：11144434443
2019-10-24 04:42:56,328 - selenium - INFO - Successful positioning of elements.Positioning method and values used：['id', 'OK2']
2019-10-24 04:42:56,364 - selenium - INFO - Click on the element success,location method and value used：['id', 'OK2']
2019-10-24 04:42:56,549 - selenium - INFO - Successful positioning of elements.Positioning method and values used：['css selector', '.err > span']
2019-10-24 04:42:56,566 - selenium - INFO - Obtained text：密码 的最小长度为 8 字符
2019-10-24 04:42:56,579 - selenium - INFO - Assert Verify success：expected outcome:{密码的最小长度为8字符} == actual results:{密码的最小长度为8字符}
2019-10-24 04:42:56,900 - selenium - INFO - Screenshot saved successfully!
2019-10-24 04:42:56,900 - selenium - INFO - Successful execution of test cases:注册页面，检测密码字段规则（最小长度是否为8位）

2019-10-24 04:42:56,901 - selenium - INFO - Executing use test case:注册页面，检测密码字段规则（最小长度是否为8位）
2019-10-24 04:42:56,901 - selenium - INFO - input data:username:Entech9999,password:1234,passwd:1234,phone:1233,code:11144434443,suc:0,assert:密码8-20位数字或字母
2019-10-24 04:42:56,915 - selenium - INFO - Successful positioning of elements.Positioning method and values used：['id', 'username']
2019-10-24 04:42:57,015 - selenium - INFO - Input content：Entech9999
2019-10-24 04:42:57,028 - selenium - INFO - Successful positioning of elements.Positioning method and values used：['id', 'password']
2019-10-24 04:42:57,099 - selenium - INFO - Input content：1234
2019-10-24 04:42:57,118 - selenium - INFO - Successful positioning of elements.Positioning method and values used：['id', 'passwd']
2019-10-24 04:42:57,214 - selenium - INFO - Input content：1234
2019-10-24 04:42:57,227 - selenium - INFO - Successful positioning of elements.Positioning method and values used：['id', 'rmNum']
2019-10-24 04:42:57,310 - selenium - INFO - Input content：1233
2019-10-24 04:42:57,327 - selenium - INFO - Successful positioning of elements.Positioning method and values used：['css selector', 'span > input']
2019-10-24 04:42:57,418 - selenium - INFO - Input content：11144434443
2019-10-24 04:42:57,431 - selenium - INFO - Successful positioning of elements.Positioning method and values used：['id', 'OK2']
2019-10-24 04:42:57,478 - selenium - INFO - Click on the element success,location method and value used：['id', 'OK2']
2019-10-24 04:42:57,488 - selenium - INFO - Successful positioning of elements.Positioning method and values used：['css selector', '.err > span']
2019-10-24 04:42:57,506 - selenium - INFO - Obtained text：密码8-20位数字或字母
2019-10-24 04:42:57,520 - selenium - INFO - Assert Verify success：expected outcome:{密码8-20位数字或字母} == actual results:{密码8-20位数字或字母}
2019-10-24 04:42:57,849 - selenium - INFO - Screenshot saved successfully!
2019-10-24 04:42:57,850 - selenium - INFO - Successful execution of test cases:注册页面，检测密码字段规则（最小长度是否为8位）

2019-10-24 04:42:57,850 - selenium - INFO - Executing use test case:注册页面，检测手机号字段规则（手机格式）
2019-10-24 04:42:57,850 - selenium - INFO - input data:username:Entech9999,password:12345678,passwd:12345678,phone:1233,code:11144434443,suc:0,assert:请填写正确的手机号码.
2019-10-24 04:42:57,866 - selenium - INFO - Successful positioning of elements.Positioning method and values used：['id', 'username']
2019-10-24 04:42:57,973 - selenium - INFO - Input content：Entech9999
2019-10-24 04:42:57,988 - selenium - INFO - Successful positioning of elements.Positioning method and values used：['id', 'password']
2019-10-24 04:42:58,133 - selenium - INFO - Input content：12345678
2019-10-24 04:42:58,161 - selenium - INFO - Successful positioning of elements.Positioning method and values used：['id', 'passwd']
2019-10-24 04:42:58,252 - selenium - INFO - Input content：12345678
2019-10-24 04:42:58,265 - selenium - INFO - Successful positioning of elements.Positioning method and values used：['id', 'rmNum']
2019-10-24 04:42:58,364 - selenium - INFO - Input content：1233
2019-10-24 04:42:58,375 - selenium - INFO - Successful positioning of elements.Positioning method and values used：['css selector', 'span > input']
2019-10-24 04:42:58,477 - selenium - INFO - Input content：11144434443
2019-10-24 04:42:58,490 - selenium - INFO - Successful positioning of elements.Positioning method and values used：['id', 'OK2']
2019-10-24 04:42:58,529 - selenium - INFO - Click on the element success,location method and value used：['id', 'OK2']
2019-10-24 04:42:58,712 - selenium - INFO - Successful positioning of elements.Positioning method and values used：['css selector', '.err > span']
2019-10-24 04:42:58,732 - selenium - INFO - Obtained text：请填写正确的手机号码.
2019-10-24 04:42:58,746 - selenium - INFO - Assert Verify success：expected outcome:{请填写正确的手机号码.} == actual results:{请填写正确的手机号码.}
2019-10-24 04:42:59,079 - selenium - INFO - Screenshot saved successfully!
2019-10-24 04:42:59,079 - selenium - INFO - Successful execution of test cases:注册页面，检测手机号字段规则（手机格式）

2019-10-24 04:42:59,079 - selenium - INFO - Executing use test case:注册页面，检测密码字段规则（是否区分密码字母大小写）
2019-10-24 04:42:59,079 - selenium - INFO - input data:username:Entech9999,password:1234567a,passwd:1234567A,phone:1233,code:13944434443,suc:0,assert:两次密码不一致
2019-10-24 04:42:59,090 - selenium - INFO - Successful positioning of elements.Positioning method and values used：['id', 'username']
2019-10-24 04:42:59,203 - selenium - INFO - Input content：Entech9999
2019-10-24 04:42:59,221 - selenium - INFO - Successful positioning of elements.Positioning method and values used：['id', 'password']
2019-10-24 04:42:59,349 - selenium - INFO - Input content：1234567a
2019-10-24 04:42:59,368 - selenium - INFO - Successful positioning of elements.Positioning method and values used：['id', 'passwd']
2019-10-24 04:42:59,476 - selenium - INFO - Input content：1234567A
2019-10-24 04:42:59,488 - selenium - INFO - Successful positioning of elements.Positioning method and values used：['id', 'rmNum']
2019-10-24 04:42:59,576 - selenium - INFO - Input content：1233
2019-10-24 04:42:59,588 - selenium - INFO - Successful positioning of elements.Positioning method and values used：['css selector', 'span > input']
2019-10-24 04:42:59,687 - selenium - INFO - Input content：13944434443
2019-10-24 04:42:59,700 - selenium - INFO - Successful positioning of elements.Positioning method and values used：['id', 'OK2']
2019-10-24 04:42:59,747 - selenium - INFO - Click on the element success,location method and value used：['id', 'OK2']
2019-10-24 04:42:59,760 - selenium - INFO - Successful positioning of elements.Positioning method and values used：['css selector', '.err > span']
2019-10-24 04:42:59,773 - selenium - INFO - Obtained text：两次密码不一致
2019-10-24 04:42:59,795 - selenium - INFO - Assert Verify success：expected outcome:{两次密码不一致} == actual results:{两次密码不一致}
2019-10-24 04:43:00,117 - selenium - INFO - Screenshot saved successfully!
2019-10-24 04:43:00,119 - selenium - INFO - Successful execution of test cases:注册页面，检测密码字段规则（是否区分密码字母大小写）

2019-10-24 04:43:00,119 - selenium - INFO - Executing use test case:注册页面，检测是否能阻止重复注册
2019-10-24 04:43:00,120 - selenium - INFO - input data:username:enintech0,password:987456123,passwd:987456123,phone:1233,code:13944434443,suc:0,assert:帐号已存在
2019-10-24 04:43:00,133 - selenium - INFO - Successful positioning of elements.Positioning method and values used：['id', 'username']
2019-10-24 04:43:00,228 - selenium - INFO - Input content：enintech0
2019-10-24 04:43:00,240 - selenium - INFO - Successful positioning of elements.Positioning method and values used：['id', 'password']
2019-10-24 04:43:00,356 - selenium - INFO - Input content：987456123
2019-10-24 04:43:00,371 - selenium - INFO - Successful positioning of elements.Positioning method and values used：['id', 'passwd']
2019-10-24 04:43:00,478 - selenium - INFO - Input content：987456123
2019-10-24 04:43:00,493 - selenium - INFO - Successful positioning of elements.Positioning method and values used：['id', 'rmNum']
2019-10-24 04:43:00,584 - selenium - INFO - Input content：1233
2019-10-24 04:43:00,598 - selenium - INFO - Successful positioning of elements.Positioning method and values used：['css selector', 'span > input']
2019-10-24 04:43:00,699 - selenium - INFO - Input content：13944434443
2019-10-24 04:43:00,715 - selenium - INFO - Successful positioning of elements.Positioning method and values used：['id', 'OK2']
2019-10-24 04:43:00,762 - selenium - INFO - Click on the element success,location method and value used：['id', 'OK2']
2019-10-24 04:43:00,833 - selenium - INFO - Successful positioning of elements.Positioning method and values used：['css selector', '.err > span']
2019-10-24 04:43:00,850 - selenium - INFO - Obtained text：帐号已存在
2019-10-24 04:43:00,867 - selenium - INFO - Assert Verify success：expected outcome:{帐号已存在} == actual results:{帐号已存在}
2019-10-24 04:43:01,219 - selenium - INFO - Screenshot saved successfully!
2019-10-24 04:43:01,219 - selenium - INFO - Successful execution of test cases:注册页面，检测是否能阻止重复注册

2019-10-24 04:43:01,219 - selenium - INFO - Executing use test case:注册页面，检测验证码字段规则（错误验证码是否阻止注册）
2019-10-24 04:43:01,219 - selenium - INFO - input data:username:Entech9999,password:1234567a,passwd:1234567a,phone:1111,code:13944434443,suc:0,assert:验证码错误
2019-10-24 04:43:01,233 - selenium - INFO - Successful positioning of elements.Positioning method and values used：['id', 'username']
2019-10-24 04:43:01,338 - selenium - INFO - Input content：Entech9999
2019-10-24 04:43:01,353 - selenium - INFO - Successful positioning of elements.Positioning method and values used：['id', 'password']
2019-10-24 04:43:01,476 - selenium - INFO - Input content：1234567a
2019-10-24 04:43:01,500 - selenium - INFO - Successful positioning of elements.Positioning method and values used：['id', 'passwd']
2019-10-24 04:43:01,606 - selenium - INFO - Input content：1234567a
2019-10-24 04:43:01,620 - selenium - INFO - Successful positioning of elements.Positioning method and values used：['id', 'rmNum']
2019-10-24 04:43:01,709 - selenium - INFO - Input content：1111
2019-10-24 04:43:01,721 - selenium - INFO - Successful positioning of elements.Positioning method and values used：['css selector', 'span > input']
2019-10-24 04:43:01,816 - selenium - INFO - Input content：13944434443
2019-10-24 04:43:01,838 - selenium - INFO - Successful positioning of elements.Positioning method and values used：['id', 'OK2']
2019-10-24 04:43:01,879 - selenium - INFO - Click on the element success,location method and value used：['id', 'OK2']
2019-10-24 04:43:02,056 - selenium - INFO - Successful positioning of elements.Positioning method and values used：['css selector', '.err > span']
2019-10-24 04:43:02,081 - selenium - INFO - Obtained text：验证码错误
2019-10-24 04:43:02,095 - selenium - INFO - Assert Verify success：expected outcome:{验证码错误} == actual results:{验证码错误}
2019-10-24 04:43:02,425 - selenium - INFO - Screenshot saved successfully!
2019-10-24 04:43:02,425 - selenium - INFO - Successful execution of test cases:注册页面，检测验证码字段规则（错误验证码是否阻止注册）

2019-10-24 04:43:02,425 - selenium - INFO - Executing use test case:检测是否能够成功注册账号
2019-10-24 04:43:02,440 - selenium - INFO - Successful positioning of elements.Positioning method and values used：['id', 'username']
2019-10-24 04:43:02,543 - selenium - INFO - Input content：enintech32
2019-10-24 04:43:02,556 - selenium - INFO - Successful positioning of elements.Positioning method and values used：['id', 'password']
2019-10-24 04:43:02,667 - selenium - INFO - Input content：12345678
2019-10-24 04:43:02,684 - selenium - INFO - Successful positioning of elements.Positioning method and values used：['id', 'passwd']
2019-10-24 04:43:02,792 - selenium - INFO - Input content：12345678
2019-10-24 04:43:02,802 - selenium - INFO - Successful positioning of elements.Positioning method and values used：['css selector', 'span > input']
2019-10-24 04:43:02,910 - selenium - INFO - Input content：13988889999
2019-10-24 04:43:05,908 - selenium - INFO - Forced wait 2 second
2019-10-24 04:43:05,921 - selenium - INFO - Successful positioning of elements.Positioning method and values used：['id', 'rmNum']
2019-10-24 04:43:06,004 - selenium - INFO - Input content：9017
2019-10-24 04:43:06,020 - selenium - INFO - Successful positioning of elements.Positioning method and values used：['id', 'OK2']
2019-10-24 04:43:06,071 - selenium - INFO - Click on the element success,location method and value used：['id', 'OK2']
2019-10-24 04:43:08,071 - selenium - INFO - Forced wait 2 second
2019-10-24 04:43:08,085 - selenium - INFO - Successful positioning of elements.Positioning method and values used：['css selector', '.err > span']
2019-10-24 04:43:08,098 - selenium - INFO - Successful positioning of elements.Positioning method and values used：['css selector', '.err > span']
2019-10-24 04:43:08,114 - selenium - INFO - Obtained text：帐号已存在
2019-10-24 04:43:08,138 - selenium - INFO - Successful positioning of elements.Positioning method and values used：['css selector', '.err > span']
2019-10-24 04:43:08,150 - selenium - INFO - Obtained text：帐号已存在
2019-10-24 04:43:08,183 - selenium - INFO - Successful positioning of elements.Positioning method and values used：['css selector', '.err > span']
2019-10-24 04:43:08,195 - selenium - INFO - Obtained text：帐号已存在
2019-10-24 04:43:09,206 - selenium - INFO - Forced wait 1 second
2019-10-24 04:43:11,501 - selenium - INFO - Forced wait 2 second
2019-10-24 04:43:11,526 - selenium - INFO - Successful positioning of elements.Positioning method and values used：['id', 'username']
2019-10-24 04:43:11,634 - selenium - INFO - Input content：enintech33
2019-10-24 04:43:13,635 - selenium - INFO - Forced wait 2 second
2019-10-24 04:43:13,654 - selenium - INFO - Successful positioning of elements.Positioning method and values used：['css selector', '.checkLoginCodeImage']
2019-10-24 04:43:13,696 - selenium - INFO - Click on the element success,location method and value used：['css selector', '.checkLoginCodeImage']
2019-10-24 04:43:15,698 - selenium - INFO - Forced wait 2 second
2019-10-24 04:43:18,420 - selenium - INFO - Forced wait 2 second
2019-10-24 04:43:18,431 - selenium - INFO - Successful positioning of elements.Positioning method and values used：['id', 'rmNum']
2019-10-24 04:43:18,527 - selenium - INFO - Input content：2392
2019-10-24 04:43:18,543 - selenium - INFO - Successful positioning of elements.Positioning method and values used：['id', 'OK2']
2019-10-24 04:43:18,580 - selenium - INFO - Click on the element success,location method and value used：['id', 'OK2']
2019-10-24 04:43:20,581 - selenium - INFO - Forced wait 2 second
2019-10-24 04:43:21,581 - selenium - INFO - Forced wait 1 second
2019-10-24 04:43:23,891 - selenium - INFO - Forced wait 2 second
2019-10-24 04:43:35,344 - selenium - INFO - 在section：environment下读取browser的值
2019-10-24 04:43:35,345 - selenium - INFO - Read browser configuration, value：chrome
2019-10-24 04:43:35,345 - selenium - INFO - 在section：environment下读取url的值
2019-10-24 04:43:35,345 - selenium - INFO - Read url configuration, value：http://blr.9161252.com/#/home
2019-10-24 04:43:36,785 - selenium - INFO - Visit website：http://blr.9161252.com/#/home
2019-10-24 04:43:36,897 - selenium - INFO - Browser maximization
2019-10-24 04:43:36,902 - selenium - INFO - Set static wait time 10 seconds
2019-10-24 04:43:36,902 - selenium - INFO - Executing test cases：新注册会员，验证系统消息是否正确
2019-10-24 04:43:37,794 - selenium - INFO - Successful positioning of elements.Positioning method and values used：['css selector', '.close']
2019-10-24 04:43:37,826 - selenium - INFO - Successful positioning of elements.Positioning method and values used：['css selector', '.close']
2019-10-24 04:43:38,085 - selenium - INFO - Click on the element success,location method and value used：['css selector', '.close']
2019-10-24 04:43:38,192 - selenium - INFO - Successful positioning of elements.Positioning method and values used：['css selector', '.input-bg:nth-child(1)']
2019-10-24 04:43:38,333 - selenium - INFO - Input content：enintech33
2019-10-24 04:43:38,349 - selenium - INFO - Successful positioning of elements.Positioning method and values used：['id', 'txtFacade']
2019-10-24 04:43:38,464 - selenium - INFO - Input content：12345678
