2019-10-24 07:10:39,757 - selenium - INFO - 在section：environment下读取browser的值
2019-10-24 07:10:39,757 - selenium - INFO - Read browser configuration, value：chrome
2019-10-24 07:10:39,757 - selenium - INFO - 在section：environment下读取url的值
2019-10-24 07:10:39,758 - selenium - INFO - Read url configuration, value：http://blr.9161252.com/#/home
2019-10-24 07:10:41,170 - selenium - INFO - Visit website：http://blr.9161252.com/#/home
2019-10-24 07:10:41,287 - selenium - INFO - Browser maximization
2019-10-24 07:10:41,300 - selenium - INFO - Set static wait time 10 seconds
2019-10-24 07:10:41,300 - selenium - INFO - Executing use test case:登录测试用例，检测账号字段是否为必填项
2019-10-24 07:10:41,300 - selenium - INFO - input data:name:,pwd:,suc:0,assert:请输入账号
2019-10-24 07:10:42,229 - selenium - INFO - Successful positioning of elements.Positioning method and values used：['css selector', '.close']
2019-10-24 07:10:42,293 - selenium - INFO - Successful positioning of elements.Positioning method and values used：['css selector', '.close']
2019-10-24 07:10:42,517 - selenium - INFO - Click on the element success,location method and value used：['css selector', '.close']
2019-10-24 07:10:42,550 - selenium - INFO - Successful positioning of elements.Positioning method and values used：['css selector', '.input-bg:nth-child(1)']
2019-10-24 07:10:42,684 - selenium - INFO - Input content：
2019-10-24 07:10:42,702 - selenium - INFO - Successful positioning of elements.Positioning method and values used：['id', 'txtFacade']
2019-10-24 07:10:42,810 - selenium - INFO - Input content：
2019-10-24 07:10:42,835 - selenium - INFO - Successful positioning of elements.Positioning method and values used：['css selector', '.loginBtn']
2019-10-24 07:10:43,057 - selenium - INFO - Click on the element success,location method and value used：['css selector', '.loginBtn']
2019-10-24 07:10:43,107 - selenium - INFO - Successful positioning of elements.Positioning method and values used：['css selector', '.ivu-icon']
2019-10-24 07:10:47,697 - selenium - ERROR - Failure of test case execution! Reason：find_element() argument after * must be an iterable, not WebElement
2019-10-24 07:10:47,698 - selenium - INFO - Executing use test case:登录测试用例，检测密码字段是否为必填项
2019-10-24 07:10:47,698 - selenium - INFO - input data:name:liwanlei,pwd:,suc:0,assert:请输入密码
