2019-10-24 02:53:21,858 - selenium - INFO - 在section：environment下读取browser的值
2019-10-24 02:53:21,859 - selenium - INFO - Read browser configuration, value：chrome
2019-10-24 02:53:21,859 - selenium - INFO - 在section：environment下读取url的值
2019-10-24 02:53:21,859 - selenium - INFO - Read url configuration, value：http://blr.9161252.com
2019-10-24 02:53:23,459 - selenium - INFO - Visit website：http://blr.9161252.com
2019-10-24 02:53:23,572 - selenium - INFO - Browser maximization
2019-10-24 02:53:23,581 - selenium - INFO - Set static wait time 10 seconds
2019-10-24 02:53:23,581 - selenium - INFO - Executing use test case:
2019-10-24 02:53:25,066 - selenium - INFO - Successful positioning of elements.Positioning method and values used：['css selector', '.close']
2019-10-24 02:53:25,116 - selenium - INFO - Successful positioning of elements.Positioning method and values used：['css selector', '.close']
2019-10-24 02:53:25,517 - selenium - INFO - Click on the element success,location method and value used：['css selector', '.close']
2019-10-24 02:53:25,552 - selenium - INFO - Successful positioning of elements.Positioning method and values used：['css selector', '.regBtn']
2019-10-24 02:53:25,631 - selenium - INFO - Click on the element success,location method and value used：['css selector', '.regBtn']
2019-10-24 02:53:27,431 - selenium - INFO - Successful positioning of elements.Positioning method and values used：['id', 'username']
2019-10-24 02:53:27,602 - selenium - INFO - Input content：enintech0
2019-10-24 02:53:27,619 - selenium - INFO - Successful positioning of elements.Positioning method and values used：['id', 'password']
2019-10-24 02:53:27,747 - selenium - INFO - Input content：12345678
2019-10-24 02:53:27,770 - selenium - INFO - Successful positioning of elements.Positioning method and values used：['id', 'passwd']
2019-10-24 02:53:27,896 - selenium - INFO - Input content：12345678
2019-10-24 02:53:27,919 - selenium - INFO - Successful positioning of elements.Positioning method and values used：['id', 'rmNum']
2019-10-24 02:53:28,030 - selenium - INFO - Input content：1234
2019-10-24 02:53:28,050 - selenium - INFO - Successful positioning of elements.Positioning method and values used：['css selector', 'span > input']
2019-10-24 02:53:28,192 - selenium - INFO - Input content：13898378887
2019-10-24 02:53:28,210 - selenium - INFO - Successful positioning of elements.Positioning method and values used：['id', 'CANCEL2']
2019-10-24 02:53:28,283 - selenium - INFO - Click on the element success,location method and value used：['id', 'CANCEL2']
2019-10-24 02:53:28,311 - selenium - INFO - Successful positioning of elements.Positioning method and values used：['id', 'OK2']
2019-10-24 02:53:28,367 - selenium - INFO - Click on the element success,location method and value used：['id', 'OK2']
2019-10-24 02:53:28,406 - selenium - INFO - Successful positioning of elements.Positioning method and values used：['css selector', '.err > span']
2019-10-24 02:53:28,440 - selenium - INFO - Obtained text：帐号6-10位数字或字母
2019-10-24 02:53:28,473 - selenium - INFO - Failure of test case execution! Reason: '帐号6-10位数字或字母' != None : Assert Verification fail：expected outcome{None} != actual results{帐号6-10位数字或字母}

2019-10-24 02:53:28,473 - selenium - INFO - Executing use test case:注册页面，检测账号字段规则（是否为必填项）
2019-10-24 02:53:28,473 - selenium - INFO - input data:username:,password:,passwd:,phone:,code:,suc:0,assert:帐号6-10位数字或字母
2019-10-24 02:53:28,488 - selenium - INFO - Successful positioning of elements.Positioning method and values used：['id', 'username']
2019-10-24 02:53:28,593 - selenium - INFO - Input content：
2019-10-24 02:53:28,605 - selenium - INFO - Successful positioning of elements.Positioning method and values used：['id', 'password']
2019-10-24 02:53:28,704 - selenium - INFO - Input content：
2019-10-24 02:53:28,718 - selenium - INFO - Successful positioning of elements.Positioning method and values used：['id', 'passwd']
2019-10-24 02:53:28,777 - selenium - INFO - Input content：
2019-10-24 02:53:28,795 - selenium - INFO - Successful positioning of elements.Positioning method and values used：['id', 'rmNum']
2019-10-24 02:53:28,866 - selenium - INFO - Input content：
2019-10-24 02:53:28,881 - selenium - INFO - Successful positioning of elements.Positioning method and values used：['css selector', 'span > input']
2019-10-24 02:53:28,970 - selenium - INFO - Input content：
2019-10-24 02:53:28,983 - selenium - INFO - Successful positioning of elements.Positioning method and values used：['id', 'OK2']
2019-10-24 02:53:29,030 - selenium - INFO - Click on the element success,location method and value used：['id', 'OK2']
2019-10-24 02:53:29,047 - selenium - INFO - Successful positioning of elements.Positioning method and values used：['css selector', '.err > span']
2019-10-24 02:53:29,062 - selenium - INFO - Obtained text：帐号6-10位数字或字母
2019-10-24 02:53:29,080 - selenium - INFO - Assert Verify success：expected outcome:{帐号6-10位数字或字母} == actual results:{帐号6-10位数字或字母}
2019-10-24 02:53:29,453 - selenium - INFO - Screenshot saved successfully!
2019-10-24 02:53:29,453 - selenium - INFO - Successful execution of test cases:注册页面，检测账号字段规则（是否为必填项）

2019-10-24 02:53:29,453 - selenium - INFO - Executing use test case:注册页面，检测账号字段规则（长度是否不能小于6位）
2019-10-24 02:53:29,453 - selenium - INFO - input data:username:12,password:,passwd:,phone:,code:,suc:0,assert:帐号6-10位数字或字母
2019-10-24 02:53:29,470 - selenium - INFO - Successful positioning of elements.Positioning method and values used：['id', 'username']
2019-10-24 02:53:29,545 - selenium - INFO - Input content：12
2019-10-24 02:53:29,559 - selenium - INFO - Successful positioning of elements.Positioning method and values used：['id', 'password']
2019-10-24 02:53:29,630 - selenium - INFO - Input content：
2019-10-24 02:53:29,643 - selenium - INFO - Successful positioning of elements.Positioning method and values used：['id', 'passwd']
2019-10-24 02:53:29,742 - selenium - INFO - Input content：
2019-10-24 02:53:29,761 - selenium - INFO - Successful positioning of elements.Positioning method and values used：['id', 'rmNum']
2019-10-24 02:53:29,817 - selenium - INFO - Input content：
2019-10-24 02:53:29,829 - selenium - INFO - Successful positioning of elements.Positioning method and values used：['css selector', 'span > input']
2019-10-24 02:53:29,894 - selenium - INFO - Input content：
2019-10-24 02:53:29,906 - selenium - INFO - Successful positioning of elements.Positioning method and values used：['id', 'OK2']
2019-10-24 02:53:29,946 - selenium - INFO - Click on the element success,location method and value used：['id', 'OK2']
2019-10-24 02:53:29,971 - selenium - INFO - Successful positioning of elements.Positioning method and values used：['css selector', '.err > span']
2019-10-24 02:53:29,996 - selenium - INFO - Obtained text：帐号6-10位数字或字母
2019-10-24 02:53:30,014 - selenium - INFO - Assert Verify success：expected outcome:{帐号6-10位数字或字母} == actual results:{帐号6-10位数字或字母}
2019-10-24 02:53:30,350 - selenium - INFO - Screenshot saved successfully!
2019-10-24 02:53:30,350 - selenium - INFO - Successful execution of test cases:注册页面，检测账号字段规则（长度是否不能小于6位）

2019-10-24 02:53:30,350 - selenium - INFO - Executing use test case:注册页面，检测账号字段规则（是否不能包含中文）
2019-10-24 02:53:30,351 - selenium - INFO - input data:username:阿斯顿但是我,password:,passwd:,phone:,code:,suc:0,assert:帐号6-10位数字或字母
2019-10-24 02:53:30,370 - selenium - INFO - Successful positioning of elements.Positioning method and values used：['id', 'username']
2019-10-24 02:53:30,468 - selenium - INFO - Input content：阿斯顿但是我
2019-10-24 02:53:30,482 - selenium - INFO - Successful positioning of elements.Positioning method and values used：['id', 'password']
2019-10-24 02:53:30,555 - selenium - INFO - Input content：
2019-10-24 02:53:30,572 - selenium - INFO - Successful positioning of elements.Positioning method and values used：['id', 'passwd']
2019-10-24 02:53:30,674 - selenium - INFO - Input content：
2019-10-24 02:53:30,686 - selenium - INFO - Successful positioning of elements.Positioning method and values used：['id', 'rmNum']
2019-10-24 02:53:30,752 - selenium - INFO - Input content：
2019-10-24 02:53:30,779 - selenium - INFO - Successful positioning of elements.Positioning method and values used：['css selector', 'span > input']
2019-10-24 02:53:30,869 - selenium - INFO - Input content：
2019-10-24 02:53:30,883 - selenium - INFO - Successful positioning of elements.Positioning method and values used：['id', 'OK2']
2019-10-24 02:53:30,947 - selenium - INFO - Click on the element success,location method and value used：['id', 'OK2']
2019-10-24 02:53:30,964 - selenium - INFO - Successful positioning of elements.Positioning method and values used：['css selector', '.err > span']
2019-10-24 02:53:30,990 - selenium - INFO - Obtained text：帐号6-10位数字或字母
2019-10-24 02:53:31,005 - selenium - INFO - Assert Verify success：expected outcome:{帐号6-10位数字或字母} == actual results:{帐号6-10位数字或字母}
2019-10-24 02:53:31,387 - selenium - INFO - Screenshot saved successfully!
2019-10-24 02:53:31,388 - selenium - INFO - Successful execution of test cases:注册页面，检测账号字段规则（是否不能包含中文）

2019-10-24 02:53:31,388 - selenium - INFO - Executing use test case:注册页面，检测账号字段规则（是否不能包含特殊字符）
2019-10-24 02:53:31,389 - selenium - INFO - input data:username:*&#123abc,password:,passwd:,phone:,code:,suc:0,assert:帐号6-10位数字或字母
2019-10-24 02:53:31,415 - selenium - INFO - Successful positioning of elements.Positioning method and values used：['id', 'username']
2019-10-24 02:53:31,528 - selenium - INFO - Input content：*&#123abc
2019-10-24 02:53:31,543 - selenium - INFO - Successful positioning of elements.Positioning method and values used：['id', 'password']
2019-10-24 02:53:31,619 - selenium - INFO - Input content：
2019-10-24 02:53:31,636 - selenium - INFO - Successful positioning of elements.Positioning method and values used：['id', 'passwd']
2019-10-24 02:53:31,732 - selenium - INFO - Input content：
2019-10-24 02:53:31,746 - selenium - INFO - Successful positioning of elements.Positioning method and values used：['id', 'rmNum']
2019-10-24 02:53:31,832 - selenium - INFO - Input content：
2019-10-24 02:53:31,846 - selenium - INFO - Successful positioning of elements.Positioning method and values used：['css selector', 'span > input']
2019-10-24 02:53:31,914 - selenium - INFO - Input content：
2019-10-24 02:53:31,927 - selenium - INFO - Successful positioning of elements.Positioning method and values used：['id', 'OK2']
2019-10-24 02:53:31,965 - selenium - INFO - Click on the element success,location method and value used：['id', 'OK2']
2019-10-24 02:53:31,979 - selenium - INFO - Successful positioning of elements.Positioning method and values used：['css selector', '.err > span']
2019-10-24 02:53:31,997 - selenium - INFO - Obtained text：帐号6-10位数字或字母
2019-10-24 02:53:32,010 - selenium - INFO - Assert Verify success：expected outcome:{帐号6-10位数字或字母} == actual results:{帐号6-10位数字或字母}
2019-10-24 02:53:32,371 - selenium - INFO - Screenshot saved successfully!
2019-10-24 02:53:32,371 - selenium - INFO - Successful execution of test cases:注册页面，检测账号字段规则（是否不能包含特殊字符）

2019-10-24 02:53:32,371 - selenium - INFO - Executing use test case:注册页面，检测账号字段规则（长度是否不能小于6位）
2019-10-24 02:53:32,371 - selenium - INFO - input data:username:123as,password:,passwd:,phone:,code:,suc:0,assert:帐号6-10位数字或字母
2019-10-24 02:53:32,386 - selenium - INFO - Successful positioning of elements.Positioning method and values used：['id', 'username']
2019-10-24 02:53:32,495 - selenium - INFO - Input content：123as
2019-10-24 02:53:32,518 - selenium - INFO - Successful positioning of elements.Positioning method and values used：['id', 'password']
2019-10-24 02:53:32,611 - selenium - INFO - Input content：
2019-10-24 02:53:32,635 - selenium - INFO - Successful positioning of elements.Positioning method and values used：['id', 'passwd']
2019-10-24 02:53:32,715 - selenium - INFO - Input content：
2019-10-24 02:53:32,727 - selenium - INFO - Successful positioning of elements.Positioning method and values used：['id', 'rmNum']
2019-10-24 02:53:32,796 - selenium - INFO - Input content：
2019-10-24 02:53:32,820 - selenium - INFO - Successful positioning of elements.Positioning method and values used：['css selector', 'span > input']
2019-10-24 02:53:32,887 - selenium - INFO - Input content：
2019-10-24 02:53:32,899 - selenium - INFO - Successful positioning of elements.Positioning method and values used：['id', 'OK2']
2019-10-24 02:53:32,946 - selenium - INFO - Click on the element success,location method and value used：['id', 'OK2']
2019-10-24 02:53:32,956 - selenium - INFO - Successful positioning of elements.Positioning method and values used：['css selector', '.err > span']
2019-10-24 02:53:32,973 - selenium - INFO - Obtained text：帐号6-10位数字或字母
2019-10-24 02:53:32,985 - selenium - INFO - Assert Verify success：expected outcome:{帐号6-10位数字或字母} == actual results:{帐号6-10位数字或字母}
2019-10-24 02:53:33,329 - selenium - INFO - Screenshot saved successfully!
2019-10-24 02:53:33,330 - selenium - INFO - Successful execution of test cases:注册页面，检测账号字段规则（长度是否不能小于6位）

2019-10-24 02:53:33,330 - selenium - INFO - Executing use test case:注册页面，检测密码字段规则（是否为必填项）
2019-10-24 02:53:33,330 - selenium - INFO - input data:username:Entech9999,password:,passwd:,phone:,code:,suc:0,assert:密码8-20位数字或字母
2019-10-24 02:53:33,341 - selenium - INFO - Successful positioning of elements.Positioning method and values used：['id', 'username']
2019-10-24 02:53:33,447 - selenium - INFO - Input content：Entech9999
2019-10-24 02:53:33,464 - selenium - INFO - Successful positioning of elements.Positioning method and values used：['id', 'password']
2019-10-24 02:53:33,538 - selenium - INFO - Input content：
2019-10-24 02:53:33,555 - selenium - INFO - Successful positioning of elements.Positioning method and values used：['id', 'passwd']
2019-10-24 02:53:33,627 - selenium - INFO - Input content：
2019-10-24 02:53:33,638 - selenium - INFO - Successful positioning of elements.Positioning method and values used：['id', 'rmNum']
2019-10-24 02:53:33,702 - selenium - INFO - Input content：
2019-10-24 02:53:33,715 - selenium - INFO - Successful positioning of elements.Positioning method and values used：['css selector', 'span > input']
2019-10-24 02:53:33,787 - selenium - INFO - Input content：
2019-10-24 02:53:33,801 - selenium - INFO - Successful positioning of elements.Positioning method and values used：['id', 'OK2']
2019-10-24 02:53:33,847 - selenium - INFO - Click on the element success,location method and value used：['id', 'OK2']
2019-10-24 02:53:33,863 - selenium - INFO - Successful positioning of elements.Positioning method and values used：['css selector', '.err > span']
2019-10-24 02:53:33,878 - selenium - INFO - Obtained text：密码8-20位数字或字母
2019-10-24 02:53:33,889 - selenium - INFO - Assert Verify success：expected outcome:{密码8-20位数字或字母} == actual results:{密码8-20位数字或字母}
2019-10-24 02:53:34,224 - selenium - INFO - Screenshot saved successfully!
2019-10-24 02:53:34,224 - selenium - INFO - Successful execution of test cases:注册页面，检测密码字段规则（是否为必填项）

2019-10-24 02:53:34,224 - selenium - INFO - Executing use test case:注册页面，检测验证码字段规则（是否为必填项）
2019-10-24 02:53:34,224 - selenium - INFO - input data:username:Entech9999,password:12345678,passwd:12345678,phone:,code:,suc:0,assert:请输入验证码
2019-10-24 02:53:34,237 - selenium - INFO - Successful positioning of elements.Positioning method and values used：['id', 'username']
2019-10-24 02:53:34,337 - selenium - INFO - Input content：Entech9999
2019-10-24 02:53:34,351 - selenium - INFO - Successful positioning of elements.Positioning method and values used：['id', 'password']
2019-10-24 02:53:34,497 - selenium - INFO - Input content：12345678
2019-10-24 02:53:34,516 - selenium - INFO - Successful positioning of elements.Positioning method and values used：['id', 'passwd']
2019-10-24 02:53:34,618 - selenium - INFO - Input content：12345678
2019-10-24 02:53:34,633 - selenium - INFO - Successful positioning of elements.Positioning method and values used：['id', 'rmNum']
2019-10-24 02:53:34,701 - selenium - INFO - Input content：
2019-10-24 02:53:34,720 - selenium - INFO - Successful positioning of elements.Positioning method and values used：['css selector', 'span > input']
2019-10-24 02:53:34,787 - selenium - INFO - Input content：
2019-10-24 02:53:34,803 - selenium - INFO - Successful positioning of elements.Positioning method and values used：['id', 'OK2']
2019-10-24 02:53:34,853 - selenium - INFO - Click on the element success,location method and value used：['id', 'OK2']
2019-10-24 02:53:34,876 - selenium - INFO - Successful positioning of elements.Positioning method and values used：['css selector', '.err > span']
2019-10-24 02:53:34,892 - selenium - INFO - Obtained text：请输入验证码
2019-10-24 02:53:34,907 - selenium - INFO - Assert Verify success：expected outcome:{请输入验证码} == actual results:{请输入验证码}
2019-10-24 02:53:35,267 - selenium - INFO - Screenshot saved successfully!
2019-10-24 02:53:35,267 - selenium - INFO - Successful execution of test cases:注册页面，检测验证码字段规则（是否为必填项）

2019-10-24 02:53:35,267 - selenium - INFO - Executing use test case:注册页面，检测手机号字段规则（是否为必填项）
2019-10-24 02:53:35,267 - selenium - INFO - input data:username:Entech9999,password:12345678,passwd:12345678,phone:1233,code:,suc:0,assert:请输入手机号
2019-10-24 02:53:35,281 - selenium - INFO - Successful positioning of elements.Positioning method and values used：['id', 'username']
2019-10-24 02:53:35,397 - selenium - INFO - Input content：Entech9999
2019-10-24 02:53:35,411 - selenium - INFO - Successful positioning of elements.Positioning method and values used：['id', 'password']
2019-10-24 02:53:35,553 - selenium - INFO - Input content：12345678
2019-10-24 02:53:35,572 - selenium - INFO - Successful positioning of elements.Positioning method and values used：['id', 'passwd']
2019-10-24 02:53:35,668 - selenium - INFO - Input content：12345678
2019-10-24 02:53:35,682 - selenium - INFO - Successful positioning of elements.Positioning method and values used：['id', 'rmNum']
2019-10-24 02:53:35,772 - selenium - INFO - Input content：1233
2019-10-24 02:53:35,785 - selenium - INFO - Successful positioning of elements.Positioning method and values used：['css selector', 'span > input']
2019-10-24 02:53:35,869 - selenium - INFO - Input content：
2019-10-24 02:53:35,881 - selenium - INFO - Successful positioning of elements.Positioning method and values used：['id', 'OK2']
2019-10-24 02:53:35,930 - selenium - INFO - Click on the element success,location method and value used：['id', 'OK2']
2019-10-24 02:53:35,953 - selenium - INFO - Successful positioning of elements.Positioning method and values used：['css selector', '.err > span']
2019-10-24 02:53:35,976 - selenium - INFO - Obtained text：请输入手机号
2019-10-24 02:53:35,989 - selenium - INFO - Assert Verify success：expected outcome:{请输入手机号} == actual results:{请输入手机号}
2019-10-24 02:53:36,350 - selenium - INFO - Screenshot saved successfully!
2019-10-24 02:53:36,351 - selenium - INFO - Successful execution of test cases:注册页面，检测手机号字段规则（是否为必填项）

2019-10-24 02:53:36,351 - selenium - INFO - Executing use test case:注册页面，检测密码字段规则（最小长度是否为8位）
2019-10-24 02:53:36,351 - selenium - INFO - input data:username:Entech9999,password:12345,passwd:12345,phone:1233,code:11144434443,suc:0,assert:密码 的最小长度为 8 字符
2019-10-24 02:53:36,364 - selenium - INFO - Successful positioning of elements.Positioning method and values used：['id', 'username']
2019-10-24 02:53:36,470 - selenium - INFO - Input content：Entech9999
2019-10-24 02:53:36,483 - selenium - INFO - Successful positioning of elements.Positioning method and values used：['id', 'password']
2019-10-24 02:53:36,568 - selenium - INFO - Input content：12345
2019-10-24 02:53:36,584 - selenium - INFO - Successful positioning of elements.Positioning method and values used：['id', 'passwd']
2019-10-24 02:53:36,702 - selenium - INFO - Input content：12345
2019-10-24 02:53:36,715 - selenium - INFO - Successful positioning of elements.Positioning method and values used：['id', 'rmNum']
2019-10-24 02:53:36,805 - selenium - INFO - Input content：1233
2019-10-24 02:53:36,817 - selenium - INFO - Successful positioning of elements.Positioning method and values used：['css selector', 'span > input']
2019-10-24 02:53:36,921 - selenium - INFO - Input content：11144434443
2019-10-24 02:53:36,934 - selenium - INFO - Successful positioning of elements.Positioning method and values used：['id', 'OK2']
2019-10-24 02:53:36,986 - selenium - INFO - Click on the element success,location method and value used：['id', 'OK2']
2019-10-24 02:53:37,168 - selenium - INFO - Successful positioning of elements.Positioning method and values used：['css selector', '.err > span']
2019-10-24 02:53:37,184 - selenium - INFO - Obtained text：密码 的最小长度为 8 字符
2019-10-24 02:53:37,197 - selenium - INFO - Assert Verify success：expected outcome:{密码的最小长度为8字符} == actual results:{密码的最小长度为8字符}
2019-10-24 02:53:37,541 - selenium - INFO - Screenshot saved successfully!
2019-10-24 02:53:37,542 - selenium - INFO - Successful execution of test cases:注册页面，检测密码字段规则（最小长度是否为8位）

2019-10-24 02:53:37,542 - selenium - INFO - Executing use test case:注册页面，检测密码字段规则（最小长度是否为8位）
2019-10-24 02:53:37,542 - selenium - INFO - input data:username:Entech9999,password:1234,passwd:1234,phone:1233,code:11144434443,suc:0,assert:密码8-20位数字或字母
2019-10-24 02:53:37,560 - selenium - INFO - Successful positioning of elements.Positioning method and values used：['id', 'username']
2019-10-24 02:53:37,671 - selenium - INFO - Input content：Entech9999
2019-10-24 02:53:37,682 - selenium - INFO - Successful positioning of elements.Positioning method and values used：['id', 'password']
2019-10-24 02:53:37,779 - selenium - INFO - Input content：1234
2019-10-24 02:53:37,801 - selenium - INFO - Successful positioning of elements.Positioning method and values used：['id', 'passwd']
2019-10-24 02:53:37,912 - selenium - INFO - Input content：1234
2019-10-24 02:53:37,929 - selenium - INFO - Successful positioning of elements.Positioning method and values used：['id', 'rmNum']
2019-10-24 02:53:38,053 - selenium - INFO - Input content：1233
2019-10-24 02:53:38,065 - selenium - INFO - Successful positioning of elements.Positioning method and values used：['css selector', 'span > input']
2019-10-24 02:53:38,177 - selenium - INFO - Input content：11144434443
2019-10-24 02:53:38,188 - selenium - INFO - Successful positioning of elements.Positioning method and values used：['id', 'OK2']
2019-10-24 02:53:38,229 - selenium - INFO - Click on the element success,location method and value used：['id', 'OK2']
2019-10-24 02:53:38,246 - selenium - INFO - Successful positioning of elements.Positioning method and values used：['css selector', '.err > span']
2019-10-24 02:53:38,268 - selenium - INFO - Obtained text：密码8-20位数字或字母
2019-10-24 02:53:38,282 - selenium - INFO - Assert Verify success：expected outcome:{密码8-20位数字或字母} == actual results:{密码8-20位数字或字母}
2019-10-24 02:53:38,637 - selenium - INFO - Screenshot saved successfully!
2019-10-24 02:53:38,637 - selenium - INFO - Successful execution of test cases:注册页面，检测密码字段规则（最小长度是否为8位）

2019-10-24 02:53:38,637 - selenium - INFO - Executing use test case:注册页面，检测手机号字段规则（手机格式）
2019-10-24 02:53:38,637 - selenium - INFO - input data:username:Entech9999,password:12345678,passwd:12345678,phone:1233,code:11144434443,suc:0,assert:请填写正确的手机号码.
2019-10-24 02:53:38,652 - selenium - INFO - Successful positioning of elements.Positioning method and values used：['id', 'username']
2019-10-24 02:53:38,781 - selenium - INFO - Input content：Entech9999
2019-10-24 02:53:38,796 - selenium - INFO - Successful positioning of elements.Positioning method and values used：['id', 'password']
2019-10-24 02:53:38,939 - selenium - INFO - Input content：12345678
2019-10-24 02:53:38,951 - selenium - INFO - Successful positioning of elements.Positioning method and values used：['id', 'passwd']
2019-10-24 02:53:39,044 - selenium - INFO - Input content：12345678
2019-10-24 02:53:39,060 - selenium - INFO - Successful positioning of elements.Positioning method and values used：['id', 'rmNum']
2019-10-24 02:53:39,135 - selenium - INFO - Input content：1233
2019-10-24 02:53:39,150 - selenium - INFO - Successful positioning of elements.Positioning method and values used：['css selector', 'span > input']
2019-10-24 02:53:39,253 - selenium - INFO - Input content：11144434443
2019-10-24 02:53:39,270 - selenium - INFO - Successful positioning of elements.Positioning method and values used：['id', 'OK2']
2019-10-24 02:53:39,324 - selenium - INFO - Click on the element success,location method and value used：['id', 'OK2']
2019-10-24 02:53:39,503 - selenium - INFO - Successful positioning of elements.Positioning method and values used：['css selector', '.err > span']
2019-10-24 02:53:39,520 - selenium - INFO - Obtained text：请填写正确的手机号码.
2019-10-24 02:53:39,537 - selenium - INFO - Assert Verify success：expected outcome:{请填写正确的手机号码.} == actual results:{请填写正确的手机号码.}
2019-10-24 02:53:39,870 - selenium - INFO - Screenshot saved successfully!
2019-10-24 02:53:39,870 - selenium - INFO - Successful execution of test cases:注册页面，检测手机号字段规则（手机格式）

2019-10-24 02:53:39,870 - selenium - INFO - Executing use test case:注册页面，检测密码字段规则（是否区分密码字母大小写）
2019-10-24 02:53:39,870 - selenium - INFO - input data:username:Entech9999,password:1234567a,passwd:1234567A,phone:1233,code:13944434443,suc:0,assert:两次密码不一致
2019-10-24 02:53:39,885 - selenium - INFO - Successful positioning of elements.Positioning method and values used：['id', 'username']
2019-10-24 02:53:40,004 - selenium - INFO - Input content：Entech9999
2019-10-24 02:53:40,019 - selenium - INFO - Successful positioning of elements.Positioning method and values used：['id', 'password']
2019-10-24 02:53:40,188 - selenium - INFO - Input content：1234567a
2019-10-24 02:53:40,217 - selenium - INFO - Successful positioning of elements.Positioning method and values used：['id', 'passwd']
2019-10-24 02:53:40,315 - selenium - INFO - Input content：1234567A
2019-10-24 02:53:40,329 - selenium - INFO - Successful positioning of elements.Positioning method and values used：['id', 'rmNum']
2019-10-24 02:53:40,420 - selenium - INFO - Input content：1233
2019-10-24 02:53:40,433 - selenium - INFO - Successful positioning of elements.Positioning method and values used：['css selector', 'span > input']
2019-10-24 02:53:40,536 - selenium - INFO - Input content：13944434443
2019-10-24 02:53:40,549 - selenium - INFO - Successful positioning of elements.Positioning method and values used：['id', 'OK2']
2019-10-24 02:53:40,595 - selenium - INFO - Click on the element success,location method and value used：['id', 'OK2']
2019-10-24 02:53:40,605 - selenium - INFO - Successful positioning of elements.Positioning method and values used：['css selector', '.err > span']
2019-10-24 02:53:40,631 - selenium - INFO - Obtained text：两次密码不一致
2019-10-24 02:53:40,648 - selenium - INFO - Assert Verify success：expected outcome:{两次密码不一致} == actual results:{两次密码不一致}
2019-10-24 02:53:40,982 - selenium - INFO - Screenshot saved successfully!
2019-10-24 02:53:40,982 - selenium - INFO - Successful execution of test cases:注册页面，检测密码字段规则（是否区分密码字母大小写）

2019-10-24 02:53:40,982 - selenium - INFO - Executing use test case:注册页面，检测是否能阻止重复注册
2019-10-24 02:53:40,982 - selenium - INFO - input data:username:enintech0,password:987456123,passwd:987456123,phone:1233,code:13944434443,suc:0,assert:帐号已存在
2019-10-24 02:53:40,997 - selenium - INFO - Successful positioning of elements.Positioning method and values used：['id', 'username']
2019-10-24 02:53:41,119 - selenium - INFO - Input content：enintech0
2019-10-24 02:53:41,132 - selenium - INFO - Successful positioning of elements.Positioning method and values used：['id', 'password']
2019-10-24 02:53:41,281 - selenium - INFO - Input content：987456123
2019-10-24 02:53:41,294 - selenium - INFO - Successful positioning of elements.Positioning method and values used：['id', 'passwd']
2019-10-24 02:53:41,388 - selenium - INFO - Input content：987456123
2019-10-24 02:53:41,401 - selenium - INFO - Successful positioning of elements.Positioning method and values used：['id', 'rmNum']
2019-10-24 02:53:41,531 - selenium - INFO - Input content：1233
2019-10-24 02:53:41,550 - selenium - INFO - Successful positioning of elements.Positioning method and values used：['css selector', 'span > input']
2019-10-24 02:53:41,661 - selenium - INFO - Input content：13944434443
2019-10-24 02:53:41,679 - selenium - INFO - Successful positioning of elements.Positioning method and values used：['id', 'OK2']
2019-10-24 02:53:41,714 - selenium - INFO - Click on the element success,location method and value used：['id', 'OK2']
2019-10-24 02:53:42,112 - selenium - INFO - Successful positioning of elements.Positioning method and values used：['css selector', '.err > span']
2019-10-24 02:53:42,127 - selenium - INFO - Obtained text：帐号已存在
2019-10-24 02:53:42,143 - selenium - INFO - Assert Verify success：expected outcome:{帐号已存在} == actual results:{帐号已存在}
2019-10-24 02:53:42,512 - selenium - INFO - Screenshot saved successfully!
2019-10-24 02:53:42,513 - selenium - INFO - Successful execution of test cases:注册页面，检测是否能阻止重复注册

2019-10-24 02:53:42,513 - selenium - INFO - Executing use test case:注册页面，检测验证码字段规则（错误验证码是否阻止注册）
2019-10-24 02:53:42,513 - selenium - INFO - input data:username:Entech9999,password:1234567a,passwd:1234567a,phone:1111,code:13944434443,suc:0,assert:验证码错误
2019-10-24 02:53:42,529 - selenium - INFO - Successful positioning of elements.Positioning method and values used：['id', 'username']
2019-10-24 02:53:42,650 - selenium - INFO - Input content：Entech9999
2019-10-24 02:53:42,664 - selenium - INFO - Successful positioning of elements.Positioning method and values used：['id', 'password']
2019-10-24 02:53:42,783 - selenium - INFO - Input content：1234567a
2019-10-24 02:53:42,802 - selenium - INFO - Successful positioning of elements.Positioning method and values used：['id', 'passwd']
2019-10-24 02:53:42,910 - selenium - INFO - Input content：1234567a
2019-10-24 02:53:42,921 - selenium - INFO - Successful positioning of elements.Positioning method and values used：['id', 'rmNum']
2019-10-24 02:53:43,002 - selenium - INFO - Input content：1111
2019-10-24 02:53:43,014 - selenium - INFO - Successful positioning of elements.Positioning method and values used：['css selector', 'span > input']
2019-10-24 02:53:43,126 - selenium - INFO - Input content：13944434443
2019-10-24 02:53:43,137 - selenium - INFO - Successful positioning of elements.Positioning method and values used：['id', 'OK2']
2019-10-24 02:53:43,182 - selenium - INFO - Click on the element success,location method and value used：['id', 'OK2']
2019-10-24 02:53:43,379 - selenium - INFO - Successful positioning of elements.Positioning method and values used：['css selector', '.err > span']
2019-10-24 02:53:43,395 - selenium - INFO - Obtained text：验证码错误
2019-10-24 02:53:43,406 - selenium - INFO - Assert Verify success：expected outcome:{验证码错误} == actual results:{验证码错误}
2019-10-24 02:53:43,759 - selenium - INFO - Screenshot saved successfully!
2019-10-24 02:53:43,759 - selenium - INFO - Successful execution of test cases:注册页面，检测验证码字段规则（错误验证码是否阻止注册）

2019-10-24 02:53:43,759 - selenium - INFO - Executing use test case:检测是否能够成功注册账号
2019-10-24 02:53:43,775 - selenium - INFO - Successful positioning of elements.Positioning method and values used：['id', 'username']
2019-10-24 02:53:43,898 - selenium - INFO - Input content：enintech28
2019-10-24 02:53:43,916 - selenium - INFO - Successful positioning of elements.Positioning method and values used：['id', 'password']
2019-10-24 02:53:44,039 - selenium - INFO - Input content：12345678
2019-10-24 02:53:44,056 - selenium - INFO - Successful positioning of elements.Positioning method and values used：['id', 'passwd']
2019-10-24 02:53:44,146 - selenium - INFO - Input content：12345678
2019-10-24 02:53:44,163 - selenium - INFO - Successful positioning of elements.Positioning method and values used：['css selector', 'span > input']
2019-10-24 02:53:44,283 - selenium - INFO - Input content：13988889999
2019-10-24 02:53:48,728 - selenium - INFO - Forced wait 2 second
2019-10-24 02:53:48,739 - selenium - INFO - Successful positioning of elements.Positioning method and values used：['id', 'rmNum']
2019-10-24 02:53:48,832 - selenium - INFO - Input content：6048
2019-10-24 02:53:48,849 - selenium - INFO - Successful positioning of elements.Positioning method and values used：['id', 'OK2']
2019-10-24 02:53:48,900 - selenium - INFO - Click on the element success,location method and value used：['id', 'OK2']
2019-10-24 02:53:50,903 - selenium - INFO - Forced wait 2 second
2019-10-24 02:53:50,916 - selenium - INFO - Successful positioning of elements.Positioning method and values used：['css selector', '.err > span']
2019-10-24 02:53:50,950 - selenium - INFO - Successful positioning of elements.Positioning method and values used：['css selector', '.err > span']
2019-10-24 02:53:50,966 - selenium - INFO - Obtained text：帐号已存在
2019-10-24 02:53:50,995 - selenium - INFO - Successful positioning of elements.Positioning method and values used：['css selector', '.err > span']
2019-10-24 02:53:51,005 - selenium - INFO - Obtained text：帐号已存在
2019-10-24 02:53:51,032 - selenium - INFO - Successful positioning of elements.Positioning method and values used：['css selector', '.err > span']
2019-10-24 02:53:51,045 - selenium - INFO - Obtained text：帐号已存在
2019-10-24 02:53:52,057 - selenium - INFO - Forced wait 1 second
2019-10-24 02:53:54,353 - selenium - INFO - Forced wait 2 second
2019-10-24 02:53:54,368 - selenium - INFO - Successful positioning of elements.Positioning method and values used：['id', 'username']
2019-10-24 02:53:54,472 - selenium - INFO - Input content：enintech29
2019-10-24 02:53:56,474 - selenium - INFO - Forced wait 2 second
2019-10-24 02:53:56,488 - selenium - INFO - Successful positioning of elements.Positioning method and values used：['css selector', '.checkLoginCodeImage']
2019-10-24 02:53:56,553 - selenium - INFO - Click on the element success,location method and value used：['css selector', '.checkLoginCodeImage']
2019-10-24 02:53:58,555 - selenium - INFO - Forced wait 2 second
2019-10-24 02:54:02,395 - selenium - INFO - Forced wait 2 second
2019-10-24 02:54:02,411 - selenium - INFO - Successful positioning of elements.Positioning method and values used：['id', 'rmNum']
2019-10-24 02:54:02,528 - selenium - INFO - Input content：177
2019-10-24 02:54:02,545 - selenium - INFO - Successful positioning of elements.Positioning method and values used：['id', 'OK2']
2019-10-24 02:54:02,597 - selenium - INFO - Click on the element success,location method and value used：['id', 'OK2']
2019-10-24 02:54:04,599 - selenium - INFO - Forced wait 2 second
2019-10-24 02:54:05,600 - selenium - INFO - Forced wait 1 second
2019-10-24 02:54:07,922 - selenium - INFO - Forced wait 2 second
2019-10-24 02:54:07,946 - selenium - INFO - Successful positioning of elements.Positioning method and values used：['id', 'username']
2019-10-24 02:54:08,082 - selenium - INFO - Input content：enintech30
2019-10-24 02:54:10,084 - selenium - INFO - Forced wait 2 second
2019-10-24 02:54:10,099 - selenium - INFO - Successful positioning of elements.Positioning method and values used：['css selector', '.checkLoginCodeImage']
2019-10-24 02:54:10,146 - selenium - INFO - Click on the element success,location method and value used：['css selector', '.checkLoginCodeImage']
2019-10-24 02:54:12,148 - selenium - INFO - Forced wait 2 second
2019-10-24 02:54:14,882 - selenium - INFO - Forced wait 2 second
2019-10-24 02:54:14,895 - selenium - INFO - Successful positioning of elements.Positioning method and values used：['id', 'rmNum']
2019-10-24 02:54:14,982 - selenium - INFO - Input content：235
2019-10-24 02:54:14,995 - selenium - INFO - Successful positioning of elements.Positioning method and values used：['id', 'OK2']
2019-10-24 02:54:15,046 - selenium - INFO - Click on the element success,location method and value used：['id', 'OK2']
2019-10-24 02:54:17,048 - selenium - INFO - Forced wait 2 second
2019-10-24 02:54:18,049 - selenium - INFO - Forced wait 1 second
2019-10-24 02:54:20,346 - selenium - INFO - Forced wait 2 second
2019-10-24 02:54:20,361 - selenium - INFO - Successful positioning of elements.Positioning method and values used：['id', 'username']
2019-10-24 02:54:20,484 - selenium - INFO - Input content：enintech31
2019-10-24 02:54:22,486 - selenium - INFO - Forced wait 2 second
2019-10-24 02:54:22,500 - selenium - INFO - Successful positioning of elements.Positioning method and values used：['css selector', '.checkLoginCodeImage']
2019-10-24 02:54:22,551 - selenium - INFO - Click on the element success,location method and value used：['css selector', '.checkLoginCodeImage']
2019-10-24 02:54:24,552 - selenium - INFO - Forced wait 2 second
2019-10-24 02:54:28,888 - selenium - INFO - Forced wait 2 second
2019-10-24 02:54:28,901 - selenium - INFO - Successful positioning of elements.Positioning method and values used：['id', 'rmNum']
2019-10-24 02:54:28,987 - selenium - INFO - Input content：8728
2019-10-24 02:54:28,999 - selenium - INFO - Successful positioning of elements.Positioning method and values used：['id', 'OK2']
2019-10-24 02:54:29,046 - selenium - INFO - Click on the element success,location method and value used：['id', 'OK2']
2019-10-24 02:54:31,048 - selenium - INFO - Forced wait 2 second
2019-10-24 02:54:32,049 - selenium - INFO - Forced wait 1 second
2019-10-24 02:54:34,345 - selenium - INFO - Forced wait 2 second
2019-10-24 02:54:45,791 - selenium - INFO - 在section：environment下读取browser的值
2019-10-24 02:54:45,792 - selenium - INFO - Read browser configuration, value：chrome
2019-10-24 02:54:45,792 - selenium - INFO - 在section：environment下读取url的值
2019-10-24 02:54:45,792 - selenium - INFO - Read url configuration, value：http://blr.9161252.com
2019-10-24 02:54:47,677 - selenium - INFO - Visit website：http://blr.9161252.com
2019-10-24 02:54:47,787 - selenium - INFO - Browser maximization
2019-10-24 02:54:47,795 - selenium - INFO - Set static wait time 10 seconds
2019-10-24 02:54:47,795 - selenium - INFO - Executing test cases：新注册会员，验证系统消息是否正确
2019-10-24 02:54:49,088 - selenium - INFO - Successful positioning of elements.Positioning method and values used：['css selector', '.close']
2019-10-24 02:54:49,139 - selenium - INFO - Successful positioning of elements.Positioning method and values used：['css selector', '.close']
2019-10-24 02:54:49,286 - selenium - INFO - Click on the element success,location method and value used：['css selector', '.close']
2019-10-24 02:54:49,395 - selenium - INFO - Successful positioning of elements.Positioning method and values used：['css selector', '.input-bg:nth-child(1)']
2019-10-24 02:54:49,566 - selenium - INFO - Input content：enintech31
2019-10-24 02:54:49,596 - selenium - INFO - Successful positioning of elements.Positioning method and values used：['id', 'txtFacade']
2019-10-24 02:54:49,700 - selenium - INFO - Input content：12345678
