2019-10-24 07:23:22,770 - selenium - INFO - 在section：environment下读取browser的值
2019-10-24 07:23:22,771 - selenium - INFO - Read browser configuration, value：chrome
2019-10-24 07:23:22,771 - selenium - INFO - 在section：environment下读取url的值
2019-10-24 07:23:22,771 - selenium - INFO - Read url configuration, value：http://blr.9161252.com/#/home
2019-10-24 07:23:24,985 - selenium - INFO - Visit website：http://blr.9161252.com/#/home
2019-10-24 07:23:25,106 - selenium - INFO - Browser maximization
2019-10-24 07:23:25,123 - selenium - INFO - Set static wait time 10 seconds
2019-10-24 07:23:26,175 - selenium - INFO - Successful positioning of elements.Positioning method and values used：['css selector', '.close']
2019-10-24 07:23:26,443 - selenium - INFO - Successful positioning of elements.Positioning method and values used：['css selector', '.close']
2019-10-24 07:23:26,720 - selenium - INFO - Click on the element success,location method and value used：['css selector', '.close']
2019-10-24 07:23:26,721 - selenium - INFO - Executing use test case:登录测试用例，检测账号字段是否为必填项
2019-10-24 07:23:26,721 - selenium - INFO - input data:name:,pwd:,suc:0,assert:请输入账号
2019-10-24 07:23:26,846 - selenium - INFO - Successful positioning of elements.Positioning method and values used：['css selector', '.input-bg:nth-child(1)']
2019-10-24 07:23:27,055 - selenium - INFO - Input content：
2019-10-24 07:23:27,124 - selenium - INFO - Successful positioning of elements.Positioning method and values used：['id', 'txtFacade']
2019-10-24 07:23:27,353 - selenium - INFO - Input content：
2019-10-24 07:23:27,386 - selenium - INFO - Successful positioning of elements.Positioning method and values used：['css selector', '.loginBtn']
2019-10-24 07:23:27,657 - selenium - INFO - Click on the element success,location method and value used：['css selector', '.loginBtn']
2019-10-24 07:23:27,715 - selenium - INFO - Successful positioning of elements.Positioning method and values used：['css selector', '.ivu-icon-ios-close-empty']
2019-10-24 07:23:27,888 - selenium - INFO - Click on the element success,location method and value used：['css selector', '.ivu-icon-ios-close-empty']
2019-10-24 07:23:27,935 - selenium - INFO - Successful positioning of elements.Positioning method and values used：['css selector', '.ivu-icon-ios-close-empty']
2019-10-24 07:23:27,988 - selenium - INFO - Obtained text：
2019-10-24 07:23:29,271 - selenium - ERROR - Failure of test case execution! Reason: '请输入账号' not found in ''

2019-10-24 07:23:29,278 - selenium - INFO - Executing use test case:登录测试用例，检测密码字段是否为必填项
2019-10-24 07:23:29,278 - selenium - INFO - input data:name:liwanlei,pwd:,suc:0,assert:请输入密码
2019-10-24 07:23:29,356 - selenium - INFO - Successful positioning of elements.Positioning method and values used：['css selector', '.input-bg:nth-child(1)']
2019-10-24 07:23:29,625 - selenium - INFO - Input content：liwanlei
2019-10-24 07:23:29,652 - selenium - INFO - Successful positioning of elements.Positioning method and values used：['id', 'txtFacade']
2019-10-24 07:23:29,797 - selenium - INFO - Input content：
2019-10-24 07:23:29,874 - selenium - INFO - Successful positioning of elements.Positioning method and values used：['css selector', '.loginBtn']
2019-10-24 07:23:30,017 - selenium - INFO - Click on the element success,location method and value used：['css selector', '.loginBtn']
2019-10-24 07:23:30,070 - selenium - INFO - Successful positioning of elements.Positioning method and values used：['css selector', '.ivu-icon-ios-close-empty']
2019-10-24 07:23:30,275 - selenium - INFO - Click on the element success,location method and value used：['css selector', '.ivu-icon-ios-close-empty']
2019-10-24 07:23:30,313 - selenium - INFO - Successful positioning of elements.Positioning method and values used：['css selector', '.ivu-icon-ios-close-empty']
2019-10-24 07:23:30,362 - selenium - INFO - Obtained text：
2019-10-24 07:23:31,230 - selenium - ERROR - Failure of test case execution! Reason: '请输入密码' not found in ''

2019-10-24 07:23:31,231 - selenium - INFO - Executing use test case:登录测试用例，检测已存在的账号和错误的密码，是否能阻止登录，提示信息是否准确
2019-10-24 07:23:31,231 - selenium - INFO - input data:name:yusheng,pwd:liwanlei11,suc:0,assert:帐号或密码错误
2019-10-24 07:23:31,286 - selenium - INFO - Successful positioning of elements.Positioning method and values used：['css selector', '.input-bg:nth-child(1)']
2019-10-24 07:23:31,537 - selenium - INFO - Input content：yusheng
2019-10-24 07:23:31,568 - selenium - INFO - Successful positioning of elements.Positioning method and values used：['id', 'txtFacade']
2019-10-24 07:23:31,998 - selenium - INFO - Input content：liwanlei11
2019-10-24 07:23:32,079 - selenium - INFO - Successful positioning of elements.Positioning method and values used：['css selector', '.loginBtn']
2019-10-24 07:23:32,321 - selenium - INFO - Click on the element success,location method and value used：['css selector', '.loginBtn']
2019-10-24 07:23:32,348 - selenium - INFO - Successful positioning of elements.Positioning method and values used：['css selector', '.ivu-icon-ios-close-empty']
2019-10-24 07:23:32,678 - selenium - INFO - Click on the element success,location method and value used：['css selector', '.ivu-icon-ios-close-empty']
2019-10-24 07:23:32,703 - selenium - INFO - Successful positioning of elements.Positioning method and values used：['css selector', '.ivu-icon-ios-close-empty']
2019-10-24 07:23:32,754 - selenium - INFO - Obtained text：
2019-10-24 07:23:33,563 - selenium - ERROR - Failure of test case execution! Reason: '帐号或密码错误' not found in ''

2019-10-24 07:23:33,563 - selenium - INFO - Executing use test case:登录测试用例，检测未存在的账号和错误的密码，是否能阻止登录，提示信息是否准确（纯字母）
2019-10-24 07:23:33,564 - selenium - INFO - input data:name:liwanlei,pwd:liwanlei,suc:0,assert:账号不存在
2019-10-24 07:23:33,649 - selenium - INFO - Successful positioning of elements.Positioning method and values used：['css selector', '.input-bg:nth-child(1)']
2019-10-24 07:23:33,952 - selenium - INFO - Input content：liwanlei
2019-10-24 07:23:33,986 - selenium - INFO - Successful positioning of elements.Positioning method and values used：['id', 'txtFacade']
2019-10-24 07:23:34,319 - selenium - INFO - Input content：liwanlei
2019-10-24 07:23:34,346 - selenium - INFO - Successful positioning of elements.Positioning method and values used：['css selector', '.loginBtn']
2019-10-24 07:23:34,520 - selenium - INFO - Click on the element success,location method and value used：['css selector', '.loginBtn']
2019-10-24 07:23:34,597 - selenium - INFO - Successful positioning of elements.Positioning method and values used：['css selector', '.ivu-icon-ios-close-empty']
2019-10-24 07:23:34,764 - selenium - INFO - Click on the element success,location method and value used：['css selector', '.ivu-icon-ios-close-empty']
2019-10-24 07:23:34,801 - selenium - INFO - Successful positioning of elements.Positioning method and values used：['css selector', '.ivu-icon-ios-close-empty']
2019-10-24 07:23:34,855 - selenium - INFO - Obtained text：
2019-10-24 07:23:35,630 - selenium - ERROR - Failure of test case execution! Reason: '账号不存在' not found in ''

2019-10-24 07:23:35,631 - selenium - INFO - Executing use test case:登录测试用例，检测未存在的账号和错误的密码，是否能阻止登录，提示信息是否准确（字母\数字\特殊字符组合）
2019-10-24 07:23:35,631 - selenium - INFO - input data:name:###@*&_,pwd:liwanlei,suc:0,assert:用户名 必须全部由字母、数字、中划线或下划线字符构成
2019-10-24 07:23:35,675 - selenium - INFO - Successful positioning of elements.Positioning method and values used：['css selector', '.input-bg:nth-child(1)']
2019-10-24 07:23:36,071 - selenium - INFO - Input content：###@*&_
2019-10-24 07:23:36,088 - selenium - INFO - Successful positioning of elements.Positioning method and values used：['id', 'txtFacade']
2019-10-24 07:23:36,413 - selenium - INFO - Input content：liwanlei
2019-10-24 07:23:36,434 - selenium - INFO - Successful positioning of elements.Positioning method and values used：['css selector', '.loginBtn']
2019-10-24 07:23:36,663 - selenium - INFO - Click on the element success,location method and value used：['css selector', '.loginBtn']
2019-10-24 07:23:36,680 - selenium - INFO - Successful positioning of elements.Positioning method and values used：['css selector', '.ivu-icon-ios-close-empty']
2019-10-24 07:23:36,980 - selenium - INFO - Click on the element success,location method and value used：['css selector', '.ivu-icon-ios-close-empty']
2019-10-24 07:23:37,055 - selenium - INFO - Successful positioning of elements.Positioning method and values used：['css selector', '.ivu-icon-ios-close-empty']
2019-10-24 07:23:37,112 - selenium - INFO - Obtained text：
2019-10-24 07:23:38,037 - selenium - ERROR - Failure of test case execution! Reason: '用户名 必须全部由字母、数字、中划线或下划线字符构成' not found in ''

2019-10-24 07:23:38,046 - selenium - INFO - Executing use test case:登录测试用例，检测账号字段长度不否符合规则，是否能阻止登录，提示信息是否准确（长度1）
2019-10-24 07:23:38,046 - selenium - INFO - input data:name:y,pwd:liwanlei,suc:0,assert:请输入6-10位数字或字母组成的帐号
2019-10-24 07:23:38,114 - selenium - INFO - Successful positioning of elements.Positioning method and values used：['css selector', '.input-bg:nth-child(1)']
2019-10-24 07:23:38,443 - selenium - INFO - Input content：y
2019-10-24 07:23:38,488 - selenium - INFO - Successful positioning of elements.Positioning method and values used：['id', 'txtFacade']
2019-10-24 07:23:38,783 - selenium - INFO - Input content：liwanlei
2019-10-24 07:23:38,853 - selenium - INFO - Successful positioning of elements.Positioning method and values used：['css selector', '.loginBtn']
2019-10-24 07:23:39,081 - selenium - INFO - Click on the element success,location method and value used：['css selector', '.loginBtn']
2019-10-24 07:23:39,115 - selenium - INFO - Successful positioning of elements.Positioning method and values used：['css selector', '.ivu-icon-ios-close-empty']
2019-10-24 07:23:39,373 - selenium - INFO - Click on the element success,location method and value used：['css selector', '.ivu-icon-ios-close-empty']
2019-10-24 07:23:39,471 - selenium - INFO - Successful positioning of elements.Positioning method and values used：['css selector', '.ivu-icon-ios-close-empty']
2019-10-24 07:23:39,496 - selenium - INFO - Obtained text：
2019-10-24 07:23:40,254 - selenium - ERROR - Failure of test case execution! Reason: '请输入6-10位数字或字母组成的帐号' not found in ''

2019-10-24 07:23:40,255 - selenium - INFO - Executing use test case:登录测试用例，检测账号字段长度是否符合规则，是否能阻止登录，提示信息是否准确（长度5）
2019-10-24 07:23:40,255 - selenium - INFO - input data:name:enint,pwd:liwanlei,suc:0,assert:请输入6-10位数字或字母组成的帐号
2019-10-24 07:23:40,300 - selenium - INFO - Successful positioning of elements.Positioning method and values used：['css selector', '.input-bg:nth-child(1)']
2019-10-24 07:23:40,549 - selenium - INFO - Input content：enint
2019-10-24 07:23:40,615 - selenium - INFO - Successful positioning of elements.Positioning method and values used：['id', 'txtFacade']
2019-10-24 07:23:41,138 - selenium - INFO - Input content：liwanlei
2019-10-24 07:23:41,154 - selenium - INFO - Successful positioning of elements.Positioning method and values used：['css selector', '.loginBtn']
2019-10-24 07:23:41,431 - selenium - INFO - Click on the element success,location method and value used：['css selector', '.loginBtn']
2019-10-24 07:23:41,478 - selenium - INFO - Successful positioning of elements.Positioning method and values used：['css selector', '.ivu-icon-ios-close-empty']
2019-10-24 07:23:41,695 - selenium - INFO - Click on the element success,location method and value used：['css selector', '.ivu-icon-ios-close-empty']
2019-10-24 07:23:41,770 - selenium - INFO - Successful positioning of elements.Positioning method and values used：['css selector', '.ivu-icon-ios-close-empty']
2019-10-24 07:23:41,871 - selenium - INFO - Obtained text：
2019-10-24 07:23:42,490 - selenium - ERROR - Failure of test case execution! Reason: '请输入6-10位数字或字母组成的帐号' not found in ''

2019-10-24 07:23:42,490 - selenium - INFO - Executing use test case:登录测试用例，检测账号字段长度是否符合规则，是否能阻止登录，提示信息是否准确（长度11）
2019-10-24 07:23:42,490 - selenium - INFO - input data:name:enint678911,pwd:liwanlei,suc:0,assert:请输入6-10位数字或字母组成的帐号
2019-10-24 07:23:42,543 - selenium - INFO - Successful positioning of elements.Positioning method and values used：['css selector', '.input-bg:nth-child(1)']
2019-10-24 07:23:42,741 - selenium - INFO - Input content：enint678911
2019-10-24 07:23:42,798 - selenium - INFO - Successful positioning of elements.Positioning method and values used：['id', 'txtFacade']
2019-10-24 07:23:43,388 - selenium - INFO - Input content：liwanlei
2019-10-24 07:23:43,412 - selenium - INFO - Successful positioning of elements.Positioning method and values used：['css selector', '.loginBtn']
2019-10-24 07:23:43,647 - selenium - INFO - Click on the element success,location method and value used：['css selector', '.loginBtn']
2019-10-24 07:23:43,694 - selenium - INFO - Successful positioning of elements.Positioning method and values used：['css selector', '.ivu-icon-ios-close-empty']
2019-10-24 07:23:43,883 - selenium - INFO - Click on the element success,location method and value used：['css selector', '.ivu-icon-ios-close-empty']
2019-10-24 07:23:43,957 - selenium - INFO - Successful positioning of elements.Positioning method and values used：['css selector', '.ivu-icon-ios-close-empty']
2019-10-24 07:23:44,017 - selenium - INFO - Obtained text：
2019-10-24 07:23:44,664 - selenium - ERROR - Failure of test case execution! Reason: '请输入6-10位数字或字母组成的帐号' not found in ''

2019-10-24 07:23:44,722 - selenium - INFO - 在section：environment下读取browser的值
2019-10-24 07:23:44,722 - selenium - INFO - Read browser configuration, value：chrome
2019-10-24 07:23:44,722 - selenium - INFO - 在section：environment下读取url的值
2019-10-24 07:23:44,722 - selenium - INFO - Read url configuration, value：http://blr.9161252.com/#/home
2019-10-24 07:23:46,183 - selenium - INFO - Visit website：http://blr.9161252.com/#/home
2019-10-24 07:23:46,313 - selenium - INFO - Browser maximization
2019-10-24 07:23:46,321 - selenium - INFO - Set static wait time 10 seconds
2019-10-24 07:23:46,321 - selenium - INFO - Executing test cases：新注册会员，登录情况下，访问投注记录
2019-10-24 07:23:47,277 - selenium - INFO - Successful positioning of elements.Positioning method and values used：['css selector', '.close']
2019-10-24 07:23:47,366 - selenium - INFO - Successful positioning of elements.Positioning method and values used：['css selector', '.close']
2019-10-24 07:23:47,552 - selenium - INFO - Click on the element success,location method and value used：['css selector', '.close']
2019-10-24 07:23:47,682 - selenium - INFO - Successful positioning of elements.Positioning method and values used：['css selector', '.input-bg:nth-child(1)']
2019-10-24 07:23:48,215 - selenium - INFO - Input content：enintech42
2019-10-24 07:23:48,240 - selenium - INFO - Successful positioning of elements.Positioning method and values used：['id', 'txtFacade']
2019-10-24 07:23:48,485 - selenium - INFO - Input content：12345678
