2019-10-24 02:41:05,948 - selenium - INFO - 在section：environment下读取browser的值
2019-10-24 02:41:05,948 - selenium - INFO - Read browser configuration, value：chrome
2019-10-24 02:41:05,948 - selenium - INFO - 在section：environment下读取url的值
2019-10-24 02:41:05,948 - selenium - INFO - Read url configuration, value：http://blr.9161252.com
2019-10-24 02:41:07,329 - selenium - INFO - Visit website：http://blr.9161252.com
2019-10-24 02:41:07,452 - selenium - INFO - Browser maximization
2019-10-24 02:41:07,462 - selenium - INFO - Set static wait time 10 seconds
2019-10-24 02:41:07,462 - selenium - INFO - Executing use test case:
2019-10-24 02:41:08,212 - selenium - INFO - Successful positioning of elements.Positioning method and values used：['css selector', '.close']
2019-10-24 02:41:08,279 - selenium - INFO - Successful positioning of elements.Positioning method and values used：['css selector', '.close']
2019-10-24 02:41:08,473 - selenium - INFO - Click on the element success,location method and value used：['css selector', '.close']
2019-10-24 02:41:08,515 - selenium - INFO - Successful positioning of elements.Positioning method and values used：['css selector', '.regBtn']
2019-10-24 02:41:08,582 - selenium - INFO - Click on the element success,location method and value used：['css selector', '.regBtn']
2019-10-24 02:41:09,295 - selenium - INFO - Successful positioning of elements.Positioning method and values used：['id', 'username']
2019-10-24 02:41:09,446 - selenium - INFO - Input content：enintech0
2019-10-24 02:41:09,469 - selenium - INFO - Successful positioning of elements.Positioning method and values used：['id', 'password']
2019-10-24 02:41:10,016 - selenium - INFO - Input content：12345678
2019-10-24 02:41:10,069 - selenium - INFO - Successful positioning of elements.Positioning method and values used：['id', 'passwd']
2019-10-24 02:41:10,218 - selenium - INFO - Input content：12345678
2019-10-24 02:41:10,235 - selenium - INFO - Successful positioning of elements.Positioning method and values used：['id', 'rmNum']
2019-10-24 02:41:10,341 - selenium - INFO - Input content：1234
2019-10-24 02:41:10,362 - selenium - INFO - Successful positioning of elements.Positioning method and values used：['css selector', 'span > input']
2019-10-24 02:41:10,500 - selenium - INFO - Input content：13898378887
2019-10-24 02:41:10,518 - selenium - INFO - Successful positioning of elements.Positioning method and values used：['id', 'CANCEL2']
2019-10-24 02:41:10,563 - selenium - INFO - Click on the element success,location method and value used：['id', 'CANCEL2']
2019-10-24 02:41:10,582 - selenium - INFO - Successful positioning of elements.Positioning method and values used：['id', 'OK2']
2019-10-24 02:41:10,646 - selenium - INFO - Click on the element success,location method and value used：['id', 'OK2']
2019-10-24 02:41:10,683 - selenium - INFO - Successful positioning of elements.Positioning method and values used：['css selector', '.err > span']
2019-10-24 02:41:10,719 - selenium - INFO - Obtained text：帐号6-10位数字或字母
2019-10-24 02:41:10,745 - selenium - INFO - Failure of test case execution! Reason: '帐号6-10位数字或字母' != None : Assert Verification fail：expected outcome{None} != actual results{帐号6-10位数字或字母}

2019-10-24 02:41:10,745 - selenium - INFO - Executing use test case:注册页面，检测账号字段规则（是否为必填项）
2019-10-24 02:41:10,745 - selenium - INFO - input data:username:,password:,passwd:,phone:,code:,suc:0,assert:帐号6-10位数字或字母
2019-10-24 02:41:10,764 - selenium - INFO - Successful positioning of elements.Positioning method and values used：['id', 'username']
2019-10-24 02:41:10,858 - selenium - INFO - Input content：
2019-10-24 02:41:10,879 - selenium - INFO - Successful positioning of elements.Positioning method and values used：['id', 'password']
2019-10-24 02:41:10,955 - selenium - INFO - Input content：
2019-10-24 02:41:10,974 - selenium - INFO - Successful positioning of elements.Positioning method and values used：['id', 'passwd']
2019-10-24 02:41:11,050 - selenium - INFO - Input content：
2019-10-24 02:41:11,070 - selenium - INFO - Successful positioning of elements.Positioning method and values used：['id', 'rmNum']
2019-10-24 02:41:11,140 - selenium - INFO - Input content：
2019-10-24 02:41:11,163 - selenium - INFO - Successful positioning of elements.Positioning method and values used：['css selector', 'span > input']
2019-10-24 02:41:11,258 - selenium - INFO - Input content：
2019-10-24 02:41:11,272 - selenium - INFO - Successful positioning of elements.Positioning method and values used：['id', 'OK2']
2019-10-24 02:41:11,321 - selenium - INFO - Click on the element success,location method and value used：['id', 'OK2']
2019-10-24 02:41:11,337 - selenium - INFO - Successful positioning of elements.Positioning method and values used：['css selector', '.err > span']
2019-10-24 02:41:11,356 - selenium - INFO - Obtained text：帐号6-10位数字或字母
2019-10-24 02:41:11,376 - selenium - INFO - Assert Verify success：expected outcome:{帐号6-10位数字或字母} == actual results:{帐号6-10位数字或字母}
2019-10-24 02:41:11,756 - selenium - INFO - Screenshot saved successfully!
2019-10-24 02:41:11,757 - selenium - INFO - Successful execution of test cases:注册页面，检测账号字段规则（是否为必填项）

2019-10-24 02:41:11,757 - selenium - INFO - Executing use test case:注册页面，检测账号字段规则（长度是否不能小于6位）
2019-10-24 02:41:11,757 - selenium - INFO - input data:username:12,password:,passwd:,phone:,code:,suc:0,assert:帐号6-10位数字或字母
2019-10-24 02:41:11,772 - selenium - INFO - Successful positioning of elements.Positioning method and values used：['id', 'username']
2019-10-24 02:41:11,867 - selenium - INFO - Input content：12
2019-10-24 02:41:11,884 - selenium - INFO - Successful positioning of elements.Positioning method and values used：['id', 'password']
2019-10-24 02:41:11,986 - selenium - INFO - Input content：
2019-10-24 02:41:12,012 - selenium - INFO - Successful positioning of elements.Positioning method and values used：['id', 'passwd']
2019-10-24 02:41:12,101 - selenium - INFO - Input content：
2019-10-24 02:41:12,118 - selenium - INFO - Successful positioning of elements.Positioning method and values used：['id', 'rmNum']
2019-10-24 02:41:12,186 - selenium - INFO - Input content：
2019-10-24 02:41:12,202 - selenium - INFO - Successful positioning of elements.Positioning method and values used：['css selector', 'span > input']
2019-10-24 02:41:12,285 - selenium - INFO - Input content：
2019-10-24 02:41:12,301 - selenium - INFO - Successful positioning of elements.Positioning method and values used：['id', 'OK2']
2019-10-24 02:41:12,360 - selenium - INFO - Click on the element success,location method and value used：['id', 'OK2']
2019-10-24 02:41:12,373 - selenium - INFO - Successful positioning of elements.Positioning method and values used：['css selector', '.err > span']
2019-10-24 02:41:12,404 - selenium - INFO - Obtained text：帐号6-10位数字或字母
2019-10-24 02:41:12,429 - selenium - INFO - Assert Verify success：expected outcome:{帐号6-10位数字或字母} == actual results:{帐号6-10位数字或字母}
2019-10-24 02:41:12,800 - selenium - INFO - Screenshot saved successfully!
2019-10-24 02:41:12,800 - selenium - INFO - Successful execution of test cases:注册页面，检测账号字段规则（长度是否不能小于6位）

2019-10-24 02:41:12,801 - selenium - INFO - Executing use test case:注册页面，检测账号字段规则（是否不能包含中文）
2019-10-24 02:41:12,801 - selenium - INFO - input data:username:阿斯顿但是我,password:,passwd:,phone:,code:,suc:0,assert:帐号6-10位数字或字母
2019-10-24 02:41:12,816 - selenium - INFO - Successful positioning of elements.Positioning method and values used：['id', 'username']
2019-10-24 02:41:12,943 - selenium - INFO - Input content：阿斯顿但是我
2019-10-24 02:41:12,962 - selenium - INFO - Successful positioning of elements.Positioning method and values used：['id', 'password']
2019-10-24 02:41:13,051 - selenium - INFO - Input content：
2019-10-24 02:41:13,070 - selenium - INFO - Successful positioning of elements.Positioning method and values used：['id', 'passwd']
2019-10-24 02:41:13,151 - selenium - INFO - Input content：
2019-10-24 02:41:13,167 - selenium - INFO - Successful positioning of elements.Positioning method and values used：['id', 'rmNum']
2019-10-24 02:41:13,240 - selenium - INFO - Input content：
2019-10-24 02:41:13,251 - selenium - INFO - Successful positioning of elements.Positioning method and values used：['css selector', 'span > input']
2019-10-24 02:41:13,339 - selenium - INFO - Input content：
2019-10-24 02:41:13,353 - selenium - INFO - Successful positioning of elements.Positioning method and values used：['id', 'OK2']
2019-10-24 02:41:13,396 - selenium - INFO - Click on the element success,location method and value used：['id', 'OK2']
2019-10-24 02:41:13,412 - selenium - INFO - Successful positioning of elements.Positioning method and values used：['css selector', '.err > span']
2019-10-24 02:41:13,429 - selenium - INFO - Obtained text：帐号6-10位数字或字母
2019-10-24 02:41:13,446 - selenium - INFO - Assert Verify success：expected outcome:{帐号6-10位数字或字母} == actual results:{帐号6-10位数字或字母}
2019-10-24 02:41:13,859 - selenium - INFO - Screenshot saved successfully!
2019-10-24 02:41:13,862 - selenium - INFO - Successful execution of test cases:注册页面，检测账号字段规则（是否不能包含中文）

2019-10-24 02:41:13,863 - selenium - INFO - Executing use test case:注册页面，检测账号字段规则（是否不能包含特殊字符）
2019-10-24 02:41:13,863 - selenium - INFO - input data:username:*&#123abc,password:,passwd:,phone:,code:,suc:0,assert:帐号6-10位数字或字母
2019-10-24 02:41:13,885 - selenium - INFO - Successful positioning of elements.Positioning method and values used：['id', 'username']
2019-10-24 02:41:14,034 - selenium - INFO - Input content：*&#123abc
2019-10-24 02:41:14,051 - selenium - INFO - Successful positioning of elements.Positioning method and values used：['id', 'password']
2019-10-24 02:41:14,180 - selenium - INFO - Input content：
2019-10-24 02:41:14,195 - selenium - INFO - Successful positioning of elements.Positioning method and values used：['id', 'passwd']
2019-10-24 02:41:14,268 - selenium - INFO - Input content：
2019-10-24 02:41:14,286 - selenium - INFO - Successful positioning of elements.Positioning method and values used：['id', 'rmNum']
2019-10-24 02:41:14,366 - selenium - INFO - Input content：
2019-10-24 02:41:14,381 - selenium - INFO - Successful positioning of elements.Positioning method and values used：['css selector', 'span > input']
2019-10-24 02:41:14,468 - selenium - INFO - Input content：
2019-10-24 02:41:14,485 - selenium - INFO - Successful positioning of elements.Positioning method and values used：['id', 'OK2']
2019-10-24 02:41:14,543 - selenium - INFO - Click on the element success,location method and value used：['id', 'OK2']
2019-10-24 02:41:14,563 - selenium - INFO - Successful positioning of elements.Positioning method and values used：['css selector', '.err > span']
2019-10-24 02:41:14,580 - selenium - INFO - Obtained text：帐号6-10位数字或字母
2019-10-24 02:41:14,595 - selenium - INFO - Assert Verify success：expected outcome:{帐号6-10位数字或字母} == actual results:{帐号6-10位数字或字母}
2019-10-24 02:41:14,939 - selenium - INFO - Screenshot saved successfully!
2019-10-24 02:41:14,939 - selenium - INFO - Successful execution of test cases:注册页面，检测账号字段规则（是否不能包含特殊字符）

2019-10-24 02:41:14,940 - selenium - INFO - Executing use test case:注册页面，检测账号字段规则（长度是否不能小于6位）
2019-10-24 02:41:14,940 - selenium - INFO - input data:username:123as,password:,passwd:,phone:,code:,suc:0,assert:帐号6-10位数字或字母
2019-10-24 02:41:14,952 - selenium - INFO - Successful positioning of elements.Positioning method and values used：['id', 'username']
2019-10-24 02:41:15,072 - selenium - INFO - Input content：123as
2019-10-24 02:41:15,088 - selenium - INFO - Successful positioning of elements.Positioning method and values used：['id', 'password']
2019-10-24 02:41:15,173 - selenium - INFO - Input content：
2019-10-24 02:41:15,199 - selenium - INFO - Successful positioning of elements.Positioning method and values used：['id', 'passwd']
2019-10-24 02:41:15,285 - selenium - INFO - Input content：
2019-10-24 02:41:15,302 - selenium - INFO - Successful positioning of elements.Positioning method and values used：['id', 'rmNum']
2019-10-24 02:41:15,367 - selenium - INFO - Input content：
2019-10-24 02:41:15,383 - selenium - INFO - Successful positioning of elements.Positioning method and values used：['css selector', 'span > input']
2019-10-24 02:41:15,485 - selenium - INFO - Input content：
2019-10-24 02:41:15,505 - selenium - INFO - Successful positioning of elements.Positioning method and values used：['id', 'OK2']
2019-10-24 02:41:15,545 - selenium - INFO - Click on the element success,location method and value used：['id', 'OK2']
2019-10-24 02:41:15,559 - selenium - INFO - Successful positioning of elements.Positioning method and values used：['css selector', '.err > span']
2019-10-24 02:41:15,582 - selenium - INFO - Obtained text：帐号6-10位数字或字母
2019-10-24 02:41:15,602 - selenium - INFO - Assert Verify success：expected outcome:{帐号6-10位数字或字母} == actual results:{帐号6-10位数字或字母}
2019-10-24 02:41:15,951 - selenium - INFO - Screenshot saved successfully!
2019-10-24 02:41:15,951 - selenium - INFO - Successful execution of test cases:注册页面，检测账号字段规则（长度是否不能小于6位）

2019-10-24 02:41:15,952 - selenium - INFO - Executing use test case:注册页面，检测密码字段规则（是否为必填项）
2019-10-24 02:41:15,952 - selenium - INFO - input data:username:Entech9999,password:,passwd:,phone:,code:,suc:0,assert:密码8-20位数字或字母
2019-10-24 02:41:15,969 - selenium - INFO - Successful positioning of elements.Positioning method and values used：['id', 'username']
2019-10-24 02:41:16,095 - selenium - INFO - Input content：Entech9999
2019-10-24 02:41:16,110 - selenium - INFO - Successful positioning of elements.Positioning method and values used：['id', 'password']
2019-10-24 02:41:16,217 - selenium - INFO - Input content：
2019-10-24 02:41:16,235 - selenium - INFO - Successful positioning of elements.Positioning method and values used：['id', 'passwd']
2019-10-24 02:41:16,320 - selenium - INFO - Input content：
2019-10-24 02:41:16,339 - selenium - INFO - Successful positioning of elements.Positioning method and values used：['id', 'rmNum']
2019-10-24 02:41:16,422 - selenium - INFO - Input content：
2019-10-24 02:41:16,452 - selenium - INFO - Successful positioning of elements.Positioning method and values used：['css selector', 'span > input']
2019-10-24 02:41:16,533 - selenium - INFO - Input content：
2019-10-24 02:41:16,546 - selenium - INFO - Successful positioning of elements.Positioning method and values used：['id', 'OK2']
2019-10-24 02:41:16,592 - selenium - INFO - Click on the element success,location method and value used：['id', 'OK2']
2019-10-24 02:41:16,607 - selenium - INFO - Successful positioning of elements.Positioning method and values used：['css selector', '.err > span']
2019-10-24 02:41:16,626 - selenium - INFO - Obtained text：密码8-20位数字或字母
2019-10-24 02:41:16,646 - selenium - INFO - Assert Verify success：expected outcome:{密码8-20位数字或字母} == actual results:{密码8-20位数字或字母}
2019-10-24 02:41:16,993 - selenium - INFO - Screenshot saved successfully!
2019-10-24 02:41:16,994 - selenium - INFO - Successful execution of test cases:注册页面，检测密码字段规则（是否为必填项）

2019-10-24 02:41:16,994 - selenium - INFO - Executing use test case:注册页面，检测验证码字段规则（是否为必填项）
2019-10-24 02:41:16,994 - selenium - INFO - input data:username:Entech9999,password:12345678,passwd:12345678,phone:,code:,suc:0,assert:请输入验证码
2019-10-24 02:41:17,008 - selenium - INFO - Successful positioning of elements.Positioning method and values used：['id', 'username']
2019-10-24 02:41:17,134 - selenium - INFO - Input content：Entech9999
2019-10-24 02:41:17,149 - selenium - INFO - Successful positioning of elements.Positioning method and values used：['id', 'password']
2019-10-24 02:41:17,306 - selenium - INFO - Input content：12345678
2019-10-24 02:41:17,318 - selenium - INFO - Successful positioning of elements.Positioning method and values used：['id', 'passwd']
2019-10-24 02:41:17,424 - selenium - INFO - Input content：12345678
2019-10-24 02:41:17,436 - selenium - INFO - Successful positioning of elements.Positioning method and values used：['id', 'rmNum']
2019-10-24 02:41:17,528 - selenium - INFO - Input content：
2019-10-24 02:41:17,545 - selenium - INFO - Successful positioning of elements.Positioning method and values used：['css selector', 'span > input']
2019-10-24 02:41:17,627 - selenium - INFO - Input content：
2019-10-24 02:41:17,648 - selenium - INFO - Successful positioning of elements.Positioning method and values used：['id', 'OK2']
2019-10-24 02:41:17,696 - selenium - INFO - Click on the element success,location method and value used：['id', 'OK2']
2019-10-24 02:41:17,711 - selenium - INFO - Successful positioning of elements.Positioning method and values used：['css selector', '.err > span']
2019-10-24 02:41:17,727 - selenium - INFO - Obtained text：请输入验证码
2019-10-24 02:41:17,747 - selenium - INFO - Assert Verify success：expected outcome:{请输入验证码} == actual results:{请输入验证码}
2019-10-24 02:41:18,119 - selenium - INFO - Screenshot saved successfully!
2019-10-24 02:41:18,119 - selenium - INFO - Successful execution of test cases:注册页面，检测验证码字段规则（是否为必填项）

2019-10-24 02:41:18,119 - selenium - INFO - Executing use test case:注册页面，检测手机号字段规则（是否为必填项）
2019-10-24 02:41:18,119 - selenium - INFO - input data:username:Entech9999,password:12345678,passwd:12345678,phone:1233,code:,suc:0,assert:请输入手机号
2019-10-24 02:41:18,133 - selenium - INFO - Successful positioning of elements.Positioning method and values used：['id', 'username']
2019-10-24 02:41:18,253 - selenium - INFO - Input content：Entech9999
2019-10-24 02:41:18,287 - selenium - INFO - Successful positioning of elements.Positioning method and values used：['id', 'password']
2019-10-24 02:41:18,432 - selenium - INFO - Input content：12345678
2019-10-24 02:41:18,448 - selenium - INFO - Successful positioning of elements.Positioning method and values used：['id', 'passwd']
2019-10-24 02:41:18,550 - selenium - INFO - Input content：12345678
2019-10-24 02:41:18,564 - selenium - INFO - Successful positioning of elements.Positioning method and values used：['id', 'rmNum']
2019-10-24 02:41:18,656 - selenium - INFO - Input content：1233
2019-10-24 02:41:18,671 - selenium - INFO - Successful positioning of elements.Positioning method and values used：['css selector', 'span > input']
2019-10-24 02:41:18,765 - selenium - INFO - Input content：
2019-10-24 02:41:18,780 - selenium - INFO - Successful positioning of elements.Positioning method and values used：['id', 'OK2']
2019-10-24 02:41:18,839 - selenium - INFO - Click on the element success,location method and value used：['id', 'OK2']
2019-10-24 02:41:18,859 - selenium - INFO - Successful positioning of elements.Positioning method and values used：['css selector', '.err > span']
2019-10-24 02:41:18,883 - selenium - INFO - Obtained text：请输入手机号
2019-10-24 02:41:18,900 - selenium - INFO - Assert Verify success：expected outcome:{请输入手机号} == actual results:{请输入手机号}
2019-10-24 02:41:19,268 - selenium - INFO - Screenshot saved successfully!
2019-10-24 02:41:19,269 - selenium - INFO - Successful execution of test cases:注册页面，检测手机号字段规则（是否为必填项）

2019-10-24 02:41:19,269 - selenium - INFO - Executing use test case:注册页面，检测密码字段规则（最小长度是否为8位）
2019-10-24 02:41:19,269 - selenium - INFO - input data:username:Entech9999,password:12345,passwd:12345,phone:1233,code:11144434443,suc:0,assert:密码 的最小长度为 8 字符
2019-10-24 02:41:19,286 - selenium - INFO - Successful positioning of elements.Positioning method and values used：['id', 'username']
2019-10-24 02:41:19,413 - selenium - INFO - Input content：Entech9999
2019-10-24 02:41:19,428 - selenium - INFO - Successful positioning of elements.Positioning method and values used：['id', 'password']
2019-10-24 02:41:19,570 - selenium - INFO - Input content：12345
2019-10-24 02:41:19,586 - selenium - INFO - Successful positioning of elements.Positioning method and values used：['id', 'passwd']
2019-10-24 02:41:19,685 - selenium - INFO - Input content：12345
2019-10-24 02:41:19,706 - selenium - INFO - Successful positioning of elements.Positioning method and values used：['id', 'rmNum']
2019-10-24 02:41:19,816 - selenium - INFO - Input content：1233
2019-10-24 02:41:19,833 - selenium - INFO - Successful positioning of elements.Positioning method and values used：['css selector', 'span > input']
2019-10-24 02:41:19,949 - selenium - INFO - Input content：11144434443
2019-10-24 02:41:19,963 - selenium - INFO - Successful positioning of elements.Positioning method and values used：['id', 'OK2']
2019-10-24 02:41:20,020 - selenium - INFO - Click on the element success,location method and value used：['id', 'OK2']
2019-10-24 02:41:20,219 - selenium - INFO - Successful positioning of elements.Positioning method and values used：['css selector', '.err > span']
2019-10-24 02:41:20,238 - selenium - INFO - Obtained text：密码 的最小长度为 8 字符
2019-10-24 02:41:20,261 - selenium - INFO - Assert Verify success：expected outcome:{密码的最小长度为8字符} == actual results:{密码的最小长度为8字符}
2019-10-24 02:41:20,591 - selenium - INFO - Screenshot saved successfully!
2019-10-24 02:41:20,591 - selenium - INFO - Successful execution of test cases:注册页面，检测密码字段规则（最小长度是否为8位）

2019-10-24 02:41:20,593 - selenium - INFO - Executing use test case:注册页面，检测密码字段规则（最小长度是否为8位）
2019-10-24 02:41:20,594 - selenium - INFO - input data:username:Entech9999,password:1234,passwd:1234,phone:1233,code:11144434443,suc:0,assert:密码8-20位数字或字母
2019-10-24 02:41:20,607 - selenium - INFO - Successful positioning of elements.Positioning method and values used：['id', 'username']
2019-10-24 02:41:20,731 - selenium - INFO - Input content：Entech9999
2019-10-24 02:41:20,748 - selenium - INFO - Successful positioning of elements.Positioning method and values used：['id', 'password']
2019-10-24 02:41:20,852 - selenium - INFO - Input content：1234
2019-10-24 02:41:20,872 - selenium - INFO - Successful positioning of elements.Positioning method and values used：['id', 'passwd']
2019-10-24 02:41:20,972 - selenium - INFO - Input content：1234
2019-10-24 02:41:20,999 - selenium - INFO - Successful positioning of elements.Positioning method and values used：['id', 'rmNum']
2019-10-24 02:41:21,103 - selenium - INFO - Input content：1233
2019-10-24 02:41:21,124 - selenium - INFO - Successful positioning of elements.Positioning method and values used：['css selector', 'span > input']
2019-10-24 02:41:21,250 - selenium - INFO - Input content：11144434443
2019-10-24 02:41:21,266 - selenium - INFO - Successful positioning of elements.Positioning method and values used：['id', 'OK2']
2019-10-24 02:41:21,332 - selenium - INFO - Click on the element success,location method and value used：['id', 'OK2']
2019-10-24 02:41:21,350 - selenium - INFO - Successful positioning of elements.Positioning method and values used：['css selector', '.err > span']
2019-10-24 02:41:21,378 - selenium - INFO - Obtained text：密码8-20位数字或字母
2019-10-24 02:41:21,394 - selenium - INFO - Assert Verify success：expected outcome:{密码8-20位数字或字母} == actual results:{密码8-20位数字或字母}
2019-10-24 02:41:21,736 - selenium - INFO - Screenshot saved successfully!
2019-10-24 02:41:21,736 - selenium - INFO - Successful execution of test cases:注册页面，检测密码字段规则（最小长度是否为8位）

2019-10-24 02:41:21,736 - selenium - INFO - Executing use test case:注册页面，检测手机号字段规则（手机格式）
2019-10-24 02:41:21,736 - selenium - INFO - input data:username:Entech9999,password:12345678,passwd:12345678,phone:1233,code:11144434443,suc:0,assert:请填写正确的手机号码.
2019-10-24 02:41:21,755 - selenium - INFO - Successful positioning of elements.Positioning method and values used：['id', 'username']
2019-10-24 02:41:21,888 - selenium - INFO - Input content：Entech9999
2019-10-24 02:41:21,903 - selenium - INFO - Successful positioning of elements.Positioning method and values used：['id', 'password']
2019-10-24 02:41:22,052 - selenium - INFO - Input content：12345678
2019-10-24 02:41:22,069 - selenium - INFO - Successful positioning of elements.Positioning method and values used：['id', 'passwd']
2019-10-24 02:41:22,196 - selenium - INFO - Input content：12345678
2019-10-24 02:41:22,210 - selenium - INFO - Successful positioning of elements.Positioning method and values used：['id', 'rmNum']
2019-10-24 02:41:22,336 - selenium - INFO - Input content：1233
2019-10-24 02:41:22,353 - selenium - INFO - Successful positioning of elements.Positioning method and values used：['css selector', 'span > input']
2019-10-24 02:41:22,474 - selenium - INFO - Input content：11144434443
2019-10-24 02:41:22,498 - selenium - INFO - Successful positioning of elements.Positioning method and values used：['id', 'OK2']
2019-10-24 02:41:22,564 - selenium - INFO - Click on the element success,location method and value used：['id', 'OK2']
2019-10-24 02:41:23,048 - selenium - INFO - Successful positioning of elements.Positioning method and values used：['css selector', '.err > span']
2019-10-24 02:41:23,067 - selenium - INFO - Obtained text：请填写正确的手机号码.
2019-10-24 02:41:23,081 - selenium - INFO - Assert Verify success：expected outcome:{请填写正确的手机号码.} == actual results:{请填写正确的手机号码.}
2019-10-24 02:41:23,430 - selenium - INFO - Screenshot saved successfully!
2019-10-24 02:41:23,431 - selenium - INFO - Successful execution of test cases:注册页面，检测手机号字段规则（手机格式）

2019-10-24 02:41:23,431 - selenium - INFO - Executing use test case:注册页面，检测密码字段规则（是否区分密码字母大小写）
2019-10-24 02:41:23,431 - selenium - INFO - input data:username:Entech9999,password:1234567a,passwd:1234567A,phone:1233,code:13944434443,suc:0,assert:两次密码不一致
2019-10-24 02:41:23,445 - selenium - INFO - Successful positioning of elements.Positioning method and values used：['id', 'username']
2019-10-24 02:41:23,586 - selenium - INFO - Input content：Entech9999
2019-10-24 02:41:23,602 - selenium - INFO - Successful positioning of elements.Positioning method and values used：['id', 'password']
2019-10-24 02:41:23,767 - selenium - INFO - Input content：1234567a
2019-10-24 02:41:23,790 - selenium - INFO - Successful positioning of elements.Positioning method and values used：['id', 'passwd']
2019-10-24 02:41:23,922 - selenium - INFO - Input content：1234567A
2019-10-24 02:41:23,938 - selenium - INFO - Successful positioning of elements.Positioning method and values used：['id', 'rmNum']
2019-10-24 02:41:24,043 - selenium - INFO - Input content：1233
2019-10-24 02:41:24,062 - selenium - INFO - Successful positioning of elements.Positioning method and values used：['css selector', 'span > input']
2019-10-24 02:41:24,189 - selenium - INFO - Input content：13944434443
2019-10-24 02:41:24,210 - selenium - INFO - Successful positioning of elements.Positioning method and values used：['id', 'OK2']
2019-10-24 02:41:24,265 - selenium - INFO - Click on the element success,location method and value used：['id', 'OK2']
2019-10-24 02:41:24,282 - selenium - INFO - Successful positioning of elements.Positioning method and values used：['css selector', '.err > span']
2019-10-24 02:41:24,301 - selenium - INFO - Obtained text：两次密码不一致
2019-10-24 02:41:24,314 - selenium - INFO - Assert Verify success：expected outcome:{两次密码不一致} == actual results:{两次密码不一致}
2019-10-24 02:41:24,662 - selenium - INFO - Screenshot saved successfully!
2019-10-24 02:41:24,662 - selenium - INFO - Successful execution of test cases:注册页面，检测密码字段规则（是否区分密码字母大小写）

2019-10-24 02:41:24,663 - selenium - INFO - Executing use test case:注册页面，检测是否能阻止重复注册
2019-10-24 02:41:24,663 - selenium - INFO - input data:username:enintech0,password:987456123,passwd:987456123,phone:1233,code:13944434443,suc:0,assert:帐号已存在
2019-10-24 02:41:24,679 - selenium - INFO - Successful positioning of elements.Positioning method and values used：['id', 'username']
2019-10-24 02:41:24,814 - selenium - INFO - Input content：enintech0
2019-10-24 02:41:24,830 - selenium - INFO - Successful positioning of elements.Positioning method and values used：['id', 'password']
2019-10-24 02:41:25,068 - selenium - INFO - Input content：987456123
2019-10-24 02:41:25,086 - selenium - INFO - Successful positioning of elements.Positioning method and values used：['id', 'passwd']
2019-10-24 02:41:25,216 - selenium - INFO - Input content：987456123
2019-10-24 02:41:25,234 - selenium - INFO - Successful positioning of elements.Positioning method and values used：['id', 'rmNum']
2019-10-24 02:41:25,367 - selenium - INFO - Input content：1233
2019-10-24 02:41:25,380 - selenium - INFO - Successful positioning of elements.Positioning method and values used：['css selector', 'span > input']
2019-10-24 02:41:25,510 - selenium - INFO - Input content：13944434443
2019-10-24 02:41:25,523 - selenium - INFO - Successful positioning of elements.Positioning method and values used：['id', 'OK2']
2019-10-24 02:41:25,561 - selenium - INFO - Click on the element success,location method and value used：['id', 'OK2']
2019-10-24 02:41:25,685 - selenium - INFO - Successful positioning of elements.Positioning method and values used：['css selector', '.err > span']
2019-10-24 02:41:25,705 - selenium - INFO - Obtained text：帐号已存在
2019-10-24 02:41:25,719 - selenium - INFO - Assert Verify success：expected outcome:{帐号已存在} == actual results:{帐号已存在}
2019-10-24 02:41:26,104 - selenium - INFO - Screenshot saved successfully!
2019-10-24 02:41:26,104 - selenium - INFO - Successful execution of test cases:注册页面，检测是否能阻止重复注册

2019-10-24 02:41:26,104 - selenium - INFO - Executing use test case:注册页面，检测验证码字段规则（错误验证码是否阻止注册）
2019-10-24 02:41:26,104 - selenium - INFO - input data:username:Entech9999,password:1234567a,passwd:1234567a,phone:1111,code:13944434443,suc:0,assert:验证码错误
2019-10-24 02:41:26,118 - selenium - INFO - Successful positioning of elements.Positioning method and values used：['id', 'username']
2019-10-24 02:41:26,278 - selenium - INFO - Input content：Entech9999
2019-10-24 02:41:26,300 - selenium - INFO - Successful positioning of elements.Positioning method and values used：['id', 'password']
2019-10-24 02:41:26,477 - selenium - INFO - Input content：1234567a
2019-10-24 02:41:26,497 - selenium - INFO - Successful positioning of elements.Positioning method and values used：['id', 'passwd']
2019-10-24 02:41:26,612 - selenium - INFO - Input content：1234567a
2019-10-24 02:41:26,627 - selenium - INFO - Successful positioning of elements.Positioning method and values used：['id', 'rmNum']
2019-10-24 02:41:26,751 - selenium - INFO - Input content：1111
2019-10-24 02:41:26,765 - selenium - INFO - Successful positioning of elements.Positioning method and values used：['css selector', 'span > input']
2019-10-24 02:41:26,891 - selenium - INFO - Input content：13944434443
2019-10-24 02:41:26,905 - selenium - INFO - Successful positioning of elements.Positioning method and values used：['id', 'OK2']
2019-10-24 02:41:26,943 - selenium - INFO - Click on the element success,location method and value used：['id', 'OK2']
2019-10-24 02:41:27,134 - selenium - INFO - Successful positioning of elements.Positioning method and values used：['css selector', '.err > span']
2019-10-24 02:41:27,152 - selenium - INFO - Obtained text：验证码错误
2019-10-24 02:41:27,166 - selenium - INFO - Assert Verify success：expected outcome:{验证码错误} == actual results:{验证码错误}
2019-10-24 02:41:27,537 - selenium - INFO - Screenshot saved successfully!
2019-10-24 02:41:27,537 - selenium - INFO - Successful execution of test cases:注册页面，检测验证码字段规则（错误验证码是否阻止注册）

2019-10-24 02:41:27,537 - selenium - INFO - Executing use test case:检测是否能够成功注册账号
2019-10-24 02:41:27,553 - selenium - INFO - Successful positioning of elements.Positioning method and values used：['id', 'username']
2019-10-24 02:41:27,687 - selenium - INFO - Input content：enintech27
2019-10-24 02:41:27,700 - selenium - INFO - Successful positioning of elements.Positioning method and values used：['id', 'password']
2019-10-24 02:41:27,815 - selenium - INFO - Input content：12345678
2019-10-24 02:41:27,831 - selenium - INFO - Successful positioning of elements.Positioning method and values used：['id', 'passwd']
2019-10-24 02:41:27,927 - selenium - INFO - Input content：12345678
2019-10-24 02:41:27,940 - selenium - INFO - Successful positioning of elements.Positioning method and values used：['css selector', 'span > input']
2019-10-24 02:41:28,085 - selenium - INFO - Input content：13988889999
2019-10-24 02:41:32,535 - selenium - INFO - Forced wait 2 second
2019-10-24 02:41:32,552 - selenium - INFO - Successful positioning of elements.Positioning method and values used：['id', 'rmNum']
2019-10-24 02:41:32,647 - selenium - INFO - Input content：529
2019-10-24 02:41:32,665 - selenium - INFO - Successful positioning of elements.Positioning method and values used：['id', 'OK2']
2019-10-24 02:41:32,714 - selenium - INFO - Click on the element success,location method and value used：['id', 'OK2']
2019-10-24 02:41:34,716 - selenium - INFO - Forced wait 2 second
2019-10-24 02:41:34,731 - selenium - INFO - Successful positioning of elements.Positioning method and values used：['css selector', '.err > span']
2019-10-24 02:41:34,747 - selenium - INFO - Successful positioning of elements.Positioning method and values used：['css selector', '.err > span']
2019-10-24 02:41:34,765 - selenium - INFO - Obtained text：请输入4位验证码
2019-10-24 02:41:34,795 - selenium - INFO - Successful positioning of elements.Positioning method and values used：['css selector', '.err > span']
2019-10-24 02:41:34,811 - selenium - INFO - Obtained text：请输入4位验证码
2019-10-24 02:41:34,843 - selenium - INFO - Successful positioning of elements.Positioning method and values used：['css selector', '.err > span']
2019-10-24 02:41:34,853 - selenium - INFO - Obtained text：请输入4位验证码
2019-10-24 02:41:35,878 - selenium - INFO - Forced wait 1 second
2019-10-24 02:41:35,894 - selenium - INFO - Successful positioning of elements.Positioning method and values used：['css selector', '.checkLoginCodeImage']
2019-10-24 02:41:35,945 - selenium - INFO - Click on the element success,location method and value used：['css selector', '.checkLoginCodeImage']
2019-10-24 02:41:36,946 - selenium - INFO - Forced wait 1 second
2019-10-24 02:42:00,583 - selenium - INFO - Forced wait 2 second
2019-10-24 02:42:00,599 - selenium - INFO - Successful positioning of elements.Positioning method and values used：['id', 'rmNum']
2019-10-24 02:42:00,712 - selenium - INFO - Input content：K04
2019-10-24 02:42:00,728 - selenium - INFO - Successful positioning of elements.Positioning method and values used：['id', 'OK2']
2019-10-24 02:42:00,778 - selenium - INFO - Click on the element success,location method and value used：['id', 'OK2']
2019-10-24 02:42:02,780 - selenium - INFO - Forced wait 2 second
2019-10-24 02:42:03,781 - selenium - INFO - Forced wait 1 second
2019-10-24 02:42:03,796 - selenium - INFO - Successful positioning of elements.Positioning method and values used：['css selector', '.checkLoginCodeImage']
2019-10-24 02:42:03,848 - selenium - INFO - Click on the element success,location method and value used：['css selector', '.checkLoginCodeImage']
2019-10-24 02:42:04,849 - selenium - INFO - Forced wait 1 second
2019-10-24 02:42:08,436 - selenium - INFO - Forced wait 2 second
2019-10-24 02:42:08,451 - selenium - INFO - Successful positioning of elements.Positioning method and values used：['id', 'rmNum']
2019-10-24 02:42:08,564 - selenium - INFO - Input content：3897
2019-10-24 02:42:08,579 - selenium - INFO - Successful positioning of elements.Positioning method and values used：['id', 'OK2']
2019-10-24 02:42:08,629 - selenium - INFO - Click on the element success,location method and value used：['id', 'OK2']
2019-10-24 02:42:10,632 - selenium - INFO - Forced wait 2 second
2019-10-24 02:42:11,634 - selenium - INFO - Forced wait 1 second
2019-10-24 02:42:23,121 - selenium - INFO - 在section：environment下读取browser的值
2019-10-24 02:42:23,121 - selenium - INFO - Read browser configuration, value：chrome
2019-10-24 02:42:23,122 - selenium - INFO - 在section：environment下读取url的值
2019-10-24 02:42:23,122 - selenium - INFO - Read url configuration, value：http://blr.9161252.com
2019-10-24 02:42:24,507 - selenium - INFO - Visit website：http://blr.9161252.com
2019-10-24 02:42:24,621 - selenium - INFO - Browser maximization
2019-10-24 02:42:24,628 - selenium - INFO - Set static wait time 10 seconds
2019-10-24 02:42:24,628 - selenium - INFO - Executing test cases：新注册会员，验证系统消息是否正确
2019-10-24 02:42:25,370 - selenium - INFO - Successful positioning of elements.Positioning method and values used：['css selector', '.close']
2019-10-24 02:42:25,424 - selenium - INFO - Successful positioning of elements.Positioning method and values used：['css selector', '.close']
2019-10-24 02:42:25,633 - selenium - INFO - Click on the element success,location method and value used：['css selector', '.close']
2019-10-24 02:42:25,764 - selenium - INFO - Successful positioning of elements.Positioning method and values used：['css selector', '.input-bg:nth-child(1)']
2019-10-24 02:42:25,965 - selenium - INFO - Input content：enintech26
2019-10-24 02:42:25,983 - selenium - INFO - Successful positioning of elements.Positioning method and values used：['id', 'txtFacade']
2019-10-24 02:42:26,195 - selenium - INFO - Input content：12345678
