2019-10-24 05:04:15,892 - selenium - INFO - 在section：environment下读取browser的值
2019-10-24 05:04:15,892 - selenium - INFO - Read browser configuration, value：chrome
2019-10-24 05:04:15,892 - selenium - INFO - 在section：environment下读取url的值
2019-10-24 05:04:15,892 - selenium - INFO - Read url configuration, value：http://blr.9161252.com/#/home
2019-10-24 05:04:17,159 - selenium - INFO - Visit website：http://blr.9161252.com/#/home
2019-10-24 05:04:17,276 - selenium - INFO - Browser maximization
2019-10-24 05:04:17,283 - selenium - INFO - Set static wait time 10 seconds
2019-10-24 05:04:17,283 - selenium - INFO - Executing use test case:
2019-10-24 05:04:18,016 - selenium - INFO - Successful positioning of elements.Positioning method and values used：['css selector', '.close']
2019-10-24 05:04:18,055 - selenium - INFO - Successful positioning of elements.Positioning method and values used：['css selector', '.close']
2019-10-24 05:04:18,615 - selenium - INFO - Click on the element success,location method and value used：['css selector', '.close']
2019-10-24 05:04:18,654 - selenium - INFO - Successful positioning of elements.Positioning method and values used：['css selector', '.regBtn']
2019-10-24 05:04:18,714 - selenium - INFO - Click on the element success,location method and value used：['css selector', '.regBtn']
2019-10-24 05:04:19,069 - selenium - INFO - Successful positioning of elements.Positioning method and values used：['id', 'username']
2019-10-24 05:04:19,189 - selenium - INFO - Input content：enintech0
2019-10-24 05:04:19,205 - selenium - INFO - Successful positioning of elements.Positioning method and values used：['id', 'password']
2019-10-24 05:04:19,318 - selenium - INFO - Input content：12345678
2019-10-24 05:04:19,333 - selenium - INFO - Successful positioning of elements.Positioning method and values used：['id', 'passwd']
2019-10-24 05:04:19,454 - selenium - INFO - Input content：12345678
2019-10-24 05:04:19,468 - selenium - INFO - Successful positioning of elements.Positioning method and values used：['id', 'rmNum']
2019-10-24 05:04:19,551 - selenium - INFO - Input content：1234
2019-10-24 05:04:19,566 - selenium - INFO - Successful positioning of elements.Positioning method and values used：['css selector', 'span > input']
2019-10-24 05:04:19,678 - selenium - INFO - Input content：13898378887
2019-10-24 05:04:19,692 - selenium - INFO - Successful positioning of elements.Positioning method and values used：['id', 'CANCEL2']
2019-10-24 05:04:19,755 - selenium - INFO - Click on the element success,location method and value used：['id', 'CANCEL2']
2019-10-24 05:04:19,777 - selenium - INFO - Successful positioning of elements.Positioning method and values used：['id', 'OK2']
2019-10-24 05:04:19,845 - selenium - INFO - Click on the element success,location method and value used：['id', 'OK2']
2019-10-24 05:04:19,874 - selenium - INFO - Successful positioning of elements.Positioning method and values used：['css selector', '.err > span']
2019-10-24 05:04:19,897 - selenium - INFO - Obtained text：帐号6-10位数字或字母
2019-10-24 05:04:19,916 - selenium - INFO - Failure of test case execution! Reason: '帐号6-10位数字或字母' != None : Assert Verification fail：expected outcome{None} != actual results{帐号6-10位数字或字母}

2019-10-24 05:04:19,916 - selenium - INFO - Executing use test case:注册页面，检测账号字段规则（是否为必填项）
2019-10-24 05:04:19,916 - selenium - INFO - input data:username:,password:,passwd:,phone:,code:,suc:0,assert:帐号6-10位数字或字母
2019-10-24 05:04:19,928 - selenium - INFO - Successful positioning of elements.Positioning method and values used：['id', 'username']
2019-10-24 05:04:20,018 - selenium - INFO - Input content：
2019-10-24 05:04:20,031 - selenium - INFO - Successful positioning of elements.Positioning method and values used：['id', 'password']
2019-10-24 05:04:20,088 - selenium - INFO - Input content：
2019-10-24 05:04:20,100 - selenium - INFO - Successful positioning of elements.Positioning method and values used：['id', 'passwd']
2019-10-24 05:04:20,163 - selenium - INFO - Input content：
2019-10-24 05:04:20,177 - selenium - INFO - Successful positioning of elements.Positioning method and values used：['id', 'rmNum']
2019-10-24 05:04:20,242 - selenium - INFO - Input content：
2019-10-24 05:04:20,261 - selenium - INFO - Successful positioning of elements.Positioning method and values used：['css selector', 'span > input']
2019-10-24 05:04:20,328 - selenium - INFO - Input content：
2019-10-24 05:04:20,357 - selenium - INFO - Successful positioning of elements.Positioning method and values used：['id', 'OK2']
2019-10-24 05:04:20,394 - selenium - INFO - Click on the element success,location method and value used：['id', 'OK2']
2019-10-24 05:04:20,406 - selenium - INFO - Successful positioning of elements.Positioning method and values used：['css selector', '.err > span']
2019-10-24 05:04:20,423 - selenium - INFO - Obtained text：帐号6-10位数字或字母
2019-10-24 05:04:20,434 - selenium - INFO - Assert Verify success：expected outcome:{帐号6-10位数字或字母} == actual results:{帐号6-10位数字或字母}
2019-10-24 05:04:20,823 - selenium - INFO - Screenshot saved successfully!
2019-10-24 05:04:20,824 - selenium - INFO - Successful execution of test cases:注册页面，检测账号字段规则（是否为必填项）

2019-10-24 05:04:20,824 - selenium - INFO - Executing use test case:注册页面，检测账号字段规则（长度是否不能小于6位）
2019-10-24 05:04:20,824 - selenium - INFO - input data:username:12,password:,passwd:,phone:,code:,suc:0,assert:帐号6-10位数字或字母
2019-10-24 05:04:20,842 - selenium - INFO - Successful positioning of elements.Positioning method and values used：['id', 'username']
2019-10-24 05:04:20,915 - selenium - INFO - Input content：12
2019-10-24 05:04:20,927 - selenium - INFO - Successful positioning of elements.Positioning method and values used：['id', 'password']
2019-10-24 05:04:20,991 - selenium - INFO - Input content：
2019-10-24 05:04:21,002 - selenium - INFO - Successful positioning of elements.Positioning method and values used：['id', 'passwd']
2019-10-24 05:04:21,088 - selenium - INFO - Input content：
2019-10-24 05:04:21,100 - selenium - INFO - Successful positioning of elements.Positioning method and values used：['id', 'rmNum']
2019-10-24 05:04:21,167 - selenium - INFO - Input content：
2019-10-24 05:04:21,179 - selenium - INFO - Successful positioning of elements.Positioning method and values used：['css selector', 'span > input']
2019-10-24 05:04:21,236 - selenium - INFO - Input content：
2019-10-24 05:04:21,247 - selenium - INFO - Successful positioning of elements.Positioning method and values used：['id', 'OK2']
2019-10-24 05:04:21,303 - selenium - INFO - Click on the element success,location method and value used：['id', 'OK2']
2019-10-24 05:04:21,318 - selenium - INFO - Successful positioning of elements.Positioning method and values used：['css selector', '.err > span']
2019-10-24 05:04:21,344 - selenium - INFO - Obtained text：帐号6-10位数字或字母
2019-10-24 05:04:21,358 - selenium - INFO - Assert Verify success：expected outcome:{帐号6-10位数字或字母} == actual results:{帐号6-10位数字或字母}
2019-10-24 05:04:21,702 - selenium - INFO - Screenshot saved successfully!
2019-10-24 05:04:21,703 - selenium - INFO - Successful execution of test cases:注册页面，检测账号字段规则（长度是否不能小于6位）

2019-10-24 05:04:21,703 - selenium - INFO - Executing use test case:注册页面，检测账号字段规则（是否不能包含中文）
2019-10-24 05:04:21,703 - selenium - INFO - input data:username:阿斯顿但是我,password:,passwd:,phone:,code:,suc:0,assert:帐号6-10位数字或字母
2019-10-24 05:04:21,717 - selenium - INFO - Successful positioning of elements.Positioning method and values used：['id', 'username']
2019-10-24 05:04:21,804 - selenium - INFO - Input content：阿斯顿但是我
2019-10-24 05:04:21,817 - selenium - INFO - Successful positioning of elements.Positioning method and values used：['id', 'password']
2019-10-24 05:04:21,896 - selenium - INFO - Input content：
2019-10-24 05:04:21,915 - selenium - INFO - Successful positioning of elements.Positioning method and values used：['id', 'passwd']
2019-10-24 05:04:21,993 - selenium - INFO - Input content：
2019-10-24 05:04:22,009 - selenium - INFO - Successful positioning of elements.Positioning method and values used：['id', 'rmNum']
2019-10-24 05:04:22,066 - selenium - INFO - Input content：
2019-10-24 05:04:22,078 - selenium - INFO - Successful positioning of elements.Positioning method and values used：['css selector', 'span > input']
2019-10-24 05:04:22,135 - selenium - INFO - Input content：
2019-10-24 05:04:22,146 - selenium - INFO - Successful positioning of elements.Positioning method and values used：['id', 'OK2']
2019-10-24 05:04:22,200 - selenium - INFO - Click on the element success,location method and value used：['id', 'OK2']
2019-10-24 05:04:22,216 - selenium - INFO - Successful positioning of elements.Positioning method and values used：['css selector', '.err > span']
2019-10-24 05:04:22,232 - selenium - INFO - Obtained text：帐号6-10位数字或字母
2019-10-24 05:04:22,243 - selenium - INFO - Assert Verify success：expected outcome:{帐号6-10位数字或字母} == actual results:{帐号6-10位数字或字母}
2019-10-24 05:04:22,582 - selenium - INFO - Screenshot saved successfully!
2019-10-24 05:04:22,582 - selenium - INFO - Successful execution of test cases:注册页面，检测账号字段规则（是否不能包含中文）

2019-10-24 05:04:22,582 - selenium - INFO - Executing use test case:注册页面，检测账号字段规则（是否不能包含特殊字符）
2019-10-24 05:04:22,582 - selenium - INFO - input data:username:*&#123abc,password:,passwd:,phone:,code:,suc:0,assert:帐号6-10位数字或字母
2019-10-24 05:04:22,596 - selenium - INFO - Successful positioning of elements.Positioning method and values used：['id', 'username']
2019-10-24 05:04:22,704 - selenium - INFO - Input content：*&#123abc
2019-10-24 05:04:22,731 - selenium - INFO - Successful positioning of elements.Positioning method and values used：['id', 'password']
2019-10-24 05:04:22,797 - selenium - INFO - Input content：
2019-10-24 05:04:22,816 - selenium - INFO - Successful positioning of elements.Positioning method and values used：['id', 'passwd']
2019-10-24 05:04:22,899 - selenium - INFO - Input content：
2019-10-24 05:04:22,912 - selenium - INFO - Successful positioning of elements.Positioning method and values used：['id', 'rmNum']
2019-10-24 05:04:22,970 - selenium - INFO - Input content：
2019-10-24 05:04:22,981 - selenium - INFO - Successful positioning of elements.Positioning method and values used：['css selector', 'span > input']
2019-10-24 05:04:23,051 - selenium - INFO - Input content：
2019-10-24 05:04:23,066 - selenium - INFO - Successful positioning of elements.Positioning method and values used：['id', 'OK2']
2019-10-24 05:04:23,115 - selenium - INFO - Click on the element success,location method and value used：['id', 'OK2']
2019-10-24 05:04:23,130 - selenium - INFO - Successful positioning of elements.Positioning method and values used：['css selector', '.err > span']
2019-10-24 05:04:23,144 - selenium - INFO - Obtained text：帐号6-10位数字或字母
2019-10-24 05:04:23,154 - selenium - INFO - Assert Verify success：expected outcome:{帐号6-10位数字或字母} == actual results:{帐号6-10位数字或字母}
2019-10-24 05:04:23,475 - selenium - INFO - Screenshot saved successfully!
2019-10-24 05:04:23,475 - selenium - INFO - Successful execution of test cases:注册页面，检测账号字段规则（是否不能包含特殊字符）

2019-10-24 05:04:23,475 - selenium - INFO - Executing use test case:注册页面，检测账号字段规则（长度是否不能小于6位）
2019-10-24 05:04:23,475 - selenium - INFO - input data:username:123as,password:,passwd:,phone:,code:,suc:0,assert:帐号6-10位数字或字母
2019-10-24 05:04:23,488 - selenium - INFO - Successful positioning of elements.Positioning method and values used：['id', 'username']
2019-10-24 05:04:23,582 - selenium - INFO - Input content：123as
2019-10-24 05:04:23,595 - selenium - INFO - Successful positioning of elements.Positioning method and values used：['id', 'password']
2019-10-24 05:04:23,662 - selenium - INFO - Input content：
2019-10-24 05:04:23,675 - selenium - INFO - Successful positioning of elements.Positioning method and values used：['id', 'passwd']
2019-10-24 05:04:23,765 - selenium - INFO - Input content：
2019-10-24 05:04:23,780 - selenium - INFO - Successful positioning of elements.Positioning method and values used：['id', 'rmNum']
2019-10-24 05:04:23,839 - selenium - INFO - Input content：
2019-10-24 05:04:23,854 - selenium - INFO - Successful positioning of elements.Positioning method and values used：['css selector', 'span > input']
2019-10-24 05:04:23,930 - selenium - INFO - Input content：
2019-10-24 05:04:23,943 - selenium - INFO - Successful positioning of elements.Positioning method and values used：['id', 'OK2']
2019-10-24 05:04:23,982 - selenium - INFO - Click on the element success,location method and value used：['id', 'OK2']
2019-10-24 05:04:23,995 - selenium - INFO - Successful positioning of elements.Positioning method and values used：['css selector', '.err > span']
2019-10-24 05:04:24,015 - selenium - INFO - Obtained text：帐号6-10位数字或字母
2019-10-24 05:04:24,026 - selenium - INFO - Assert Verify success：expected outcome:{帐号6-10位数字或字母} == actual results:{帐号6-10位数字或字母}
2019-10-24 05:04:24,368 - selenium - INFO - Screenshot saved successfully!
2019-10-24 05:04:24,369 - selenium - INFO - Successful execution of test cases:注册页面，检测账号字段规则（长度是否不能小于6位）

2019-10-24 05:04:24,369 - selenium - INFO - Executing use test case:注册页面，检测密码字段规则（是否为必填项）
2019-10-24 05:04:24,369 - selenium - INFO - input data:username:Entech9998,password:,passwd:,phone:,code:,suc:0,assert:密码8-20位数字或字母
2019-10-24 05:04:24,381 - selenium - INFO - Successful positioning of elements.Positioning method and values used：['id', 'username']
2019-10-24 05:04:24,477 - selenium - INFO - Input content：Entech9998
2019-10-24 05:04:24,489 - selenium - INFO - Successful positioning of elements.Positioning method and values used：['id', 'password']
2019-10-24 05:04:24,549 - selenium - INFO - Input content：
2019-10-24 05:04:24,577 - selenium - INFO - Successful positioning of elements.Positioning method and values used：['id', 'passwd']
2019-10-24 05:04:24,680 - selenium - INFO - Input content：
2019-10-24 05:04:24,692 - selenium - INFO - Successful positioning of elements.Positioning method and values used：['id', 'rmNum']
2019-10-24 05:04:24,747 - selenium - INFO - Input content：
2019-10-24 05:04:24,759 - selenium - INFO - Successful positioning of elements.Positioning method and values used：['css selector', 'span > input']
2019-10-24 05:04:24,865 - selenium - INFO - Input content：
2019-10-24 05:04:24,877 - selenium - INFO - Successful positioning of elements.Positioning method and values used：['id', 'OK2']
2019-10-24 05:04:24,928 - selenium - INFO - Click on the element success,location method and value used：['id', 'OK2']
2019-10-24 05:04:24,939 - selenium - INFO - Successful positioning of elements.Positioning method and values used：['css selector', '.err > span']
2019-10-24 05:04:24,955 - selenium - INFO - Obtained text：密码8-20位数字或字母
2019-10-24 05:04:24,966 - selenium - INFO - Assert Verify success：expected outcome:{密码8-20位数字或字母} == actual results:{密码8-20位数字或字母}
2019-10-24 05:04:25,321 - selenium - INFO - Screenshot saved successfully!
2019-10-24 05:04:25,321 - selenium - INFO - Successful execution of test cases:注册页面，检测密码字段规则（是否为必填项）

2019-10-24 05:04:25,322 - selenium - INFO - Executing use test case:注册页面，检测验证码字段规则（是否为必填项）
2019-10-24 05:04:25,322 - selenium - INFO - input data:username:Entech9998,password:12345678,passwd:12345678,phone:,code:,suc:0,assert:请输入验证码
2019-10-24 05:04:25,333 - selenium - INFO - Successful positioning of elements.Positioning method and values used：['id', 'username']
2019-10-24 05:04:25,433 - selenium - INFO - Input content：Entech9998
2019-10-24 05:04:25,444 - selenium - INFO - Successful positioning of elements.Positioning method and values used：['id', 'password']
2019-10-24 05:04:25,547 - selenium - INFO - Input content：12345678
2019-10-24 05:04:25,569 - selenium - INFO - Successful positioning of elements.Positioning method and values used：['id', 'passwd']
2019-10-24 05:04:25,665 - selenium - INFO - Input content：12345678
2019-10-24 05:04:25,677 - selenium - INFO - Successful positioning of elements.Positioning method and values used：['id', 'rmNum']
2019-10-24 05:04:25,732 - selenium - INFO - Input content：
2019-10-24 05:04:25,743 - selenium - INFO - Successful positioning of elements.Positioning method and values used：['css selector', 'span > input']
2019-10-24 05:04:25,838 - selenium - INFO - Input content：
2019-10-24 05:04:25,850 - selenium - INFO - Successful positioning of elements.Positioning method and values used：['id', 'OK2']
2019-10-24 05:04:25,895 - selenium - INFO - Click on the element success,location method and value used：['id', 'OK2']
2019-10-24 05:04:25,906 - selenium - INFO - Successful positioning of elements.Positioning method and values used：['css selector', '.err > span']
2019-10-24 05:04:25,919 - selenium - INFO - Obtained text：请输入验证码
2019-10-24 05:04:25,930 - selenium - INFO - Assert Verify success：expected outcome:{请输入验证码} == actual results:{请输入验证码}
2019-10-24 05:04:26,263 - selenium - INFO - Screenshot saved successfully!
2019-10-24 05:04:26,264 - selenium - INFO - Successful execution of test cases:注册页面，检测验证码字段规则（是否为必填项）

2019-10-24 05:04:26,264 - selenium - INFO - Executing use test case:注册页面，检测手机号字段规则（是否为必填项）
2019-10-24 05:04:26,264 - selenium - INFO - input data:username:Entech9998,password:12345678,passwd:12345678,phone:1233,code:,suc:0,assert:请输入手机号
2019-10-24 05:04:26,277 - selenium - INFO - Successful positioning of elements.Positioning method and values used：['id', 'username']
2019-10-24 05:04:26,385 - selenium - INFO - Input content：Entech9998
2019-10-24 05:04:26,397 - selenium - INFO - Successful positioning of elements.Positioning method and values used：['id', 'password']
2019-10-24 05:04:26,508 - selenium - INFO - Input content：12345678
2019-10-24 05:04:26,521 - selenium - INFO - Successful positioning of elements.Positioning method and values used：['id', 'passwd']
2019-10-24 05:04:26,619 - selenium - INFO - Input content：12345678
2019-10-24 05:04:26,630 - selenium - INFO - Successful positioning of elements.Positioning method and values used：['id', 'rmNum']
2019-10-24 05:04:26,722 - selenium - INFO - Input content：1233
2019-10-24 05:04:26,742 - selenium - INFO - Successful positioning of elements.Positioning method and values used：['css selector', 'span > input']
2019-10-24 05:04:26,798 - selenium - INFO - Input content：
2019-10-24 05:04:26,818 - selenium - INFO - Successful positioning of elements.Positioning method and values used：['id', 'OK2']
2019-10-24 05:04:26,863 - selenium - INFO - Click on the element success,location method and value used：['id', 'OK2']
2019-10-24 05:04:26,876 - selenium - INFO - Successful positioning of elements.Positioning method and values used：['css selector', '.err > span']
2019-10-24 05:04:26,891 - selenium - INFO - Obtained text：请输入手机号
2019-10-24 05:04:26,904 - selenium - INFO - Assert Verify success：expected outcome:{请输入手机号} == actual results:{请输入手机号}
2019-10-24 05:04:27,228 - selenium - INFO - Screenshot saved successfully!
2019-10-24 05:04:27,229 - selenium - INFO - Successful execution of test cases:注册页面，检测手机号字段规则（是否为必填项）

2019-10-24 05:04:27,229 - selenium - INFO - Executing use test case:注册页面，检测密码字段规则（最小长度是否为8位）
2019-10-24 05:04:27,229 - selenium - INFO - input data:username:Entech9998,password:12345,passwd:12345,phone:1233,code:11144434443,suc:0,assert:密码 的最小长度为 8 字符
2019-10-24 05:04:27,245 - selenium - INFO - Successful positioning of elements.Positioning method and values used：['id', 'username']
2019-10-24 05:04:27,338 - selenium - INFO - Input content：Entech9998
2019-10-24 05:04:27,353 - selenium - INFO - Successful positioning of elements.Positioning method and values used：['id', 'password']
2019-10-24 05:04:27,447 - selenium - INFO - Input content：12345
2019-10-24 05:04:27,472 - selenium - INFO - Successful positioning of elements.Positioning method and values used：['id', 'passwd']
2019-10-24 05:04:27,560 - selenium - INFO - Input content：12345
2019-10-24 05:04:27,570 - selenium - INFO - Successful positioning of elements.Positioning method and values used：['id', 'rmNum']
2019-10-24 05:04:27,647 - selenium - INFO - Input content：1233
2019-10-24 05:04:27,667 - selenium - INFO - Successful positioning of elements.Positioning method and values used：['css selector', 'span > input']
2019-10-24 05:04:27,758 - selenium - INFO - Input content：11144434443
2019-10-24 05:04:27,768 - selenium - INFO - Successful positioning of elements.Positioning method and values used：['id', 'OK2']
2019-10-24 05:04:27,813 - selenium - INFO - Click on the element success,location method and value used：['id', 'OK2']
2019-10-24 05:04:28,006 - selenium - INFO - Successful positioning of elements.Positioning method and values used：['css selector', '.err > span']
2019-10-24 05:04:28,021 - selenium - INFO - Obtained text：密码 的最小长度为 8 字符
2019-10-24 05:04:28,032 - selenium - INFO - Assert Verify success：expected outcome:{密码的最小长度为8字符} == actual results:{密码的最小长度为8字符}
2019-10-24 05:04:28,350 - selenium - INFO - Screenshot saved successfully!
2019-10-24 05:04:28,350 - selenium - INFO - Successful execution of test cases:注册页面，检测密码字段规则（最小长度是否为8位）

2019-10-24 05:04:28,351 - selenium - INFO - Executing use test case:注册页面，检测密码字段规则（最小长度是否为8位）
2019-10-24 05:04:28,351 - selenium - INFO - input data:username:Entech9998,password:1234,passwd:1234,phone:1233,code:11144434443,suc:0,assert:密码8-20位数字或字母
2019-10-24 05:04:28,364 - selenium - INFO - Successful positioning of elements.Positioning method and values used：['id', 'username']
2019-10-24 05:04:28,455 - selenium - INFO - Input content：Entech9998
2019-10-24 05:04:28,467 - selenium - INFO - Successful positioning of elements.Positioning method and values used：['id', 'password']
2019-10-24 05:04:28,537 - selenium - INFO - Input content：1234
2019-10-24 05:04:28,551 - selenium - INFO - Successful positioning of elements.Positioning method and values used：['id', 'passwd']
2019-10-24 05:04:28,666 - selenium - INFO - Input content：1234
2019-10-24 05:04:28,679 - selenium - INFO - Successful positioning of elements.Positioning method and values used：['id', 'rmNum']
2019-10-24 05:04:28,754 - selenium - INFO - Input content：1233
2019-10-24 05:04:28,767 - selenium - INFO - Successful positioning of elements.Positioning method and values used：['css selector', 'span > input']
2019-10-24 05:04:28,866 - selenium - INFO - Input content：11144434443
2019-10-24 05:04:28,882 - selenium - INFO - Successful positioning of elements.Positioning method and values used：['id', 'OK2']
2019-10-24 05:04:28,938 - selenium - INFO - Click on the element success,location method and value used：['id', 'OK2']
2019-10-24 05:04:28,951 - selenium - INFO - Successful positioning of elements.Positioning method and values used：['css selector', '.err > span']
2019-10-24 05:04:28,965 - selenium - INFO - Obtained text：密码8-20位数字或字母
2019-10-24 05:04:28,976 - selenium - INFO - Assert Verify success：expected outcome:{密码8-20位数字或字母} == actual results:{密码8-20位数字或字母}
2019-10-24 05:04:29,295 - selenium - INFO - Screenshot saved successfully!
2019-10-24 05:04:29,295 - selenium - INFO - Successful execution of test cases:注册页面，检测密码字段规则（最小长度是否为8位）

2019-10-24 05:04:29,295 - selenium - INFO - Executing use test case:注册页面，检测手机号字段规则（手机格式）
2019-10-24 05:04:29,295 - selenium - INFO - input data:username:Entech9998,password:12345678,passwd:12345678,phone:1233,code:11144434443,suc:0,assert:请填写正确的手机号码.
2019-10-24 05:04:29,308 - selenium - INFO - Successful positioning of elements.Positioning method and values used：['id', 'username']
2019-10-24 05:04:29,407 - selenium - INFO - Input content：Entech9998
2019-10-24 05:04:29,419 - selenium - INFO - Successful positioning of elements.Positioning method and values used：['id', 'password']
2019-10-24 05:04:29,512 - selenium - INFO - Input content：12345678
2019-10-24 05:04:29,531 - selenium - INFO - Successful positioning of elements.Positioning method and values used：['id', 'passwd']
2019-10-24 05:04:29,633 - selenium - INFO - Input content：12345678
2019-10-24 05:04:29,644 - selenium - INFO - Successful positioning of elements.Positioning method and values used：['id', 'rmNum']
2019-10-24 05:04:29,765 - selenium - INFO - Input content：1233
2019-10-24 05:04:29,776 - selenium - INFO - Successful positioning of elements.Positioning method and values used：['css selector', 'span > input']
2019-10-24 05:04:29,882 - selenium - INFO - Input content：11144434443
2019-10-24 05:04:29,893 - selenium - INFO - Successful positioning of elements.Positioning method and values used：['id', 'OK2']
2019-10-24 05:04:29,931 - selenium - INFO - Click on the element success,location method and value used：['id', 'OK2']
2019-10-24 05:04:30,147 - selenium - INFO - Successful positioning of elements.Positioning method and values used：['css selector', '.err > span']
2019-10-24 05:04:30,165 - selenium - INFO - Obtained text：请填写正确的手机号码.
2019-10-24 05:04:30,176 - selenium - INFO - Assert Verify success：expected outcome:{请填写正确的手机号码.} == actual results:{请填写正确的手机号码.}
2019-10-24 05:04:30,507 - selenium - INFO - Screenshot saved successfully!
2019-10-24 05:04:30,508 - selenium - INFO - Successful execution of test cases:注册页面，检测手机号字段规则（手机格式）

2019-10-24 05:04:30,508 - selenium - INFO - Executing use test case:注册页面，检测密码字段规则（是否区分密码字母大小写）
2019-10-24 05:04:30,508 - selenium - INFO - input data:username:Entech9998,password:1234567a,passwd:1234567A,phone:1233,code:13944434443,suc:0,assert:两次密码不一致
2019-10-24 05:04:30,521 - selenium - INFO - Successful positioning of elements.Positioning method and values used：['id', 'username']
2019-10-24 05:04:30,622 - selenium - INFO - Input content：Entech9998
2019-10-24 05:04:30,636 - selenium - INFO - Successful positioning of elements.Positioning method and values used：['id', 'password']
2019-10-24 05:04:30,756 - selenium - INFO - Input content：1234567a
2019-10-24 05:04:30,782 - selenium - INFO - Successful positioning of elements.Positioning method and values used：['id', 'passwd']
2019-10-24 05:04:30,885 - selenium - INFO - Input content：1234567A
2019-10-24 05:04:30,897 - selenium - INFO - Successful positioning of elements.Positioning method and values used：['id', 'rmNum']
2019-10-24 05:04:30,982 - selenium - INFO - Input content：1233
2019-10-24 05:04:30,993 - selenium - INFO - Successful positioning of elements.Positioning method and values used：['css selector', 'span > input']
2019-10-24 05:04:31,085 - selenium - INFO - Input content：13944434443
2019-10-24 05:04:31,096 - selenium - INFO - Successful positioning of elements.Positioning method and values used：['id', 'OK2']
2019-10-24 05:04:31,129 - selenium - INFO - Click on the element success,location method and value used：['id', 'OK2']
2019-10-24 05:04:31,139 - selenium - INFO - Successful positioning of elements.Positioning method and values used：['css selector', '.err > span']
2019-10-24 05:04:31,152 - selenium - INFO - Obtained text：两次密码不一致
2019-10-24 05:04:31,165 - selenium - INFO - Assert Verify success：expected outcome:{两次密码不一致} == actual results:{两次密码不一致}
2019-10-24 05:04:31,513 - selenium - INFO - Screenshot saved successfully!
2019-10-24 05:04:31,513 - selenium - INFO - Successful execution of test cases:注册页面，检测密码字段规则（是否区分密码字母大小写）

2019-10-24 05:04:31,513 - selenium - INFO - Executing use test case:注册页面，检测是否能阻止重复注册
2019-10-24 05:04:31,513 - selenium - INFO - input data:username:enintech0,password:987456123,passwd:987456123,phone:1233,code:13944434443,suc:0,assert:帐号已存在
2019-10-24 05:04:31,524 - selenium - INFO - Successful positioning of elements.Positioning method and values used：['id', 'username']
2019-10-24 05:04:31,616 - selenium - INFO - Input content：enintech0
2019-10-24 05:04:31,628 - selenium - INFO - Successful positioning of elements.Positioning method and values used：['id', 'password']
2019-10-24 05:04:31,722 - selenium - INFO - Input content：987456123
2019-10-24 05:04:31,736 - selenium - INFO - Successful positioning of elements.Positioning method and values used：['id', 'passwd']
2019-10-24 05:04:31,842 - selenium - INFO - Input content：987456123
2019-10-24 05:04:31,852 - selenium - INFO - Successful positioning of elements.Positioning method and values used：['id', 'rmNum']
2019-10-24 05:04:31,924 - selenium - INFO - Input content：1233
2019-10-24 05:04:31,942 - selenium - INFO - Successful positioning of elements.Positioning method and values used：['css selector', 'span > input']
2019-10-24 05:04:32,061 - selenium - INFO - Input content：13944434443
2019-10-24 05:04:32,075 - selenium - INFO - Successful positioning of elements.Positioning method and values used：['id', 'OK2']
2019-10-24 05:04:32,112 - selenium - INFO - Click on the element success,location method and value used：['id', 'OK2']
2019-10-24 05:04:32,245 - selenium - INFO - Successful positioning of elements.Positioning method and values used：['css selector', '.err > span']
2019-10-24 05:04:32,263 - selenium - INFO - Obtained text：帐号已存在
2019-10-24 05:04:32,276 - selenium - INFO - Assert Verify success：expected outcome:{帐号已存在} == actual results:{帐号已存在}
2019-10-24 05:04:32,617 - selenium - INFO - Screenshot saved successfully!
2019-10-24 05:04:32,617 - selenium - INFO - Successful execution of test cases:注册页面，检测是否能阻止重复注册

2019-10-24 05:04:32,618 - selenium - INFO - Executing use test case:注册页面，检测验证码字段规则（错误验证码是否阻止注册）
2019-10-24 05:04:32,618 - selenium - INFO - input data:username:Entech9998,password:1234567a,passwd:1234567a,phone:1111,code:13944434443,suc:0,assert:验证码错误
2019-10-24 05:04:32,629 - selenium - INFO - Successful positioning of elements.Positioning method and values used：['id', 'username']
2019-10-24 05:04:32,728 - selenium - INFO - Input content：Entech9998
2019-10-24 05:04:32,743 - selenium - INFO - Successful positioning of elements.Positioning method and values used：['id', 'password']
2019-10-24 05:04:32,872 - selenium - INFO - Input content：1234567a
2019-10-24 05:04:32,888 - selenium - INFO - Successful positioning of elements.Positioning method and values used：['id', 'passwd']
2019-10-24 05:04:32,976 - selenium - INFO - Input content：1234567a
2019-10-24 05:04:32,988 - selenium - INFO - Successful positioning of elements.Positioning method and values used：['id', 'rmNum']
2019-10-24 05:04:33,063 - selenium - INFO - Input content：1111
2019-10-24 05:04:33,075 - selenium - INFO - Successful positioning of elements.Positioning method and values used：['css selector', 'span > input']
2019-10-24 05:04:33,177 - selenium - INFO - Input content：13944434443
2019-10-24 05:04:33,187 - selenium - INFO - Successful positioning of elements.Positioning method and values used：['id', 'OK2']
2019-10-24 05:04:33,227 - selenium - INFO - Click on the element success,location method and value used：['id', 'OK2']
2019-10-24 05:04:33,410 - selenium - INFO - Successful positioning of elements.Positioning method and values used：['css selector', '.err > span']
2019-10-24 05:04:33,428 - selenium - INFO - Obtained text：验证码错误
2019-10-24 05:04:33,439 - selenium - INFO - Assert Verify success：expected outcome:{验证码错误} == actual results:{验证码错误}
2019-10-24 05:04:33,767 - selenium - INFO - Screenshot saved successfully!
2019-10-24 05:04:33,767 - selenium - INFO - Successful execution of test cases:注册页面，检测验证码字段规则（错误验证码是否阻止注册）

2019-10-24 05:04:33,767 - selenium - INFO - Executing use test case:检测是否能够成功注册账号
2019-10-24 05:04:33,780 - selenium - INFO - Successful positioning of elements.Positioning method and values used：['id', 'username']
2019-10-24 05:04:33,867 - selenium - INFO - Input content：enintech35
2019-10-24 05:04:33,884 - selenium - INFO - Successful positioning of elements.Positioning method and values used：['id', 'password']
2019-10-24 05:04:33,967 - selenium - INFO - Input content：12345678
2019-10-24 05:04:33,981 - selenium - INFO - Successful positioning of elements.Positioning method and values used：['id', 'passwd']
2019-10-24 05:04:34,075 - selenium - INFO - Input content：12345678
2019-10-24 05:04:34,086 - selenium - INFO - Successful positioning of elements.Positioning method and values used：['css selector', 'span > input']
2019-10-24 05:04:34,176 - selenium - INFO - Input content：13988889999
2019-10-24 05:04:39,491 - selenium - INFO - Forced wait 2 second
2019-10-24 05:04:39,502 - selenium - INFO - Successful positioning of elements.Positioning method and values used：['id', 'rmNum']
2019-10-24 05:04:39,580 - selenium - INFO - Input content：3888
2019-10-24 05:04:39,596 - selenium - INFO - Successful positioning of elements.Positioning method and values used：['id', 'OK2']
2019-10-24 05:04:39,629 - selenium - INFO - Click on the element success,location method and value used：['id', 'OK2']
2019-10-24 05:04:41,632 - selenium - INFO - Forced wait 2 second
2019-10-24 05:04:41,647 - selenium - INFO - Successful positioning of elements.Positioning method and values used：['css selector', '.err > span']
2019-10-24 05:04:41,661 - selenium - INFO - Obtained text：帐号已存在
2019-10-24 05:04:41,683 - selenium - INFO - Successful positioning of elements.Positioning method and values used：['css selector', '.err > span']
2019-10-24 05:04:41,696 - selenium - INFO - Obtained text：帐号已存在
2019-10-24 05:04:43,708 - selenium - INFO - Forced wait 2 second
2019-10-24 05:04:45,991 - selenium - INFO - Forced wait 2 second
2019-10-24 05:04:46,003 - selenium - INFO - Successful positioning of elements.Positioning method and values used：['id', 'username']
2019-10-24 05:04:46,101 - selenium - INFO - Input content：enintech36
2019-10-24 05:04:48,103 - selenium - INFO - Forced wait 2 second
2019-10-24 05:04:48,131 - selenium - INFO - Successful positioning of elements.Positioning method and values used：['css selector', '.checkLoginCodeImage']
2019-10-24 05:04:48,180 - selenium - INFO - Click on the element success,location method and value used：['css selector', '.checkLoginCodeImage']
2019-10-24 05:04:50,182 - selenium - INFO - Forced wait 2 second
2019-10-24 05:05:20,987 - selenium - INFO - Forced wait 2 second
2019-10-24 05:05:21,055 - selenium - INFO - Successful positioning of elements.Positioning method and values used：['id', 'rmNum']
2019-10-24 05:05:21,173 - selenium - INFO - Input content：595
2019-10-24 05:05:21,186 - selenium - INFO - Successful positioning of elements.Positioning method and values used：['id', 'OK2']
2019-10-24 05:05:21,235 - selenium - INFO - Click on the element success,location method and value used：['id', 'OK2']
2019-10-24 05:05:23,237 - selenium - INFO - Forced wait 2 second
2019-10-24 05:05:23,252 - selenium - INFO - Successful positioning of elements.Positioning method and values used：['css selector', '.err > span']
2019-10-24 05:05:23,268 - selenium - INFO - Obtained text：请输入4位验证码
2019-10-24 05:05:25,285 - selenium - INFO - Forced wait 2 second
2019-10-24 05:05:25,298 - selenium - INFO - Successful positioning of elements.Positioning method and values used：['css selector', '.checkLoginCodeImage']
2019-10-24 05:05:25,343 - selenium - INFO - Click on the element success,location method and value used：['css selector', '.checkLoginCodeImage']
2019-10-24 05:05:26,345 - selenium - INFO - Forced wait 1 second
2019-10-24 05:05:31,049 - selenium - INFO - Forced wait 2 second
2019-10-24 05:05:31,080 - selenium - INFO - Successful positioning of elements.Positioning method and values used：['id', 'rmNum']
2019-10-24 05:05:31,292 - selenium - INFO - Input content：2008
2019-10-24 05:05:31,312 - selenium - INFO - Successful positioning of elements.Positioning method and values used：['id', 'OK2']
2019-10-24 05:05:31,385 - selenium - INFO - Click on the element success,location method and value used：['id', 'OK2']
2019-10-24 05:05:33,387 - selenium - INFO - Forced wait 2 second
2019-10-24 05:05:47,027 - selenium - INFO - 在section：copy下读取pro_copy的值
2019-10-24 05:05:47,030 - selenium - INFO - 在section：reports下读取pro的值
2019-10-24 05:05:48,432 - selenium - INFO - 在section：title下读取pro的值
2019-10-24 05:05:48,433 - selenium - INFO - 在section：environment下读取url的值
2019-10-24 05:05:48,491 - selenium - INFO - 在section：telegram下读取token的值
2019-10-24 05:05:48,491 - selenium - INFO - 在section：telegram下读取chat_id的值
