2019-10-24 07:13:19,971 - selenium - INFO - 在section：environment下读取browser的值
2019-10-24 07:13:19,971 - selenium - INFO - Read browser configuration, value：chrome
2019-10-24 07:13:19,971 - selenium - INFO - 在section：environment下读取url的值
2019-10-24 07:13:19,971 - selenium - INFO - Read url configuration, value：http://blr.9161252.com/#/home
2019-10-24 07:13:22,038 - selenium - INFO - Visit website：http://blr.9161252.com/#/home
2019-10-24 07:13:22,188 - selenium - INFO - Browser maximization
2019-10-24 07:13:22,200 - selenium - INFO - Set static wait time 10 seconds
2019-10-24 07:13:23,214 - selenium - INFO - Successful positioning of elements.Positioning method and values used：['css selector', '.close']
2019-10-24 07:13:23,384 - selenium - INFO - Successful positioning of elements.Positioning method and values used：['css selector', '.close']
2019-10-24 07:13:23,704 - selenium - INFO - Click on the element success,location method and value used：['css selector', '.close']
2019-10-24 07:13:23,704 - selenium - INFO - Executing use test case:登录测试用例，检测账号字段是否为必填项
2019-10-24 07:13:23,704 - selenium - INFO - input data:name:,pwd:,suc:0,assert:请输入账号
2019-10-24 07:13:23,765 - selenium - INFO - Successful positioning of elements.Positioning method and values used：['css selector', '.input-bg:nth-child(1)']
2019-10-24 07:13:24,012 - selenium - INFO - Input content：
2019-10-24 07:13:24,070 - selenium - INFO - Successful positioning of elements.Positioning method and values used：['id', 'txtFacade']
2019-10-24 07:13:24,272 - selenium - INFO - Input content：
2019-10-24 07:13:24,304 - selenium - INFO - Successful positioning of elements.Positioning method and values used：['css selector', '.loginBtn']
2019-10-24 07:13:24,430 - selenium - INFO - Click on the element success,location method and value used：['css selector', '.loginBtn']
2019-10-24 07:13:24,503 - selenium - INFO - Successful positioning of elements.Positioning method and values used：['css selector', '.ivu-icon']
2019-10-24 07:13:28,612 - selenium - ERROR - Failure of test case execution! Reason：find_element() argument after * must be an iterable, not WebElement
