2019-10-24 07:22:34,219 - selenium - INFO - 在section：environment下读取browser的值
2019-10-24 07:22:34,219 - selenium - INFO - Read browser configuration, value：chrome
2019-10-24 07:22:34,220 - selenium - INFO - 在section：environment下读取url的值
2019-10-24 07:22:34,220 - selenium - INFO - Read url configuration, value：http://blr.9161252.com/#/home
2019-10-24 07:22:36,071 - selenium - INFO - Visit website：http://blr.9161252.com/#/home
2019-10-24 07:22:36,186 - selenium - INFO - Browser maximization
2019-10-24 07:22:36,205 - selenium - INFO - Set static wait time 10 seconds
2019-10-24 07:22:36,205 - selenium - INFO - Executing use test case:登录测试用例，检测账号字段是否为必填项
2019-10-24 07:22:36,205 - selenium - INFO - input data:name:,pwd:,suc:0,assert:请输入账号
2019-10-24 07:22:37,148 - selenium - INFO - Successful positioning of elements.Positioning method and values used：['css selector', '.close']
2019-10-24 07:22:37,263 - selenium - INFO - Successful positioning of elements.Positioning method and values used：['css selector', '.close']
2019-10-24 07:22:37,529 - selenium - INFO - Click on the element success,location method and value used：['css selector', '.close']
2019-10-24 07:22:37,575 - selenium - INFO - Successful positioning of elements.Positioning method and values used：['css selector', '.input-bg:nth-child(1)']
2019-10-24 07:22:37,764 - selenium - INFO - Input content：
2019-10-24 07:22:37,803 - selenium - INFO - Successful positioning of elements.Positioning method and values used：['id', 'txtFacade']
2019-10-24 07:22:38,048 - selenium - INFO - Input content：
2019-10-24 07:22:38,071 - selenium - INFO - Successful positioning of elements.Positioning method and values used：['css selector', '.loginBtn']
2019-10-24 07:22:38,249 - selenium - INFO - Click on the element success,location method and value used：['css selector', '.loginBtn']
2019-10-24 07:22:38,360 - selenium - INFO - Successful positioning of elements.Positioning method and values used：['css selector', '.ivu-icon-ios-close-empty']
2019-10-24 07:22:38,650 - selenium - INFO - Click on the element success,location method and value used：['css selector', '.ivu-icon-ios-close-empty']
2019-10-24 07:22:38,684 - selenium - INFO - Successful positioning of elements.Positioning method and values used：['css selector', '.ivu-icon-ios-close-empty']
2019-10-24 07:22:38,744 - selenium - INFO - Obtained text：
2019-10-24 07:22:39,637 - selenium - ERROR - Failure of test case execution! Reason: '请输入账号' not found in ''

2019-10-24 07:22:39,638 - selenium - INFO - Executing use test case:登录测试用例，检测密码字段是否为必填项
2019-10-24 07:22:39,638 - selenium - INFO - input data:name:liwanlei,pwd:,suc:0,assert:请输入密码
2019-10-24 07:22:39,712 - selenium - INFO - Successful positioning of elements.Positioning method and values used：['css selector', '.close']
2019-10-24 07:22:39,802 - selenium - INFO - Successful positioning of elements.Positioning method and values used：['css selector', '.close']
2019-10-24 07:22:49,923 - selenium - INFO - Executing use test case:登录测试用例，检测已存在的账号和错误的密码，是否能阻止登录，提示信息是否准确
2019-10-24 07:22:49,923 - selenium - INFO - input data:name:yusheng,pwd:liwanlei11,suc:0,assert:帐号或密码错误
2019-10-24 07:22:49,945 - selenium - INFO - Successful positioning of elements.Positioning method and values used：['css selector', '.close']
2019-10-24 07:22:49,987 - selenium - INFO - Successful positioning of elements.Positioning method and values used：['css selector', '.close']
2019-10-24 07:22:50,884 - selenium - INFO - Executing use test case:登录测试用例，检测未存在的账号和错误的密码，是否能阻止登录，提示信息是否准确（纯字母）
2019-10-24 07:22:50,885 - selenium - INFO - input data:name:liwanlei,pwd:liwanlei,suc:0,assert:账号不存在
