2019-10-24 04:48:52,679 - selenium - INFO - 在section：environment下读取browser的值
2019-10-24 04:48:52,680 - selenium - INFO - Read browser configuration, value：chrome
2019-10-24 04:48:52,680 - selenium - INFO - 在section：environment下读取url的值
2019-10-24 04:48:52,680 - selenium - INFO - Read url configuration, value：http://blr.9161252.com/#/home
2019-10-24 04:48:54,032 - selenium - INFO - Visit website：http://blr.9161252.com/#/home
2019-10-24 04:48:54,148 - selenium - INFO - Browser maximization
2019-10-24 04:48:54,158 - selenium - INFO - Set static wait time 10 seconds
2019-10-24 04:48:54,158 - selenium - INFO - Executing use test case:
2019-10-24 04:48:55,043 - selenium - INFO - Successful positioning of elements.Positioning method and values used：['css selector', '.close']
2019-10-24 04:48:55,094 - selenium - INFO - Successful positioning of elements.Positioning method and values used：['css selector', '.close']
2019-10-24 04:48:55,263 - selenium - INFO - Click on the element success,location method and value used：['css selector', '.close']
2019-10-24 04:48:55,290 - selenium - INFO - Successful positioning of elements.Positioning method and values used：['css selector', '.regBtn']
2019-10-24 04:48:55,356 - selenium - INFO - Click on the element success,location method and value used：['css selector', '.regBtn']
2019-10-24 04:49:01,080 - selenium - INFO - Successful positioning of elements.Positioning method and values used：['id', 'username']
2019-10-24 04:49:01,246 - selenium - INFO - Input content：enintech0
2019-10-24 04:49:01,267 - selenium - INFO - Successful positioning of elements.Positioning method and values used：['id', 'password']
2019-10-24 04:49:01,370 - selenium - INFO - Input content：12345678
2019-10-24 04:49:01,389 - selenium - INFO - Successful positioning of elements.Positioning method and values used：['id', 'passwd']
2019-10-24 04:49:01,493 - selenium - INFO - Input content：12345678
2019-10-24 04:49:01,509 - selenium - INFO - Successful positioning of elements.Positioning method and values used：['id', 'rmNum']
2019-10-24 04:49:01,621 - selenium - INFO - Input content：1234
2019-10-24 04:49:01,642 - selenium - INFO - Successful positioning of elements.Positioning method and values used：['css selector', 'span > input']
2019-10-24 04:49:01,764 - selenium - INFO - Input content：13898378887
2019-10-24 04:49:01,794 - selenium - INFO - Successful positioning of elements.Positioning method and values used：['id', 'CANCEL2']
2019-10-24 04:49:01,851 - selenium - INFO - Click on the element success,location method and value used：['id', 'CANCEL2']
2019-10-24 04:49:01,869 - selenium - INFO - Successful positioning of elements.Positioning method and values used：['id', 'OK2']
2019-10-24 04:49:01,915 - selenium - INFO - Click on the element success,location method and value used：['id', 'OK2']
2019-10-24 04:49:01,937 - selenium - INFO - Successful positioning of elements.Positioning method and values used：['css selector', '.err > span']
2019-10-24 04:49:01,971 - selenium - INFO - Obtained text：帐号6-10位数字或字母
2019-10-24 04:49:01,988 - selenium - INFO - Failure of test case execution! Reason: '帐号6-10位数字或字母' != None : Assert Verification fail：expected outcome{None} != actual results{帐号6-10位数字或字母}

2019-10-24 04:49:01,989 - selenium - INFO - Executing use test case:注册页面，检测账号字段规则（是否为必填项）
2019-10-24 04:49:01,989 - selenium - INFO - input data:username:,password:,passwd:,phone:,code:,suc:0,assert:帐号6-10位数字或字母
2019-10-24 04:49:02,004 - selenium - INFO - Successful positioning of elements.Positioning method and values used：['id', 'username']
2019-10-24 04:49:02,076 - selenium - INFO - Input content：
2019-10-24 04:49:02,088 - selenium - INFO - Successful positioning of elements.Positioning method and values used：['id', 'password']
2019-10-24 04:49:02,157 - selenium - INFO - Input content：
2019-10-24 04:49:02,171 - selenium - INFO - Successful positioning of elements.Positioning method and values used：['id', 'passwd']
2019-10-24 04:49:02,249 - selenium - INFO - Input content：
2019-10-24 04:49:02,264 - selenium - INFO - Successful positioning of elements.Positioning method and values used：['id', 'rmNum']
2019-10-24 04:49:02,345 - selenium - INFO - Input content：
2019-10-24 04:49:02,357 - selenium - INFO - Successful positioning of elements.Positioning method and values used：['css selector', 'span > input']
2019-10-24 04:49:02,440 - selenium - INFO - Input content：
2019-10-24 04:49:02,455 - selenium - INFO - Successful positioning of elements.Positioning method and values used：['id', 'OK2']
2019-10-24 04:49:02,507 - selenium - INFO - Click on the element success,location method and value used：['id', 'OK2']
2019-10-24 04:49:02,525 - selenium - INFO - Successful positioning of elements.Positioning method and values used：['css selector', '.err > span']
2019-10-24 04:49:02,541 - selenium - INFO - Obtained text：帐号6-10位数字或字母
2019-10-24 04:49:02,552 - selenium - INFO - Assert Verify success：expected outcome:{帐号6-10位数字或字母} == actual results:{帐号6-10位数字或字母}
2019-10-24 04:49:02,913 - selenium - INFO - Screenshot saved successfully!
2019-10-24 04:49:02,913 - selenium - INFO - Successful execution of test cases:注册页面，检测账号字段规则（是否为必填项）

2019-10-24 04:49:02,913 - selenium - INFO - Executing use test case:注册页面，检测账号字段规则（长度是否不能小于6位）
2019-10-24 04:49:02,913 - selenium - INFO - input data:username:12,password:,passwd:,phone:,code:,suc:0,assert:帐号6-10位数字或字母
2019-10-24 04:49:02,928 - selenium - INFO - Successful positioning of elements.Positioning method and values used：['id', 'username']
2019-10-24 04:49:02,999 - selenium - INFO - Input content：12
2019-10-24 04:49:03,015 - selenium - INFO - Successful positioning of elements.Positioning method and values used：['id', 'password']
2019-10-24 04:49:03,084 - selenium - INFO - Input content：
2019-10-24 04:49:03,098 - selenium - INFO - Successful positioning of elements.Positioning method and values used：['id', 'passwd']
2019-10-24 04:49:03,207 - selenium - INFO - Input content：
2019-10-24 04:49:03,220 - selenium - INFO - Successful positioning of elements.Positioning method and values used：['id', 'rmNum']
2019-10-24 04:49:03,292 - selenium - INFO - Input content：
2019-10-24 04:49:03,305 - selenium - INFO - Successful positioning of elements.Positioning method and values used：['css selector', 'span > input']
2019-10-24 04:49:03,375 - selenium - INFO - Input content：
2019-10-24 04:49:03,390 - selenium - INFO - Successful positioning of elements.Positioning method and values used：['id', 'OK2']
2019-10-24 04:49:03,431 - selenium - INFO - Click on the element success,location method and value used：['id', 'OK2']
2019-10-24 04:49:03,451 - selenium - INFO - Successful positioning of elements.Positioning method and values used：['css selector', '.err > span']
2019-10-24 04:49:03,472 - selenium - INFO - Obtained text：帐号6-10位数字或字母
2019-10-24 04:49:03,484 - selenium - INFO - Assert Verify success：expected outcome:{帐号6-10位数字或字母} == actual results:{帐号6-10位数字或字母}
2019-10-24 04:49:03,838 - selenium - INFO - Screenshot saved successfully!
2019-10-24 04:49:03,838 - selenium - INFO - Successful execution of test cases:注册页面，检测账号字段规则（长度是否不能小于6位）

2019-10-24 04:49:03,838 - selenium - INFO - Executing use test case:注册页面，检测账号字段规则（是否不能包含中文）
2019-10-24 04:49:03,838 - selenium - INFO - input data:username:阿斯顿但是我,password:,passwd:,phone:,code:,suc:0,assert:帐号6-10位数字或字母
2019-10-24 04:49:03,856 - selenium - INFO - Successful positioning of elements.Positioning method and values used：['id', 'username']
2019-10-24 04:49:03,950 - selenium - INFO - Input content：阿斯顿但是我
2019-10-24 04:49:03,963 - selenium - INFO - Successful positioning of elements.Positioning method and values used：['id', 'password']
2019-10-24 04:49:04,040 - selenium - INFO - Input content：
2019-10-24 04:49:04,062 - selenium - INFO - Successful positioning of elements.Positioning method and values used：['id', 'passwd']
2019-10-24 04:49:04,154 - selenium - INFO - Input content：
2019-10-24 04:49:04,172 - selenium - INFO - Successful positioning of elements.Positioning method and values used：['id', 'rmNum']
2019-10-24 04:49:04,250 - selenium - INFO - Input content：
2019-10-24 04:49:04,266 - selenium - INFO - Successful positioning of elements.Positioning method and values used：['css selector', 'span > input']
2019-10-24 04:49:04,331 - selenium - INFO - Input content：
2019-10-24 04:49:04,342 - selenium - INFO - Successful positioning of elements.Positioning method and values used：['id', 'OK2']
2019-10-24 04:49:04,381 - selenium - INFO - Click on the element success,location method and value used：['id', 'OK2']
2019-10-24 04:49:04,398 - selenium - INFO - Successful positioning of elements.Positioning method and values used：['css selector', '.err > span']
2019-10-24 04:49:04,414 - selenium - INFO - Obtained text：帐号6-10位数字或字母
2019-10-24 04:49:04,425 - selenium - INFO - Assert Verify success：expected outcome:{帐号6-10位数字或字母} == actual results:{帐号6-10位数字或字母}
2019-10-24 04:49:04,781 - selenium - INFO - Screenshot saved successfully!
2019-10-24 04:49:04,781 - selenium - INFO - Successful execution of test cases:注册页面，检测账号字段规则（是否不能包含中文）

2019-10-24 04:49:04,781 - selenium - INFO - Executing use test case:注册页面，检测账号字段规则（是否不能包含特殊字符）
2019-10-24 04:49:04,781 - selenium - INFO - input data:username:*&#123abc,password:,passwd:,phone:,code:,suc:0,assert:帐号6-10位数字或字母
2019-10-24 04:49:04,796 - selenium - INFO - Successful positioning of elements.Positioning method and values used：['id', 'username']
2019-10-24 04:49:04,892 - selenium - INFO - Input content：*&#123abc
2019-10-24 04:49:04,907 - selenium - INFO - Successful positioning of elements.Positioning method and values used：['id', 'password']
2019-10-24 04:49:04,976 - selenium - INFO - Input content：
2019-10-24 04:49:04,998 - selenium - INFO - Successful positioning of elements.Positioning method and values used：['id', 'passwd']
2019-10-24 04:49:05,090 - selenium - INFO - Input content：
2019-10-24 04:49:05,106 - selenium - INFO - Successful positioning of elements.Positioning method and values used：['id', 'rmNum']
2019-10-24 04:49:05,173 - selenium - INFO - Input content：
2019-10-24 04:49:05,186 - selenium - INFO - Successful positioning of elements.Positioning method and values used：['css selector', 'span > input']
2019-10-24 04:49:05,288 - selenium - INFO - Input content：
2019-10-24 04:49:05,305 - selenium - INFO - Successful positioning of elements.Positioning method and values used：['id', 'OK2']
2019-10-24 04:49:05,348 - selenium - INFO - Click on the element success,location method and value used：['id', 'OK2']
2019-10-24 04:49:05,360 - selenium - INFO - Successful positioning of elements.Positioning method and values used：['css selector', '.err > span']
2019-10-24 04:49:05,374 - selenium - INFO - Obtained text：帐号6-10位数字或字母
2019-10-24 04:49:05,385 - selenium - INFO - Assert Verify success：expected outcome:{帐号6-10位数字或字母} == actual results:{帐号6-10位数字或字母}
2019-10-24 04:49:05,720 - selenium - INFO - Screenshot saved successfully!
2019-10-24 04:49:05,720 - selenium - INFO - Successful execution of test cases:注册页面，检测账号字段规则（是否不能包含特殊字符）

2019-10-24 04:49:05,720 - selenium - INFO - Executing use test case:注册页面，检测账号字段规则（长度是否不能小于6位）
2019-10-24 04:49:05,721 - selenium - INFO - input data:username:123as,password:,passwd:,phone:,code:,suc:0,assert:帐号6-10位数字或字母
2019-10-24 04:49:05,741 - selenium - INFO - Successful positioning of elements.Positioning method and values used：['id', 'username']
2019-10-24 04:49:05,859 - selenium - INFO - Input content：123as
2019-10-24 04:49:05,872 - selenium - INFO - Successful positioning of elements.Positioning method and values used：['id', 'password']
2019-10-24 04:49:05,957 - selenium - INFO - Input content：
2019-10-24 04:49:05,983 - selenium - INFO - Successful positioning of elements.Positioning method and values used：['id', 'passwd']
2019-10-24 04:49:06,061 - selenium - INFO - Input content：
2019-10-24 04:49:06,073 - selenium - INFO - Successful positioning of elements.Positioning method and values used：['id', 'rmNum']
2019-10-24 04:49:06,143 - selenium - INFO - Input content：
2019-10-24 04:49:06,155 - selenium - INFO - Successful positioning of elements.Positioning method and values used：['css selector', 'span > input']
2019-10-24 04:49:06,234 - selenium - INFO - Input content：
2019-10-24 04:49:06,253 - selenium - INFO - Successful positioning of elements.Positioning method and values used：['id', 'OK2']
2019-10-24 04:49:06,299 - selenium - INFO - Click on the element success,location method and value used：['id', 'OK2']
2019-10-24 04:49:06,314 - selenium - INFO - Successful positioning of elements.Positioning method and values used：['css selector', '.err > span']
2019-10-24 04:49:06,332 - selenium - INFO - Obtained text：帐号6-10位数字或字母
2019-10-24 04:49:06,343 - selenium - INFO - Assert Verify success：expected outcome:{帐号6-10位数字或字母} == actual results:{帐号6-10位数字或字母}
2019-10-24 04:49:06,669 - selenium - INFO - Screenshot saved successfully!
2019-10-24 04:49:06,669 - selenium - INFO - Successful execution of test cases:注册页面，检测账号字段规则（长度是否不能小于6位）

2019-10-24 04:49:06,669 - selenium - INFO - Executing use test case:注册页面，检测密码字段规则（是否为必填项）
2019-10-24 04:49:06,669 - selenium - INFO - input data:username:Entech9999,password:,passwd:,phone:,code:,suc:0,assert:密码8-20位数字或字母
2019-10-24 04:49:06,682 - selenium - INFO - Successful positioning of elements.Positioning method and values used：['id', 'username']
2019-10-24 04:49:06,790 - selenium - INFO - Input content：Entech9999
2019-10-24 04:49:06,803 - selenium - INFO - Successful positioning of elements.Positioning method and values used：['id', 'password']
2019-10-24 04:49:06,859 - selenium - INFO - Input content：
2019-10-24 04:49:06,875 - selenium - INFO - Successful positioning of elements.Positioning method and values used：['id', 'passwd']
2019-10-24 04:49:06,979 - selenium - INFO - Input content：
2019-10-24 04:49:06,991 - selenium - INFO - Successful positioning of elements.Positioning method and values used：['id', 'rmNum']
2019-10-24 04:49:07,058 - selenium - INFO - Input content：
2019-10-24 04:49:07,072 - selenium - INFO - Successful positioning of elements.Positioning method and values used：['css selector', 'span > input']
2019-10-24 04:49:07,154 - selenium - INFO - Input content：
2019-10-24 04:49:07,166 - selenium - INFO - Successful positioning of elements.Positioning method and values used：['id', 'OK2']
2019-10-24 04:49:07,197 - selenium - INFO - Click on the element success,location method and value used：['id', 'OK2']
2019-10-24 04:49:07,208 - selenium - INFO - Successful positioning of elements.Positioning method and values used：['css selector', '.err > span']
2019-10-24 04:49:07,225 - selenium - INFO - Obtained text：密码8-20位数字或字母
2019-10-24 04:49:07,237 - selenium - INFO - Assert Verify success：expected outcome:{密码8-20位数字或字母} == actual results:{密码8-20位数字或字母}
2019-10-24 04:49:07,569 - selenium - INFO - Screenshot saved successfully!
2019-10-24 04:49:07,569 - selenium - INFO - Successful execution of test cases:注册页面，检测密码字段规则（是否为必填项）

2019-10-24 04:49:07,569 - selenium - INFO - Executing use test case:注册页面，检测验证码字段规则（是否为必填项）
2019-10-24 04:49:07,569 - selenium - INFO - input data:username:Entech9999,password:12345678,passwd:12345678,phone:,code:,suc:0,assert:请输入验证码
2019-10-24 04:49:07,581 - selenium - INFO - Successful positioning of elements.Positioning method and values used：['id', 'username']
2019-10-24 04:49:07,675 - selenium - INFO - Input content：Entech9999
2019-10-24 04:49:07,686 - selenium - INFO - Successful positioning of elements.Positioning method and values used：['id', 'password']
2019-10-24 04:49:07,781 - selenium - INFO - Input content：12345678
2019-10-24 04:49:07,796 - selenium - INFO - Successful positioning of elements.Positioning method and values used：['id', 'passwd']
2019-10-24 04:49:07,898 - selenium - INFO - Input content：12345678
2019-10-24 04:49:07,915 - selenium - INFO - Successful positioning of elements.Positioning method and values used：['id', 'rmNum']
2019-10-24 04:49:07,975 - selenium - INFO - Input content：
2019-10-24 04:49:07,992 - selenium - INFO - Successful positioning of elements.Positioning method and values used：['css selector', 'span > input']
2019-10-24 04:49:08,063 - selenium - INFO - Input content：
2019-10-24 04:49:08,081 - selenium - INFO - Successful positioning of elements.Positioning method and values used：['id', 'OK2']
2019-10-24 04:49:08,131 - selenium - INFO - Click on the element success,location method and value used：['id', 'OK2']
2019-10-24 04:49:08,142 - selenium - INFO - Successful positioning of elements.Positioning method and values used：['css selector', '.err > span']
2019-10-24 04:49:08,156 - selenium - INFO - Obtained text：请输入验证码
2019-10-24 04:49:08,170 - selenium - INFO - Assert Verify success：expected outcome:{请输入验证码} == actual results:{请输入验证码}
2019-10-24 04:49:08,522 - selenium - INFO - Screenshot saved successfully!
2019-10-24 04:49:08,523 - selenium - INFO - Successful execution of test cases:注册页面，检测验证码字段规则（是否为必填项）

2019-10-24 04:49:08,523 - selenium - INFO - Executing use test case:注册页面，检测手机号字段规则（是否为必填项）
2019-10-24 04:49:08,523 - selenium - INFO - input data:username:Entech9999,password:12345678,passwd:12345678,phone:1233,code:,suc:0,assert:请输入手机号
2019-10-24 04:49:08,538 - selenium - INFO - Successful positioning of elements.Positioning method and values used：['id', 'username']
2019-10-24 04:49:08,640 - selenium - INFO - Input content：Entech9999
2019-10-24 04:49:08,651 - selenium - INFO - Successful positioning of elements.Positioning method and values used：['id', 'password']
2019-10-24 04:49:08,802 - selenium - INFO - Input content：12345678
2019-10-24 04:49:08,819 - selenium - INFO - Successful positioning of elements.Positioning method and values used：['id', 'passwd']
2019-10-24 04:49:08,916 - selenium - INFO - Input content：12345678
2019-10-24 04:49:08,931 - selenium - INFO - Successful positioning of elements.Positioning method and values used：['id', 'rmNum']
2019-10-24 04:49:09,023 - selenium - INFO - Input content：1233
2019-10-24 04:49:09,035 - selenium - INFO - Successful positioning of elements.Positioning method and values used：['css selector', 'span > input']
2019-10-24 04:49:09,092 - selenium - INFO - Input content：
2019-10-24 04:49:09,106 - selenium - INFO - Successful positioning of elements.Positioning method and values used：['id', 'OK2']
2019-10-24 04:49:09,155 - selenium - INFO - Click on the element success,location method and value used：['id', 'OK2']
2019-10-24 04:49:09,178 - selenium - INFO - Successful positioning of elements.Positioning method and values used：['css selector', '.err > span']
2019-10-24 04:49:09,195 - selenium - INFO - Obtained text：请输入手机号
2019-10-24 04:49:09,207 - selenium - INFO - Assert Verify success：expected outcome:{请输入手机号} == actual results:{请输入手机号}
2019-10-24 04:49:09,560 - selenium - INFO - Screenshot saved successfully!
2019-10-24 04:49:09,560 - selenium - INFO - Successful execution of test cases:注册页面，检测手机号字段规则（是否为必填项）

2019-10-24 04:49:09,560 - selenium - INFO - Executing use test case:注册页面，检测密码字段规则（最小长度是否为8位）
2019-10-24 04:49:09,560 - selenium - INFO - input data:username:Entech9999,password:12345,passwd:12345,phone:1233,code:11144434443,suc:0,assert:密码 的最小长度为 8 字符
2019-10-24 04:49:09,576 - selenium - INFO - Successful positioning of elements.Positioning method and values used：['id', 'username']
2019-10-24 04:49:09,679 - selenium - INFO - Input content：Entech9999
2019-10-24 04:49:09,692 - selenium - INFO - Successful positioning of elements.Positioning method and values used：['id', 'password']
2019-10-24 04:49:09,805 - selenium - INFO - Input content：12345
2019-10-24 04:49:09,820 - selenium - INFO - Successful positioning of elements.Positioning method and values used：['id', 'passwd']
2019-10-24 04:49:09,925 - selenium - INFO - Input content：12345
2019-10-24 04:49:09,938 - selenium - INFO - Successful positioning of elements.Positioning method and values used：['id', 'rmNum']
2019-10-24 04:49:10,034 - selenium - INFO - Input content：1233
2019-10-24 04:49:10,047 - selenium - INFO - Successful positioning of elements.Positioning method and values used：['css selector', 'span > input']
2019-10-24 04:49:10,148 - selenium - INFO - Input content：11144434443
2019-10-24 04:49:10,161 - selenium - INFO - Successful positioning of elements.Positioning method and values used：['id', 'OK2']
2019-10-24 04:49:10,199 - selenium - INFO - Click on the element success,location method and value used：['id', 'OK2']
2019-10-24 04:49:21,239 - selenium - ERROR - Failure of test case execution! Reason：Message: 

2019-10-24 04:49:21,580 - selenium - INFO - Executing use test case:注册页面，检测密码字段规则（最小长度是否为8位）
2019-10-24 04:49:21,580 - selenium - INFO - input data:username:Entech9999,password:1234,passwd:1234,phone:1233,code:11144434443,suc:0,assert:密码8-20位数字或字母
2019-10-24 04:49:21,594 - selenium - INFO - Successful positioning of elements.Positioning method and values used：['id', 'username']
2019-10-24 04:49:21,699 - selenium - INFO - Input content：Entech9999
2019-10-24 04:49:21,711 - selenium - INFO - Successful positioning of elements.Positioning method and values used：['id', 'password']
2019-10-24 04:49:21,809 - selenium - INFO - Input content：1234
2019-10-24 04:49:21,831 - selenium - INFO - Successful positioning of elements.Positioning method and values used：['id', 'passwd']
2019-10-24 04:49:21,922 - selenium - INFO - Input content：1234
2019-10-24 04:49:21,933 - selenium - INFO - Successful positioning of elements.Positioning method and values used：['id', 'rmNum']
2019-10-24 04:49:22,022 - selenium - INFO - Input content：1233
2019-10-24 04:49:22,039 - selenium - INFO - Successful positioning of elements.Positioning method and values used：['css selector', 'span > input']
2019-10-24 04:49:22,143 - selenium - INFO - Input content：11144434443
2019-10-24 04:49:22,157 - selenium - INFO - Successful positioning of elements.Positioning method and values used：['id', 'OK2']
2019-10-24 04:49:22,198 - selenium - INFO - Click on the element success,location method and value used：['id', 'OK2']
2019-10-24 04:49:22,211 - selenium - INFO - Successful positioning of elements.Positioning method and values used：['css selector', '.err > span']
2019-10-24 04:49:22,230 - selenium - INFO - Obtained text：密码8-20位数字或字母
2019-10-24 04:49:22,244 - selenium - INFO - Assert Verify success：expected outcome:{密码8-20位数字或字母} == actual results:{密码8-20位数字或字母}
2019-10-24 04:49:22,585 - selenium - INFO - Screenshot saved successfully!
2019-10-24 04:49:22,585 - selenium - INFO - Successful execution of test cases:注册页面，检测密码字段规则（最小长度是否为8位）

2019-10-24 04:49:22,585 - selenium - INFO - Executing use test case:注册页面，检测手机号字段规则（手机格式）
2019-10-24 04:49:22,585 - selenium - INFO - input data:username:Entech9999,password:12345678,passwd:12345678,phone:1233,code:11144434443,suc:0,assert:请填写正确的手机号码.
2019-10-24 04:49:22,599 - selenium - INFO - Successful positioning of elements.Positioning method and values used：['id', 'username']
2019-10-24 04:49:22,695 - selenium - INFO - Input content：Entech9999
2019-10-24 04:49:22,722 - selenium - INFO - Successful positioning of elements.Positioning method and values used：['id', 'password']
2019-10-24 04:49:22,845 - selenium - INFO - Input content：12345678
2019-10-24 04:49:22,860 - selenium - INFO - Successful positioning of elements.Positioning method and values used：['id', 'passwd']
2019-10-24 04:49:22,973 - selenium - INFO - Input content：12345678
2019-10-24 04:49:22,985 - selenium - INFO - Successful positioning of elements.Positioning method and values used：['id', 'rmNum']
2019-10-24 04:49:23,069 - selenium - INFO - Input content：1233
2019-10-24 04:49:23,082 - selenium - INFO - Successful positioning of elements.Positioning method and values used：['css selector', 'span > input']
2019-10-24 04:49:23,190 - selenium - INFO - Input content：11144434443
2019-10-24 04:49:23,206 - selenium - INFO - Successful positioning of elements.Positioning method and values used：['id', 'OK2']
2019-10-24 04:49:23,248 - selenium - INFO - Click on the element success,location method and value used：['id', 'OK2']
2019-10-24 04:49:23,447 - selenium - INFO - Successful positioning of elements.Positioning method and values used：['css selector', '.err > span']
2019-10-24 04:49:23,481 - selenium - INFO - Obtained text：请填写正确的手机号码.
2019-10-24 04:49:23,497 - selenium - INFO - Assert Verify success：expected outcome:{请填写正确的手机号码.} == actual results:{请填写正确的手机号码.}
2019-10-24 04:49:23,819 - selenium - INFO - Screenshot saved successfully!
2019-10-24 04:49:23,820 - selenium - INFO - Successful execution of test cases:注册页面，检测手机号字段规则（手机格式）

2019-10-24 04:49:23,820 - selenium - INFO - Executing use test case:注册页面，检测密码字段规则（是否区分密码字母大小写）
2019-10-24 04:49:23,820 - selenium - INFO - input data:username:Entech9999,password:1234567a,passwd:1234567A,phone:1233,code:13944434443,suc:0,assert:两次密码不一致
2019-10-24 04:49:23,832 - selenium - INFO - Successful positioning of elements.Positioning method and values used：['id', 'username']
2019-10-24 04:49:23,944 - selenium - INFO - Input content：Entech9999
2019-10-24 04:49:23,955 - selenium - INFO - Successful positioning of elements.Positioning method and values used：['id', 'password']
2019-10-24 04:49:24,097 - selenium - INFO - Input content：1234567a
2019-10-24 04:49:24,124 - selenium - INFO - Successful positioning of elements.Positioning method and values used：['id', 'passwd']
2019-10-24 04:49:24,220 - selenium - INFO - Input content：1234567A
2019-10-24 04:49:24,232 - selenium - INFO - Successful positioning of elements.Positioning method and values used：['id', 'rmNum']
2019-10-24 04:49:24,316 - selenium - INFO - Input content：1233
2019-10-24 04:49:24,329 - selenium - INFO - Successful positioning of elements.Positioning method and values used：['css selector', 'span > input']
2019-10-24 04:49:24,433 - selenium - INFO - Input content：13944434443
2019-10-24 04:49:24,446 - selenium - INFO - Successful positioning of elements.Positioning method and values used：['id', 'OK2']
2019-10-24 04:49:24,498 - selenium - INFO - Click on the element success,location method and value used：['id', 'OK2']
2019-10-24 04:49:24,520 - selenium - INFO - Successful positioning of elements.Positioning method and values used：['css selector', '.err > span']
2019-10-24 04:49:24,540 - selenium - INFO - Obtained text：两次密码不一致
2019-10-24 04:49:24,555 - selenium - INFO - Assert Verify success：expected outcome:{两次密码不一致} == actual results:{两次密码不一致}
2019-10-24 04:49:24,895 - selenium - INFO - Screenshot saved successfully!
2019-10-24 04:49:24,895 - selenium - INFO - Successful execution of test cases:注册页面，检测密码字段规则（是否区分密码字母大小写）

2019-10-24 04:49:24,895 - selenium - INFO - Executing use test case:注册页面，检测是否能阻止重复注册
2019-10-24 04:49:24,895 - selenium - INFO - input data:username:enintech0,password:987456123,passwd:987456123,phone:1233,code:13944434443,suc:0,assert:帐号已存在
2019-10-24 04:49:24,912 - selenium - INFO - Successful positioning of elements.Positioning method and values used：['id', 'username']
2019-10-24 04:49:25,001 - selenium - INFO - Input content：enintech0
2019-10-24 04:49:25,014 - selenium - INFO - Successful positioning of elements.Positioning method and values used：['id', 'password']
2019-10-24 04:49:25,095 - selenium - INFO - Input content：987456123
2019-10-24 04:49:25,116 - selenium - INFO - Successful positioning of elements.Positioning method and values used：['id', 'passwd']
2019-10-24 04:49:25,244 - selenium - INFO - Input content：987456123
2019-10-24 04:49:25,255 - selenium - INFO - Successful positioning of elements.Positioning method and values used：['id', 'rmNum']
2019-10-24 04:49:25,334 - selenium - INFO - Input content：1233
2019-10-24 04:49:25,347 - selenium - INFO - Successful positioning of elements.Positioning method and values used：['css selector', 'span > input']
2019-10-24 04:49:25,446 - selenium - INFO - Input content：13944434443
2019-10-24 04:49:25,459 - selenium - INFO - Successful positioning of elements.Positioning method and values used：['id', 'OK2']
2019-10-24 04:49:25,497 - selenium - INFO - Click on the element success,location method and value used：['id', 'OK2']
2019-10-24 04:49:25,567 - selenium - INFO - Successful positioning of elements.Positioning method and values used：['css selector', '.err > span']
2019-10-24 04:49:25,589 - selenium - INFO - Obtained text：帐号已存在
2019-10-24 04:49:25,603 - selenium - INFO - Assert Verify success：expected outcome:{帐号已存在} == actual results:{帐号已存在}
2019-10-24 04:49:25,930 - selenium - INFO - Screenshot saved successfully!
2019-10-24 04:49:25,931 - selenium - INFO - Successful execution of test cases:注册页面，检测是否能阻止重复注册

2019-10-24 04:49:25,931 - selenium - INFO - Executing use test case:注册页面，检测验证码字段规则（错误验证码是否阻止注册）
2019-10-24 04:49:25,931 - selenium - INFO - input data:username:Entech9999,password:1234567a,passwd:1234567a,phone:1111,code:13944434443,suc:0,assert:验证码错误
2019-10-24 04:49:25,943 - selenium - INFO - Successful positioning of elements.Positioning method and values used：['id', 'username']
2019-10-24 04:49:26,050 - selenium - INFO - Input content：Entech9999
2019-10-24 04:49:26,063 - selenium - INFO - Successful positioning of elements.Positioning method and values used：['id', 'password']
2019-10-24 04:49:26,189 - selenium - INFO - Input content：1234567a
2019-10-24 04:49:26,215 - selenium - INFO - Successful positioning of elements.Positioning method and values used：['id', 'passwd']
2019-10-24 04:49:26,299 - selenium - INFO - Input content：1234567a
2019-10-24 04:49:26,315 - selenium - INFO - Successful positioning of elements.Positioning method and values used：['id', 'rmNum']
2019-10-24 04:49:26,399 - selenium - INFO - Input content：1111
2019-10-24 04:49:26,422 - selenium - INFO - Successful positioning of elements.Positioning method and values used：['css selector', 'span > input']
2019-10-24 04:49:26,525 - selenium - INFO - Input content：13944434443
2019-10-24 04:49:26,536 - selenium - INFO - Successful positioning of elements.Positioning method and values used：['id', 'OK2']
2019-10-24 04:49:26,581 - selenium - INFO - Click on the element success,location method and value used：['id', 'OK2']
2019-10-24 04:49:30,207 - selenium - INFO - Successful positioning of elements.Positioning method and values used：['css selector', '.err > span']
2019-10-24 04:49:30,223 - selenium - INFO - Obtained text：帐号已存在
2019-10-24 04:49:30,581 - selenium - ERROR - Failure of test case execution! Reason: '帐号已存在' != '验证码错误'
- 帐号已存在
+ 验证码错误
 : Assert Verification fail：expected outcome{验证码错误} != actual results{帐号已存在}

2019-10-24 04:49:30,902 - selenium - INFO - Executing use test case:检测是否能够成功注册账号
2019-10-24 04:49:30,915 - selenium - INFO - Successful positioning of elements.Positioning method and values used：['id', 'username']
2019-10-24 04:49:31,020 - selenium - INFO - Input content：enintech34
2019-10-24 04:49:31,033 - selenium - INFO - Successful positioning of elements.Positioning method and values used：['id', 'password']
2019-10-24 04:49:31,163 - selenium - INFO - Input content：12345678
2019-10-24 04:49:31,192 - selenium - INFO - Successful positioning of elements.Positioning method and values used：['id', 'passwd']
2019-10-24 04:49:31,279 - selenium - INFO - Input content：12345678
2019-10-24 04:49:31,291 - selenium - INFO - Successful positioning of elements.Positioning method and values used：['css selector', 'span > input']
2019-10-24 04:49:31,378 - selenium - INFO - Input content：13988889999
2019-10-24 04:49:34,214 - selenium - INFO - Forced wait 2 second
2019-10-24 04:49:34,229 - selenium - INFO - Successful positioning of elements.Positioning method and values used：['id', 'rmNum']
2019-10-24 04:49:34,320 - selenium - INFO - Input content：7454
2019-10-24 04:49:34,338 - selenium - INFO - Successful positioning of elements.Positioning method and values used：['id', 'OK2']
2019-10-24 04:49:34,380 - selenium - INFO - Click on the element success,location method and value used：['id', 'OK2']
2019-10-24 04:49:36,383 - selenium - INFO - Forced wait 2 second
2019-10-24 04:49:47,430 - selenium - INFO - Successful positioning of elements.Positioning method and values used：['css selector', 'form > p:nth-child(1)']
2019-10-24 04:49:47,447 - selenium - INFO - Obtained text：帐号：enintech34
2019-10-24 04:49:47,461 - selenium - INFO - 帐号：enintech34
2019-10-24 04:49:47,710 - selenium - INFO - Screenshot saved successfully!
2019-10-24 04:49:48,012 - selenium - INFO - Successful execution of test cases:检测是否能够成功注册账号

2019-10-24 04:49:48,070 - selenium - INFO - 在section：environment下读取browser的值
2019-10-24 04:49:48,070 - selenium - INFO - Read browser configuration, value：chrome
2019-10-24 04:49:48,070 - selenium - INFO - 在section：environment下读取url的值
2019-10-24 04:49:48,070 - selenium - INFO - Read url configuration, value：http://blr.9161252.com/#/home
2019-10-24 04:49:49,454 - selenium - INFO - Visit website：http://blr.9161252.com/#/home
2019-10-24 04:49:49,566 - selenium - INFO - Browser maximization
2019-10-24 04:49:49,574 - selenium - INFO - Set static wait time 10 seconds
2019-10-24 04:49:49,574 - selenium - INFO - Executing test cases：新注册会员，验证系统消息是否正确
2019-10-24 04:49:50,490 - selenium - INFO - Successful positioning of elements.Positioning method and values used：['css selector', '.close']
2019-10-24 04:49:50,524 - selenium - INFO - Successful positioning of elements.Positioning method and values used：['css selector', '.close']
2019-10-24 04:49:50,719 - selenium - INFO - Click on the element success,location method and value used：['css selector', '.close']
2019-10-24 04:49:50,833 - selenium - INFO - Successful positioning of elements.Positioning method and values used：['css selector', '.input-bg:nth-child(1)']
2019-10-24 04:49:51,177 - selenium - INFO - Input content：enintech34
2019-10-24 04:49:51,235 - selenium - INFO - Successful positioning of elements.Positioning method and values used：['id', 'txtFacade']
2019-10-24 04:49:51,728 - selenium - INFO - Input content：12345678
