2019-10-24 07:07:41,783 - selenium - INFO - 在section：environment下读取browser的值
2019-10-24 07:07:41,783 - selenium - INFO - Read browser configuration, value：chrome
2019-10-24 07:07:41,783 - selenium - INFO - 在section：environment下读取url的值
2019-10-24 07:07:41,784 - selenium - INFO - Read url configuration, value：http://blr.9161252.com/#/home
2019-10-24 07:07:44,039 - selenium - INFO - Visit website：http://blr.9161252.com/#/home
2019-10-24 07:07:44,170 - selenium - INFO - Browser maximization
2019-10-24 07:07:44,180 - selenium - INFO - Set static wait time 10 seconds
2019-10-24 07:07:44,180 - selenium - INFO - Executing test cases：访问关于我们页面
2019-10-24 07:07:45,815 - selenium - INFO - Successful positioning of elements.Positioning method and values used：['css selector', '.close']
2019-10-24 07:07:47,362 - selenium - INFO - Successful positioning of elements.Positioning method and values used：['css selector', '.close']
2019-10-24 07:07:47,852 - selenium - INFO - Click on the element success,location method and value used：['css selector', '.close']
2019-10-24 07:07:48,854 - selenium - INFO - Forced wait 1 second
2019-10-24 07:07:48,934 - selenium - INFO - Successful positioning of elements.Positioning method and values used：['xpath', "//a[contains(text(),'关于我们')]"]
2019-10-24 07:07:50,151 - selenium - INFO - Click on the element success,location method and value used：['xpath', "//a[contains(text(),'关于我们')]"]
2019-10-24 07:07:50,409 - selenium - INFO - Successful positioning of elements.Positioning method and values used：['css selector', '.gywm_nr:nth-child(2) > .gywm_tit > p']
2019-10-24 07:07:50,434 - selenium - INFO - Obtained text：关于我们
2019-10-24 07:07:50,469 - selenium - INFO - Assert Verify success：expected outcome:{关于我们} == actual results:{关于我们}
2019-10-24 07:07:52,108 - selenium - INFO - Screenshot saved successfully!
2019-10-24 07:07:52,108 - selenium - INFO - Successful execution of test cases：访问关于我们页面

2019-10-24 07:07:52,108 - selenium - INFO - Executing use test case:访问代理加盟页面,默认为金字塔代理模式
2019-10-24 07:07:52,148 - selenium - INFO - Successful positioning of elements.Positioning method and values used：['xpath', "//a[contains(text(),'合作伙伴')]"]
2019-10-24 07:07:52,960 - selenium - INFO - Click on the element success,location method and value used：['xpath', "//a[contains(text(),'合作伙伴')]"]
2019-10-24 07:07:53,027 - selenium - INFO - Successful positioning of elements.Positioning method and values used：['css selector', '.menu_one_li:nth-child(1)']
2019-10-24 07:07:53,068 - selenium - INFO - Obtained text：金字塔代理模式
2019-10-24 07:07:53,105 - selenium - INFO - Assert Verify success：expected outcome:{金字塔代理模式} == actual results:{金字塔代理模式}
2019-10-24 07:07:53,906 - selenium - INFO - Screenshot saved successfully!
2019-10-24 07:07:53,906 - selenium - INFO - Successful execution of test cases:访问代理加盟页面,默认为金字塔代理模式

2019-10-24 07:07:53,906 - selenium - INFO - Executing use test case:访问金字塔代理教程相关页面
2019-10-24 07:07:53,941 - selenium - INFO - Successful positioning of elements.Positioning method and values used：['css selector', '.menu_one_li:nth-child(2)']
2019-10-24 07:07:54,080 - selenium - INFO - Click on the element success,location method and value used：['css selector', '.menu_one_li:nth-child(2)']
2019-10-24 07:07:54,179 - selenium - INFO - Successful positioning of elements.Positioning method and values used：['class name', 'menu_two']
2019-10-24 07:07:54,376 - selenium - INFO - Click on the element success,location method and value used：['class name', 'menu_two']
2019-10-24 07:07:55,147 - selenium - INFO - Screenshot saved successfully!
2019-10-24 07:07:55,147 - selenium - INFO - 如何邀请注册帐号
2019-10-24 07:07:55,148 - selenium - INFO - Successful execution of test cases:访问金字塔代理教程相关页面

2019-10-24 07:07:55,196 - selenium - INFO - Successful positioning of elements.Positioning method and values used：['class name', 'menu_two']
2019-10-24 07:07:55,289 - selenium - INFO - Click on the element success,location method and value used：['class name', 'menu_two']
2019-10-24 07:07:55,893 - selenium - INFO - Screenshot saved successfully!
2019-10-24 07:07:55,893 - selenium - INFO - 如何进入代理中心
2019-10-24 07:07:55,894 - selenium - INFO - Successful execution of test cases:访问金字塔代理教程相关页面

2019-10-24 07:07:55,915 - selenium - INFO - Successful positioning of elements.Positioning method and values used：['class name', 'menu_two']
2019-10-24 07:07:56,057 - selenium - INFO - Click on the element success,location method and value used：['class name', 'menu_two']
2019-10-24 07:07:56,895 - selenium - INFO - Screenshot saved successfully!
2019-10-24 07:07:56,895 - selenium - INFO - 如何生成邀链接
2019-10-24 07:07:56,895 - selenium - INFO - Successful execution of test cases:访问金字塔代理教程相关页面

2019-10-24 07:07:56,921 - selenium - INFO - Successful positioning of elements.Positioning method and values used：['class name', 'menu_two']
2019-10-24 07:07:57,019 - selenium - INFO - Click on the element success,location method and value used：['class name', 'menu_two']
2019-10-24 07:07:57,589 - selenium - INFO - Screenshot saved successfully!
2019-10-24 07:07:57,590 - selenium - INFO - 如何管理邀链接
2019-10-24 07:07:57,590 - selenium - INFO - Successful execution of test cases:访问金字塔代理教程相关页面

2019-10-24 07:07:57,628 - selenium - INFO - Successful positioning of elements.Positioning method and values used：['class name', 'menu_two']
2019-10-24 07:07:57,745 - selenium - INFO - Click on the element success,location method and value used：['class name', 'menu_two']
2019-10-24 07:07:58,391 - selenium - INFO - Screenshot saved successfully!
2019-10-24 07:07:58,391 - selenium - INFO - 如何查看下级人数
2019-10-24 07:07:58,392 - selenium - INFO - Successful execution of test cases:访问金字塔代理教程相关页面

2019-10-24 07:07:58,415 - selenium - INFO - Successful positioning of elements.Positioning method and values used：['class name', 'menu_two']
2019-10-24 07:07:58,521 - selenium - INFO - Click on the element success,location method and value used：['class name', 'menu_two']
2019-10-24 07:07:59,107 - selenium - INFO - Screenshot saved successfully!
2019-10-24 07:07:59,107 - selenium - INFO - 如何查看下级列表
2019-10-24 07:07:59,107 - selenium - INFO - Successful execution of test cases:访问金字塔代理教程相关页面

2019-10-24 07:07:59,137 - selenium - INFO - Successful positioning of elements.Positioning method and values used：['class name', 'menu_two']
2019-10-24 07:07:59,257 - selenium - INFO - Click on the element success,location method and value used：['class name', 'menu_two']
2019-10-24 07:08:00,305 - selenium - INFO - Screenshot saved successfully!
2019-10-24 07:08:00,305 - selenium - INFO - 如何查看下级财务
2019-10-24 07:08:00,305 - selenium - INFO - Successful execution of test cases:访问金字塔代理教程相关页面

2019-10-24 07:08:00,325 - selenium - INFO - Successful positioning of elements.Positioning method and values used：['class name', 'menu_two']
2019-10-24 07:08:00,401 - selenium - INFO - Click on the element success,location method and value used：['class name', 'menu_two']
2019-10-24 07:08:00,957 - selenium - INFO - Screenshot saved successfully!
2019-10-24 07:08:00,957 - selenium - INFO - 如何查看代理受益
2019-10-24 07:08:00,957 - selenium - INFO - Successful execution of test cases:访问金字塔代理教程相关页面

2019-10-24 07:08:00,991 - selenium - INFO - Successful positioning of elements.Positioning method and values used：['class name', 'menu_two']
2019-10-24 07:08:01,087 - selenium - INFO - Click on the element success,location method and value used：['class name', 'menu_two']
2019-10-24 07:08:01,719 - selenium - INFO - Screenshot saved successfully!
2019-10-24 07:08:01,720 - selenium - INFO - 如何查看下级报表
2019-10-24 07:08:01,720 - selenium - INFO - Successful execution of test cases:访问金字塔代理教程相关页面

2019-10-24 07:08:01,743 - selenium - INFO - Successful positioning of elements.Positioning method and values used：['class name', 'menu_two']
2019-10-24 07:08:01,816 - selenium - INFO - Click on the element success,location method and value used：['class name', 'menu_two']
2019-10-24 07:08:02,532 - selenium - INFO - Screenshot saved successfully!
2019-10-24 07:08:02,535 - selenium - INFO - 如何查看报表总汇
2019-10-24 07:08:02,535 - selenium - INFO - Successful execution of test cases:访问金字塔代理教程相关页面

2019-10-24 07:08:05,832 - selenium - INFO - 在section：copy下读取pro_copy的值
2019-10-24 07:08:05,833 - selenium - INFO - 在section：reports下读取pro的值
2019-10-24 07:08:08,697 - selenium - INFO - 在section：title下读取pro的值
2019-10-24 07:08:08,698 - selenium - INFO - 在section：environment下读取url的值
2019-10-24 07:08:08,838 - selenium - INFO - 在section：telegram下读取token的值
2019-10-24 07:08:08,838 - selenium - INFO - 在section：telegram下读取chat_id的值
