2019-10-24 02:47:23,999 - selenium - INFO - 在section：environment下读取browser的值
2019-10-24 02:47:23,999 - selenium - INFO - Read browser configuration, value：chrome
2019-10-24 02:47:23,999 - selenium - INFO - 在section：environment下读取url的值
2019-10-24 02:47:23,999 - selenium - INFO - Read url configuration, value：http://blr.9161252.com
2019-10-24 02:47:26,235 - selenium - INFO - Visit website：http://blr.9161252.com
2019-10-24 02:47:26,354 - selenium - INFO - Browser maximization
2019-10-24 02:47:26,371 - selenium - INFO - Set static wait time 10 seconds
2019-10-24 02:47:26,371 - selenium - INFO - Executing use test case:
2019-10-24 02:47:27,757 - selenium - INFO - Successful positioning of elements.Positioning method and values used：['css selector', '.close']
2019-10-24 02:47:27,845 - selenium - INFO - Successful positioning of elements.Positioning method and values used：['css selector', '.close']
2019-10-24 02:47:28,063 - selenium - INFO - Click on the element success,location method and value used：['css selector', '.close']
2019-10-24 02:47:28,114 - selenium - INFO - Successful positioning of elements.Positioning method and values used：['css selector', '.regBtn']
2019-10-24 02:47:28,200 - selenium - INFO - Click on the element success,location method and value used：['css selector', '.regBtn']
2019-10-24 02:47:29,704 - selenium - INFO - Successful positioning of elements.Positioning method and values used：['id', 'username']
2019-10-24 02:47:29,912 - selenium - INFO - Input content：enintech0
2019-10-24 02:47:29,937 - selenium - INFO - Successful positioning of elements.Positioning method and values used：['id', 'password']
2019-10-24 02:47:30,489 - selenium - INFO - Input content：12345678
2019-10-24 02:47:30,543 - selenium - INFO - Successful positioning of elements.Positioning method and values used：['id', 'passwd']
2019-10-24 02:47:30,953 - selenium - INFO - Input content：12345678
2019-10-24 02:47:30,971 - selenium - INFO - Successful positioning of elements.Positioning method and values used：['id', 'rmNum']
2019-10-24 02:47:31,104 - selenium - INFO - Input content：1234
2019-10-24 02:47:31,129 - selenium - INFO - Successful positioning of elements.Positioning method and values used：['css selector', 'span > input']
2019-10-24 02:47:31,322 - selenium - INFO - Input content：13898378887
2019-10-24 02:47:31,350 - selenium - INFO - Successful positioning of elements.Positioning method and values used：['id', 'CANCEL2']
2019-10-24 02:47:31,414 - selenium - INFO - Click on the element success,location method and value used：['id', 'CANCEL2']
2019-10-24 02:47:31,437 - selenium - INFO - Successful positioning of elements.Positioning method and values used：['id', 'OK2']
2019-10-24 02:47:31,522 - selenium - INFO - Click on the element success,location method and value used：['id', 'OK2']
2019-10-24 02:47:31,563 - selenium - INFO - Successful positioning of elements.Positioning method and values used：['css selector', '.err > span']
2019-10-24 02:47:31,614 - selenium - INFO - Obtained text：帐号6-10位数字或字母
2019-10-24 02:47:31,636 - selenium - INFO - Failure of test case execution! Reason: '帐号6-10位数字或字母' != None : Assert Verification fail：expected outcome{None} != actual results{帐号6-10位数字或字母}

2019-10-24 02:47:31,636 - selenium - INFO - Executing use test case:注册页面，检测账号字段规则（是否为必填项）
2019-10-24 02:47:31,636 - selenium - INFO - input data:username:,password:,passwd:,phone:,code:,suc:0,assert:帐号6-10位数字或字母
2019-10-24 02:47:31,685 - selenium - INFO - Successful positioning of elements.Positioning method and values used：['id', 'username']
2019-10-24 02:47:31,819 - selenium - INFO - Input content：
2019-10-24 02:47:31,849 - selenium - INFO - Successful positioning of elements.Positioning method and values used：['id', 'password']
2019-10-24 02:47:31,947 - selenium - INFO - Input content：
2019-10-24 02:47:31,964 - selenium - INFO - Successful positioning of elements.Positioning method and values used：['id', 'passwd']
2019-10-24 02:47:32,070 - selenium - INFO - Input content：
2019-10-24 02:47:32,098 - selenium - INFO - Successful positioning of elements.Positioning method and values used：['id', 'rmNum']
2019-10-24 02:47:32,187 - selenium - INFO - Input content：
2019-10-24 02:47:32,202 - selenium - INFO - Successful positioning of elements.Positioning method and values used：['css selector', 'span > input']
2019-10-24 02:47:32,319 - selenium - INFO - Input content：
2019-10-24 02:47:32,339 - selenium - INFO - Successful positioning of elements.Positioning method and values used：['id', 'OK2']
2019-10-24 02:47:32,386 - selenium - INFO - Click on the element success,location method and value used：['id', 'OK2']
2019-10-24 02:47:32,405 - selenium - INFO - Successful positioning of elements.Positioning method and values used：['css selector', '.err > span']
2019-10-24 02:47:32,430 - selenium - INFO - Obtained text：帐号6-10位数字或字母
2019-10-24 02:47:32,447 - selenium - INFO - Assert Verify success：expected outcome:{帐号6-10位数字或字母} == actual results:{帐号6-10位数字或字母}
2019-10-24 02:47:32,950 - selenium - INFO - Screenshot saved successfully!
2019-10-24 02:47:32,950 - selenium - INFO - Successful execution of test cases:注册页面，检测账号字段规则（是否为必填项）

2019-10-24 02:47:32,950 - selenium - INFO - Executing use test case:注册页面，检测账号字段规则（长度是否不能小于6位）
2019-10-24 02:47:32,951 - selenium - INFO - input data:username:12,password:,passwd:,phone:,code:,suc:0,assert:帐号6-10位数字或字母
2019-10-24 02:47:32,969 - selenium - INFO - Successful positioning of elements.Positioning method and values used：['id', 'username']
2019-10-24 02:47:33,087 - selenium - INFO - Input content：12
2019-10-24 02:47:33,112 - selenium - INFO - Successful positioning of elements.Positioning method and values used：['id', 'password']
2019-10-24 02:47:33,253 - selenium - INFO - Input content：
2019-10-24 02:47:33,268 - selenium - INFO - Successful positioning of elements.Positioning method and values used：['id', 'passwd']
2019-10-24 02:47:33,368 - selenium - INFO - Input content：
2019-10-24 02:47:33,385 - selenium - INFO - Successful positioning of elements.Positioning method and values used：['id', 'rmNum']
2019-10-24 02:47:33,488 - selenium - INFO - Input content：
2019-10-24 02:47:33,516 - selenium - INFO - Successful positioning of elements.Positioning method and values used：['css selector', 'span > input']
2019-10-24 02:47:33,599 - selenium - INFO - Input content：
2019-10-24 02:47:33,618 - selenium - INFO - Successful positioning of elements.Positioning method and values used：['id', 'OK2']
2019-10-24 02:47:33,671 - selenium - INFO - Click on the element success,location method and value used：['id', 'OK2']
2019-10-24 02:47:33,718 - selenium - INFO - Successful positioning of elements.Positioning method and values used：['css selector', '.err > span']
2019-10-24 02:47:33,747 - selenium - INFO - Obtained text：帐号6-10位数字或字母
2019-10-24 02:47:33,764 - selenium - INFO - Assert Verify success：expected outcome:{帐号6-10位数字或字母} == actual results:{帐号6-10位数字或字母}
2019-10-24 02:47:34,163 - selenium - INFO - Screenshot saved successfully!
2019-10-24 02:47:34,163 - selenium - INFO - Successful execution of test cases:注册页面，检测账号字段规则（长度是否不能小于6位）

2019-10-24 02:47:34,163 - selenium - INFO - Executing use test case:注册页面，检测账号字段规则（是否不能包含中文）
2019-10-24 02:47:34,163 - selenium - INFO - input data:username:阿斯顿但是我,password:,passwd:,phone:,code:,suc:0,assert:帐号6-10位数字或字母
2019-10-24 02:47:34,184 - selenium - INFO - Successful positioning of elements.Positioning method and values used：['id', 'username']
2019-10-24 02:47:34,346 - selenium - INFO - Input content：阿斯顿但是我
2019-10-24 02:47:34,364 - selenium - INFO - Successful positioning of elements.Positioning method and values used：['id', 'password']
2019-10-24 02:47:34,495 - selenium - INFO - Input content：
2019-10-24 02:47:34,516 - selenium - INFO - Successful positioning of elements.Positioning method and values used：['id', 'passwd']
2019-10-24 02:47:34,612 - selenium - INFO - Input content：
2019-10-24 02:47:34,633 - selenium - INFO - Successful positioning of elements.Positioning method and values used：['id', 'rmNum']
2019-10-24 02:47:34,745 - selenium - INFO - Input content：
2019-10-24 02:47:34,765 - selenium - INFO - Successful positioning of elements.Positioning method and values used：['css selector', 'span > input']
2019-10-24 02:47:34,910 - selenium - INFO - Input content：
2019-10-24 02:47:34,928 - selenium - INFO - Successful positioning of elements.Positioning method and values used：['id', 'OK2']
2019-10-24 02:47:34,997 - selenium - INFO - Click on the element success,location method and value used：['id', 'OK2']
2019-10-24 02:47:35,018 - selenium - INFO - Successful positioning of elements.Positioning method and values used：['css selector', '.err > span']
2019-10-24 02:47:35,053 - selenium - INFO - Obtained text：帐号6-10位数字或字母
2019-10-24 02:47:35,084 - selenium - INFO - Assert Verify success：expected outcome:{帐号6-10位数字或字母} == actual results:{帐号6-10位数字或字母}
2019-10-24 02:47:35,551 - selenium - INFO - Screenshot saved successfully!
2019-10-24 02:47:35,551 - selenium - INFO - Successful execution of test cases:注册页面，检测账号字段规则（是否不能包含中文）

2019-10-24 02:47:35,551 - selenium - INFO - Executing use test case:注册页面，检测账号字段规则（是否不能包含特殊字符）
2019-10-24 02:47:35,551 - selenium - INFO - input data:username:*&#123abc,password:,passwd:,phone:,code:,suc:0,assert:帐号6-10位数字或字母
2019-10-24 02:47:35,581 - selenium - INFO - Successful positioning of elements.Positioning method and values used：['id', 'username']
2019-10-24 02:47:35,731 - selenium - INFO - Input content：*&#123abc
2019-10-24 02:47:35,751 - selenium - INFO - Successful positioning of elements.Positioning method and values used：['id', 'password']
2019-10-24 02:47:35,894 - selenium - INFO - Input content：
2019-10-24 02:47:35,910 - selenium - INFO - Successful positioning of elements.Positioning method and values used：['id', 'passwd']
2019-10-24 02:47:36,017 - selenium - INFO - Input content：
2019-10-24 02:47:36,033 - selenium - INFO - Successful positioning of elements.Positioning method and values used：['id', 'rmNum']
2019-10-24 02:47:36,132 - selenium - INFO - Input content：
2019-10-24 02:47:36,155 - selenium - INFO - Successful positioning of elements.Positioning method and values used：['css selector', 'span > input']
2019-10-24 02:47:36,283 - selenium - INFO - Input content：
2019-10-24 02:47:36,302 - selenium - INFO - Successful positioning of elements.Positioning method and values used：['id', 'OK2']
2019-10-24 02:47:36,363 - selenium - INFO - Click on the element success,location method and value used：['id', 'OK2']
2019-10-24 02:47:36,387 - selenium - INFO - Successful positioning of elements.Positioning method and values used：['css selector', '.err > span']
2019-10-24 02:47:36,412 - selenium - INFO - Obtained text：帐号6-10位数字或字母
2019-10-24 02:47:36,433 - selenium - INFO - Assert Verify success：expected outcome:{帐号6-10位数字或字母} == actual results:{帐号6-10位数字或字母}
2019-10-24 02:47:36,841 - selenium - INFO - Screenshot saved successfully!
2019-10-24 02:47:36,841 - selenium - INFO - Successful execution of test cases:注册页面，检测账号字段规则（是否不能包含特殊字符）

2019-10-24 02:47:36,841 - selenium - INFO - Executing use test case:注册页面，检测账号字段规则（长度是否不能小于6位）
2019-10-24 02:47:36,841 - selenium - INFO - input data:username:123as,password:,passwd:,phone:,code:,suc:0,assert:帐号6-10位数字或字母
2019-10-24 02:47:36,854 - selenium - INFO - Successful positioning of elements.Positioning method and values used：['id', 'username']
2019-10-24 02:47:36,995 - selenium - INFO - Input content：123as
2019-10-24 02:47:37,014 - selenium - INFO - Successful positioning of elements.Positioning method and values used：['id', 'password']
2019-10-24 02:47:37,169 - selenium - INFO - Input content：
2019-10-24 02:47:37,185 - selenium - INFO - Successful positioning of elements.Positioning method and values used：['id', 'passwd']
2019-10-24 02:47:37,301 - selenium - INFO - Input content：
2019-10-24 02:47:37,318 - selenium - INFO - Successful positioning of elements.Positioning method and values used：['id', 'rmNum']
2019-10-24 02:47:37,433 - selenium - INFO - Input content：
2019-10-24 02:47:37,452 - selenium - INFO - Successful positioning of elements.Positioning method and values used：['css selector', 'span > input']
2019-10-24 02:47:37,557 - selenium - INFO - Input content：
2019-10-24 02:47:37,579 - selenium - INFO - Successful positioning of elements.Positioning method and values used：['id', 'OK2']
2019-10-24 02:47:37,634 - selenium - INFO - Click on the element success,location method and value used：['id', 'OK2']
2019-10-24 02:47:37,667 - selenium - INFO - Successful positioning of elements.Positioning method and values used：['css selector', '.err > span']
2019-10-24 02:47:37,699 - selenium - INFO - Obtained text：帐号6-10位数字或字母
2019-10-24 02:47:37,714 - selenium - INFO - Assert Verify success：expected outcome:{帐号6-10位数字或字母} == actual results:{帐号6-10位数字或字母}
2019-10-24 02:47:38,097 - selenium - INFO - Screenshot saved successfully!
2019-10-24 02:47:38,097 - selenium - INFO - Successful execution of test cases:注册页面，检测账号字段规则（长度是否不能小于6位）

2019-10-24 02:47:38,097 - selenium - INFO - Executing use test case:注册页面，检测密码字段规则（是否为必填项）
2019-10-24 02:47:38,097 - selenium - INFO - input data:username:Entech9999,password:,passwd:,phone:,code:,suc:0,assert:密码8-20位数字或字母
2019-10-24 02:47:38,117 - selenium - INFO - Successful positioning of elements.Positioning method and values used：['id', 'username']
2019-10-24 02:47:38,296 - selenium - INFO - Input content：Entech9999
2019-10-24 02:47:38,318 - selenium - INFO - Successful positioning of elements.Positioning method and values used：['id', 'password']
2019-10-24 02:47:38,455 - selenium - INFO - Input content：
2019-10-24 02:47:38,482 - selenium - INFO - Successful positioning of elements.Positioning method and values used：['id', 'passwd']
2019-10-24 02:47:38,630 - selenium - INFO - Input content：
2019-10-24 02:47:38,649 - selenium - INFO - Successful positioning of elements.Positioning method and values used：['id', 'rmNum']
2019-10-24 02:47:38,737 - selenium - INFO - Input content：
2019-10-24 02:47:38,754 - selenium - INFO - Successful positioning of elements.Positioning method and values used：['css selector', 'span > input']
2019-10-24 02:47:38,832 - selenium - INFO - Input content：
2019-10-24 02:47:38,866 - selenium - INFO - Successful positioning of elements.Positioning method and values used：['id', 'OK2']
2019-10-24 02:47:38,931 - selenium - INFO - Click on the element success,location method and value used：['id', 'OK2']
2019-10-24 02:47:38,949 - selenium - INFO - Successful positioning of elements.Positioning method and values used：['css selector', '.err > span']
2019-10-24 02:47:38,971 - selenium - INFO - Obtained text：密码8-20位数字或字母
2019-10-24 02:47:38,993 - selenium - INFO - Assert Verify success：expected outcome:{密码8-20位数字或字母} == actual results:{密码8-20位数字或字母}
2019-10-24 02:47:39,430 - selenium - INFO - Screenshot saved successfully!
2019-10-24 02:47:39,430 - selenium - INFO - Successful execution of test cases:注册页面，检测密码字段规则（是否为必填项）

2019-10-24 02:47:39,431 - selenium - INFO - Executing use test case:注册页面，检测验证码字段规则（是否为必填项）
2019-10-24 02:47:39,431 - selenium - INFO - input data:username:Entech9999,password:12345678,passwd:12345678,phone:,code:,suc:0,assert:请输入验证码
2019-10-24 02:47:39,450 - selenium - INFO - Successful positioning of elements.Positioning method and values used：['id', 'username']
2019-10-24 02:47:39,671 - selenium - INFO - Input content：Entech9999
2019-10-24 02:47:39,699 - selenium - INFO - Successful positioning of elements.Positioning method and values used：['id', 'password']
2019-10-24 02:47:39,846 - selenium - INFO - Input content：12345678
2019-10-24 02:47:39,863 - selenium - INFO - Successful positioning of elements.Positioning method and values used：['id', 'passwd']
2019-10-24 02:47:39,998 - selenium - INFO - Input content：12345678
2019-10-24 02:47:40,021 - selenium - INFO - Successful positioning of elements.Positioning method and values used：['id', 'rmNum']
2019-10-24 02:47:40,104 - selenium - INFO - Input content：
2019-10-24 02:47:40,120 - selenium - INFO - Successful positioning of elements.Positioning method and values used：['css selector', 'span > input']
2019-10-24 02:47:40,270 - selenium - INFO - Input content：
2019-10-24 02:47:40,284 - selenium - INFO - Successful positioning of elements.Positioning method and values used：['id', 'OK2']
2019-10-24 02:47:40,351 - selenium - INFO - Click on the element success,location method and value used：['id', 'OK2']
2019-10-24 02:47:40,370 - selenium - INFO - Successful positioning of elements.Positioning method and values used：['css selector', '.err > span']
2019-10-24 02:47:40,397 - selenium - INFO - Obtained text：请输入验证码
2019-10-24 02:47:40,410 - selenium - INFO - Assert Verify success：expected outcome:{请输入验证码} == actual results:{请输入验证码}
2019-10-24 02:47:40,804 - selenium - INFO - Screenshot saved successfully!
2019-10-24 02:47:40,804 - selenium - INFO - Successful execution of test cases:注册页面，检测验证码字段规则（是否为必填项）

2019-10-24 02:47:40,805 - selenium - INFO - Executing use test case:注册页面，检测手机号字段规则（是否为必填项）
2019-10-24 02:47:40,805 - selenium - INFO - input data:username:Entech9999,password:12345678,passwd:12345678,phone:1233,code:,suc:0,assert:请输入手机号
2019-10-24 02:47:40,824 - selenium - INFO - Successful positioning of elements.Positioning method and values used：['id', 'username']
2019-10-24 02:47:41,002 - selenium - INFO - Input content：Entech9999
2019-10-24 02:47:41,016 - selenium - INFO - Successful positioning of elements.Positioning method and values used：['id', 'password']
2019-10-24 02:47:41,166 - selenium - INFO - Input content：12345678
2019-10-24 02:47:41,188 - selenium - INFO - Successful positioning of elements.Positioning method and values used：['id', 'passwd']
2019-10-24 02:47:41,327 - selenium - INFO - Input content：12345678
2019-10-24 02:47:41,343 - selenium - INFO - Successful positioning of elements.Positioning method and values used：['id', 'rmNum']
2019-10-24 02:47:41,471 - selenium - INFO - Input content：1233
2019-10-24 02:47:41,489 - selenium - INFO - Successful positioning of elements.Positioning method and values used：['css selector', 'span > input']
2019-10-24 02:47:41,620 - selenium - INFO - Input content：
2019-10-24 02:47:41,642 - selenium - INFO - Successful positioning of elements.Positioning method and values used：['id', 'OK2']
2019-10-24 02:47:41,680 - selenium - INFO - Click on the element success,location method and value used：['id', 'OK2']
2019-10-24 02:47:41,697 - selenium - INFO - Successful positioning of elements.Positioning method and values used：['css selector', '.err > span']
2019-10-24 02:47:41,719 - selenium - INFO - Obtained text：请输入手机号
2019-10-24 02:47:41,736 - selenium - INFO - Assert Verify success：expected outcome:{请输入手机号} == actual results:{请输入手机号}
2019-10-24 02:47:42,122 - selenium - INFO - Screenshot saved successfully!
2019-10-24 02:47:42,123 - selenium - INFO - Successful execution of test cases:注册页面，检测手机号字段规则（是否为必填项）

2019-10-24 02:47:42,123 - selenium - INFO - Executing use test case:注册页面，检测密码字段规则（最小长度是否为8位）
2019-10-24 02:47:42,123 - selenium - INFO - input data:username:Entech9999,password:12345,passwd:12345,phone:1233,code:11144434443,suc:0,assert:密码 的最小长度为 8 字符
2019-10-24 02:47:42,142 - selenium - INFO - Successful positioning of elements.Positioning method and values used：['id', 'username']
2019-10-24 02:47:42,317 - selenium - INFO - Input content：Entech9999
2019-10-24 02:47:42,363 - selenium - INFO - Successful positioning of elements.Positioning method and values used：['id', 'password']
2019-10-24 02:47:42,536 - selenium - INFO - Input content：12345
2019-10-24 02:47:42,561 - selenium - INFO - Successful positioning of elements.Positioning method and values used：['id', 'passwd']
2019-10-24 02:47:42,734 - selenium - INFO - Input content：12345
2019-10-24 02:47:42,763 - selenium - INFO - Successful positioning of elements.Positioning method and values used：['id', 'rmNum']
2019-10-24 02:47:42,887 - selenium - INFO - Input content：1233
2019-10-24 02:47:42,905 - selenium - INFO - Successful positioning of elements.Positioning method and values used：['css selector', 'span > input']
2019-10-24 02:47:43,086 - selenium - INFO - Input content：11144434443
2019-10-24 02:47:43,105 - selenium - INFO - Successful positioning of elements.Positioning method and values used：['id', 'OK2']
2019-10-24 02:47:43,165 - selenium - INFO - Click on the element success,location method and value used：['id', 'OK2']
2019-10-24 02:47:43,347 - selenium - INFO - Successful positioning of elements.Positioning method and values used：['css selector', '.err > span']
2019-10-24 02:47:43,368 - selenium - INFO - Obtained text：密码 的最小长度为 8 字符
2019-10-24 02:47:43,383 - selenium - INFO - Assert Verify success：expected outcome:{密码的最小长度为8字符} == actual results:{密码的最小长度为8字符}
2019-10-24 02:47:43,789 - selenium - INFO - Screenshot saved successfully!
2019-10-24 02:47:43,790 - selenium - INFO - Successful execution of test cases:注册页面，检测密码字段规则（最小长度是否为8位）

2019-10-24 02:47:43,790 - selenium - INFO - Executing use test case:注册页面，检测密码字段规则（最小长度是否为8位）
2019-10-24 02:47:43,790 - selenium - INFO - input data:username:Entech9999,password:1234,passwd:1234,phone:1233,code:11144434443,suc:0,assert:密码8-20位数字或字母
2019-10-24 02:47:43,815 - selenium - INFO - Successful positioning of elements.Positioning method and values used：['id', 'username']
2019-10-24 02:47:43,997 - selenium - INFO - Input content：Entech9999
2019-10-24 02:47:44,018 - selenium - INFO - Successful positioning of elements.Positioning method and values used：['id', 'password']
2019-10-24 02:47:44,188 - selenium - INFO - Input content：1234
2019-10-24 02:47:44,218 - selenium - INFO - Successful positioning of elements.Positioning method and values used：['id', 'passwd']
2019-10-24 02:47:44,347 - selenium - INFO - Input content：1234
2019-10-24 02:47:44,364 - selenium - INFO - Successful positioning of elements.Positioning method and values used：['id', 'rmNum']
2019-10-24 02:47:44,512 - selenium - INFO - Input content：1233
2019-10-24 02:47:44,528 - selenium - INFO - Successful positioning of elements.Positioning method and values used：['css selector', 'span > input']
2019-10-24 02:47:44,702 - selenium - INFO - Input content：11144434443
2019-10-24 02:47:44,733 - selenium - INFO - Successful positioning of elements.Positioning method and values used：['id', 'OK2']
2019-10-24 02:47:44,784 - selenium - INFO - Click on the element success,location method and value used：['id', 'OK2']
2019-10-24 02:47:44,805 - selenium - INFO - Successful positioning of elements.Positioning method and values used：['css selector', '.err > span']
2019-10-24 02:47:44,829 - selenium - INFO - Obtained text：密码8-20位数字或字母
2019-10-24 02:47:44,849 - selenium - INFO - Assert Verify success：expected outcome:{密码8-20位数字或字母} == actual results:{密码8-20位数字或字母}
2019-10-24 02:47:45,244 - selenium - INFO - Screenshot saved successfully!
2019-10-24 02:47:45,244 - selenium - INFO - Successful execution of test cases:注册页面，检测密码字段规则（最小长度是否为8位）

2019-10-24 02:47:45,245 - selenium - INFO - Executing use test case:注册页面，检测手机号字段规则（手机格式）
2019-10-24 02:47:45,245 - selenium - INFO - input data:username:Entech9999,password:12345678,passwd:12345678,phone:1233,code:11144434443,suc:0,assert:请填写正确的手机号码.
2019-10-24 02:47:45,263 - selenium - INFO - Successful positioning of elements.Positioning method and values used：['id', 'username']
2019-10-24 02:47:45,417 - selenium - INFO - Input content：Entech9999
2019-10-24 02:47:45,436 - selenium - INFO - Successful positioning of elements.Positioning method and values used：['id', 'password']
2019-10-24 02:47:45,636 - selenium - INFO - Input content：12345678
2019-10-24 02:47:45,653 - selenium - INFO - Successful positioning of elements.Positioning method and values used：['id', 'passwd']
2019-10-24 02:47:45,801 - selenium - INFO - Input content：12345678
2019-10-24 02:47:45,825 - selenium - INFO - Successful positioning of elements.Positioning method and values used：['id', 'rmNum']
2019-10-24 02:47:45,963 - selenium - INFO - Input content：1233
2019-10-24 02:47:45,981 - selenium - INFO - Successful positioning of elements.Positioning method and values used：['css selector', 'span > input']
2019-10-24 02:47:46,161 - selenium - INFO - Input content：11144434443
2019-10-24 02:47:46,195 - selenium - INFO - Successful positioning of elements.Positioning method and values used：['id', 'OK2']
2019-10-24 02:47:46,251 - selenium - INFO - Click on the element success,location method and value used：['id', 'OK2']
2019-10-24 02:47:46,441 - selenium - INFO - Successful positioning of elements.Positioning method and values used：['css selector', '.err > span']
2019-10-24 02:47:46,461 - selenium - INFO - Obtained text：请填写正确的手机号码.
2019-10-24 02:47:46,479 - selenium - INFO - Assert Verify success：expected outcome:{请填写正确的手机号码.} == actual results:{请填写正确的手机号码.}
2019-10-24 02:47:46,892 - selenium - INFO - Screenshot saved successfully!
2019-10-24 02:47:46,892 - selenium - INFO - Successful execution of test cases:注册页面，检测手机号字段规则（手机格式）

2019-10-24 02:47:46,893 - selenium - INFO - Executing use test case:注册页面，检测密码字段规则（是否区分密码字母大小写）
2019-10-24 02:47:46,893 - selenium - INFO - input data:username:Entech9999,password:1234567a,passwd:1234567A,phone:1233,code:13944434443,suc:0,assert:两次密码不一致
2019-10-24 02:47:46,916 - selenium - INFO - Successful positioning of elements.Positioning method and values used：['id', 'username']
2019-10-24 02:47:47,121 - selenium - INFO - Input content：Entech9999
2019-10-24 02:47:47,147 - selenium - INFO - Successful positioning of elements.Positioning method and values used：['id', 'password']
2019-10-24 02:47:47,366 - selenium - INFO - Input content：1234567a
2019-10-24 02:47:47,386 - selenium - INFO - Successful positioning of elements.Positioning method and values used：['id', 'passwd']
2019-10-24 02:47:47,568 - selenium - INFO - Input content：1234567A
2019-10-24 02:47:47,594 - selenium - INFO - Successful positioning of elements.Positioning method and values used：['id', 'rmNum']
2019-10-24 02:47:47,716 - selenium - INFO - Input content：1233
2019-10-24 02:47:47,742 - selenium - INFO - Successful positioning of elements.Positioning method and values used：['css selector', 'span > input']
2019-10-24 02:47:47,925 - selenium - INFO - Input content：13944434443
2019-10-24 02:47:47,939 - selenium - INFO - Successful positioning of elements.Positioning method and values used：['id', 'OK2']
2019-10-24 02:47:47,988 - selenium - INFO - Click on the element success,location method and value used：['id', 'OK2']
2019-10-24 02:47:48,017 - selenium - INFO - Successful positioning of elements.Positioning method and values used：['css selector', '.err > span']
2019-10-24 02:47:48,036 - selenium - INFO - Obtained text：两次密码不一致
2019-10-24 02:47:48,054 - selenium - INFO - Assert Verify success：expected outcome:{两次密码不一致} == actual results:{两次密码不一致}
2019-10-24 02:47:48,463 - selenium - INFO - Screenshot saved successfully!
2019-10-24 02:47:48,463 - selenium - INFO - Successful execution of test cases:注册页面，检测密码字段规则（是否区分密码字母大小写）

2019-10-24 02:47:48,463 - selenium - INFO - Executing use test case:注册页面，检测是否能阻止重复注册
2019-10-24 02:47:48,463 - selenium - INFO - input data:username:enintech0,password:987456123,passwd:987456123,phone:1233,code:13944434443,suc:0,assert:帐号已存在
2019-10-24 02:47:48,481 - selenium - INFO - Successful positioning of elements.Positioning method and values used：['id', 'username']
2019-10-24 02:47:48,627 - selenium - INFO - Input content：enintech0
2019-10-24 02:47:48,649 - selenium - INFO - Successful positioning of elements.Positioning method and values used：['id', 'password']
2019-10-24 02:47:48,852 - selenium - INFO - Input content：987456123
2019-10-24 02:47:48,870 - selenium - INFO - Successful positioning of elements.Positioning method and values used：['id', 'passwd']
2019-10-24 02:47:49,052 - selenium - INFO - Input content：987456123
2019-10-24 02:47:49,083 - selenium - INFO - Successful positioning of elements.Positioning method and values used：['id', 'rmNum']
2019-10-24 02:47:49,192 - selenium - INFO - Input content：1233
2019-10-24 02:47:49,205 - selenium - INFO - Successful positioning of elements.Positioning method and values used：['css selector', 'span > input']
2019-10-24 02:47:49,373 - selenium - INFO - Input content：13944434443
2019-10-24 02:47:49,398 - selenium - INFO - Successful positioning of elements.Positioning method and values used：['id', 'OK2']
2019-10-24 02:47:49,449 - selenium - INFO - Click on the element success,location method and value used：['id', 'OK2']
2019-10-24 02:47:49,592 - selenium - INFO - Successful positioning of elements.Positioning method and values used：['css selector', '.err > span']
2019-10-24 02:47:49,622 - selenium - INFO - Obtained text：帐号已存在
2019-10-24 02:47:49,637 - selenium - INFO - Assert Verify success：expected outcome:{帐号已存在} == actual results:{帐号已存在}
2019-10-24 02:47:50,049 - selenium - INFO - Screenshot saved successfully!
2019-10-24 02:47:50,050 - selenium - INFO - Successful execution of test cases:注册页面，检测是否能阻止重复注册

2019-10-24 02:47:50,050 - selenium - INFO - Executing use test case:注册页面，检测验证码字段规则（错误验证码是否阻止注册）
2019-10-24 02:47:50,050 - selenium - INFO - input data:username:Entech9999,password:1234567a,passwd:1234567a,phone:1111,code:13944434443,suc:0,assert:验证码错误
2019-10-24 02:47:50,073 - selenium - INFO - Successful positioning of elements.Positioning method and values used：['id', 'username']
2019-10-24 02:47:50,301 - selenium - INFO - Input content：Entech9999
2019-10-24 02:47:50,331 - selenium - INFO - Successful positioning of elements.Positioning method and values used：['id', 'password']
2019-10-24 02:47:50,561 - selenium - INFO - Input content：1234567a
2019-10-24 02:47:50,581 - selenium - INFO - Successful positioning of elements.Positioning method and values used：['id', 'passwd']
2019-10-24 02:47:50,721 - selenium - INFO - Input content：1234567a
2019-10-24 02:47:50,740 - selenium - INFO - Successful positioning of elements.Positioning method and values used：['id', 'rmNum']
2019-10-24 02:47:50,896 - selenium - INFO - Input content：1111
2019-10-24 02:47:50,916 - selenium - INFO - Successful positioning of elements.Positioning method and values used：['css selector', 'span > input']
2019-10-24 02:47:51,083 - selenium - INFO - Input content：13944434443
2019-10-24 02:47:51,100 - selenium - INFO - Successful positioning of elements.Positioning method and values used：['id', 'OK2']
2019-10-24 02:47:51,182 - selenium - INFO - Click on the element success,location method and value used：['id', 'OK2']
2019-10-24 02:47:51,376 - selenium - INFO - Successful positioning of elements.Positioning method and values used：['css selector', '.err > span']
2019-10-24 02:47:51,396 - selenium - INFO - Obtained text：验证码错误
2019-10-24 02:47:51,430 - selenium - INFO - Assert Verify success：expected outcome:{验证码错误} == actual results:{验证码错误}
2019-10-24 02:47:51,817 - selenium - INFO - Screenshot saved successfully!
2019-10-24 02:47:51,818 - selenium - INFO - Successful execution of test cases:注册页面，检测验证码字段规则（错误验证码是否阻止注册）

2019-10-24 02:47:51,818 - selenium - INFO - Executing use test case:检测是否能够成功注册账号
2019-10-24 02:47:51,835 - selenium - INFO - Successful positioning of elements.Positioning method and values used：['id', 'username']
2019-10-24 02:47:52,005 - selenium - INFO - Input content：enintech27
2019-10-24 02:47:52,019 - selenium - INFO - Successful positioning of elements.Positioning method and values used：['id', 'password']
2019-10-24 02:47:52,224 - selenium - INFO - Input content：12345678
2019-10-24 02:47:52,246 - selenium - INFO - Successful positioning of elements.Positioning method and values used：['id', 'passwd']
2019-10-24 02:47:52,398 - selenium - INFO - Input content：12345678
2019-10-24 02:47:52,415 - selenium - INFO - Successful positioning of elements.Positioning method and values used：['css selector', 'span > input']
2019-10-24 02:47:52,619 - selenium - INFO - Input content：13988889999
2019-10-24 02:47:56,559 - selenium - INFO - Forced wait 2 second
2019-10-24 02:47:56,574 - selenium - INFO - Successful positioning of elements.Positioning method and values used：['id', 'rmNum']
2019-10-24 02:47:56,684 - selenium - INFO - Input content：810
2019-10-24 02:47:56,713 - selenium - INFO - Successful positioning of elements.Positioning method and values used：['id', 'OK2']
2019-10-24 02:47:56,765 - selenium - INFO - Click on the element success,location method and value used：['id', 'OK2']
2019-10-24 02:47:58,766 - selenium - INFO - Forced wait 2 second
2019-10-24 02:47:58,780 - selenium - INFO - Successful positioning of elements.Positioning method and values used：['css selector', '.err > span']
2019-10-24 02:47:58,800 - selenium - INFO - Obtained text：请输入4位验证码
2019-10-24 02:47:58,833 - selenium - INFO - Successful positioning of elements.Positioning method and values used：['css selector', '.err > span']
2019-10-24 02:47:58,850 - selenium - INFO - Obtained text：请输入4位验证码
2019-10-24 02:47:58,883 - selenium - INFO - Successful positioning of elements.Positioning method and values used：['css selector', '.err > span']
2019-10-24 02:47:58,896 - selenium - INFO - Obtained text：请输入4位验证码
2019-10-24 02:47:58,931 - selenium - INFO - Successful positioning of elements.Positioning method and values used：['css selector', '.err > span']
2019-10-24 02:47:58,943 - selenium - INFO - Obtained text：请输入4位验证码
2019-10-24 02:48:00,964 - selenium - INFO - Forced wait 2 second
2019-10-24 02:48:00,982 - selenium - INFO - Successful positioning of elements.Positioning method and values used：['css selector', '.checkLoginCodeImage']
2019-10-24 02:48:01,044 - selenium - INFO - Click on the element success,location method and value used：['css selector', '.checkLoginCodeImage']
2019-10-24 02:48:02,046 - selenium - INFO - Forced wait 1 second
2019-10-24 02:48:05,428 - selenium - INFO - Forced wait 2 second
2019-10-24 02:48:05,444 - selenium - INFO - Successful positioning of elements.Positioning method and values used：['id', 'rmNum']
2019-10-24 02:48:05,568 - selenium - INFO - Input content：2792
2019-10-24 02:48:05,595 - selenium - INFO - Successful positioning of elements.Positioning method and values used：['id', 'OK2']
2019-10-24 02:48:05,652 - selenium - INFO - Click on the element success,location method and value used：['id', 'OK2']
2019-10-24 02:48:07,655 - selenium - INFO - Forced wait 2 second
2019-10-24 02:48:07,669 - selenium - INFO - Successful positioning of elements.Positioning method and values used：['css selector', '.err > span']
2019-10-24 02:48:07,693 - selenium - INFO - Obtained text：帐号已存在
2019-10-24 02:48:07,725 - selenium - INFO - Successful positioning of elements.Positioning method and values used：['css selector', '.err > span']
2019-10-24 02:48:07,739 - selenium - INFO - Obtained text：帐号已存在
2019-10-24 02:48:07,785 - selenium - INFO - Successful positioning of elements.Positioning method and values used：['css selector', '.err > span']
2019-10-24 02:48:07,811 - selenium - INFO - Obtained text：帐号已存在
2019-10-24 02:48:09,830 - selenium - INFO - Forced wait 2 second
2019-10-24 02:48:12,159 - selenium - INFO - Forced wait 2 second
2019-10-24 02:48:12,172 - selenium - INFO - Successful positioning of elements.Positioning method and values used：['id', 'username']
2019-10-24 02:48:12,319 - selenium - INFO - Input content：enintech28
2019-10-24 02:48:14,320 - selenium - INFO - Forced wait 2 second
2019-10-24 02:48:14,338 - selenium - INFO - Successful positioning of elements.Positioning method and values used：['css selector', '.checkLoginCodeImage']
2019-10-24 02:48:14,402 - selenium - INFO - Click on the element success,location method and value used：['css selector', '.checkLoginCodeImage']
2019-10-24 02:48:16,405 - selenium - INFO - Forced wait 2 second
2019-10-24 02:48:19,272 - selenium - INFO - Forced wait 2 second
2019-10-24 02:48:19,286 - selenium - INFO - Successful positioning of elements.Positioning method and values used：['id', 'rmNum']
2019-10-24 02:48:19,399 - selenium - INFO - Input content：6251
2019-10-24 02:48:19,414 - selenium - INFO - Successful positioning of elements.Positioning method and values used：['id', 'OK2']
2019-10-24 02:48:19,462 - selenium - INFO - Click on the element success,location method and value used：['id', 'OK2']
2019-10-24 02:48:21,464 - selenium - INFO - Forced wait 2 second
2019-10-24 02:48:33,051 - selenium - INFO - 在section：environment下读取browser的值
2019-10-24 02:48:33,051 - selenium - INFO - Read browser configuration, value：chrome
2019-10-24 02:48:33,052 - selenium - INFO - 在section：environment下读取url的值
2019-10-24 02:48:33,052 - selenium - INFO - Read url configuration, value：http://blr.9161252.com
2019-10-24 02:48:34,912 - selenium - INFO - Visit website：http://blr.9161252.com
2019-10-24 02:48:35,023 - selenium - INFO - Browser maximization
2019-10-24 02:48:35,031 - selenium - INFO - Set static wait time 10 seconds
2019-10-24 02:48:35,031 - selenium - INFO - Executing test cases：新注册会员，验证系统消息是否正确
2019-10-24 02:48:36,534 - selenium - INFO - Successful positioning of elements.Positioning method and values used：['css selector', '.close']
2019-10-24 02:48:36,619 - selenium - INFO - Successful positioning of elements.Positioning method and values used：['css selector', '.close']
2019-10-24 02:48:36,836 - selenium - INFO - Click on the element success,location method and value used：['css selector', '.close']
2019-10-24 02:48:36,968 - selenium - INFO - Successful positioning of elements.Positioning method and values used：['css selector', '.input-bg:nth-child(1)']
2019-10-24 02:48:37,216 - selenium - INFO - Input content：enintech27
2019-10-24 02:48:37,261 - selenium - INFO - Successful positioning of elements.Positioning method and values used：['id', 'txtFacade']
2019-10-24 02:48:37,740 - selenium - INFO - Input content：12345678
