2019-10-24 07:19:16,620 - selenium - INFO - 在section：environment下读取browser的值
2019-10-24 07:19:16,620 - selenium - INFO - Read browser configuration, value：chrome
2019-10-24 07:19:16,620 - selenium - INFO - 在section：environment下读取url的值
2019-10-24 07:19:16,620 - selenium - INFO - Read url configuration, value：http://blr.9161252.com/#/home
2019-10-24 07:19:19,044 - selenium - INFO - Visit website：http://blr.9161252.com/#/home
2019-10-24 07:19:19,177 - selenium - INFO - Browser maximization
2019-10-24 07:19:19,199 - selenium - INFO - Set static wait time 10 seconds
2019-10-24 07:19:20,361 - selenium - INFO - Successful positioning of elements.Positioning method and values used：['css selector', '.close']
2019-10-24 07:19:20,589 - selenium - INFO - Successful positioning of elements.Positioning method and values used：['css selector', '.close']
2019-10-24 07:19:20,975 - selenium - INFO - Click on the element success,location method and value used：['css selector', '.close']
2019-10-24 07:19:20,976 - selenium - INFO - Executing use test case:登录测试用例，检测账号字段是否为必填项
2019-10-24 07:19:20,976 - selenium - INFO - input data:name:,pwd:,suc:0,assert:请输入账号
2019-10-24 07:19:21,056 - selenium - INFO - Successful positioning of elements.Positioning method and values used：['css selector', '.input-bg:nth-child(1)']
2019-10-24 07:19:21,364 - selenium - INFO - Input content：
2019-10-24 07:19:21,464 - selenium - INFO - Successful positioning of elements.Positioning method and values used：['id', 'txtFacade']
2019-10-24 07:19:21,795 - selenium - INFO - Input content：
2019-10-24 07:19:21,878 - selenium - INFO - Successful positioning of elements.Positioning method and values used：['css selector', '.loginBtn']
2019-10-24 07:19:22,128 - selenium - INFO - Click on the element success,location method and value used：['css selector', '.loginBtn']
2019-10-24 07:19:22,277 - selenium - INFO - Successful positioning of elements.Positioning method and values used：['css selector', '.ivu-icon']
2019-10-24 07:19:31,304 - selenium - ERROR - Failure of test case execution! Reason：find_element() argument after * must be an iterable, not WebElement
2019-10-24 07:19:31,306 - selenium - INFO - Executing use test case:登录测试用例，检测密码字段是否为必填项
2019-10-24 07:19:31,306 - selenium - INFO - input data:name:liwanlei,pwd:,suc:0,assert:请输入密码
