2019-10-24 07:09:51,410 - selenium - INFO - 在section：environment下读取browser的值
2019-10-24 07:09:51,410 - selenium - INFO - Read browser configuration, value：chrome
2019-10-24 07:09:51,411 - selenium - INFO - 在section：environment下读取url的值
2019-10-24 07:09:51,411 - selenium - INFO - Read url configuration, value：http://blr.9161252.com/#/home
2019-10-24 07:09:54,104 - selenium - INFO - Visit website：http://blr.9161252.com/#/home
2019-10-24 07:09:54,282 - selenium - INFO - Browser maximization
2019-10-24 07:09:54,306 - selenium - INFO - Set static wait time 10 seconds
2019-10-24 07:09:54,306 - selenium - INFO - Executing use test case:登录测试用例，检测账号字段是否为必填项
2019-10-24 07:09:54,306 - selenium - INFO - input data:name:,pwd:,suc:0,assert:请输入账号
2019-10-24 07:09:55,862 - selenium - INFO - Successful positioning of elements.Positioning method and values used：['css selector', '.close']
2019-10-24 07:09:57,121 - selenium - INFO - Successful positioning of elements.Positioning method and values used：['css selector', '.close']
2019-10-24 07:09:57,594 - selenium - INFO - Click on the element success,location method and value used：['css selector', '.close']
2019-10-24 07:09:57,644 - selenium - INFO - Successful positioning of elements.Positioning method and values used：['css selector', '.input-bg:nth-child(1)']
2019-10-24 07:09:57,787 - selenium - INFO - Input content：
2019-10-24 07:09:57,811 - selenium - INFO - Successful positioning of elements.Positioning method and values used：['id', 'txtFacade']
2019-10-24 07:09:57,959 - selenium - INFO - Input content：
2019-10-24 07:09:58,019 - selenium - INFO - Successful positioning of elements.Positioning method and values used：['css selector', '.loginBtn']
2019-10-24 07:09:58,185 - selenium - INFO - Click on the element success,location method and value used：['css selector', '.loginBtn']
2019-10-24 07:09:58,363 - selenium - INFO - Successful positioning of elements.Positioning method and values used：['css selector', '.ivu-icon']
2019-10-24 07:10:08,532 - selenium - ERROR - Failure of test case execution! Reason：find_element() argument after * must be an iterable, not WebElement
2019-10-24 07:10:08,534 - selenium - INFO - Executing use test case:登录测试用例，检测密码字段是否为必填项
2019-10-24 07:10:08,534 - selenium - INFO - input data:name:liwanlei,pwd:,suc:0,assert:请输入密码
2019-10-24 07:10:08,561 - selenium - INFO - Successful positioning of elements.Positioning method and values used：['css selector', '.close']
2019-10-24 07:10:08,645 - selenium - INFO - Successful positioning of elements.Positioning method and values used：['css selector', '.close']
2019-10-24 07:10:13,014 - selenium - INFO - Executing use test case:登录测试用例，检测已存在的账号和错误的密码，是否能阻止登录，提示信息是否准确
2019-10-24 07:10:13,014 - selenium - INFO - input data:name:yusheng,pwd:liwanlei11,suc:0,assert:帐号或密码错误
