2019-10-24 02:38:38,721 - selenium - INFO - 在section：environment下读取browser的值
2019-10-24 02:38:38,722 - selenium - INFO - Read browser configuration, value：chrome
2019-10-24 02:38:38,722 - selenium - INFO - 在section：environment下读取url的值
2019-10-24 02:38:38,722 - selenium - INFO - Read url configuration, value：http://blr.9161252.com
2019-10-24 02:38:39,987 - selenium - INFO - Visit website：http://blr.9161252.com
2019-10-24 02:38:40,105 - selenium - INFO - Browser maximization
2019-10-24 02:38:40,119 - selenium - INFO - Set static wait time 10 seconds
2019-10-24 02:38:40,119 - selenium - INFO - Executing use test case:
2019-10-24 02:38:40,911 - selenium - INFO - Successful positioning of elements.Positioning method and values used：['css selector', '.close']
2019-10-24 02:38:40,991 - selenium - INFO - Successful positioning of elements.Positioning method and values used：['css selector', '.close']
2019-10-24 02:38:41,182 - selenium - INFO - Click on the element success,location method and value used：['css selector', '.close']
2019-10-24 02:38:41,216 - selenium - INFO - Successful positioning of elements.Positioning method and values used：['css selector', '.regBtn']
2019-10-24 02:38:41,288 - selenium - INFO - Click on the element success,location method and value used：['css selector', '.regBtn']
2019-10-24 02:38:41,883 - selenium - INFO - Successful positioning of elements.Positioning method and values used：['id', 'username']
2019-10-24 02:38:42,373 - selenium - INFO - Input content：enintech0
2019-10-24 02:38:42,397 - selenium - INFO - Successful positioning of elements.Positioning method and values used：['id', 'password']
2019-10-24 02:38:42,538 - selenium - INFO - Input content：12345678
2019-10-24 02:38:42,557 - selenium - INFO - Successful positioning of elements.Positioning method and values used：['id', 'passwd']
2019-10-24 02:38:42,694 - selenium - INFO - Input content：12345678
2019-10-24 02:38:42,714 - selenium - INFO - Successful positioning of elements.Positioning method and values used：['id', 'rmNum']
2019-10-24 02:38:42,811 - selenium - INFO - Input content：1234
2019-10-24 02:38:42,834 - selenium - INFO - Successful positioning of elements.Positioning method and values used：['css selector', 'span > input']
2019-10-24 02:38:42,965 - selenium - INFO - Input content：13898378887
2019-10-24 02:38:42,984 - selenium - INFO - Successful positioning of elements.Positioning method and values used：['id', 'CANCEL2']
2019-10-24 02:38:43,036 - selenium - INFO - Click on the element success,location method and value used：['id', 'CANCEL2']
2019-10-24 02:38:43,070 - selenium - INFO - Successful positioning of elements.Positioning method and values used：['id', 'OK2']
2019-10-24 02:38:43,132 - selenium - INFO - Click on the element success,location method and value used：['id', 'OK2']
2019-10-24 02:38:43,158 - selenium - INFO - Successful positioning of elements.Positioning method and values used：['css selector', '.err > span']
2019-10-24 02:38:43,188 - selenium - INFO - Obtained text：帐号6-10位数字或字母
2019-10-24 02:38:43,211 - selenium - INFO - Failure of test case execution! Reason: '帐号6-10位数字或字母' != None : Assert Verification fail：expected outcome{None} != actual results{帐号6-10位数字或字母}

2019-10-24 02:38:43,211 - selenium - INFO - Executing use test case:注册页面，检测账号字段规则（是否为必填项）
2019-10-24 02:38:43,211 - selenium - INFO - input data:username:,password:,passwd:,phone:,code:,suc:0,assert:帐号6-10位数字或字母
2019-10-24 02:38:43,235 - selenium - INFO - Successful positioning of elements.Positioning method and values used：['id', 'username']
2019-10-24 02:38:43,331 - selenium - INFO - Input content：
2019-10-24 02:38:43,350 - selenium - INFO - Successful positioning of elements.Positioning method and values used：['id', 'password']
2019-10-24 02:38:43,420 - selenium - INFO - Input content：
2019-10-24 02:38:43,436 - selenium - INFO - Successful positioning of elements.Positioning method and values used：['id', 'passwd']
2019-10-24 02:38:43,533 - selenium - INFO - Input content：
2019-10-24 02:38:43,547 - selenium - INFO - Successful positioning of elements.Positioning method and values used：['id', 'rmNum']
2019-10-24 02:38:43,667 - selenium - INFO - Input content：
2019-10-24 02:38:43,682 - selenium - INFO - Successful positioning of elements.Positioning method and values used：['css selector', 'span > input']
2019-10-24 02:38:43,770 - selenium - INFO - Input content：
2019-10-24 02:38:43,786 - selenium - INFO - Successful positioning of elements.Positioning method and values used：['id', 'OK2']
2019-10-24 02:38:43,834 - selenium - INFO - Click on the element success,location method and value used：['id', 'OK2']
2019-10-24 02:38:43,850 - selenium - INFO - Successful positioning of elements.Positioning method and values used：['css selector', '.err > span']
2019-10-24 02:38:43,871 - selenium - INFO - Obtained text：帐号6-10位数字或字母
2019-10-24 02:38:43,907 - selenium - INFO - Assert Verify success：expected outcome:{帐号6-10位数字或字母} == actual results:{帐号6-10位数字或字母}
2019-10-24 02:38:44,296 - selenium - INFO - Screenshot saved successfully!
2019-10-24 02:38:44,296 - selenium - INFO - Successful execution of test cases:注册页面，检测账号字段规则（是否为必填项）

2019-10-24 02:38:44,297 - selenium - INFO - Executing use test case:注册页面，检测账号字段规则（长度是否不能小于6位）
2019-10-24 02:38:44,297 - selenium - INFO - input data:username:12,password:,passwd:,phone:,code:,suc:0,assert:帐号6-10位数字或字母
2019-10-24 02:38:44,318 - selenium - INFO - Successful positioning of elements.Positioning method and values used：['id', 'username']
2019-10-24 02:38:44,404 - selenium - INFO - Input content：12
2019-10-24 02:38:44,420 - selenium - INFO - Successful positioning of elements.Positioning method and values used：['id', 'password']
2019-10-24 02:38:44,515 - selenium - INFO - Input content：
2019-10-24 02:38:44,565 - selenium - INFO - Successful positioning of elements.Positioning method and values used：['id', 'passwd']
2019-10-24 02:38:44,662 - selenium - INFO - Input content：
2019-10-24 02:38:44,685 - selenium - INFO - Successful positioning of elements.Positioning method and values used：['id', 'rmNum']
2019-10-24 02:38:44,789 - selenium - INFO - Input content：
2019-10-24 02:38:44,804 - selenium - INFO - Successful positioning of elements.Positioning method and values used：['css selector', 'span > input']
2019-10-24 02:38:44,891 - selenium - INFO - Input content：
2019-10-24 02:38:44,906 - selenium - INFO - Successful positioning of elements.Positioning method and values used：['id', 'OK2']
2019-10-24 02:38:44,951 - selenium - INFO - Click on the element success,location method and value used：['id', 'OK2']
2019-10-24 02:38:44,969 - selenium - INFO - Successful positioning of elements.Positioning method and values used：['css selector', '.err > span']
2019-10-24 02:38:44,989 - selenium - INFO - Obtained text：帐号6-10位数字或字母
2019-10-24 02:38:45,014 - selenium - INFO - Assert Verify success：expected outcome:{帐号6-10位数字或字母} == actual results:{帐号6-10位数字或字母}
2019-10-24 02:38:45,389 - selenium - INFO - Screenshot saved successfully!
2019-10-24 02:38:45,389 - selenium - INFO - Successful execution of test cases:注册页面，检测账号字段规则（长度是否不能小于6位）

2019-10-24 02:38:45,389 - selenium - INFO - Executing use test case:注册页面，检测账号字段规则（是否不能包含中文）
2019-10-24 02:38:45,389 - selenium - INFO - input data:username:阿斯顿但是我,password:,passwd:,phone:,code:,suc:0,assert:帐号6-10位数字或字母
2019-10-24 02:38:45,405 - selenium - INFO - Successful positioning of elements.Positioning method and values used：['id', 'username']
2019-10-24 02:38:45,509 - selenium - INFO - Input content：阿斯顿但是我
2019-10-24 02:38:45,528 - selenium - INFO - Successful positioning of elements.Positioning method and values used：['id', 'password']
2019-10-24 02:38:45,639 - selenium - INFO - Input content：
2019-10-24 02:38:45,660 - selenium - INFO - Successful positioning of elements.Positioning method and values used：['id', 'passwd']
2019-10-24 02:38:45,738 - selenium - INFO - Input content：
2019-10-24 02:38:45,752 - selenium - INFO - Successful positioning of elements.Positioning method and values used：['id', 'rmNum']
2019-10-24 02:38:45,836 - selenium - INFO - Input content：
2019-10-24 02:38:45,856 - selenium - INFO - Successful positioning of elements.Positioning method and values used：['css selector', 'span > input']
2019-10-24 02:38:45,957 - selenium - INFO - Input content：
2019-10-24 02:38:45,972 - selenium - INFO - Successful positioning of elements.Positioning method and values used：['id', 'OK2']
2019-10-24 02:38:46,018 - selenium - INFO - Click on the element success,location method and value used：['id', 'OK2']
2019-10-24 02:38:46,034 - selenium - INFO - Successful positioning of elements.Positioning method and values used：['css selector', '.err > span']
2019-10-24 02:38:46,053 - selenium - INFO - Obtained text：帐号6-10位数字或字母
2019-10-24 02:38:46,070 - selenium - INFO - Assert Verify success：expected outcome:{帐号6-10位数字或字母} == actual results:{帐号6-10位数字或字母}
2019-10-24 02:38:46,478 - selenium - INFO - Screenshot saved successfully!
2019-10-24 02:38:46,481 - selenium - INFO - Successful execution of test cases:注册页面，检测账号字段规则（是否不能包含中文）

2019-10-24 02:38:46,482 - selenium - INFO - Executing use test case:注册页面，检测账号字段规则（是否不能包含特殊字符）
2019-10-24 02:38:46,482 - selenium - INFO - input data:username:*&#123abc,password:,passwd:,phone:,code:,suc:0,assert:帐号6-10位数字或字母
2019-10-24 02:38:46,504 - selenium - INFO - Successful positioning of elements.Positioning method and values used：['id', 'username']
2019-10-24 02:38:46,636 - selenium - INFO - Input content：*&#123abc
2019-10-24 02:38:46,654 - selenium - INFO - Successful positioning of elements.Positioning method and values used：['id', 'password']
2019-10-24 02:38:46,805 - selenium - INFO - Input content：
2019-10-24 02:38:46,822 - selenium - INFO - Successful positioning of elements.Positioning method and values used：['id', 'passwd']
2019-10-24 02:38:46,921 - selenium - INFO - Input content：
2019-10-24 02:38:46,936 - selenium - INFO - Successful positioning of elements.Positioning method and values used：['id', 'rmNum']
2019-10-24 02:38:47,038 - selenium - INFO - Input content：
2019-10-24 02:38:47,063 - selenium - INFO - Successful positioning of elements.Positioning method and values used：['css selector', 'span > input']
2019-10-24 02:38:47,156 - selenium - INFO - Input content：
2019-10-24 02:38:47,170 - selenium - INFO - Successful positioning of elements.Positioning method and values used：['id', 'OK2']
2019-10-24 02:38:47,220 - selenium - INFO - Click on the element success,location method and value used：['id', 'OK2']
2019-10-24 02:38:47,235 - selenium - INFO - Successful positioning of elements.Positioning method and values used：['css selector', '.err > span']
2019-10-24 02:38:47,265 - selenium - INFO - Obtained text：帐号6-10位数字或字母
2019-10-24 02:38:47,288 - selenium - INFO - Assert Verify success：expected outcome:{帐号6-10位数字或字母} == actual results:{帐号6-10位数字或字母}
2019-10-24 02:38:47,647 - selenium - INFO - Screenshot saved successfully!
2019-10-24 02:38:47,648 - selenium - INFO - Successful execution of test cases:注册页面，检测账号字段规则（是否不能包含特殊字符）

2019-10-24 02:38:47,648 - selenium - INFO - Executing use test case:注册页面，检测账号字段规则（长度是否不能小于6位）
2019-10-24 02:38:47,648 - selenium - INFO - input data:username:123as,password:,passwd:,phone:,code:,suc:0,assert:帐号6-10位数字或字母
2019-10-24 02:38:47,664 - selenium - INFO - Successful positioning of elements.Positioning method and values used：['id', 'username']
2019-10-24 02:38:47,797 - selenium - INFO - Input content：123as
2019-10-24 02:38:47,817 - selenium - INFO - Successful positioning of elements.Positioning method and values used：['id', 'password']
2019-10-24 02:38:47,936 - selenium - INFO - Input content：
2019-10-24 02:38:47,953 - selenium - INFO - Successful positioning of elements.Positioning method and values used：['id', 'passwd']
2019-10-24 02:38:48,053 - selenium - INFO - Input content：
2019-10-24 02:38:48,069 - selenium - INFO - Successful positioning of elements.Positioning method and values used：['id', 'rmNum']
2019-10-24 02:38:48,196 - selenium - INFO - Input content：
2019-10-24 02:38:48,212 - selenium - INFO - Successful positioning of elements.Positioning method and values used：['css selector', 'span > input']
2019-10-24 02:38:48,287 - selenium - INFO - Input content：
2019-10-24 02:38:48,304 - selenium - INFO - Successful positioning of elements.Positioning method and values used：['id', 'OK2']
2019-10-24 02:38:48,355 - selenium - INFO - Click on the element success,location method and value used：['id', 'OK2']
2019-10-24 02:38:48,376 - selenium - INFO - Successful positioning of elements.Positioning method and values used：['css selector', '.err > span']
2019-10-24 02:38:48,398 - selenium - INFO - Obtained text：帐号6-10位数字或字母
2019-10-24 02:38:48,429 - selenium - INFO - Assert Verify success：expected outcome:{帐号6-10位数字或字母} == actual results:{帐号6-10位数字或字母}
2019-10-24 02:38:48,810 - selenium - INFO - Screenshot saved successfully!
2019-10-24 02:38:48,810 - selenium - INFO - Successful execution of test cases:注册页面，检测账号字段规则（长度是否不能小于6位）

2019-10-24 02:38:48,810 - selenium - INFO - Executing use test case:注册页面，检测密码字段规则（是否为必填项）
2019-10-24 02:38:48,810 - selenium - INFO - input data:username:Entech9999,password:,passwd:,phone:,code:,suc:0,assert:密码8-20位数字或字母
2019-10-24 02:38:48,827 - selenium - INFO - Successful positioning of elements.Positioning method and values used：['id', 'username']
2019-10-24 02:38:48,982 - selenium - INFO - Input content：Entech9999
2019-10-24 02:38:48,998 - selenium - INFO - Successful positioning of elements.Positioning method and values used：['id', 'password']
2019-10-24 02:38:49,135 - selenium - INFO - Input content：
2019-10-24 02:38:49,172 - selenium - INFO - Successful positioning of elements.Positioning method and values used：['id', 'passwd']
2019-10-24 02:38:49,256 - selenium - INFO - Input content：
2019-10-24 02:38:49,271 - selenium - INFO - Successful positioning of elements.Positioning method and values used：['id', 'rmNum']
2019-10-24 02:38:49,383 - selenium - INFO - Input content：
2019-10-24 02:38:49,400 - selenium - INFO - Successful positioning of elements.Positioning method and values used：['css selector', 'span > input']
2019-10-24 02:38:49,480 - selenium - INFO - Input content：
2019-10-24 02:38:49,495 - selenium - INFO - Successful positioning of elements.Positioning method and values used：['id', 'OK2']
2019-10-24 02:38:49,549 - selenium - INFO - Click on the element success,location method and value used：['id', 'OK2']
2019-10-24 02:38:49,566 - selenium - INFO - Successful positioning of elements.Positioning method and values used：['css selector', '.err > span']
2019-10-24 02:38:49,586 - selenium - INFO - Obtained text：密码8-20位数字或字母
2019-10-24 02:38:49,604 - selenium - INFO - Assert Verify success：expected outcome:{密码8-20位数字或字母} == actual results:{密码8-20位数字或字母}
2019-10-24 02:38:49,758 - selenium - INFO - Successful execution of test cases:注册页面，检测密码字段规则（是否为必填项）

2019-10-24 02:38:49,758 - selenium - INFO - Executing use test case:注册页面，检测验证码字段规则（是否为必填项）
2019-10-24 02:38:49,758 - selenium - INFO - input data:username:Entech9999,password:12345678,passwd:12345678,phone:,code:,suc:0,assert:请输入验证码
