2019-10-24 04:40:20,184 - selenium - INFO - 在section：environment下读取browser的值
2019-10-24 04:40:20,185 - selenium - INFO - Read browser configuration, value：chrome
2019-10-24 04:40:20,185 - selenium - INFO - 在section：environment下读取url的值
2019-10-24 04:40:20,185 - selenium - INFO - Read url configuration, value：http://blr.9161252.com/#/home
2019-10-24 04:40:21,513 - selenium - INFO - Visit website：http://blr.9161252.com/#/home
2019-10-24 04:40:21,629 - selenium - INFO - Browser maximization
2019-10-24 04:40:21,638 - selenium - INFO - Set static wait time 10 seconds
2019-10-24 04:40:21,638 - selenium - INFO - Executing use test case:
2019-10-24 04:40:22,534 - selenium - INFO - Successful positioning of elements.Positioning method and values used：['css selector', '.close']
2019-10-24 04:40:22,590 - selenium - INFO - Successful positioning of elements.Positioning method and values used：['css selector', '.close']
2019-10-24 04:40:22,723 - selenium - INFO - Click on the element success,location method and value used：['css selector', '.close']
2019-10-24 04:40:22,771 - selenium - INFO - Successful positioning of elements.Positioning method and values used：['css selector', '.regBtn']
2019-10-24 04:40:22,838 - selenium - INFO - Click on the element success,location method and value used：['css selector', '.regBtn']
2019-10-24 04:40:23,774 - selenium - INFO - Successful positioning of elements.Positioning method and values used：['id', 'username']
2019-10-24 04:40:23,911 - selenium - INFO - Input content：enintech0
2019-10-24 04:40:23,930 - selenium - INFO - Successful positioning of elements.Positioning method and values used：['id', 'password']
2019-10-24 04:40:24,054 - selenium - INFO - Input content：12345678
2019-10-24 04:40:24,071 - selenium - INFO - Successful positioning of elements.Positioning method and values used：['id', 'passwd']
2019-10-24 04:40:24,187 - selenium - INFO - Input content：12345678
2019-10-24 04:40:24,205 - selenium - INFO - Successful positioning of elements.Positioning method and values used：['id', 'rmNum']
2019-10-24 04:40:24,296 - selenium - INFO - Input content：1234
2019-10-24 04:40:24,314 - selenium - INFO - Successful positioning of elements.Positioning method and values used：['css selector', 'span > input']
2019-10-24 04:40:24,429 - selenium - INFO - Input content：13898378887
2019-10-24 04:40:24,445 - selenium - INFO - Successful positioning of elements.Positioning method and values used：['id', 'CANCEL2']
2019-10-24 04:40:24,487 - selenium - INFO - Click on the element success,location method and value used：['id', 'CANCEL2']
2019-10-24 04:40:24,512 - selenium - INFO - Successful positioning of elements.Positioning method and values used：['id', 'OK2']
2019-10-24 04:40:24,553 - selenium - INFO - Click on the element success,location method and value used：['id', 'OK2']
2019-10-24 04:40:24,574 - selenium - INFO - Successful positioning of elements.Positioning method and values used：['css selector', '.err > span']
2019-10-24 04:40:24,607 - selenium - INFO - Obtained text：帐号6-10位数字或字母
2019-10-24 04:40:24,623 - selenium - INFO - Failure of test case execution! Reason: '帐号6-10位数字或字母' != None : Assert Verification fail：expected outcome{None} != actual results{帐号6-10位数字或字母}

2019-10-24 04:40:24,623 - selenium - INFO - Executing use test case:注册页面，检测账号字段规则（是否为必填项）
2019-10-24 04:40:24,623 - selenium - INFO - input data:username:,password:,passwd:,phone:,code:,suc:0,assert:帐号6-10位数字或字母
2019-10-24 04:40:24,636 - selenium - INFO - Successful positioning of elements.Positioning method and values used：['id', 'username']
2019-10-24 04:40:24,718 - selenium - INFO - Input content：
2019-10-24 04:40:24,741 - selenium - INFO - Successful positioning of elements.Positioning method and values used：['id', 'password']
2019-10-24 04:40:24,810 - selenium - INFO - Input content：
2019-10-24 04:40:24,823 - selenium - INFO - Successful positioning of elements.Positioning method and values used：['id', 'passwd']
2019-10-24 04:40:24,888 - selenium - INFO - Input content：
2019-10-24 04:40:24,906 - selenium - INFO - Successful positioning of elements.Positioning method and values used：['id', 'rmNum']
2019-10-24 04:40:24,977 - selenium - INFO - Input content：
2019-10-24 04:40:24,991 - selenium - INFO - Successful positioning of elements.Positioning method and values used：['css selector', 'span > input']
2019-10-24 04:40:25,059 - selenium - INFO - Input content：
2019-10-24 04:40:25,072 - selenium - INFO - Successful positioning of elements.Positioning method and values used：['id', 'OK2']
2019-10-24 04:40:25,129 - selenium - INFO - Click on the element success,location method and value used：['id', 'OK2']
2019-10-24 04:40:25,150 - selenium - INFO - Successful positioning of elements.Positioning method and values used：['css selector', '.err > span']
2019-10-24 04:40:25,171 - selenium - INFO - Obtained text：帐号6-10位数字或字母
2019-10-24 04:40:25,185 - selenium - INFO - Assert Verify success：expected outcome:{帐号6-10位数字或字母} == actual results:{帐号6-10位数字或字母}
2019-10-24 04:40:25,564 - selenium - INFO - Screenshot saved successfully!
2019-10-24 04:40:25,564 - selenium - INFO - Successful execution of test cases:注册页面，检测账号字段规则（是否为必填项）

2019-10-24 04:40:25,565 - selenium - INFO - Executing use test case:注册页面，检测账号字段规则（长度是否不能小于6位）
2019-10-24 04:40:25,565 - selenium - INFO - input data:username:12,password:,passwd:,phone:,code:,suc:0,assert:帐号6-10位数字或字母
2019-10-24 04:40:25,589 - selenium - INFO - Successful positioning of elements.Positioning method and values used：['id', 'username']
2019-10-24 04:40:25,681 - selenium - INFO - Input content：12
2019-10-24 04:40:25,695 - selenium - INFO - Successful positioning of elements.Positioning method and values used：['id', 'password']
2019-10-24 04:40:25,830 - selenium - INFO - Input content：
2019-10-24 04:40:25,858 - selenium - INFO - Successful positioning of elements.Positioning method and values used：['id', 'passwd']
2019-10-24 04:40:25,929 - selenium - INFO - Input content：
2019-10-24 04:40:25,943 - selenium - INFO - Successful positioning of elements.Positioning method and values used：['id', 'rmNum']
2019-10-24 04:40:26,010 - selenium - INFO - Input content：
2019-10-24 04:40:56,012 - selenium - ERROR - Failure of test case execution! Reason：('Connection aborted.', RemoteDisconnected('Remote end closed connection without response'))
2019-10-24 04:40:56,392 - selenium - INFO - Executing use test case:注册页面，检测账号字段规则（是否不能包含中文）
2019-10-24 04:40:56,392 - selenium - INFO - input data:username:阿斯顿但是我,password:,passwd:,phone:,code:,suc:0,assert:帐号6-10位数字或字母
2019-10-24 04:40:56,410 - selenium - INFO - Successful positioning of elements.Positioning method and values used：['id', 'username']
2019-10-24 04:40:56,525 - selenium - INFO - Input content：阿斯顿但是我
2019-10-24 04:40:56,540 - selenium - INFO - Successful positioning of elements.Positioning method and values used：['id', 'password']
2019-10-24 04:40:56,653 - selenium - INFO - Input content：
2019-10-24 04:40:56,674 - selenium - INFO - Successful positioning of elements.Positioning method and values used：['id', 'passwd']
2019-10-24 04:40:56,761 - selenium - INFO - Input content：
2019-10-24 04:40:56,778 - selenium - INFO - Successful positioning of elements.Positioning method and values used：['id', 'rmNum']
2019-10-24 04:40:56,853 - selenium - INFO - Input content：
2019-10-24 04:40:56,875 - selenium - INFO - Successful positioning of elements.Positioning method and values used：['css selector', 'span > input']
2019-10-24 04:40:56,957 - selenium - INFO - Input content：
2019-10-24 04:40:56,974 - selenium - INFO - Successful positioning of elements.Positioning method and values used：['id', 'OK2']
2019-10-24 04:40:57,020 - selenium - INFO - Click on the element success,location method and value used：['id', 'OK2']
2019-10-24 04:40:57,037 - selenium - INFO - Successful positioning of elements.Positioning method and values used：['css selector', '.err > span']
2019-10-24 04:40:57,054 - selenium - INFO - Obtained text：帐号6-10位数字或字母
2019-10-24 04:40:57,067 - selenium - INFO - Assert Verify success：expected outcome:{帐号6-10位数字或字母} == actual results:{帐号6-10位数字或字母}
2019-10-24 04:40:57,512 - selenium - INFO - Screenshot saved successfully!
2019-10-24 04:40:57,512 - selenium - INFO - Successful execution of test cases:注册页面，检测账号字段规则（是否不能包含中文）

2019-10-24 04:40:57,512 - selenium - INFO - Executing use test case:注册页面，检测账号字段规则（是否不能包含特殊字符）
2019-10-24 04:40:57,513 - selenium - INFO - input data:username:*&#123abc,password:,passwd:,phone:,code:,suc:0,assert:帐号6-10位数字或字母
2019-10-24 04:40:57,534 - selenium - INFO - Successful positioning of elements.Positioning method and values used：['id', 'username']
2019-10-24 04:40:57,692 - selenium - INFO - Input content：*&#123abc
2019-10-24 04:40:57,744 - selenium - INFO - Successful positioning of elements.Positioning method and values used：['id', 'password']
2019-10-24 04:40:57,976 - selenium - INFO - Input content：
2019-10-24 04:40:57,996 - selenium - INFO - Successful positioning of elements.Positioning method and values used：['id', 'passwd']
2019-10-24 04:40:58,078 - selenium - INFO - Input content：
2019-10-24 04:40:58,092 - selenium - INFO - Successful positioning of elements.Positioning method and values used：['id', 'rmNum']
2019-10-24 04:40:58,203 - selenium - INFO - Input content：
2019-10-24 04:40:58,222 - selenium - INFO - Successful positioning of elements.Positioning method and values used：['css selector', 'span > input']
2019-10-24 04:40:58,309 - selenium - INFO - Input content：
2019-10-24 04:40:58,329 - selenium - INFO - Successful positioning of elements.Positioning method and values used：['id', 'OK2']
2019-10-24 04:40:58,373 - selenium - INFO - Click on the element success,location method and value used：['id', 'OK2']
2019-10-24 04:40:58,392 - selenium - INFO - Successful positioning of elements.Positioning method and values used：['css selector', '.err > span']
2019-10-24 04:40:58,421 - selenium - INFO - Obtained text：帐号6-10位数字或字母
2019-10-24 04:40:58,436 - selenium - INFO - Assert Verify success：expected outcome:{帐号6-10位数字或字母} == actual results:{帐号6-10位数字或字母}
2019-10-24 04:40:58,784 - selenium - INFO - Screenshot saved successfully!
2019-10-24 04:40:58,785 - selenium - INFO - Successful execution of test cases:注册页面，检测账号字段规则（是否不能包含特殊字符）

2019-10-24 04:40:58,785 - selenium - INFO - Executing use test case:注册页面，检测账号字段规则（长度是否不能小于6位）
2019-10-24 04:40:58,785 - selenium - INFO - input data:username:123as,password:,passwd:,phone:,code:,suc:0,assert:帐号6-10位数字或字母
2019-10-24 04:40:58,800 - selenium - INFO - Successful positioning of elements.Positioning method and values used：['id', 'username']
2019-10-24 04:40:58,909 - selenium - INFO - Input content：123as
2019-10-24 04:40:58,928 - selenium - INFO - Successful positioning of elements.Positioning method and values used：['id', 'password']
2019-10-24 04:40:59,006 - selenium - INFO - Input content：
2019-10-24 04:40:59,022 - selenium - INFO - Successful positioning of elements.Positioning method and values used：['id', 'passwd']
2019-10-24 04:40:59,088 - selenium - INFO - Input content：
2019-10-24 04:40:59,101 - selenium - INFO - Successful positioning of elements.Positioning method and values used：['id', 'rmNum']
2019-10-24 04:40:59,161 - selenium - INFO - Input content：
2019-10-24 04:40:59,174 - selenium - INFO - Successful positioning of elements.Positioning method and values used：['css selector', 'span > input']
2019-10-24 04:40:59,249 - selenium - INFO - Input content：
2019-10-24 04:40:59,264 - selenium - INFO - Successful positioning of elements.Positioning method and values used：['id', 'OK2']
2019-10-24 04:40:59,321 - selenium - INFO - Click on the element success,location method and value used：['id', 'OK2']
2019-10-24 04:40:59,341 - selenium - INFO - Successful positioning of elements.Positioning method and values used：['css selector', '.err > span']
2019-10-24 04:40:59,358 - selenium - INFO - Obtained text：帐号6-10位数字或字母
2019-10-24 04:40:59,373 - selenium - INFO - Assert Verify success：expected outcome:{帐号6-10位数字或字母} == actual results:{帐号6-10位数字或字母}
2019-10-24 04:40:59,711 - selenium - INFO - Screenshot saved successfully!
2019-10-24 04:40:59,711 - selenium - INFO - Successful execution of test cases:注册页面，检测账号字段规则（长度是否不能小于6位）

2019-10-24 04:40:59,712 - selenium - INFO - Executing use test case:注册页面，检测密码字段规则（是否为必填项）
2019-10-24 04:40:59,712 - selenium - INFO - input data:username:Entech9999,password:,passwd:,phone:,code:,suc:0,assert:密码8-20位数字或字母
2019-10-24 04:40:59,730 - selenium - INFO - Successful positioning of elements.Positioning method and values used：['id', 'username']
2019-10-24 04:40:59,856 - selenium - INFO - Input content：Entech9999
2019-10-24 04:40:59,870 - selenium - INFO - Successful positioning of elements.Positioning method and values used：['id', 'password']
2019-10-24 04:40:59,944 - selenium - INFO - Input content：
2019-10-24 04:40:59,958 - selenium - INFO - Successful positioning of elements.Positioning method and values used：['id', 'passwd']
2019-10-24 04:41:00,028 - selenium - INFO - Input content：
2019-10-24 04:41:00,040 - selenium - INFO - Successful positioning of elements.Positioning method and values used：['id', 'rmNum']
2019-10-24 04:41:00,100 - selenium - INFO - Input content：
2019-10-24 04:41:00,114 - selenium - INFO - Successful positioning of elements.Positioning method and values used：['css selector', 'span > input']
2019-10-24 04:41:00,186 - selenium - INFO - Input content：
2019-10-24 04:41:00,199 - selenium - INFO - Successful positioning of elements.Positioning method and values used：['id', 'OK2']
2019-10-24 04:41:00,235 - selenium - INFO - Click on the element success,location method and value used：['id', 'OK2']
2019-10-24 04:41:00,253 - selenium - INFO - Successful positioning of elements.Positioning method and values used：['css selector', '.err > span']
2019-10-24 04:41:00,269 - selenium - INFO - Obtained text：密码8-20位数字或字母
2019-10-24 04:41:00,285 - selenium - INFO - Assert Verify success：expected outcome:{密码8-20位数字或字母} == actual results:{密码8-20位数字或字母}
2019-10-24 04:41:00,615 - selenium - INFO - Screenshot saved successfully!
2019-10-24 04:41:00,615 - selenium - INFO - Successful execution of test cases:注册页面，检测密码字段规则（是否为必填项）

2019-10-24 04:41:00,616 - selenium - INFO - Executing use test case:注册页面，检测验证码字段规则（是否为必填项）
2019-10-24 04:41:00,616 - selenium - INFO - input data:username:Entech9999,password:12345678,passwd:12345678,phone:,code:,suc:0,assert:请输入验证码
2019-10-24 04:41:00,630 - selenium - INFO - Successful positioning of elements.Positioning method and values used：['id', 'username']
2019-10-24 04:41:00,756 - selenium - INFO - Input content：Entech9999
2019-10-24 04:41:00,767 - selenium - INFO - Successful positioning of elements.Positioning method and values used：['id', 'password']
2019-10-24 04:41:00,858 - selenium - INFO - Input content：12345678
2019-10-24 04:41:00,871 - selenium - INFO - Successful positioning of elements.Positioning method and values used：['id', 'passwd']
2019-10-24 04:41:00,970 - selenium - INFO - Input content：12345678
2019-10-24 04:41:00,984 - selenium - INFO - Successful positioning of elements.Positioning method and values used：['id', 'rmNum']
2019-10-24 04:41:01,056 - selenium - INFO - Input content：
2019-10-24 04:41:01,072 - selenium - INFO - Successful positioning of elements.Positioning method and values used：['css selector', 'span > input']
2019-10-24 04:41:01,148 - selenium - INFO - Input content：
2019-10-24 04:41:01,166 - selenium - INFO - Successful positioning of elements.Positioning method and values used：['id', 'OK2']
2019-10-24 04:41:01,204 - selenium - INFO - Click on the element success,location method and value used：['id', 'OK2']
2019-10-24 04:41:01,220 - selenium - INFO - Successful positioning of elements.Positioning method and values used：['css selector', '.err > span']
2019-10-24 04:41:01,238 - selenium - INFO - Obtained text：请输入验证码
2019-10-24 04:41:01,253 - selenium - INFO - Assert Verify success：expected outcome:{请输入验证码} == actual results:{请输入验证码}
2019-10-24 04:41:01,591 - selenium - INFO - Screenshot saved successfully!
2019-10-24 04:41:01,591 - selenium - INFO - Successful execution of test cases:注册页面，检测验证码字段规则（是否为必填项）

2019-10-24 04:41:01,591 - selenium - INFO - Executing use test case:注册页面，检测手机号字段规则（是否为必填项）
2019-10-24 04:41:01,591 - selenium - INFO - input data:username:Entech9999,password:12345678,passwd:12345678,phone:1233,code:,suc:0,assert:请输入手机号
2019-10-24 04:41:01,603 - selenium - INFO - Successful positioning of elements.Positioning method and values used：['id', 'username']
2019-10-24 04:41:01,706 - selenium - INFO - Input content：Entech9999
2019-10-24 04:41:01,722 - selenium - INFO - Successful positioning of elements.Positioning method and values used：['id', 'password']
2019-10-24 04:41:01,854 - selenium - INFO - Input content：12345678
2019-10-24 04:41:01,869 - selenium - INFO - Successful positioning of elements.Positioning method and values used：['id', 'passwd']
2019-10-24 04:41:01,966 - selenium - INFO - Input content：12345678
2019-10-24 04:41:01,977 - selenium - INFO - Successful positioning of elements.Positioning method and values used：['id', 'rmNum']
2019-10-24 04:41:02,058 - selenium - INFO - Input content：1233
2019-10-24 04:41:02,073 - selenium - INFO - Successful positioning of elements.Positioning method and values used：['css selector', 'span > input']
2019-10-24 04:41:02,160 - selenium - INFO - Input content：
2019-10-24 04:41:02,182 - selenium - INFO - Successful positioning of elements.Positioning method and values used：['id', 'OK2']
2019-10-24 04:41:02,220 - selenium - INFO - Click on the element success,location method and value used：['id', 'OK2']
2019-10-24 04:41:02,234 - selenium - INFO - Successful positioning of elements.Positioning method and values used：['css selector', '.err > span']
2019-10-24 04:41:02,248 - selenium - INFO - Obtained text：请输入手机号
2019-10-24 04:41:02,259 - selenium - INFO - Assert Verify success：expected outcome:{请输入手机号} == actual results:{请输入手机号}
2019-10-24 04:41:02,618 - selenium - INFO - Screenshot saved successfully!
2019-10-24 04:41:02,619 - selenium - INFO - Successful execution of test cases:注册页面，检测手机号字段规则（是否为必填项）

2019-10-24 04:41:02,619 - selenium - INFO - Executing use test case:注册页面，检测密码字段规则（最小长度是否为8位）
2019-10-24 04:41:02,619 - selenium - INFO - input data:username:Entech9999,password:12345,passwd:12345,phone:1233,code:11144434443,suc:0,assert:密码 的最小长度为 8 字符
2019-10-24 04:41:02,641 - selenium - INFO - Successful positioning of elements.Positioning method and values used：['id', 'username']
2019-10-24 04:41:02,754 - selenium - INFO - Input content：Entech9999
2019-10-24 04:41:02,767 - selenium - INFO - Successful positioning of elements.Positioning method and values used：['id', 'password']
2019-10-24 04:41:02,853 - selenium - INFO - Input content：12345
2019-10-24 04:41:02,865 - selenium - INFO - Successful positioning of elements.Positioning method and values used：['id', 'passwd']
2019-10-24 04:41:02,991 - selenium - INFO - Input content：12345
2019-10-24 04:41:03,005 - selenium - INFO - Successful positioning of elements.Positioning method and values used：['id', 'rmNum']
2019-10-24 04:41:03,107 - selenium - INFO - Input content：1233
2019-10-24 04:41:03,120 - selenium - INFO - Successful positioning of elements.Positioning method and values used：['css selector', 'span > input']
2019-10-24 04:41:03,243 - selenium - INFO - Input content：11144434443
2019-10-24 04:41:03,256 - selenium - INFO - Successful positioning of elements.Positioning method and values used：['id', 'OK2']
2019-10-24 04:41:03,284 - selenium - INFO - Click on the element success,location method and value used：['id', 'OK2']
2019-10-24 04:41:14,316 - selenium - ERROR - Failure of test case execution! Reason：Message: 

2019-10-24 04:41:14,637 - selenium - INFO - Executing use test case:注册页面，检测密码字段规则（最小长度是否为8位）
2019-10-24 04:41:14,637 - selenium - INFO - input data:username:Entech9999,password:1234,passwd:1234,phone:1233,code:11144434443,suc:0,assert:密码8-20位数字或字母
2019-10-24 04:41:14,650 - selenium - INFO - Successful positioning of elements.Positioning method and values used：['id', 'username']
2019-10-24 04:41:14,749 - selenium - INFO - Input content：Entech9999
2019-10-24 04:41:14,759 - selenium - INFO - Successful positioning of elements.Positioning method and values used：['id', 'password']
2019-10-24 04:41:14,830 - selenium - INFO - Input content：1234
2019-10-24 04:41:14,849 - selenium - INFO - Successful positioning of elements.Positioning method and values used：['id', 'passwd']
2019-10-24 04:41:14,965 - selenium - INFO - Input content：1234
2019-10-24 04:41:14,978 - selenium - INFO - Successful positioning of elements.Positioning method and values used：['id', 'rmNum']
2019-10-24 04:41:15,139 - selenium - INFO - Input content：1233
2019-10-24 04:41:15,154 - selenium - INFO - Successful positioning of elements.Positioning method and values used：['css selector', 'span > input']
2019-10-24 04:41:15,259 - selenium - INFO - Input content：11144434443
2019-10-24 04:41:15,272 - selenium - INFO - Successful positioning of elements.Positioning method and values used：['id', 'OK2']
2019-10-24 04:41:15,316 - selenium - INFO - Click on the element success,location method and value used：['id', 'OK2']
2019-10-24 04:41:15,333 - selenium - INFO - Successful positioning of elements.Positioning method and values used：['css selector', '.err > span']
2019-10-24 04:41:15,351 - selenium - INFO - Obtained text：密码8-20位数字或字母
2019-10-24 04:41:15,363 - selenium - INFO - Assert Verify success：expected outcome:{密码8-20位数字或字母} == actual results:{密码8-20位数字或字母}
2019-10-24 04:41:15,706 - selenium - INFO - Screenshot saved successfully!
2019-10-24 04:41:15,706 - selenium - INFO - Successful execution of test cases:注册页面，检测密码字段规则（最小长度是否为8位）

2019-10-24 04:41:15,706 - selenium - INFO - Executing use test case:注册页面，检测手机号字段规则（手机格式）
2019-10-24 04:41:15,706 - selenium - INFO - input data:username:Entech9999,password:12345678,passwd:12345678,phone:1233,code:11144434443,suc:0,assert:请填写正确的手机号码.
2019-10-24 04:41:15,721 - selenium - INFO - Successful positioning of elements.Positioning method and values used：['id', 'username']
2019-10-24 04:41:15,832 - selenium - INFO - Input content：Entech9999
2019-10-24 04:41:15,843 - selenium - INFO - Successful positioning of elements.Positioning method and values used：['id', 'password']
2019-10-24 04:41:15,959 - selenium - INFO - Input content：12345678
2019-10-24 04:41:15,975 - selenium - INFO - Successful positioning of elements.Positioning method and values used：['id', 'passwd']
2019-10-24 04:41:16,125 - selenium - INFO - Input content：12345678
2019-10-24 04:41:16,141 - selenium - INFO - Successful positioning of elements.Positioning method and values used：['id', 'rmNum']
2019-10-24 04:41:16,234 - selenium - INFO - Input content：1233
2019-10-24 04:41:16,249 - selenium - INFO - Successful positioning of elements.Positioning method and values used：['css selector', 'span > input']
2019-10-24 04:41:16,368 - selenium - INFO - Input content：11144434443
2019-10-24 04:41:16,389 - selenium - INFO - Successful positioning of elements.Positioning method and values used：['id', 'OK2']
2019-10-24 04:41:16,470 - selenium - INFO - Click on the element success,location method and value used：['id', 'OK2']
2019-10-24 04:41:16,600 - selenium - INFO - Successful positioning of elements.Positioning method and values used：['css selector', '.err > span']
2019-10-24 04:41:16,617 - selenium - INFO - Obtained text：请填写正确的手机号码.
2019-10-24 04:41:16,631 - selenium - INFO - Assert Verify success：expected outcome:{请填写正确的手机号码.} == actual results:{请填写正确的手机号码.}
2019-10-24 04:41:16,959 - selenium - INFO - Screenshot saved successfully!
2019-10-24 04:41:16,959 - selenium - INFO - Successful execution of test cases:注册页面，检测手机号字段规则（手机格式）

2019-10-24 04:41:16,960 - selenium - INFO - Executing use test case:注册页面，检测密码字段规则（是否区分密码字母大小写）
2019-10-24 04:41:16,960 - selenium - INFO - input data:username:Entech9999,password:1234567a,passwd:1234567A,phone:1233,code:13944434443,suc:0,assert:两次密码不一致
2019-10-24 04:41:16,973 - selenium - INFO - Successful positioning of elements.Positioning method and values used：['id', 'username']
2019-10-24 04:41:17,063 - selenium - INFO - Input content：Entech9999
2019-10-24 04:41:17,077 - selenium - INFO - Successful positioning of elements.Positioning method and values used：['id', 'password']
2019-10-24 04:41:17,170 - selenium - INFO - Input content：1234567a
2019-10-24 04:41:17,191 - selenium - INFO - Successful positioning of elements.Positioning method and values used：['id', 'passwd']
2019-10-24 04:41:17,328 - selenium - INFO - Input content：1234567A
2019-10-24 04:41:17,345 - selenium - INFO - Successful positioning of elements.Positioning method and values used：['id', 'rmNum']
2019-10-24 04:41:17,457 - selenium - INFO - Input content：1233
2019-10-24 04:41:17,470 - selenium - INFO - Successful positioning of elements.Positioning method and values used：['css selector', 'span > input']
2019-10-24 04:41:17,650 - selenium - INFO - Input content：13944434443
2019-10-24 04:41:17,671 - selenium - INFO - Successful positioning of elements.Positioning method and values used：['id', 'OK2']
2019-10-24 04:41:17,758 - selenium - INFO - Click on the element success,location method and value used：['id', 'OK2']
2019-10-24 04:41:17,803 - selenium - INFO - Successful positioning of elements.Positioning method and values used：['css selector', '.err > span']
2019-10-24 04:41:17,821 - selenium - INFO - Obtained text：两次密码不一致
2019-10-24 04:41:17,834 - selenium - INFO - Assert Verify success：expected outcome:{两次密码不一致} == actual results:{两次密码不一致}
2019-10-24 04:41:18,197 - selenium - INFO - Screenshot saved successfully!
2019-10-24 04:41:18,198 - selenium - INFO - Successful execution of test cases:注册页面，检测密码字段规则（是否区分密码字母大小写）

2019-10-24 04:41:18,198 - selenium - INFO - Executing use test case:注册页面，检测是否能阻止重复注册
2019-10-24 04:41:18,198 - selenium - INFO - input data:username:enintech0,password:987456123,passwd:987456123,phone:1233,code:13944434443,suc:0,assert:帐号已存在
2019-10-24 04:41:18,211 - selenium - INFO - Successful positioning of elements.Positioning method and values used：['id', 'username']
2019-10-24 04:41:18,313 - selenium - INFO - Input content：enintech0
2019-10-24 04:41:18,327 - selenium - INFO - Successful positioning of elements.Positioning method and values used：['id', 'password']
2019-10-24 04:41:18,433 - selenium - INFO - Input content：987456123
2019-10-24 04:41:18,454 - selenium - INFO - Successful positioning of elements.Positioning method and values used：['id', 'passwd']
2019-10-24 04:41:18,571 - selenium - INFO - Input content：987456123
2019-10-24 04:41:18,582 - selenium - INFO - Successful positioning of elements.Positioning method and values used：['id', 'rmNum']
2019-10-24 04:41:18,659 - selenium - INFO - Input content：1233
2019-10-24 04:41:18,673 - selenium - INFO - Successful positioning of elements.Positioning method and values used：['css selector', 'span > input']
2019-10-24 04:41:18,791 - selenium - INFO - Input content：13944434443
2019-10-24 04:41:18,805 - selenium - INFO - Successful positioning of elements.Positioning method and values used：['id', 'OK2']
2019-10-24 04:41:18,886 - selenium - INFO - Click on the element success,location method and value used：['id', 'OK2']
2019-10-24 04:41:18,983 - selenium - INFO - Successful positioning of elements.Positioning method and values used：['css selector', '.err > span']
2019-10-24 04:41:19,012 - selenium - INFO - Obtained text：帐号已存在
2019-10-24 04:41:19,045 - selenium - INFO - Assert Verify success：expected outcome:{帐号已存在} == actual results:{帐号已存在}
2019-10-24 04:41:19,545 - selenium - INFO - Screenshot saved successfully!
2019-10-24 04:41:19,546 - selenium - INFO - Successful execution of test cases:注册页面，检测是否能阻止重复注册

2019-10-24 04:41:19,546 - selenium - INFO - Executing use test case:注册页面，检测验证码字段规则（错误验证码是否阻止注册）
2019-10-24 04:41:19,546 - selenium - INFO - input data:username:Entech9999,password:1234567a,passwd:1234567a,phone:1111,code:13944434443,suc:0,assert:验证码错误
2019-10-24 04:41:19,566 - selenium - INFO - Successful positioning of elements.Positioning method and values used：['id', 'username']
2019-10-24 04:41:19,686 - selenium - INFO - Input content：Entech9999
2019-10-24 04:41:19,698 - selenium - INFO - Successful positioning of elements.Positioning method and values used：['id', 'password']
2019-10-24 04:41:19,814 - selenium - INFO - Input content：1234567a
2019-10-24 04:41:19,830 - selenium - INFO - Successful positioning of elements.Positioning method and values used：['id', 'passwd']
2019-10-24 04:41:19,963 - selenium - INFO - Input content：1234567a
2019-10-24 04:41:19,982 - selenium - INFO - Successful positioning of elements.Positioning method and values used：['id', 'rmNum']
2019-10-24 04:41:20,070 - selenium - INFO - Input content：1111
2019-10-24 04:41:20,086 - selenium - INFO - Successful positioning of elements.Positioning method and values used：['css selector', 'span > input']
2019-10-24 04:41:20,220 - selenium - INFO - Input content：13944434443
2019-10-24 04:41:20,234 - selenium - INFO - Successful positioning of elements.Positioning method and values used：['id', 'OK2']
2019-10-24 04:41:20,267 - selenium - INFO - Click on the element success,location method and value used：['id', 'OK2']
2019-10-24 04:41:20,466 - selenium - INFO - Successful positioning of elements.Positioning method and values used：['css selector', '.err > span']
2019-10-24 04:41:20,487 - selenium - INFO - Obtained text：验证码错误
2019-10-24 04:41:20,499 - selenium - INFO - Assert Verify success：expected outcome:{验证码错误} == actual results:{验证码错误}
2019-10-24 04:41:20,842 - selenium - INFO - Screenshot saved successfully!
2019-10-24 04:41:20,842 - selenium - INFO - Successful execution of test cases:注册页面，检测验证码字段规则（错误验证码是否阻止注册）

2019-10-24 04:41:20,843 - selenium - INFO - Executing use test case:检测是否能够成功注册账号
2019-10-24 04:41:20,859 - selenium - INFO - Successful positioning of elements.Positioning method and values used：['id', 'username']
2019-10-24 04:41:20,958 - selenium - INFO - Input content：enintech32
2019-10-24 04:41:20,971 - selenium - INFO - Successful positioning of elements.Positioning method and values used：['id', 'password']
2019-10-24 04:41:21,092 - selenium - INFO - Input content：12345678
2019-10-24 04:41:21,120 - selenium - INFO - Successful positioning of elements.Positioning method and values used：['id', 'passwd']
2019-10-24 04:41:21,226 - selenium - INFO - Input content：12345678
2019-10-24 04:41:21,239 - selenium - INFO - Successful positioning of elements.Positioning method and values used：['css selector', 'span > input']
2019-10-24 04:41:21,357 - selenium - INFO - Input content：13988889999
2019-10-24 04:41:24,415 - selenium - INFO - Forced wait 2 second
2019-10-24 04:41:24,427 - selenium - INFO - Successful positioning of elements.Positioning method and values used：['id', 'rmNum']
2019-10-24 04:41:24,498 - selenium - INFO - Input content：757
2019-10-24 04:41:24,510 - selenium - INFO - Successful positioning of elements.Positioning method and values used：['id', 'OK2']
2019-10-24 04:41:24,551 - selenium - INFO - Click on the element success,location method and value used：['id', 'OK2']
2019-10-24 04:41:26,554 - selenium - INFO - Forced wait 2 second
2019-10-24 04:41:26,566 - selenium - INFO - Successful positioning of elements.Positioning method and values used：['css selector', '.err > span']
2019-10-24 04:41:26,600 - selenium - INFO - Successful positioning of elements.Positioning method and values used：['css selector', '.err > span']
2019-10-24 04:41:26,622 - selenium - INFO - Obtained text：请输入4位验证码
2019-10-24 04:41:26,652 - selenium - INFO - Successful positioning of elements.Positioning method and values used：['css selector', '.err > span']
2019-10-24 04:41:26,663 - selenium - INFO - Obtained text：请输入4位验证码
2019-10-24 04:41:26,689 - selenium - INFO - Successful positioning of elements.Positioning method and values used：['css selector', '.err > span']
2019-10-24 04:41:26,703 - selenium - INFO - Obtained text：请输入4位验证码
2019-10-24 04:41:27,724 - selenium - INFO - Forced wait 1 second
2019-10-24 04:41:27,736 - selenium - INFO - Successful positioning of elements.Positioning method and values used：['css selector', '.checkLoginCodeImage']
2019-10-24 04:41:27,786 - selenium - INFO - Click on the element success,location method and value used：['css selector', '.checkLoginCodeImage']
2019-10-24 04:41:28,787 - selenium - INFO - Forced wait 1 second
2019-10-24 04:41:32,441 - selenium - INFO - Forced wait 2 second
2019-10-24 04:41:32,460 - selenium - INFO - Successful positioning of elements.Positioning method and values used：['id', 'rmNum']
2019-10-24 04:41:32,541 - selenium - INFO - Input content：644
2019-10-24 04:41:32,555 - selenium - INFO - Successful positioning of elements.Positioning method and values used：['id', 'OK2']
2019-10-24 04:41:32,600 - selenium - INFO - Click on the element success,location method and value used：['id', 'OK2']
2019-10-24 04:41:34,603 - selenium - INFO - Forced wait 2 second
2019-10-24 04:41:35,603 - selenium - INFO - Forced wait 1 second
2019-10-24 04:41:35,616 - selenium - INFO - Successful positioning of elements.Positioning method and values used：['css selector', '.checkLoginCodeImage']
2019-10-24 04:41:35,666 - selenium - INFO - Click on the element success,location method and value used：['css selector', '.checkLoginCodeImage']
2019-10-24 04:41:36,668 - selenium - INFO - Forced wait 1 second
2019-10-24 04:41:40,116 - selenium - INFO - Forced wait 2 second
2019-10-24 04:41:40,131 - selenium - INFO - Successful positioning of elements.Positioning method and values used：['id', 'rmNum']
2019-10-24 04:41:40,206 - selenium - INFO - Input content：935
2019-10-24 04:41:40,218 - selenium - INFO - Successful positioning of elements.Positioning method and values used：['id', 'OK2']
2019-10-24 04:41:40,248 - selenium - INFO - Click on the element success,location method and value used：['id', 'OK2']
2019-10-24 04:41:42,251 - selenium - INFO - Forced wait 2 second
2019-10-24 04:41:43,252 - selenium - INFO - Forced wait 1 second
2019-10-24 04:41:43,266 - selenium - INFO - Successful positioning of elements.Positioning method and values used：['css selector', '.checkLoginCodeImage']
2019-10-24 04:41:43,320 - selenium - INFO - Click on the element success,location method and value used：['css selector', '.checkLoginCodeImage']
2019-10-24 04:41:44,321 - selenium - INFO - Forced wait 1 second
2019-10-24 04:41:47,876 - selenium - INFO - Forced wait 2 second
2019-10-24 04:41:47,912 - selenium - INFO - Successful positioning of elements.Positioning method and values used：['id', 'rmNum']
2019-10-24 04:41:48,008 - selenium - INFO - Input content：8795
2019-10-24 04:41:48,021 - selenium - INFO - Successful positioning of elements.Positioning method and values used：['id', 'OK2']
2019-10-24 04:41:48,073 - selenium - INFO - Click on the element success,location method and value used：['id', 'OK2']
2019-10-24 04:41:50,076 - selenium - INFO - Forced wait 2 second
2019-10-24 04:41:51,077 - selenium - INFO - Forced wait 1 second
2019-10-24 04:42:02,526 - selenium - INFO - 在section：environment下读取browser的值
2019-10-24 04:42:02,526 - selenium - INFO - Read browser configuration, value：chrome
2019-10-24 04:42:02,526 - selenium - INFO - 在section：environment下读取url的值
2019-10-24 04:42:02,527 - selenium - INFO - Read url configuration, value：http://blr.9161252.com/#/home
2019-10-24 04:42:06,559 - selenium - ERROR - Browser open error
Traceback (most recent call last):
  File "/root/PycharmProjects/blr.9161252.com/venv/lib/python3.7/site-packages/urllib3/connectionpool.py", line 377, in _make_request
    httplib_response = conn.getresponse(buffering=True)
TypeError: getresponse() got an unexpected keyword argument 'buffering'

During handling of the above exception, another exception occurred:

Traceback (most recent call last):
  File "/root/PycharmProjects/blr.9161252.com/Common/basePage.py", line 115, in open_browser
    self.navigate(url)
  File "/root/PycharmProjects/blr.9161252.com/Common/basePage.py", line 252, in navigate
    self.driver.get(url)
  File "/root/PycharmProjects/blr.9161252.com/venv/lib/python3.7/site-packages/selenium/webdriver/remote/webdriver.py", line 333, in get
    self.execute(Command.GET, {'url': url})
  File "/root/PycharmProjects/blr.9161252.com/venv/lib/python3.7/site-packages/selenium/webdriver/remote/webdriver.py", line 319, in execute
    response = self.command_executor.execute(driver_command, params)
  File "/root/PycharmProjects/blr.9161252.com/venv/lib/python3.7/site-packages/selenium/webdriver/remote/remote_connection.py", line 374, in execute
    return self._request(command_info[0], url, body=data)
  File "/root/PycharmProjects/blr.9161252.com/venv/lib/python3.7/site-packages/selenium/webdriver/remote/remote_connection.py", line 402, in _request
    resp = http.request(method, url, body=body, headers=headers)
  File "/root/PycharmProjects/blr.9161252.com/venv/lib/python3.7/site-packages/urllib3/request.py", line 72, in request
    **urlopen_kw)
  File "/root/PycharmProjects/blr.9161252.com/venv/lib/python3.7/site-packages/urllib3/request.py", line 150, in request_encode_body
    return self.urlopen(method, url, **extra_kw)
  File "/root/PycharmProjects/blr.9161252.com/venv/lib/python3.7/site-packages/urllib3/poolmanager.py", line 324, in urlopen
    response = conn.urlopen(method, u.request_uri, **kw)
  File "/root/PycharmProjects/blr.9161252.com/venv/lib/python3.7/site-packages/urllib3/connectionpool.py", line 600, in urlopen
    chunked=chunked)
  File "/root/PycharmProjects/blr.9161252.com/venv/lib/python3.7/site-packages/urllib3/connectionpool.py", line 380, in _make_request
    httplib_response = conn.getresponse()
  File "/usr/lib/python3.7/http/client.py", line 1336, in getresponse
    response.begin()
  File "/usr/lib/python3.7/http/client.py", line 306, in begin
    version, status, reason = self._read_status()
  File "/usr/lib/python3.7/http/client.py", line 267, in _read_status
    line = str(self.fp.readline(_MAXLINE + 1), "iso-8859-1")
  File "/usr/lib/python3.7/socket.py", line 589, in readinto
    return self._sock.recv_into(b)
KeyboardInterrupt
