2019-10-23 01:59:07,364 - selenium - INFO - 在section：environment下读取browser的值
2019-10-23 01:59:07,364 - selenium - INFO - Read browser configuration, value：chrome
2019-10-23 01:59:07,364 - selenium - INFO - 在section：environment下读取url的值
2019-10-23 01:59:07,364 - selenium - INFO - Read url configuration, value：http://blr.9161252.com
2019-10-23 01:59:10,292 - selenium - INFO - Visit website：http://blr.9161252.com
2019-10-23 01:59:10,425 - selenium - INFO - Browser maximization
2019-10-23 01:59:10,433 - selenium - INFO - Set static wait time 10 seconds
2019-10-23 01:59:10,433 - selenium - INFO - Executing use test case:
2019-10-23 01:59:11,391 - selenium - INFO - Successful positioning of elements.Positioning method and values used：['css selector', '.close']
2019-10-23 01:59:11,615 - selenium - INFO - Successful positioning of elements.Positioning method and values used：['css selector', '.regBtn']
2019-10-23 01:59:11,784 - selenium - INFO - Click on the element success,location method and value used：['css selector', '.regBtn']
2019-10-23 01:59:12,219 - selenium - INFO - Successful positioning of elements.Positioning method and values used：['id', 'username']
2019-10-23 01:59:12,652 - selenium - INFO - Input content：enintech0
2019-10-23 01:59:12,698 - selenium - INFO - Successful positioning of elements.Positioning method and values used：['id', 'password']
2019-10-23 01:59:12,978 - selenium - INFO - Input content：12345678
2019-10-23 01:59:13,041 - selenium - INFO - Successful positioning of elements.Positioning method and values used：['id', 'passwd']
2019-10-23 01:59:13,340 - selenium - INFO - Input content：12345678
2019-10-23 01:59:13,382 - selenium - INFO - Successful positioning of elements.Positioning method and values used：['id', 'rmNum']
2019-10-23 01:59:13,672 - selenium - INFO - Input content：1234
2019-10-23 01:59:13,710 - selenium - INFO - Successful positioning of elements.Positioning method and values used：['css selector', 'span > input']
2019-10-23 01:59:14,021 - selenium - INFO - Input content：13898378887
2019-10-23 01:59:14,043 - selenium - INFO - Successful positioning of elements.Positioning method and values used：['id', 'CANCEL2']
2019-10-23 01:59:14,146 - selenium - INFO - Click on the element success,location method and value used：['id', 'CANCEL2']
2019-10-23 01:59:14,168 - selenium - INFO - Successful positioning of elements.Positioning method and values used：['id', 'OK2']
2019-10-23 01:59:14,396 - selenium - INFO - Click on the element success,location method and value used：['id', 'OK2']
2019-10-23 01:59:14,501 - selenium - INFO - Successful positioning of elements.Positioning method and values used：['css selector', '.err > span']
2019-10-23 01:59:14,569 - selenium - INFO - Obtained text：帐号6-10位数字或字母
2019-10-23 01:59:14,619 - selenium - INFO - Failure of test case execution! Reason: '帐号6-10位数字或字母' != None : Assert Verification fail：expected outcome{None} != actual results{帐号6-10位数字或字母}

2019-10-23 01:59:14,619 - selenium - INFO - Executing use test case:注册页面，检测账号字段规则（是否为必填项）
2019-10-23 01:59:14,619 - selenium - INFO - input data:username:,password:,passwd:,phone:,code:,suc:0,assert:帐号6-10位数字或字母
2019-10-23 01:59:14,635 - selenium - INFO - Successful positioning of elements.Positioning method and values used：['id', 'username']
2019-10-23 01:59:14,799 - selenium - INFO - Input content：
2019-10-23 01:59:14,856 - selenium - INFO - Successful positioning of elements.Positioning method and values used：['id', 'password']
2019-10-23 01:59:15,053 - selenium - INFO - Input content：
2019-10-23 01:59:15,085 - selenium - INFO - Successful positioning of elements.Positioning method and values used：['id', 'passwd']
2019-10-23 01:59:15,210 - selenium - INFO - Input content：
2019-10-23 01:59:15,241 - selenium - INFO - Successful positioning of elements.Positioning method and values used：['id', 'rmNum']
2019-10-23 01:59:15,363 - selenium - INFO - Input content：
2019-10-23 01:59:15,387 - selenium - INFO - Successful positioning of elements.Positioning method and values used：['css selector', 'span > input']
2019-10-23 01:59:15,544 - selenium - INFO - Input content：
2019-10-23 01:59:15,579 - selenium - INFO - Successful positioning of elements.Positioning method and values used：['id', 'OK2']
2019-10-23 01:59:15,713 - selenium - INFO - Click on the element success,location method and value used：['id', 'OK2']
2019-10-23 01:59:15,728 - selenium - INFO - Successful positioning of elements.Positioning method and values used：['css selector', '.err > span']
2019-10-23 01:59:15,756 - selenium - INFO - Obtained text：帐号6-10位数字或字母
2019-10-23 01:59:15,775 - selenium - INFO - Assert Verify success：expected outcome:{帐号6-10位数字或字母} == actual results:{帐号6-10位数字或字母}
2019-10-23 01:59:16,430 - selenium - INFO - Screenshot saved successfully!
2019-10-23 01:59:16,430 - selenium - INFO - Successful execution of test cases:注册页面，检测账号字段规则（是否为必填项）

2019-10-23 01:59:16,430 - selenium - INFO - Executing use test case:注册页面，检测账号字段规则（长度是否不能小于6位）
2019-10-23 01:59:16,430 - selenium - INFO - input data:username:12,password:,passwd:,phone:,code:,suc:0,assert:帐号6-10位数字或字母
2019-10-23 01:59:16,447 - selenium - INFO - Successful positioning of elements.Positioning method and values used：['id', 'username']
2019-10-23 01:59:16,694 - selenium - INFO - Input content：12
2019-10-23 01:59:16,721 - selenium - INFO - Successful positioning of elements.Positioning method and values used：['id', 'password']
2019-10-23 01:59:16,860 - selenium - INFO - Input content：
2019-10-23 01:59:16,887 - selenium - INFO - Successful positioning of elements.Positioning method and values used：['id', 'passwd']
2019-10-23 01:59:17,165 - selenium - INFO - Input content：
2019-10-23 01:59:17,203 - selenium - INFO - Successful positioning of elements.Positioning method and values used：['id', 'rmNum']
2019-10-23 01:59:17,406 - selenium - INFO - Input content：
2019-10-23 01:59:17,421 - selenium - INFO - Successful positioning of elements.Positioning method and values used：['css selector', 'span > input']
2019-10-23 01:59:17,575 - selenium - INFO - Input content：
2019-10-23 01:59:17,598 - selenium - INFO - Successful positioning of elements.Positioning method and values used：['id', 'OK2']
2019-10-23 01:59:17,683 - selenium - INFO - Click on the element success,location method and value used：['id', 'OK2']
2019-10-23 01:59:17,717 - selenium - INFO - Successful positioning of elements.Positioning method and values used：['css selector', '.err > span']
2019-10-23 01:59:17,748 - selenium - INFO - Obtained text：帐号6-10位数字或字母
2019-10-23 01:59:17,773 - selenium - INFO - Assert Verify success：expected outcome:{帐号6-10位数字或字母} == actual results:{帐号6-10位数字或字母}
2019-10-23 01:59:18,474 - selenium - INFO - Screenshot saved successfully!
2019-10-23 01:59:18,474 - selenium - INFO - Successful execution of test cases:注册页面，检测账号字段规则（长度是否不能小于6位）

2019-10-23 01:59:18,474 - selenium - INFO - Executing use test case:注册页面，检测账号字段规则（是否不能包含中文）
2019-10-23 01:59:18,474 - selenium - INFO - input data:username:阿斯顿但是我,password:,passwd:,phone:,code:,suc:0,assert:帐号6-10位数字或字母
2019-10-23 01:59:18,494 - selenium - INFO - Successful positioning of elements.Positioning method and values used：['id', 'username']
2019-10-23 01:59:18,792 - selenium - INFO - Input content：阿斯顿但是我
2019-10-23 01:59:18,817 - selenium - INFO - Successful positioning of elements.Positioning method and values used：['id', 'password']
2019-10-23 01:59:19,009 - selenium - INFO - Input content：
2019-10-23 01:59:19,036 - selenium - INFO - Successful positioning of elements.Positioning method and values used：['id', 'passwd']
2019-10-23 01:59:19,207 - selenium - INFO - Input content：
2019-10-23 01:59:19,226 - selenium - INFO - Successful positioning of elements.Positioning method and values used：['id', 'rmNum']
2019-10-23 01:59:19,355 - selenium - INFO - Input content：
2019-10-23 01:59:19,374 - selenium - INFO - Successful positioning of elements.Positioning method and values used：['css selector', 'span > input']
2019-10-23 01:59:19,546 - selenium - INFO - Input content：
2019-10-23 01:59:19,568 - selenium - INFO - Successful positioning of elements.Positioning method and values used：['id', 'OK2']
2019-10-23 01:59:19,673 - selenium - INFO - Click on the element success,location method and value used：['id', 'OK2']
2019-10-23 01:59:19,699 - selenium - INFO - Successful positioning of elements.Positioning method and values used：['css selector', '.err > span']
2019-10-23 01:59:19,730 - selenium - INFO - Obtained text：帐号6-10位数字或字母
2019-10-23 01:59:19,755 - selenium - INFO - Assert Verify success：expected outcome:{帐号6-10位数字或字母} == actual results:{帐号6-10位数字或字母}
2019-10-23 01:59:20,425 - selenium - INFO - Screenshot saved successfully!
2019-10-23 01:59:20,428 - selenium - INFO - Successful execution of test cases:注册页面，检测账号字段规则（是否不能包含中文）

2019-10-23 01:59:20,428 - selenium - INFO - Executing use test case:注册页面，检测账号字段规则（是否不能包含特殊字符）
2019-10-23 01:59:20,428 - selenium - INFO - input data:username:*&#123abc,password:,passwd:,phone:,code:,suc:0,assert:帐号6-10位数字或字母
2019-10-23 01:59:20,449 - selenium - INFO - Successful positioning of elements.Positioning method and values used：['id', 'username']
2019-10-23 01:59:20,799 - selenium - INFO - Input content：*&#123abc
2019-10-23 01:59:20,842 - selenium - INFO - Successful positioning of elements.Positioning method and values used：['id', 'password']
2019-10-23 01:59:20,998 - selenium - INFO - Input content：
2019-10-23 01:59:21,029 - selenium - INFO - Successful positioning of elements.Positioning method and values used：['id', 'passwd']
2019-10-23 01:59:21,171 - selenium - INFO - Input content：
2019-10-23 01:59:21,198 - selenium - INFO - Successful positioning of elements.Positioning method and values used：['id', 'rmNum']
2019-10-23 01:59:21,345 - selenium - INFO - Input content：
2019-10-23 01:59:21,370 - selenium - INFO - Successful positioning of elements.Positioning method and values used：['css selector', 'span > input']
2019-10-23 01:59:21,528 - selenium - INFO - Input content：
2019-10-23 01:59:21,587 - selenium - INFO - Successful positioning of elements.Positioning method and values used：['id', 'OK2']
2019-10-23 01:59:21,671 - selenium - INFO - Click on the element success,location method and value used：['id', 'OK2']
2019-10-23 01:59:21,696 - selenium - INFO - Successful positioning of elements.Positioning method and values used：['css selector', '.err > span']
2019-10-23 01:59:21,718 - selenium - INFO - Obtained text：帐号6-10位数字或字母
2019-10-23 01:59:21,734 - selenium - INFO - Assert Verify success：expected outcome:{帐号6-10位数字或字母} == actual results:{帐号6-10位数字或字母}
2019-10-23 01:59:22,299 - selenium - INFO - Screenshot saved successfully!
2019-10-23 01:59:22,299 - selenium - INFO - Successful execution of test cases:注册页面，检测账号字段规则（是否不能包含特殊字符）

2019-10-23 01:59:22,299 - selenium - INFO - Executing use test case:注册页面，检测账号字段规则（长度是否不能小于6位）
2019-10-23 01:59:22,299 - selenium - INFO - input data:username:123as,password:,passwd:,phone:,code:,suc:0,assert:帐号6-10位数字或字母
2019-10-23 01:59:22,317 - selenium - INFO - Successful positioning of elements.Positioning method and values used：['id', 'username']
2019-10-23 01:59:22,606 - selenium - INFO - Input content：123as
2019-10-23 01:59:22,639 - selenium - INFO - Successful positioning of elements.Positioning method and values used：['id', 'password']
2019-10-23 01:59:22,761 - selenium - INFO - Input content：
2019-10-23 01:59:22,800 - selenium - INFO - Successful positioning of elements.Positioning method and values used：['id', 'passwd']
2019-10-23 01:59:23,028 - selenium - INFO - Input content：
2019-10-23 01:59:23,090 - selenium - INFO - Successful positioning of elements.Positioning method and values used：['id', 'rmNum']
2019-10-23 01:59:23,255 - selenium - INFO - Input content：
2019-10-23 01:59:23,285 - selenium - INFO - Successful positioning of elements.Positioning method and values used：['css selector', 'span > input']
2019-10-23 01:59:23,412 - selenium - INFO - Input content：
2019-10-23 01:59:23,434 - selenium - INFO - Successful positioning of elements.Positioning method and values used：['id', 'OK2']
2019-10-23 01:59:23,571 - selenium - INFO - Click on the element success,location method and value used：['id', 'OK2']
2019-10-23 01:59:23,588 - selenium - INFO - Successful positioning of elements.Positioning method and values used：['css selector', '.err > span']
2019-10-23 01:59:23,632 - selenium - INFO - Obtained text：帐号6-10位数字或字母
2019-10-23 01:59:23,665 - selenium - INFO - Assert Verify success：expected outcome:{帐号6-10位数字或字母} == actual results:{帐号6-10位数字或字母}
2019-10-23 01:59:24,286 - selenium - INFO - Screenshot saved successfully!
2019-10-23 01:59:24,286 - selenium - INFO - Successful execution of test cases:注册页面，检测账号字段规则（长度是否不能小于6位）

2019-10-23 01:59:24,286 - selenium - INFO - Executing use test case:注册页面，检测密码字段规则（是否为必填项）
2019-10-23 01:59:24,286 - selenium - INFO - input data:username:Entech9999,password:,passwd:,phone:,code:,suc:0,assert:密码8-20位数字或字母
2019-10-23 01:59:24,302 - selenium - INFO - Successful positioning of elements.Positioning method and values used：['id', 'username']
2019-10-23 01:59:24,521 - selenium - INFO - Input content：Entech9999
2019-10-23 01:59:24,558 - selenium - INFO - Successful positioning of elements.Positioning method and values used：['id', 'password']
2019-10-23 01:59:24,722 - selenium - INFO - Input content：
2019-10-23 01:59:24,745 - selenium - INFO - Successful positioning of elements.Positioning method and values used：['id', 'passwd']
2019-10-23 01:59:24,876 - selenium - INFO - Input content：
2019-10-23 01:59:24,902 - selenium - INFO - Successful positioning of elements.Positioning method and values used：['id', 'rmNum']
2019-10-23 01:59:25,108 - selenium - INFO - Input content：
2019-10-23 01:59:25,126 - selenium - INFO - Successful positioning of elements.Positioning method and values used：['css selector', 'span > input']
2019-10-23 01:59:25,289 - selenium - INFO - Input content：
2019-10-23 01:59:25,329 - selenium - INFO - Successful positioning of elements.Positioning method and values used：['id', 'OK2']
2019-10-23 01:59:25,413 - selenium - INFO - Click on the element success,location method and value used：['id', 'OK2']
2019-10-23 01:59:25,462 - selenium - INFO - Successful positioning of elements.Positioning method and values used：['css selector', '.err > span']
2019-10-23 01:59:25,492 - selenium - INFO - Obtained text：密码8-20位数字或字母
2019-10-23 01:59:25,510 - selenium - INFO - Assert Verify success：expected outcome:{密码8-20位数字或字母} == actual results:{密码8-20位数字或字母}
2019-10-23 01:59:26,207 - selenium - INFO - Screenshot saved successfully!
2019-10-23 01:59:26,207 - selenium - INFO - Successful execution of test cases:注册页面，检测密码字段规则（是否为必填项）

2019-10-23 01:59:26,207 - selenium - INFO - Executing use test case:注册页面，检测验证码字段规则（是否为必填项）
2019-10-23 01:59:26,207 - selenium - INFO - input data:username:Entech9999,password:12345678,passwd:12345678,phone:,code:,suc:0,assert:请输入验证码
2019-10-23 01:59:26,225 - selenium - INFO - Successful positioning of elements.Positioning method and values used：['id', 'username']
2019-10-23 01:59:26,505 - selenium - INFO - Input content：Entech9999
2019-10-23 01:59:26,523 - selenium - INFO - Successful positioning of elements.Positioning method and values used：['id', 'password']
2019-10-23 01:59:26,774 - selenium - INFO - Input content：12345678
2019-10-23 01:59:26,798 - selenium - INFO - Successful positioning of elements.Positioning method and values used：['id', 'passwd']
2019-10-23 01:59:27,055 - selenium - INFO - Input content：12345678
2019-10-23 01:59:27,075 - selenium - INFO - Successful positioning of elements.Positioning method and values used：['id', 'rmNum']
2019-10-23 01:59:27,244 - selenium - INFO - Input content：
2019-10-23 01:59:27,276 - selenium - INFO - Successful positioning of elements.Positioning method and values used：['css selector', 'span > input']
2019-10-23 01:59:27,422 - selenium - INFO - Input content：
2019-10-23 01:59:27,441 - selenium - INFO - Successful positioning of elements.Positioning method and values used：['id', 'OK2']
2019-10-23 01:59:27,527 - selenium - INFO - Click on the element success,location method and value used：['id', 'OK2']
2019-10-23 01:59:27,549 - selenium - INFO - Successful positioning of elements.Positioning method and values used：['css selector', '.err > span']
2019-10-23 01:59:27,594 - selenium - INFO - Obtained text：请输入验证码
2019-10-23 01:59:27,616 - selenium - INFO - Assert Verify success：expected outcome:{请输入验证码} == actual results:{请输入验证码}
2019-10-23 01:59:28,170 - selenium - INFO - Screenshot saved successfully!
2019-10-23 01:59:28,171 - selenium - INFO - Successful execution of test cases:注册页面，检测验证码字段规则（是否为必填项）

2019-10-23 01:59:28,171 - selenium - INFO - Executing use test case:注册页面，检测手机号字段规则（是否为必填项）
2019-10-23 01:59:28,171 - selenium - INFO - input data:username:Entech9999,password:12345678,passwd:12345678,phone:1233,code:,suc:0,assert:请输入手机号
2019-10-23 01:59:28,198 - selenium - INFO - Successful positioning of elements.Positioning method and values used：['id', 'username']
2019-10-23 01:59:28,467 - selenium - INFO - Input content：Entech9999
2019-10-23 01:59:28,506 - selenium - INFO - Successful positioning of elements.Positioning method and values used：['id', 'password']
2019-10-23 01:59:28,821 - selenium - INFO - Input content：12345678
2019-10-23 01:59:28,852 - selenium - INFO - Successful positioning of elements.Positioning method and values used：['id', 'passwd']
2019-10-23 01:59:29,066 - selenium - INFO - Input content：12345678
2019-10-23 01:59:29,082 - selenium - INFO - Successful positioning of elements.Positioning method and values used：['id', 'rmNum']
2019-10-23 01:59:29,233 - selenium - INFO - Input content：1233
2019-10-23 01:59:29,254 - selenium - INFO - Successful positioning of elements.Positioning method and values used：['css selector', 'span > input']
2019-10-23 01:59:29,423 - selenium - INFO - Input content：
2019-10-23 01:59:29,439 - selenium - INFO - Successful positioning of elements.Positioning method and values used：['id', 'OK2']
2019-10-23 01:59:29,509 - selenium - INFO - Click on the element success,location method and value used：['id', 'OK2']
2019-10-23 01:59:29,533 - selenium - INFO - Successful positioning of elements.Positioning method and values used：['css selector', '.err > span']
2019-10-23 01:59:29,559 - selenium - INFO - Obtained text：请输入手机号
2019-10-23 01:59:29,576 - selenium - INFO - Assert Verify success：expected outcome:{请输入手机号} == actual results:{请输入手机号}
2019-10-23 01:59:30,227 - selenium - INFO - Screenshot saved successfully!
2019-10-23 01:59:30,227 - selenium - INFO - Successful execution of test cases:注册页面，检测手机号字段规则（是否为必填项）

2019-10-23 01:59:30,227 - selenium - INFO - Executing use test case:注册页面，检测密码字段规则（最小长度是否为8位）
2019-10-23 01:59:30,227 - selenium - INFO - input data:username:Entech9999,password:12345,passwd:12345,phone:1233,code:11144434443,suc:0,assert:密码 的最小长度为 8 字符
2019-10-23 01:59:30,243 - selenium - INFO - Successful positioning of elements.Positioning method and values used：['id', 'username']
2019-10-23 01:59:30,595 - selenium - INFO - Input content：Entech9999
2019-10-23 01:59:30,615 - selenium - INFO - Successful positioning of elements.Positioning method and values used：['id', 'password']
2019-10-23 01:59:30,790 - selenium - INFO - Input content：12345
2019-10-23 01:59:30,804 - selenium - INFO - Successful positioning of elements.Positioning method and values used：['id', 'passwd']
2019-10-23 01:59:30,992 - selenium - INFO - Input content：12345
2019-10-23 01:59:31,024 - selenium - INFO - Successful positioning of elements.Positioning method and values used：['id', 'rmNum']
2019-10-23 01:59:31,248 - selenium - INFO - Input content：1233
2019-10-23 01:59:31,273 - selenium - INFO - Successful positioning of elements.Positioning method and values used：['css selector', 'span > input']
2019-10-23 01:59:31,629 - selenium - INFO - Input content：11144434443
2019-10-23 01:59:31,652 - selenium - INFO - Successful positioning of elements.Positioning method and values used：['id', 'OK2']
2019-10-23 01:59:31,742 - selenium - INFO - Click on the element success,location method and value used：['id', 'OK2']
2019-10-23 01:59:31,940 - selenium - INFO - Successful positioning of elements.Positioning method and values used：['css selector', '.err > span']
2019-10-23 01:59:31,960 - selenium - INFO - Obtained text：密码 的最小长度为 8 字符
2019-10-23 01:59:31,994 - selenium - INFO - Assert Verify success：expected outcome:{密码的最小长度为8字符} == actual results:{密码的最小长度为8字符}
2019-10-23 01:59:32,637 - selenium - INFO - Screenshot saved successfully!
2019-10-23 01:59:32,638 - selenium - INFO - Successful execution of test cases:注册页面，检测密码字段规则（最小长度是否为8位）

2019-10-23 01:59:32,638 - selenium - INFO - Executing use test case:注册页面，检测密码字段规则（最小长度是否为8位）
2019-10-23 01:59:32,638 - selenium - INFO - input data:username:Entech9999,password:1234,passwd:1234,phone:1233,code:11144434443,suc:0,assert:密码8-20位数字或字母
2019-10-23 01:59:32,658 - selenium - INFO - Successful positioning of elements.Positioning method and values used：['id', 'username']
2019-10-23 01:59:32,961 - selenium - INFO - Input content：Entech9999
2019-10-23 01:59:32,991 - selenium - INFO - Successful positioning of elements.Positioning method and values used：['id', 'password']
2019-10-23 01:59:33,271 - selenium - INFO - Input content：1234
2019-10-23 01:59:33,302 - selenium - INFO - Successful positioning of elements.Positioning method and values used：['id', 'passwd']
2019-10-23 01:59:33,454 - selenium - INFO - Input content：1234
2019-10-23 01:59:33,472 - selenium - INFO - Successful positioning of elements.Positioning method and values used：['id', 'rmNum']
2019-10-23 01:59:33,690 - selenium - INFO - Input content：1233
2019-10-23 01:59:33,722 - selenium - INFO - Successful positioning of elements.Positioning method and values used：['css selector', 'span > input']
2019-10-23 01:59:34,037 - selenium - INFO - Input content：11144434443
2019-10-23 01:59:34,076 - selenium - INFO - Successful positioning of elements.Positioning method and values used：['id', 'OK2']
2019-10-23 01:59:34,155 - selenium - INFO - Click on the element success,location method and value used：['id', 'OK2']
2019-10-23 01:59:34,240 - selenium - INFO - Successful positioning of elements.Positioning method and values used：['css selector', '.err > span']
2019-10-23 01:59:34,335 - selenium - INFO - Obtained text：密码8-20位数字或字母
2019-10-23 01:59:34,354 - selenium - INFO - Assert Verify success：expected outcome:{密码8-20位数字或字母} == actual results:{密码8-20位数字或字母}
2019-10-23 01:59:34,944 - selenium - INFO - Screenshot saved successfully!
2019-10-23 01:59:34,945 - selenium - INFO - Successful execution of test cases:注册页面，检测密码字段规则（最小长度是否为8位）

2019-10-23 01:59:34,945 - selenium - INFO - Executing use test case:注册页面，检测手机号字段规则（手机格式）
2019-10-23 01:59:34,945 - selenium - INFO - input data:username:Entech9999,password:12345678,passwd:12345678,phone:1233,code:11144434443,suc:0,assert:请填写正确的手机号码.
2019-10-23 01:59:34,968 - selenium - INFO - Successful positioning of elements.Positioning method and values used：['id', 'username']
2019-10-23 01:59:35,292 - selenium - INFO - Input content：Entech9999
2019-10-23 01:59:35,314 - selenium - INFO - Successful positioning of elements.Positioning method and values used：['id', 'password']
2019-10-23 01:59:35,531 - selenium - INFO - Input content：12345678
2019-10-23 01:59:35,547 - selenium - INFO - Successful positioning of elements.Positioning method and values used：['id', 'passwd']
2019-10-23 01:59:35,772 - selenium - INFO - Input content：12345678
2019-10-23 01:59:35,803 - selenium - INFO - Successful positioning of elements.Positioning method and values used：['id', 'rmNum']
2019-10-23 01:59:36,028 - selenium - INFO - Input content：1233
2019-10-23 01:59:36,052 - selenium - INFO - Successful positioning of elements.Positioning method and values used：['css selector', 'span > input']
2019-10-23 01:59:36,364 - selenium - INFO - Input content：11144434443
2019-10-23 01:59:36,390 - selenium - INFO - Successful positioning of elements.Positioning method and values used：['id', 'OK2']
2019-10-23 01:59:36,456 - selenium - INFO - Click on the element success,location method and value used：['id', 'OK2']
2019-10-23 01:59:36,664 - selenium - INFO - Successful positioning of elements.Positioning method and values used：['css selector', '.err > span']
2019-10-23 01:59:36,710 - selenium - INFO - Obtained text：请填写正确的手机号码.
2019-10-23 01:59:36,738 - selenium - INFO - Assert Verify success：expected outcome:{请填写正确的手机号码.} == actual results:{请填写正确的手机号码.}
2019-10-23 01:59:37,240 - selenium - INFO - Screenshot saved successfully!
2019-10-23 01:59:37,241 - selenium - INFO - Successful execution of test cases:注册页面，检测手机号字段规则（手机格式）

2019-10-23 01:59:37,241 - selenium - INFO - Executing use test case:注册页面，检测密码字段规则（是否区分密码字母大小写）
2019-10-23 01:59:37,241 - selenium - INFO - input data:username:Entech9999,password:1234567a,passwd:1234567A,phone:1233,code:13944434443,suc:0,assert:两次密码不一致
2019-10-23 01:59:37,260 - selenium - INFO - Successful positioning of elements.Positioning method and values used：['id', 'username']
2019-10-23 01:59:37,569 - selenium - INFO - Input content：Entech9999
2019-10-23 01:59:37,671 - selenium - INFO - Successful positioning of elements.Positioning method and values used：['id', 'password']
2019-10-23 01:59:38,041 - selenium - INFO - Input content：1234567a
2019-10-23 01:59:38,067 - selenium - INFO - Successful positioning of elements.Positioning method and values used：['id', 'passwd']
2019-10-23 01:59:38,381 - selenium - INFO - Input content：1234567A
2019-10-23 01:59:38,399 - selenium - INFO - Successful positioning of elements.Positioning method and values used：['id', 'rmNum']
2019-10-23 01:59:38,599 - selenium - INFO - Input content：1233
2019-10-23 01:59:38,628 - selenium - INFO - Successful positioning of elements.Positioning method and values used：['css selector', 'span > input']
2019-10-23 01:59:38,873 - selenium - INFO - Input content：13944434443
2019-10-23 01:59:38,889 - selenium - INFO - Successful positioning of elements.Positioning method and values used：['id', 'OK2']
2019-10-23 01:59:38,986 - selenium - INFO - Click on the element success,location method and value used：['id', 'OK2']
2019-10-23 01:59:39,025 - selenium - INFO - Successful positioning of elements.Positioning method and values used：['css selector', '.err > span']
2019-10-23 01:59:39,058 - selenium - INFO - Obtained text：两次密码不一致
2019-10-23 01:59:39,088 - selenium - INFO - Assert Verify success：expected outcome:{两次密码不一致} == actual results:{两次密码不一致}
2019-10-23 01:59:39,634 - selenium - INFO - Screenshot saved successfully!
2019-10-23 01:59:39,634 - selenium - INFO - Successful execution of test cases:注册页面，检测密码字段规则（是否区分密码字母大小写）

2019-10-23 01:59:39,634 - selenium - INFO - Executing use test case:注册页面，检测是否能阻止重复注册
2019-10-23 01:59:39,634 - selenium - INFO - input data:username:enintech0,password:987456123,passwd:987456123,phone:1233,code:13944434443,suc:0,assert:帐号已存在
2019-10-23 01:59:39,657 - selenium - INFO - Successful positioning of elements.Positioning method and values used：['id', 'username']
2019-10-23 01:59:40,012 - selenium - INFO - Input content：enintech0
2019-10-23 01:59:40,030 - selenium - INFO - Successful positioning of elements.Positioning method and values used：['id', 'password']
2019-10-23 01:59:40,301 - selenium - INFO - Input content：987456123
2019-10-23 01:59:40,318 - selenium - INFO - Successful positioning of elements.Positioning method and values used：['id', 'passwd']
2019-10-23 01:59:40,590 - selenium - INFO - Input content：987456123
2019-10-23 01:59:40,619 - selenium - INFO - Successful positioning of elements.Positioning method and values used：['id', 'rmNum']
2019-10-23 01:59:40,780 - selenium - INFO - Input content：1233
2019-10-23 01:59:40,805 - selenium - INFO - Successful positioning of elements.Positioning method and values used：['css selector', 'span > input']
2019-10-23 01:59:41,139 - selenium - INFO - Input content：13944434443
2019-10-23 01:59:41,151 - selenium - INFO - Successful positioning of elements.Positioning method and values used：['id', 'OK2']
2019-10-23 01:59:41,251 - selenium - INFO - Click on the element success,location method and value used：['id', 'OK2']
2019-10-23 01:59:41,397 - selenium - INFO - Successful positioning of elements.Positioning method and values used：['css selector', '.err > span']
2019-10-23 01:59:41,439 - selenium - INFO - Obtained text：帐号已存在
2019-10-23 01:59:41,465 - selenium - INFO - Assert Verify success：expected outcome:{帐号已存在} == actual results:{帐号已存在}
2019-10-23 01:59:42,015 - selenium - INFO - Screenshot saved successfully!
2019-10-23 01:59:42,015 - selenium - INFO - Successful execution of test cases:注册页面，检测是否能阻止重复注册

2019-10-23 01:59:42,015 - selenium - INFO - Executing use test case:注册页面，检测验证码字段规则（错误验证码是否阻止注册）
2019-10-23 01:59:42,015 - selenium - INFO - input data:username:Entech9999,password:1234567a,passwd:1234567a,phone:1111,code:13944434443,suc:0,assert:验证码错误
2019-10-23 01:59:42,036 - selenium - INFO - Successful positioning of elements.Positioning method and values used：['id', 'username']
2019-10-23 01:59:42,323 - selenium - INFO - Input content：Entech9999
2019-10-23 01:59:42,352 - selenium - INFO - Successful positioning of elements.Positioning method and values used：['id', 'password']
2019-10-23 01:59:42,602 - selenium - INFO - Input content：1234567a
2019-10-23 01:59:42,617 - selenium - INFO - Successful positioning of elements.Positioning method and values used：['id', 'passwd']
2019-10-23 01:59:42,815 - selenium - INFO - Input content：1234567a
2019-10-23 01:59:42,838 - selenium - INFO - Successful positioning of elements.Positioning method and values used：['id', 'rmNum']
2019-10-23 01:59:43,213 - selenium - INFO - Input content：1111
2019-10-23 01:59:43,246 - selenium - INFO - Successful positioning of elements.Positioning method and values used：['css selector', 'span > input']
2019-10-23 01:59:43,525 - selenium - INFO - Input content：13944434443
2019-10-23 01:59:43,540 - selenium - INFO - Successful positioning of elements.Positioning method and values used：['id', 'OK2']
2019-10-23 01:59:43,658 - selenium - INFO - Click on the element success,location method and value used：['id', 'OK2']
2019-10-23 01:59:43,863 - selenium - INFO - Successful positioning of elements.Positioning method and values used：['css selector', '.err > span']
2019-10-23 01:59:43,889 - selenium - INFO - Obtained text：验证码错误
2019-10-23 01:59:43,924 - selenium - INFO - Assert Verify success：expected outcome:{验证码错误} == actual results:{验证码错误}
2019-10-23 01:59:44,489 - selenium - INFO - Screenshot saved successfully!
2019-10-23 01:59:44,489 - selenium - INFO - Successful execution of test cases:注册页面，检测验证码字段规则（错误验证码是否阻止注册）

2019-10-23 01:59:44,490 - selenium - INFO - Executing use test case:检测是否能够成功注册账号
2019-10-23 01:59:44,582 - selenium - INFO - Successful positioning of elements.Positioning method and values used：['id', 'username']
2019-10-23 01:59:44,907 - selenium - INFO - Input content：enintech20
2019-10-23 01:59:44,943 - selenium - INFO - Successful positioning of elements.Positioning method and values used：['id', 'password']
2019-10-23 01:59:45,216 - selenium - INFO - Input content：12345678
2019-10-23 01:59:45,240 - selenium - INFO - Successful positioning of elements.Positioning method and values used：['id', 'passwd']
2019-10-23 01:59:45,551 - selenium - INFO - Input content：12345678
2019-10-23 01:59:45,579 - selenium - INFO - Successful positioning of elements.Positioning method and values used：['css selector', 'span > input']
2019-10-23 01:59:45,853 - selenium - INFO - Input content：13988889999
2019-10-23 01:59:48,871 - selenium - INFO - Forced wait 2 second
2019-10-23 01:59:48,899 - selenium - INFO - Successful positioning of elements.Positioning method and values used：['id', 'rmNum']
2019-10-23 01:59:49,112 - selenium - INFO - Input content：8961
2019-10-23 01:59:49,134 - selenium - INFO - Successful positioning of elements.Positioning method and values used：['id', 'OK2']
2019-10-23 01:59:49,226 - selenium - INFO - Click on the element success,location method and value used：['id', 'OK2']
2019-10-23 01:59:51,227 - selenium - INFO - Forced wait 2 second
2019-10-23 01:59:51,245 - selenium - INFO - Successful positioning of elements.Positioning method and values used：['css selector', '.err > span']
2019-10-23 01:59:51,262 - selenium - INFO - Successful positioning of elements.Positioning method and values used：['css selector', '.err > span']
2019-10-23 01:59:51,282 - selenium - INFO - Obtained text：帐号已存在
2019-10-23 01:59:51,333 - selenium - INFO - Successful positioning of elements.Positioning method and values used：['css selector', '.err > span']
2019-10-23 01:59:51,359 - selenium - INFO - Obtained text：帐号已存在
2019-10-23 01:59:51,410 - selenium - INFO - Successful positioning of elements.Positioning method and values used：['css selector', '.err > span']
2019-10-23 01:59:51,445 - selenium - INFO - Obtained text：帐号已存在
2019-10-23 01:59:52,488 - selenium - INFO - Forced wait 1 second
2019-10-23 01:59:54,802 - selenium - INFO - Forced wait 2 second
2019-10-23 01:59:54,821 - selenium - INFO - Successful positioning of elements.Positioning method and values used：['id', 'username']
2019-10-23 01:59:55,083 - selenium - INFO - Input content：enintech21
2019-10-23 01:59:57,085 - selenium - INFO - Forced wait 2 second
2019-10-23 01:59:57,102 - selenium - INFO - Successful positioning of elements.Positioning method and values used：['css selector', '.checkLoginCodeImage']
2019-10-23 01:59:57,212 - selenium - INFO - Click on the element success,location method and value used：['css selector', '.checkLoginCodeImage']
2019-10-23 01:59:59,214 - selenium - INFO - Forced wait 2 second
2019-10-23 02:00:03,174 - selenium - INFO - Forced wait 2 second
2019-10-23 02:00:03,200 - selenium - INFO - Successful positioning of elements.Positioning method and values used：['id', 'rmNum']
2019-10-23 02:00:03,391 - selenium - INFO - Input content：048
2019-10-23 02:00:03,411 - selenium - INFO - Successful positioning of elements.Positioning method and values used：['id', 'OK2']
2019-10-23 02:00:03,506 - selenium - INFO - Click on the element success,location method and value used：['id', 'OK2']
2019-10-23 02:00:05,507 - selenium - INFO - Forced wait 2 second
2019-10-23 02:00:06,508 - selenium - INFO - Forced wait 1 second
2019-10-23 02:00:08,835 - selenium - INFO - Forced wait 2 second
2019-10-23 02:00:08,853 - selenium - INFO - Successful positioning of elements.Positioning method and values used：['id', 'username']
2019-10-23 02:00:09,107 - selenium - INFO - Input content：enintech22
2019-10-23 02:00:11,110 - selenium - INFO - Forced wait 2 second
2019-10-23 02:00:11,134 - selenium - INFO - Successful positioning of elements.Positioning method and values used：['css selector', '.checkLoginCodeImage']
2019-10-23 02:00:11,197 - selenium - INFO - Click on the element success,location method and value used：['css selector', '.checkLoginCodeImage']
2019-10-23 02:00:13,198 - selenium - INFO - Forced wait 2 second
2019-10-23 02:00:16,652 - selenium - INFO - Forced wait 2 second
2019-10-23 02:00:16,672 - selenium - INFO - Successful positioning of elements.Positioning method and values used：['id', 'rmNum']
2019-10-23 02:00:16,881 - selenium - INFO - Input content：16
2019-10-23 02:00:16,924 - selenium - INFO - Successful positioning of elements.Positioning method and values used：['id', 'OK2']
2019-10-23 02:00:17,057 - selenium - INFO - Click on the element success,location method and value used：['id', 'OK2']
2019-10-23 02:00:19,058 - selenium - INFO - Forced wait 2 second
2019-10-23 02:00:20,060 - selenium - INFO - Forced wait 1 second
2019-10-23 02:00:22,399 - selenium - INFO - Forced wait 2 second
2019-10-23 02:00:22,420 - selenium - INFO - Successful positioning of elements.Positioning method and values used：['id', 'username']
2019-10-23 02:00:22,715 - selenium - INFO - Input content：enintech23
2019-10-23 02:00:24,718 - selenium - INFO - Forced wait 2 second
2019-10-23 02:00:24,734 - selenium - INFO - Successful positioning of elements.Positioning method and values used：['css selector', '.checkLoginCodeImage']
2019-10-23 02:00:24,850 - selenium - INFO - Click on the element success,location method and value used：['css selector', '.checkLoginCodeImage']
2019-10-23 02:00:26,852 - selenium - INFO - Forced wait 2 second
2019-10-23 02:00:29,583 - selenium - INFO - Forced wait 2 second
2019-10-23 02:00:29,604 - selenium - INFO - Successful positioning of elements.Positioning method and values used：['id', 'rmNum']
2019-10-23 02:00:29,788 - selenium - INFO - Input content：16
2019-10-23 02:00:29,832 - selenium - INFO - Successful positioning of elements.Positioning method and values used：['id', 'OK2']
2019-10-23 02:00:29,884 - selenium - INFO - Click on the element success,location method and value used：['id', 'OK2']
2019-10-23 02:00:31,887 - selenium - INFO - Forced wait 2 second
2019-10-23 02:00:32,887 - selenium - INFO - Forced wait 1 second
2019-10-23 02:00:35,279 - selenium - INFO - Forced wait 2 second
2019-10-23 02:00:35,304 - selenium - INFO - Successful positioning of elements.Positioning method and values used：['id', 'username']
2019-10-23 02:00:35,600 - selenium - INFO - Input content：enintech24
2019-10-23 02:00:37,602 - selenium - INFO - Forced wait 2 second
2019-10-23 02:00:37,620 - selenium - INFO - Successful positioning of elements.Positioning method and values used：['css selector', '.checkLoginCodeImage']
2019-10-23 02:00:37,696 - selenium - INFO - Click on the element success,location method and value used：['css selector', '.checkLoginCodeImage']
2019-10-23 02:00:39,698 - selenium - INFO - Forced wait 2 second
2019-10-23 02:00:43,604 - selenium - INFO - Forced wait 2 second
2019-10-23 02:00:43,626 - selenium - INFO - Successful positioning of elements.Positioning method and values used：['id', 'rmNum']
2019-10-23 02:00:43,856 - selenium - INFO - Input content：Q868
2019-10-23 02:00:43,883 - selenium - INFO - Successful positioning of elements.Positioning method and values used：['id', 'OK2']
2019-10-23 02:00:43,993 - selenium - INFO - Click on the element success,location method and value used：['id', 'OK2']
2019-10-23 02:00:45,994 - selenium - INFO - Forced wait 2 second
2019-10-23 02:00:46,995 - selenium - INFO - Forced wait 1 second
2019-10-23 02:00:49,338 - selenium - INFO - Forced wait 2 second
2019-10-23 02:00:49,362 - selenium - INFO - Successful positioning of elements.Positioning method and values used：['id', 'username']
2019-10-23 02:00:49,640 - selenium - INFO - Input content：enintech25
2019-10-23 02:00:51,642 - selenium - INFO - Forced wait 2 second
2019-10-23 02:00:51,663 - selenium - INFO - Successful positioning of elements.Positioning method and values used：['css selector', '.checkLoginCodeImage']
2019-10-23 02:00:51,731 - selenium - INFO - Click on the element success,location method and value used：['css selector', '.checkLoginCodeImage']
2019-10-23 02:00:53,733 - selenium - INFO - Forced wait 2 second
