2019-10-24 06:39:31,984 - selenium - ERROR - basePage  - 124 - Browser open error
Traceback (most recent call last):
  File "/root/PycharmProjects/blr.9161252.com/Common/basePage.py", line 113, in open_browser
    'javascriptEnabled': True})
  File "/root/PycharmProjects/blr.9161252.com/venv/lib/python3.7/site-packages/selenium/webdriver/remote/webdriver.py", line 157, in __init__
    self.start_session(capabilities, browser_profile)
  File "/root/PycharmProjects/blr.9161252.com/venv/lib/python3.7/site-packages/selenium/webdriver/remote/webdriver.py", line 252, in start_session
    response = self.execute(Command.NEW_SESSION, parameters)
  File "/root/PycharmProjects/blr.9161252.com/venv/lib/python3.7/site-packages/selenium/webdriver/remote/webdriver.py", line 319, in execute
    response = self.command_executor.execute(driver_command, params)
  File "/root/PycharmProjects/blr.9161252.com/venv/lib/python3.7/site-packages/selenium/webdriver/remote/remote_connection.py", line 374, in execute
    return self._request(command_info[0], url, body=data)
  File "/root/PycharmProjects/blr.9161252.com/venv/lib/python3.7/site-packages/selenium/webdriver/remote/remote_connection.py", line 402, in _request
    resp = http.request(method, url, body=body, headers=headers)
  File "/root/PycharmProjects/blr.9161252.com/venv/lib/python3.7/site-packages/urllib3/request.py", line 72, in request
    **urlopen_kw)
  File "/root/PycharmProjects/blr.9161252.com/venv/lib/python3.7/site-packages/urllib3/request.py", line 150, in request_encode_body
    return self.urlopen(method, url, **extra_kw)
  File "/root/PycharmProjects/blr.9161252.com/venv/lib/python3.7/site-packages/urllib3/poolmanager.py", line 324, in urlopen
    response = conn.urlopen(method, u.request_uri, **kw)
  File "/root/PycharmProjects/blr.9161252.com/venv/lib/python3.7/site-packages/urllib3/connectionpool.py", line 667, in urlopen
    **response_kw)
  File "/root/PycharmProjects/blr.9161252.com/venv/lib/python3.7/site-packages/urllib3/connectionpool.py", line 600, in urlopen
    chunked=chunked)
  File "/root/PycharmProjects/blr.9161252.com/venv/lib/python3.7/site-packages/urllib3/connectionpool.py", line 354, in _make_request
    conn.request(method, url, **httplib_request_kw)
  File "/usr/lib/python3.7/http/client.py", line 1244, in request
    self._send_request(method, url, body, headers, encode_chunked)
  File "/usr/lib/python3.7/http/client.py", line 1290, in _send_request
    self.endheaders(body, encode_chunked=encode_chunked)
  File "/usr/lib/python3.7/http/client.py", line 1239, in endheaders
    self._send_output(message_body, encode_chunked=encode_chunked)
  File "/usr/lib/python3.7/http/client.py", line 1026, in _send_output
    self.send(msg)
  File "/usr/lib/python3.7/http/client.py", line 966, in send
    self.connect()
  File "/root/PycharmProjects/blr.9161252.com/venv/lib/python3.7/site-packages/urllib3/connection.py", line 181, in connect
    conn = self._new_conn()
  File "/root/PycharmProjects/blr.9161252.com/venv/lib/python3.7/site-packages/urllib3/connection.py", line 159, in _new_conn
    (self._dns_host, self.port), self.timeout, **extra_kw)
  File "/root/PycharmProjects/blr.9161252.com/venv/lib/python3.7/site-packages/urllib3/util/connection.py", line 70, in create_connection
    sock.connect(sa)
KeyboardInterrupt
